[2022-07-19 19:18:21,192] {processor.py:153} INFO - Started process (PID=128) to work on /home/airflow/.local/lib/python3.7/site-packages/airflow/example_dags/example_external_task_marker_dag.py
[2022-07-19 19:18:21,194] {processor.py:641} INFO - Processing file /home/airflow/.local/lib/python3.7/site-packages/airflow/example_dags/example_external_task_marker_dag.py for tasks to queue
[2022-07-19 19:18:21,197] {logging_mixin.py:115} INFO - [2022-07-19 19:18:21,196] {dagbag.py:508} INFO - Filling up the DagBag from /home/airflow/.local/lib/python3.7/site-packages/airflow/example_dags/example_external_task_marker_dag.py
[2022-07-19 19:18:21,270] {processor.py:651} INFO - DAG(s) dict_keys(['example_external_task_marker_parent', 'example_external_task_marker_child']) retrieved from /home/airflow/.local/lib/python3.7/site-packages/airflow/example_dags/example_external_task_marker_dag.py
[2022-07-19 19:18:21,904] {logging_mixin.py:115} INFO - [2022-07-19 19:18:21,904] {manager.py:508} INFO - Created Permission View: can delete on DAG:example_external_task_marker_parent
[2022-07-19 19:18:22,023] {logging_mixin.py:115} INFO - [2022-07-19 19:18:22,023] {manager.py:508} INFO - Created Permission View: can edit on DAG:example_external_task_marker_parent
[2022-07-19 19:18:22,095] {logging_mixin.py:115} INFO - [2022-07-19 19:18:22,094] {manager.py:508} INFO - Created Permission View: can read on DAG:example_external_task_marker_parent
[2022-07-19 19:18:22,489] {logging_mixin.py:115} INFO - [2022-07-19 19:18:22,489] {manager.py:508} INFO - Created Permission View: can delete on DAG:example_external_task_marker_child
[2022-07-19 19:18:22,652] {logging_mixin.py:115} INFO - [2022-07-19 19:18:22,652] {manager.py:508} INFO - Created Permission View: can edit on DAG:example_external_task_marker_child
[2022-07-19 19:18:22,841] {logging_mixin.py:115} INFO - [2022-07-19 19:18:22,841] {manager.py:508} INFO - Created Permission View: can read on DAG:example_external_task_marker_child
[2022-07-19 19:18:22,842] {logging_mixin.py:115} INFO - [2022-07-19 19:18:22,842] {dag.py:2420} INFO - Sync 2 DAGs
[2022-07-19 19:18:22,866] {logging_mixin.py:115} INFO - [2022-07-19 19:18:22,866] {dag.py:2439} INFO - Creating ORM DAG for example_external_task_marker_parent
[2022-07-19 19:18:22,868] {logging_mixin.py:115} INFO - [2022-07-19 19:18:22,867] {dag.py:2439} INFO - Creating ORM DAG for example_external_task_marker_child
[2022-07-19 19:18:22,890] {logging_mixin.py:115} INFO - [2022-07-19 19:18:22,889] {dag.py:2972} INFO - Setting next_dagrun for example_external_task_marker_child to None, run_after=None
[2022-07-19 19:18:22,891] {logging_mixin.py:115} INFO - [2022-07-19 19:18:22,891] {dag.py:2972} INFO - Setting next_dagrun for example_external_task_marker_parent to None, run_after=None
[2022-07-19 19:18:23,133] {processor.py:161} INFO - Processing /home/airflow/.local/lib/python3.7/site-packages/airflow/example_dags/example_external_task_marker_dag.py took 1.992 seconds
[2022-07-19 19:18:53,640] {processor.py:153} INFO - Started process (PID=181) to work on /home/airflow/.local/lib/python3.7/site-packages/airflow/example_dags/example_external_task_marker_dag.py
[2022-07-19 19:18:53,641] {processor.py:641} INFO - Processing file /home/airflow/.local/lib/python3.7/site-packages/airflow/example_dags/example_external_task_marker_dag.py for tasks to queue
[2022-07-19 19:18:53,642] {logging_mixin.py:115} INFO - [2022-07-19 19:18:53,642] {dagbag.py:508} INFO - Filling up the DagBag from /home/airflow/.local/lib/python3.7/site-packages/airflow/example_dags/example_external_task_marker_dag.py
[2022-07-19 19:18:53,652] {processor.py:651} INFO - DAG(s) dict_keys(['example_external_task_marker_parent', 'example_external_task_marker_child']) retrieved from /home/airflow/.local/lib/python3.7/site-packages/airflow/example_dags/example_external_task_marker_dag.py
[2022-07-19 19:18:53,751] {logging_mixin.py:115} INFO - [2022-07-19 19:18:53,750] {dag.py:2420} INFO - Sync 2 DAGs
[2022-07-19 19:18:53,798] {logging_mixin.py:115} INFO - [2022-07-19 19:18:53,798] {dag.py:2972} INFO - Setting next_dagrun for example_external_task_marker_child to None, run_after=None
[2022-07-19 19:18:53,799] {logging_mixin.py:115} INFO - [2022-07-19 19:18:53,799] {dag.py:2972} INFO - Setting next_dagrun for example_external_task_marker_parent to None, run_after=None
[2022-07-19 19:18:54,352] {processor.py:161} INFO - Processing /home/airflow/.local/lib/python3.7/site-packages/airflow/example_dags/example_external_task_marker_dag.py took 0.719 seconds
[2022-07-19 19:19:26,241] {processor.py:153} INFO - Started process (PID=234) to work on /home/airflow/.local/lib/python3.7/site-packages/airflow/example_dags/example_external_task_marker_dag.py
[2022-07-19 19:19:26,253] {processor.py:641} INFO - Processing file /home/airflow/.local/lib/python3.7/site-packages/airflow/example_dags/example_external_task_marker_dag.py for tasks to queue
[2022-07-19 19:19:26,270] {logging_mixin.py:115} INFO - [2022-07-19 19:19:26,270] {dagbag.py:508} INFO - Filling up the DagBag from /home/airflow/.local/lib/python3.7/site-packages/airflow/example_dags/example_external_task_marker_dag.py
[2022-07-19 19:19:26,318] {processor.py:651} INFO - DAG(s) dict_keys(['example_external_task_marker_parent', 'example_external_task_marker_child']) retrieved from /home/airflow/.local/lib/python3.7/site-packages/airflow/example_dags/example_external_task_marker_dag.py
[2022-07-19 19:19:26,999] {logging_mixin.py:115} INFO - [2022-07-19 19:19:26,999] {dag.py:2420} INFO - Sync 2 DAGs
[2022-07-19 19:19:27,204] {logging_mixin.py:115} INFO - [2022-07-19 19:19:27,203] {dag.py:2972} INFO - Setting next_dagrun for example_external_task_marker_child to None, run_after=None
[2022-07-19 19:19:27,207] {logging_mixin.py:115} INFO - [2022-07-19 19:19:27,206] {dag.py:2972} INFO - Setting next_dagrun for example_external_task_marker_parent to None, run_after=None
[2022-07-19 19:19:27,582] {processor.py:161} INFO - Processing /home/airflow/.local/lib/python3.7/site-packages/airflow/example_dags/example_external_task_marker_dag.py took 1.368 seconds
[2022-07-19 19:20:03,313] {processor.py:153} INFO - Started process (PID=288) to work on /home/airflow/.local/lib/python3.7/site-packages/airflow/example_dags/example_external_task_marker_dag.py
[2022-07-19 19:20:03,330] {processor.py:641} INFO - Processing file /home/airflow/.local/lib/python3.7/site-packages/airflow/example_dags/example_external_task_marker_dag.py for tasks to queue
[2022-07-19 19:20:03,341] {logging_mixin.py:115} INFO - [2022-07-19 19:20:03,341] {dagbag.py:508} INFO - Filling up the DagBag from /home/airflow/.local/lib/python3.7/site-packages/airflow/example_dags/example_external_task_marker_dag.py
[2022-07-19 19:20:03,416] {processor.py:651} INFO - DAG(s) dict_keys(['example_external_task_marker_parent', 'example_external_task_marker_child']) retrieved from /home/airflow/.local/lib/python3.7/site-packages/airflow/example_dags/example_external_task_marker_dag.py
[2022-07-19 19:20:04,406] {logging_mixin.py:115} INFO - [2022-07-19 19:20:04,405] {dag.py:2420} INFO - Sync 2 DAGs
[2022-07-19 19:20:04,524] {logging_mixin.py:115} INFO - [2022-07-19 19:20:04,523] {dag.py:2972} INFO - Setting next_dagrun for example_external_task_marker_child to None, run_after=None
[2022-07-19 19:20:04,611] {logging_mixin.py:115} INFO - [2022-07-19 19:20:04,610] {dag.py:2972} INFO - Setting next_dagrun for example_external_task_marker_parent to None, run_after=None
[2022-07-19 19:20:05,328] {processor.py:161} INFO - Processing /home/airflow/.local/lib/python3.7/site-packages/airflow/example_dags/example_external_task_marker_dag.py took 2.135 seconds
[2022-07-19 19:20:36,509] {processor.py:153} INFO - Started process (PID=331) to work on /home/airflow/.local/lib/python3.7/site-packages/airflow/example_dags/example_external_task_marker_dag.py
[2022-07-19 19:20:36,515] {processor.py:641} INFO - Processing file /home/airflow/.local/lib/python3.7/site-packages/airflow/example_dags/example_external_task_marker_dag.py for tasks to queue
[2022-07-19 19:20:36,528] {logging_mixin.py:115} INFO - [2022-07-19 19:20:36,528] {dagbag.py:508} INFO - Filling up the DagBag from /home/airflow/.local/lib/python3.7/site-packages/airflow/example_dags/example_external_task_marker_dag.py
[2022-07-19 19:20:36,733] {processor.py:651} INFO - DAG(s) dict_keys(['example_external_task_marker_parent', 'example_external_task_marker_child']) retrieved from /home/airflow/.local/lib/python3.7/site-packages/airflow/example_dags/example_external_task_marker_dag.py
[2022-07-19 19:20:37,791] {logging_mixin.py:115} INFO - [2022-07-19 19:20:37,791] {dag.py:2420} INFO - Sync 2 DAGs
[2022-07-19 19:20:38,044] {logging_mixin.py:115} INFO - [2022-07-19 19:20:38,044] {dag.py:2972} INFO - Setting next_dagrun for example_external_task_marker_child to None, run_after=None
[2022-07-19 19:20:38,046] {logging_mixin.py:115} INFO - [2022-07-19 19:20:38,046] {dag.py:2972} INFO - Setting next_dagrun for example_external_task_marker_parent to None, run_after=None
[2022-07-19 19:20:38,612] {processor.py:161} INFO - Processing /home/airflow/.local/lib/python3.7/site-packages/airflow/example_dags/example_external_task_marker_dag.py took 2.125 seconds
[2022-07-19 19:21:09,709] {processor.py:153} INFO - Started process (PID=382) to work on /home/airflow/.local/lib/python3.7/site-packages/airflow/example_dags/example_external_task_marker_dag.py
[2022-07-19 19:21:09,712] {processor.py:641} INFO - Processing file /home/airflow/.local/lib/python3.7/site-packages/airflow/example_dags/example_external_task_marker_dag.py for tasks to queue
[2022-07-19 19:21:09,714] {logging_mixin.py:115} INFO - [2022-07-19 19:21:09,713] {dagbag.py:508} INFO - Filling up the DagBag from /home/airflow/.local/lib/python3.7/site-packages/airflow/example_dags/example_external_task_marker_dag.py
[2022-07-19 19:21:09,725] {processor.py:651} INFO - DAG(s) dict_keys(['example_external_task_marker_parent', 'example_external_task_marker_child']) retrieved from /home/airflow/.local/lib/python3.7/site-packages/airflow/example_dags/example_external_task_marker_dag.py
[2022-07-19 19:21:09,909] {logging_mixin.py:115} INFO - [2022-07-19 19:21:09,909] {dag.py:2420} INFO - Sync 2 DAGs
[2022-07-19 19:21:10,003] {logging_mixin.py:115} INFO - [2022-07-19 19:21:10,003] {dag.py:2972} INFO - Setting next_dagrun for example_external_task_marker_child to None, run_after=None
[2022-07-19 19:21:10,005] {logging_mixin.py:115} INFO - [2022-07-19 19:21:10,005] {dag.py:2972} INFO - Setting next_dagrun for example_external_task_marker_parent to None, run_after=None
[2022-07-19 19:21:10,558] {processor.py:161} INFO - Processing /home/airflow/.local/lib/python3.7/site-packages/airflow/example_dags/example_external_task_marker_dag.py took 0.857 seconds
[2022-07-19 19:21:42,998] {processor.py:153} INFO - Started process (PID=434) to work on /home/airflow/.local/lib/python3.7/site-packages/airflow/example_dags/example_external_task_marker_dag.py
[2022-07-19 19:21:43,012] {processor.py:641} INFO - Processing file /home/airflow/.local/lib/python3.7/site-packages/airflow/example_dags/example_external_task_marker_dag.py for tasks to queue
[2022-07-19 19:21:43,028] {logging_mixin.py:115} INFO - [2022-07-19 19:21:43,028] {dagbag.py:508} INFO - Filling up the DagBag from /home/airflow/.local/lib/python3.7/site-packages/airflow/example_dags/example_external_task_marker_dag.py
[2022-07-19 19:21:43,095] {processor.py:651} INFO - DAG(s) dict_keys(['example_external_task_marker_parent', 'example_external_task_marker_child']) retrieved from /home/airflow/.local/lib/python3.7/site-packages/airflow/example_dags/example_external_task_marker_dag.py
[2022-07-19 19:21:43,909] {logging_mixin.py:115} INFO - [2022-07-19 19:21:43,908] {dag.py:2420} INFO - Sync 2 DAGs
[2022-07-19 19:21:44,169] {logging_mixin.py:115} INFO - [2022-07-19 19:21:44,169] {dag.py:2972} INFO - Setting next_dagrun for example_external_task_marker_child to None, run_after=None
[2022-07-19 19:21:44,171] {logging_mixin.py:115} INFO - [2022-07-19 19:21:44,171] {dag.py:2972} INFO - Setting next_dagrun for example_external_task_marker_parent to None, run_after=None
[2022-07-19 19:21:44,925] {processor.py:161} INFO - Processing /home/airflow/.local/lib/python3.7/site-packages/airflow/example_dags/example_external_task_marker_dag.py took 1.973 seconds
[2022-07-19 19:22:15,514] {processor.py:153} INFO - Started process (PID=485) to work on /home/airflow/.local/lib/python3.7/site-packages/airflow/example_dags/example_external_task_marker_dag.py
[2022-07-19 19:22:15,517] {processor.py:641} INFO - Processing file /home/airflow/.local/lib/python3.7/site-packages/airflow/example_dags/example_external_task_marker_dag.py for tasks to queue
[2022-07-19 19:22:15,519] {logging_mixin.py:115} INFO - [2022-07-19 19:22:15,519] {dagbag.py:508} INFO - Filling up the DagBag from /home/airflow/.local/lib/python3.7/site-packages/airflow/example_dags/example_external_task_marker_dag.py
[2022-07-19 19:22:15,533] {processor.py:651} INFO - DAG(s) dict_keys(['example_external_task_marker_parent', 'example_external_task_marker_child']) retrieved from /home/airflow/.local/lib/python3.7/site-packages/airflow/example_dags/example_external_task_marker_dag.py
[2022-07-19 19:22:15,668] {logging_mixin.py:115} INFO - [2022-07-19 19:22:15,668] {dag.py:2420} INFO - Sync 2 DAGs
[2022-07-19 19:22:16,070] {logging_mixin.py:115} INFO - [2022-07-19 19:22:16,070] {dag.py:2972} INFO - Setting next_dagrun for example_external_task_marker_child to None, run_after=None
[2022-07-19 19:22:16,089] {logging_mixin.py:115} INFO - [2022-07-19 19:22:16,089] {dag.py:2972} INFO - Setting next_dagrun for example_external_task_marker_parent to None, run_after=None
[2022-07-19 19:22:16,413] {processor.py:161} INFO - Processing /home/airflow/.local/lib/python3.7/site-packages/airflow/example_dags/example_external_task_marker_dag.py took 0.909 seconds
[2022-07-19 19:22:47,123] {processor.py:153} INFO - Started process (PID=530) to work on /home/airflow/.local/lib/python3.7/site-packages/airflow/example_dags/example_external_task_marker_dag.py
[2022-07-19 19:22:47,127] {processor.py:641} INFO - Processing file /home/airflow/.local/lib/python3.7/site-packages/airflow/example_dags/example_external_task_marker_dag.py for tasks to queue
[2022-07-19 19:22:47,140] {logging_mixin.py:115} INFO - [2022-07-19 19:22:47,139] {dagbag.py:508} INFO - Filling up the DagBag from /home/airflow/.local/lib/python3.7/site-packages/airflow/example_dags/example_external_task_marker_dag.py
[2022-07-19 19:22:47,204] {processor.py:651} INFO - DAG(s) dict_keys(['example_external_task_marker_parent', 'example_external_task_marker_child']) retrieved from /home/airflow/.local/lib/python3.7/site-packages/airflow/example_dags/example_external_task_marker_dag.py
[2022-07-19 19:22:47,837] {logging_mixin.py:115} INFO - [2022-07-19 19:22:47,837] {dag.py:2420} INFO - Sync 2 DAGs
[2022-07-19 19:22:48,077] {logging_mixin.py:115} INFO - [2022-07-19 19:22:48,034] {dag.py:2972} INFO - Setting next_dagrun for example_external_task_marker_child to None, run_after=None
[2022-07-19 19:22:48,080] {logging_mixin.py:115} INFO - [2022-07-19 19:22:48,080] {dag.py:2972} INFO - Setting next_dagrun for example_external_task_marker_parent to None, run_after=None
[2022-07-19 19:22:48,383] {processor.py:161} INFO - Processing /home/airflow/.local/lib/python3.7/site-packages/airflow/example_dags/example_external_task_marker_dag.py took 1.293 seconds
[2022-07-19 19:23:18,489] {processor.py:153} INFO - Started process (PID=582) to work on /home/airflow/.local/lib/python3.7/site-packages/airflow/example_dags/example_external_task_marker_dag.py
[2022-07-19 19:23:18,490] {processor.py:641} INFO - Processing file /home/airflow/.local/lib/python3.7/site-packages/airflow/example_dags/example_external_task_marker_dag.py for tasks to queue
[2022-07-19 19:23:18,492] {logging_mixin.py:115} INFO - [2022-07-19 19:23:18,492] {dagbag.py:508} INFO - Filling up the DagBag from /home/airflow/.local/lib/python3.7/site-packages/airflow/example_dags/example_external_task_marker_dag.py
[2022-07-19 19:23:18,504] {processor.py:651} INFO - DAG(s) dict_keys(['example_external_task_marker_parent', 'example_external_task_marker_child']) retrieved from /home/airflow/.local/lib/python3.7/site-packages/airflow/example_dags/example_external_task_marker_dag.py
[2022-07-19 19:23:18,644] {logging_mixin.py:115} INFO - [2022-07-19 19:23:18,644] {dag.py:2420} INFO - Sync 2 DAGs
[2022-07-19 19:23:18,701] {logging_mixin.py:115} INFO - [2022-07-19 19:23:18,700] {dag.py:2972} INFO - Setting next_dagrun for example_external_task_marker_child to None, run_after=None
[2022-07-19 19:23:18,702] {logging_mixin.py:115} INFO - [2022-07-19 19:23:18,702] {dag.py:2972} INFO - Setting next_dagrun for example_external_task_marker_parent to None, run_after=None
[2022-07-19 19:23:18,790] {processor.py:161} INFO - Processing /home/airflow/.local/lib/python3.7/site-packages/airflow/example_dags/example_external_task_marker_dag.py took 0.308 seconds
[2022-07-19 19:28:20,134] {processor.py:153} INFO - Started process (PID=125) to work on /home/airflow/.local/lib/python3.7/site-packages/airflow/example_dags/example_external_task_marker_dag.py
[2022-07-19 19:28:20,511] {processor.py:641} INFO - Processing file /home/airflow/.local/lib/python3.7/site-packages/airflow/example_dags/example_external_task_marker_dag.py for tasks to queue
[2022-07-19 19:28:20,513] {logging_mixin.py:115} INFO - [2022-07-19 19:28:20,513] {dagbag.py:508} INFO - Filling up the DagBag from /home/airflow/.local/lib/python3.7/site-packages/airflow/example_dags/example_external_task_marker_dag.py
[2022-07-19 19:28:20,541] {processor.py:651} INFO - DAG(s) dict_keys(['example_external_task_marker_parent', 'example_external_task_marker_child']) retrieved from /home/airflow/.local/lib/python3.7/site-packages/airflow/example_dags/example_external_task_marker_dag.py
[2022-07-19 19:28:20,781] {logging_mixin.py:115} INFO - [2022-07-19 19:28:20,781] {dag.py:2420} INFO - Sync 2 DAGs
[2022-07-19 19:28:21,161] {logging_mixin.py:115} INFO - [2022-07-19 19:28:21,161] {dag.py:2972} INFO - Setting next_dagrun for example_external_task_marker_child to None, run_after=None
[2022-07-19 19:28:21,529] {logging_mixin.py:115} INFO - [2022-07-19 19:28:21,529] {dag.py:2972} INFO - Setting next_dagrun for example_external_task_marker_parent to None, run_after=None
[2022-07-19 19:28:22,497] {processor.py:161} INFO - Processing /home/airflow/.local/lib/python3.7/site-packages/airflow/example_dags/example_external_task_marker_dag.py took 2.379 seconds
[2022-07-19 19:28:59,475] {processor.py:153} INFO - Started process (PID=179) to work on /home/airflow/.local/lib/python3.7/site-packages/airflow/example_dags/example_external_task_marker_dag.py
[2022-07-19 19:28:59,478] {processor.py:641} INFO - Processing file /home/airflow/.local/lib/python3.7/site-packages/airflow/example_dags/example_external_task_marker_dag.py for tasks to queue
[2022-07-19 19:28:59,490] {logging_mixin.py:115} INFO - [2022-07-19 19:28:59,490] {dagbag.py:508} INFO - Filling up the DagBag from /home/airflow/.local/lib/python3.7/site-packages/airflow/example_dags/example_external_task_marker_dag.py
[2022-07-19 19:28:59,511] {processor.py:651} INFO - DAG(s) dict_keys(['example_external_task_marker_parent', 'example_external_task_marker_child']) retrieved from /home/airflow/.local/lib/python3.7/site-packages/airflow/example_dags/example_external_task_marker_dag.py
[2022-07-19 19:29:00,410] {logging_mixin.py:115} INFO - [2022-07-19 19:29:00,409] {dag.py:2420} INFO - Sync 2 DAGs
[2022-07-19 19:29:01,273] {logging_mixin.py:115} INFO - [2022-07-19 19:29:01,273] {dag.py:2972} INFO - Setting next_dagrun for example_external_task_marker_child to None, run_after=None
[2022-07-19 19:29:01,275] {logging_mixin.py:115} INFO - [2022-07-19 19:29:01,275] {dag.py:2972} INFO - Setting next_dagrun for example_external_task_marker_parent to None, run_after=None
[2022-07-19 19:29:02,235] {processor.py:161} INFO - Processing /home/airflow/.local/lib/python3.7/site-packages/airflow/example_dags/example_external_task_marker_dag.py took 2.774 seconds
[2022-07-19 19:29:33,146] {processor.py:153} INFO - Started process (PID=231) to work on /home/airflow/.local/lib/python3.7/site-packages/airflow/example_dags/example_external_task_marker_dag.py
[2022-07-19 19:29:33,147] {processor.py:641} INFO - Processing file /home/airflow/.local/lib/python3.7/site-packages/airflow/example_dags/example_external_task_marker_dag.py for tasks to queue
[2022-07-19 19:29:33,148] {logging_mixin.py:115} INFO - [2022-07-19 19:29:33,148] {dagbag.py:508} INFO - Filling up the DagBag from /home/airflow/.local/lib/python3.7/site-packages/airflow/example_dags/example_external_task_marker_dag.py
[2022-07-19 19:29:33,157] {processor.py:651} INFO - DAG(s) dict_keys(['example_external_task_marker_parent', 'example_external_task_marker_child']) retrieved from /home/airflow/.local/lib/python3.7/site-packages/airflow/example_dags/example_external_task_marker_dag.py
[2022-07-19 19:29:33,253] {logging_mixin.py:115} INFO - [2022-07-19 19:29:33,253] {dag.py:2420} INFO - Sync 2 DAGs
[2022-07-19 19:29:33,557] {logging_mixin.py:115} INFO - [2022-07-19 19:29:33,557] {dag.py:2972} INFO - Setting next_dagrun for example_external_task_marker_child to None, run_after=None
[2022-07-19 19:29:33,562] {logging_mixin.py:115} INFO - [2022-07-19 19:29:33,562] {dag.py:2972} INFO - Setting next_dagrun for example_external_task_marker_parent to None, run_after=None
[2022-07-19 19:29:34,153] {processor.py:161} INFO - Processing /home/airflow/.local/lib/python3.7/site-packages/airflow/example_dags/example_external_task_marker_dag.py took 1.014 seconds
[2022-07-19 19:30:06,601] {processor.py:153} INFO - Started process (PID=283) to work on /home/airflow/.local/lib/python3.7/site-packages/airflow/example_dags/example_external_task_marker_dag.py
[2022-07-19 19:30:06,607] {processor.py:641} INFO - Processing file /home/airflow/.local/lib/python3.7/site-packages/airflow/example_dags/example_external_task_marker_dag.py for tasks to queue
[2022-07-19 19:30:06,635] {logging_mixin.py:115} INFO - [2022-07-19 19:30:06,634] {dagbag.py:508} INFO - Filling up the DagBag from /home/airflow/.local/lib/python3.7/site-packages/airflow/example_dags/example_external_task_marker_dag.py
[2022-07-19 19:30:06,662] {processor.py:651} INFO - DAG(s) dict_keys(['example_external_task_marker_parent', 'example_external_task_marker_child']) retrieved from /home/airflow/.local/lib/python3.7/site-packages/airflow/example_dags/example_external_task_marker_dag.py
[2022-07-19 19:30:06,909] {logging_mixin.py:115} INFO - [2022-07-19 19:30:06,908] {dag.py:2420} INFO - Sync 2 DAGs
[2022-07-19 19:30:07,398] {logging_mixin.py:115} INFO - [2022-07-19 19:30:07,386] {dag.py:2972} INFO - Setting next_dagrun for example_external_task_marker_child to None, run_after=None
[2022-07-19 19:30:07,401] {logging_mixin.py:115} INFO - [2022-07-19 19:30:07,401] {dag.py:2972} INFO - Setting next_dagrun for example_external_task_marker_parent to None, run_after=None
[2022-07-19 19:30:08,645] {processor.py:161} INFO - Processing /home/airflow/.local/lib/python3.7/site-packages/airflow/example_dags/example_external_task_marker_dag.py took 2.237 seconds
[2022-07-19 19:30:40,080] {processor.py:153} INFO - Started process (PID=327) to work on /home/airflow/.local/lib/python3.7/site-packages/airflow/example_dags/example_external_task_marker_dag.py
[2022-07-19 19:30:40,086] {processor.py:641} INFO - Processing file /home/airflow/.local/lib/python3.7/site-packages/airflow/example_dags/example_external_task_marker_dag.py for tasks to queue
[2022-07-19 19:30:40,099] {logging_mixin.py:115} INFO - [2022-07-19 19:30:40,098] {dagbag.py:508} INFO - Filling up the DagBag from /home/airflow/.local/lib/python3.7/site-packages/airflow/example_dags/example_external_task_marker_dag.py
[2022-07-19 19:30:40,142] {processor.py:651} INFO - DAG(s) dict_keys(['example_external_task_marker_parent', 'example_external_task_marker_child']) retrieved from /home/airflow/.local/lib/python3.7/site-packages/airflow/example_dags/example_external_task_marker_dag.py
[2022-07-19 19:30:40,622] {logging_mixin.py:115} INFO - [2022-07-19 19:30:40,622] {dag.py:2420} INFO - Sync 2 DAGs
[2022-07-19 19:30:41,264] {logging_mixin.py:115} INFO - [2022-07-19 19:30:41,264] {dag.py:2972} INFO - Setting next_dagrun for example_external_task_marker_child to None, run_after=None
[2022-07-19 19:30:41,328] {logging_mixin.py:115} INFO - [2022-07-19 19:30:41,328] {dag.py:2972} INFO - Setting next_dagrun for example_external_task_marker_parent to None, run_after=None
[2022-07-19 19:30:42,092] {processor.py:161} INFO - Processing /home/airflow/.local/lib/python3.7/site-packages/airflow/example_dags/example_external_task_marker_dag.py took 2.033 seconds
[2022-07-19 19:31:17,062] {processor.py:153} INFO - Started process (PID=381) to work on /home/airflow/.local/lib/python3.7/site-packages/airflow/example_dags/example_external_task_marker_dag.py
[2022-07-19 19:31:17,064] {processor.py:641} INFO - Processing file /home/airflow/.local/lib/python3.7/site-packages/airflow/example_dags/example_external_task_marker_dag.py for tasks to queue
[2022-07-19 19:31:17,065] {logging_mixin.py:115} INFO - [2022-07-19 19:31:17,065] {dagbag.py:508} INFO - Filling up the DagBag from /home/airflow/.local/lib/python3.7/site-packages/airflow/example_dags/example_external_task_marker_dag.py
[2022-07-19 19:31:17,074] {processor.py:651} INFO - DAG(s) dict_keys(['example_external_task_marker_parent', 'example_external_task_marker_child']) retrieved from /home/airflow/.local/lib/python3.7/site-packages/airflow/example_dags/example_external_task_marker_dag.py
[2022-07-19 19:31:17,187] {logging_mixin.py:115} INFO - [2022-07-19 19:31:17,187] {dag.py:2420} INFO - Sync 2 DAGs
[2022-07-19 19:31:17,478] {logging_mixin.py:115} INFO - [2022-07-19 19:31:17,477] {dag.py:2972} INFO - Setting next_dagrun for example_external_task_marker_child to None, run_after=None
[2022-07-19 19:31:17,479] {logging_mixin.py:115} INFO - [2022-07-19 19:31:17,479] {dag.py:2972} INFO - Setting next_dagrun for example_external_task_marker_parent to None, run_after=None
[2022-07-19 19:31:17,809] {processor.py:161} INFO - Processing /home/airflow/.local/lib/python3.7/site-packages/airflow/example_dags/example_external_task_marker_dag.py took 0.753 seconds
[2022-07-19 19:31:52,163] {processor.py:153} INFO - Started process (PID=432) to work on /home/airflow/.local/lib/python3.7/site-packages/airflow/example_dags/example_external_task_marker_dag.py
[2022-07-19 19:31:52,168] {processor.py:641} INFO - Processing file /home/airflow/.local/lib/python3.7/site-packages/airflow/example_dags/example_external_task_marker_dag.py for tasks to queue
[2022-07-19 19:31:52,170] {logging_mixin.py:115} INFO - [2022-07-19 19:31:52,169] {dagbag.py:508} INFO - Filling up the DagBag from /home/airflow/.local/lib/python3.7/site-packages/airflow/example_dags/example_external_task_marker_dag.py
[2022-07-19 19:31:52,204] {processor.py:651} INFO - DAG(s) dict_keys(['example_external_task_marker_parent', 'example_external_task_marker_child']) retrieved from /home/airflow/.local/lib/python3.7/site-packages/airflow/example_dags/example_external_task_marker_dag.py
[2022-07-19 19:31:52,334] {logging_mixin.py:115} INFO - [2022-07-19 19:31:52,334] {dag.py:2420} INFO - Sync 2 DAGs
[2022-07-19 19:31:52,640] {logging_mixin.py:115} INFO - [2022-07-19 19:31:52,640] {dag.py:2972} INFO - Setting next_dagrun for example_external_task_marker_child to None, run_after=None
[2022-07-19 19:31:52,729] {logging_mixin.py:115} INFO - [2022-07-19 19:31:52,728] {dag.py:2972} INFO - Setting next_dagrun for example_external_task_marker_parent to None, run_after=None
[2022-07-19 19:31:53,304] {processor.py:161} INFO - Processing /home/airflow/.local/lib/python3.7/site-packages/airflow/example_dags/example_external_task_marker_dag.py took 1.155 seconds
[2022-07-19 19:32:26,790] {processor.py:153} INFO - Started process (PID=484) to work on /home/airflow/.local/lib/python3.7/site-packages/airflow/example_dags/example_external_task_marker_dag.py
[2022-07-19 19:32:26,799] {processor.py:641} INFO - Processing file /home/airflow/.local/lib/python3.7/site-packages/airflow/example_dags/example_external_task_marker_dag.py for tasks to queue
[2022-07-19 19:32:26,816] {logging_mixin.py:115} INFO - [2022-07-19 19:32:26,816] {dagbag.py:508} INFO - Filling up the DagBag from /home/airflow/.local/lib/python3.7/site-packages/airflow/example_dags/example_external_task_marker_dag.py
[2022-07-19 19:32:26,881] {processor.py:651} INFO - DAG(s) dict_keys(['example_external_task_marker_parent', 'example_external_task_marker_child']) retrieved from /home/airflow/.local/lib/python3.7/site-packages/airflow/example_dags/example_external_task_marker_dag.py
[2022-07-19 19:32:27,236] {logging_mixin.py:115} INFO - [2022-07-19 19:32:27,236] {dag.py:2420} INFO - Sync 2 DAGs
[2022-07-19 19:32:27,836] {logging_mixin.py:115} INFO - [2022-07-19 19:32:27,835] {dag.py:2972} INFO - Setting next_dagrun for example_external_task_marker_child to None, run_after=None
[2022-07-19 19:32:27,839] {logging_mixin.py:115} INFO - [2022-07-19 19:32:27,839] {dag.py:2972} INFO - Setting next_dagrun for example_external_task_marker_parent to None, run_after=None
[2022-07-19 19:32:28,148] {processor.py:161} INFO - Processing /home/airflow/.local/lib/python3.7/site-packages/airflow/example_dags/example_external_task_marker_dag.py took 1.397 seconds
[2022-07-19 19:32:59,482] {processor.py:153} INFO - Started process (PID=527) to work on /home/airflow/.local/lib/python3.7/site-packages/airflow/example_dags/example_external_task_marker_dag.py
[2022-07-19 19:32:59,493] {processor.py:641} INFO - Processing file /home/airflow/.local/lib/python3.7/site-packages/airflow/example_dags/example_external_task_marker_dag.py for tasks to queue
[2022-07-19 19:32:59,496] {logging_mixin.py:115} INFO - [2022-07-19 19:32:59,496] {dagbag.py:508} INFO - Filling up the DagBag from /home/airflow/.local/lib/python3.7/site-packages/airflow/example_dags/example_external_task_marker_dag.py
[2022-07-19 19:32:59,526] {processor.py:651} INFO - DAG(s) dict_keys(['example_external_task_marker_parent', 'example_external_task_marker_child']) retrieved from /home/airflow/.local/lib/python3.7/site-packages/airflow/example_dags/example_external_task_marker_dag.py
[2022-07-19 19:32:59,904] {logging_mixin.py:115} INFO - [2022-07-19 19:32:59,903] {dag.py:2420} INFO - Sync 2 DAGs
[2022-07-19 19:33:00,510] {logging_mixin.py:115} INFO - [2022-07-19 19:33:00,510] {dag.py:2972} INFO - Setting next_dagrun for example_external_task_marker_child to None, run_after=None
[2022-07-19 19:33:00,512] {logging_mixin.py:115} INFO - [2022-07-19 19:33:00,511] {dag.py:2972} INFO - Setting next_dagrun for example_external_task_marker_parent to None, run_after=None
[2022-07-19 19:33:00,614] {processor.py:161} INFO - Processing /home/airflow/.local/lib/python3.7/site-packages/airflow/example_dags/example_external_task_marker_dag.py took 1.154 seconds
[2022-07-19 19:33:39,513] {processor.py:153} INFO - Started process (PID=581) to work on /home/airflow/.local/lib/python3.7/site-packages/airflow/example_dags/example_external_task_marker_dag.py
[2022-07-19 19:33:39,516] {processor.py:641} INFO - Processing file /home/airflow/.local/lib/python3.7/site-packages/airflow/example_dags/example_external_task_marker_dag.py for tasks to queue
[2022-07-19 19:33:39,522] {logging_mixin.py:115} INFO - [2022-07-19 19:33:39,522] {dagbag.py:508} INFO - Filling up the DagBag from /home/airflow/.local/lib/python3.7/site-packages/airflow/example_dags/example_external_task_marker_dag.py
[2022-07-19 19:33:39,537] {processor.py:651} INFO - DAG(s) dict_keys(['example_external_task_marker_parent', 'example_external_task_marker_child']) retrieved from /home/airflow/.local/lib/python3.7/site-packages/airflow/example_dags/example_external_task_marker_dag.py
[2022-07-19 19:33:39,869] {logging_mixin.py:115} INFO - [2022-07-19 19:33:39,868] {dag.py:2420} INFO - Sync 2 DAGs
[2022-07-19 19:33:40,410] {logging_mixin.py:115} INFO - [2022-07-19 19:33:40,410] {dag.py:2972} INFO - Setting next_dagrun for example_external_task_marker_child to None, run_after=None
[2022-07-19 19:33:40,412] {logging_mixin.py:115} INFO - [2022-07-19 19:33:40,412] {dag.py:2972} INFO - Setting next_dagrun for example_external_task_marker_parent to None, run_after=None
[2022-07-19 19:33:40,832] {processor.py:161} INFO - Processing /home/airflow/.local/lib/python3.7/site-packages/airflow/example_dags/example_external_task_marker_dag.py took 1.342 seconds
[2022-07-19 19:34:54,414] {processor.py:153} INFO - Started process (PID=651) to work on /home/airflow/.local/lib/python3.7/site-packages/airflow/example_dags/example_external_task_marker_dag.py
[2022-07-19 19:34:54,419] {processor.py:641} INFO - Processing file /home/airflow/.local/lib/python3.7/site-packages/airflow/example_dags/example_external_task_marker_dag.py for tasks to queue
[2022-07-19 19:34:54,428] {logging_mixin.py:115} INFO - [2022-07-19 19:34:54,428] {dagbag.py:508} INFO - Filling up the DagBag from /home/airflow/.local/lib/python3.7/site-packages/airflow/example_dags/example_external_task_marker_dag.py
[2022-07-19 19:34:54,453] {processor.py:651} INFO - DAG(s) dict_keys(['example_external_task_marker_parent', 'example_external_task_marker_child']) retrieved from /home/airflow/.local/lib/python3.7/site-packages/airflow/example_dags/example_external_task_marker_dag.py
[2022-07-19 19:34:54,701] {logging_mixin.py:115} INFO - [2022-07-19 19:34:54,700] {dag.py:2420} INFO - Sync 2 DAGs
[2022-07-19 19:34:55,197] {logging_mixin.py:115} INFO - [2022-07-19 19:34:55,197] {dag.py:2972} INFO - Setting next_dagrun for example_external_task_marker_child to None, run_after=None
[2022-07-19 19:34:55,202] {logging_mixin.py:115} INFO - [2022-07-19 19:34:55,201] {dag.py:2972} INFO - Setting next_dagrun for example_external_task_marker_parent to None, run_after=None
[2022-07-19 19:34:58,272] {processor.py:161} INFO - Processing /home/airflow/.local/lib/python3.7/site-packages/airflow/example_dags/example_external_task_marker_dag.py took 3.462 seconds
