[2022-07-19 19:18:20,248] {processor.py:153} INFO - Started process (PID=127) to work on /home/airflow/.local/lib/python3.7/site-packages/airflow/example_dags/example_subdag_operator.py
[2022-07-19 19:18:20,250] {processor.py:641} INFO - Processing file /home/airflow/.local/lib/python3.7/site-packages/airflow/example_dags/example_subdag_operator.py for tasks to queue
[2022-07-19 19:18:20,252] {logging_mixin.py:115} INFO - [2022-07-19 19:18:20,252] {dagbag.py:508} INFO - Filling up the DagBag from /home/airflow/.local/lib/python3.7/site-packages/airflow/example_dags/example_subdag_operator.py
[2022-07-19 19:18:20,458] {processor.py:651} INFO - DAG(s) dict_keys(['example_subdag_operator.section-1', 'example_subdag_operator.section-2', 'example_subdag_operator']) retrieved from /home/airflow/.local/lib/python3.7/site-packages/airflow/example_dags/example_subdag_operator.py
[2022-07-19 19:18:20,957] {logging_mixin.py:115} INFO - [2022-07-19 19:18:20,957] {manager.py:508} INFO - Created Permission View: can delete on DAG:example_subdag_operator
[2022-07-19 19:18:21,062] {logging_mixin.py:115} INFO - [2022-07-19 19:18:21,061] {manager.py:508} INFO - Created Permission View: can edit on DAG:example_subdag_operator
[2022-07-19 19:18:21,252] {logging_mixin.py:115} INFO - [2022-07-19 19:18:21,251] {manager.py:508} INFO - Created Permission View: can read on DAG:example_subdag_operator
[2022-07-19 19:18:21,253] {logging_mixin.py:115} INFO - [2022-07-19 19:18:21,253] {dag.py:2420} INFO - Sync 3 DAGs
[2022-07-19 19:18:21,299] {logging_mixin.py:115} INFO - [2022-07-19 19:18:21,298] {dag.py:2439} INFO - Creating ORM DAG for example_subdag_operator
[2022-07-19 19:18:21,303] {logging_mixin.py:115} INFO - [2022-07-19 19:18:21,303] {dag.py:2439} INFO - Creating ORM DAG for example_subdag_operator.section-1
[2022-07-19 19:18:21,306] {logging_mixin.py:115} INFO - [2022-07-19 19:18:21,305] {dag.py:2439} INFO - Creating ORM DAG for example_subdag_operator.section-2
[2022-07-19 19:18:21,359] {logging_mixin.py:115} INFO - [2022-07-19 19:18:21,359] {dag.py:2972} INFO - Setting next_dagrun for example_subdag_operator to 2022-01-01T00:00:00+00:00, run_after=2022-01-01T00:00:00+00:00
[2022-07-19 19:18:21,362] {logging_mixin.py:115} INFO - [2022-07-19 19:18:21,362] {dag.py:2972} INFO - Setting next_dagrun for example_subdag_operator.section-1 to None, run_after=None
[2022-07-19 19:18:21,364] {logging_mixin.py:115} INFO - [2022-07-19 19:18:21,363] {dag.py:2972} INFO - Setting next_dagrun for example_subdag_operator.section-2 to None, run_after=None
[2022-07-19 19:18:21,402] {logging_mixin.py:115} INFO - [2022-07-19 19:18:21,402] {dag.py:2420} INFO - Sync 2 DAGs
[2022-07-19 19:18:21,429] {logging_mixin.py:115} INFO - [2022-07-19 19:18:21,429] {dag.py:2972} INFO - Setting next_dagrun for example_subdag_operator.section-1 to None, run_after=None
[2022-07-19 19:18:21,431] {logging_mixin.py:115} INFO - [2022-07-19 19:18:21,430] {dag.py:2972} INFO - Setting next_dagrun for example_subdag_operator.section-2 to None, run_after=None
[2022-07-19 19:18:21,809] {processor.py:161} INFO - Processing /home/airflow/.local/lib/python3.7/site-packages/airflow/example_dags/example_subdag_operator.py took 1.574 seconds
[2022-07-19 19:18:53,021] {processor.py:153} INFO - Started process (PID=180) to work on /home/airflow/.local/lib/python3.7/site-packages/airflow/example_dags/example_subdag_operator.py
[2022-07-19 19:18:53,023] {processor.py:641} INFO - Processing file /home/airflow/.local/lib/python3.7/site-packages/airflow/example_dags/example_subdag_operator.py for tasks to queue
[2022-07-19 19:18:53,026] {logging_mixin.py:115} INFO - [2022-07-19 19:18:53,025] {dagbag.py:508} INFO - Filling up the DagBag from /home/airflow/.local/lib/python3.7/site-packages/airflow/example_dags/example_subdag_operator.py
[2022-07-19 19:18:53,110] {processor.py:651} INFO - DAG(s) dict_keys(['example_subdag_operator.section-1', 'example_subdag_operator.section-2', 'example_subdag_operator']) retrieved from /home/airflow/.local/lib/python3.7/site-packages/airflow/example_dags/example_subdag_operator.py
[2022-07-19 19:18:53,363] {logging_mixin.py:115} INFO - [2022-07-19 19:18:53,363] {dag.py:2420} INFO - Sync 3 DAGs
[2022-07-19 19:18:53,437] {logging_mixin.py:115} INFO - [2022-07-19 19:18:53,437] {dag.py:2972} INFO - Setting next_dagrun for example_subdag_operator to 2022-01-01T00:00:00+00:00, run_after=2022-01-01T00:00:00+00:00
[2022-07-19 19:18:53,438] {logging_mixin.py:115} INFO - [2022-07-19 19:18:53,438] {dag.py:2972} INFO - Setting next_dagrun for example_subdag_operator.section-1 to None, run_after=None
[2022-07-19 19:18:53,439] {logging_mixin.py:115} INFO - [2022-07-19 19:18:53,439] {dag.py:2972} INFO - Setting next_dagrun for example_subdag_operator.section-2 to None, run_after=None
[2022-07-19 19:18:53,457] {logging_mixin.py:115} INFO - [2022-07-19 19:18:53,457] {dag.py:2420} INFO - Sync 2 DAGs
[2022-07-19 19:18:53,474] {logging_mixin.py:115} INFO - [2022-07-19 19:18:53,474] {dag.py:2972} INFO - Setting next_dagrun for example_subdag_operator.section-1 to None, run_after=None
[2022-07-19 19:18:53,476] {logging_mixin.py:115} INFO - [2022-07-19 19:18:53,475] {dag.py:2972} INFO - Setting next_dagrun for example_subdag_operator.section-2 to None, run_after=None
[2022-07-19 19:18:54,009] {processor.py:161} INFO - Processing /home/airflow/.local/lib/python3.7/site-packages/airflow/example_dags/example_subdag_operator.py took 0.998 seconds
[2022-07-19 19:19:24,412] {processor.py:153} INFO - Started process (PID=224) to work on /home/airflow/.local/lib/python3.7/site-packages/airflow/example_dags/example_subdag_operator.py
[2022-07-19 19:19:24,496] {processor.py:641} INFO - Processing file /home/airflow/.local/lib/python3.7/site-packages/airflow/example_dags/example_subdag_operator.py for tasks to queue
[2022-07-19 19:19:24,506] {logging_mixin.py:115} INFO - [2022-07-19 19:19:24,505] {dagbag.py:508} INFO - Filling up the DagBag from /home/airflow/.local/lib/python3.7/site-packages/airflow/example_dags/example_subdag_operator.py
[2022-07-19 19:19:24,829] {processor.py:651} INFO - DAG(s) dict_keys(['example_subdag_operator.section-1', 'example_subdag_operator.section-2', 'example_subdag_operator']) retrieved from /home/airflow/.local/lib/python3.7/site-packages/airflow/example_dags/example_subdag_operator.py
[2022-07-19 19:19:25,132] {logging_mixin.py:115} INFO - [2022-07-19 19:19:25,132] {dag.py:2420} INFO - Sync 3 DAGs
[2022-07-19 19:19:25,253] {logging_mixin.py:115} INFO - [2022-07-19 19:19:25,252] {dag.py:2972} INFO - Setting next_dagrun for example_subdag_operator to 2022-01-01T00:00:00+00:00, run_after=2022-01-01T00:00:00+00:00
[2022-07-19 19:19:25,254] {logging_mixin.py:115} INFO - [2022-07-19 19:19:25,254] {dag.py:2972} INFO - Setting next_dagrun for example_subdag_operator.section-1 to None, run_after=None
[2022-07-19 19:19:25,255] {logging_mixin.py:115} INFO - [2022-07-19 19:19:25,255] {dag.py:2972} INFO - Setting next_dagrun for example_subdag_operator.section-2 to None, run_after=None
[2022-07-19 19:19:25,282] {logging_mixin.py:115} INFO - [2022-07-19 19:19:25,282] {dag.py:2420} INFO - Sync 2 DAGs
[2022-07-19 19:19:25,302] {logging_mixin.py:115} INFO - [2022-07-19 19:19:25,301] {dag.py:2972} INFO - Setting next_dagrun for example_subdag_operator.section-1 to None, run_after=None
[2022-07-19 19:19:25,303] {logging_mixin.py:115} INFO - [2022-07-19 19:19:25,303] {dag.py:2972} INFO - Setting next_dagrun for example_subdag_operator.section-2 to None, run_after=None
[2022-07-19 19:19:26,782] {processor.py:161} INFO - Processing /home/airflow/.local/lib/python3.7/site-packages/airflow/example_dags/example_subdag_operator.py took 2.387 seconds
[2022-07-19 19:19:58,915] {processor.py:153} INFO - Started process (PID=284) to work on /home/airflow/.local/lib/python3.7/site-packages/airflow/example_dags/example_subdag_operator.py
[2022-07-19 19:19:58,919] {processor.py:641} INFO - Processing file /home/airflow/.local/lib/python3.7/site-packages/airflow/example_dags/example_subdag_operator.py for tasks to queue
[2022-07-19 19:19:58,922] {logging_mixin.py:115} INFO - [2022-07-19 19:19:58,922] {dagbag.py:508} INFO - Filling up the DagBag from /home/airflow/.local/lib/python3.7/site-packages/airflow/example_dags/example_subdag_operator.py
[2022-07-19 19:19:59,114] {processor.py:651} INFO - DAG(s) dict_keys(['example_subdag_operator.section-1', 'example_subdag_operator.section-2', 'example_subdag_operator']) retrieved from /home/airflow/.local/lib/python3.7/site-packages/airflow/example_dags/example_subdag_operator.py
[2022-07-19 19:19:59,494] {logging_mixin.py:115} INFO - [2022-07-19 19:19:59,494] {dag.py:2420} INFO - Sync 3 DAGs
[2022-07-19 19:19:59,996] {logging_mixin.py:115} INFO - [2022-07-19 19:19:59,996] {dag.py:2972} INFO - Setting next_dagrun for example_subdag_operator to 2022-01-01T00:00:00+00:00, run_after=2022-01-01T00:00:00+00:00
[2022-07-19 19:20:00,150] {logging_mixin.py:115} INFO - [2022-07-19 19:20:00,150] {dag.py:2972} INFO - Setting next_dagrun for example_subdag_operator.section-1 to None, run_after=None
[2022-07-19 19:20:00,151] {logging_mixin.py:115} INFO - [2022-07-19 19:20:00,151] {dag.py:2972} INFO - Setting next_dagrun for example_subdag_operator.section-2 to None, run_after=None
[2022-07-19 19:20:00,302] {logging_mixin.py:115} INFO - [2022-07-19 19:20:00,302] {dag.py:2420} INFO - Sync 2 DAGs
[2022-07-19 19:20:00,390] {logging_mixin.py:115} INFO - [2022-07-19 19:20:00,390] {dag.py:2972} INFO - Setting next_dagrun for example_subdag_operator.section-1 to None, run_after=None
[2022-07-19 19:20:00,412] {logging_mixin.py:115} INFO - [2022-07-19 19:20:00,411] {dag.py:2972} INFO - Setting next_dagrun for example_subdag_operator.section-2 to None, run_after=None
[2022-07-19 19:20:00,948] {processor.py:161} INFO - Processing /home/airflow/.local/lib/python3.7/site-packages/airflow/example_dags/example_subdag_operator.py took 2.052 seconds
[2022-07-19 19:20:35,871] {processor.py:153} INFO - Started process (PID=330) to work on /home/airflow/.local/lib/python3.7/site-packages/airflow/example_dags/example_subdag_operator.py
[2022-07-19 19:20:35,886] {processor.py:641} INFO - Processing file /home/airflow/.local/lib/python3.7/site-packages/airflow/example_dags/example_subdag_operator.py for tasks to queue
[2022-07-19 19:20:35,891] {logging_mixin.py:115} INFO - [2022-07-19 19:20:35,890] {dagbag.py:508} INFO - Filling up the DagBag from /home/airflow/.local/lib/python3.7/site-packages/airflow/example_dags/example_subdag_operator.py
[2022-07-19 19:20:36,380] {processor.py:651} INFO - DAG(s) dict_keys(['example_subdag_operator.section-1', 'example_subdag_operator.section-2', 'example_subdag_operator']) retrieved from /home/airflow/.local/lib/python3.7/site-packages/airflow/example_dags/example_subdag_operator.py
[2022-07-19 19:20:36,885] {logging_mixin.py:115} INFO - [2022-07-19 19:20:36,885] {dag.py:2420} INFO - Sync 3 DAGs
[2022-07-19 19:20:37,561] {logging_mixin.py:115} INFO - [2022-07-19 19:20:37,561] {dag.py:2972} INFO - Setting next_dagrun for example_subdag_operator to 2022-01-01T00:00:00+00:00, run_after=2022-01-01T00:00:00+00:00
[2022-07-19 19:20:37,725] {logging_mixin.py:115} INFO - [2022-07-19 19:20:37,725] {dag.py:2972} INFO - Setting next_dagrun for example_subdag_operator.section-1 to None, run_after=None
[2022-07-19 19:20:37,731] {logging_mixin.py:115} INFO - [2022-07-19 19:20:37,731] {dag.py:2972} INFO - Setting next_dagrun for example_subdag_operator.section-2 to None, run_after=None
[2022-07-19 19:20:38,014] {logging_mixin.py:115} INFO - [2022-07-19 19:20:38,014] {dag.py:2420} INFO - Sync 2 DAGs
[2022-07-19 19:20:38,047] {logging_mixin.py:115} INFO - [2022-07-19 19:20:38,047] {dag.py:2972} INFO - Setting next_dagrun for example_subdag_operator.section-1 to None, run_after=None
[2022-07-19 19:20:38,212] {logging_mixin.py:115} INFO - [2022-07-19 19:20:38,212] {dag.py:2972} INFO - Setting next_dagrun for example_subdag_operator.section-2 to None, run_after=None
[2022-07-19 19:20:38,930] {processor.py:161} INFO - Processing /home/airflow/.local/lib/python3.7/site-packages/airflow/example_dags/example_subdag_operator.py took 3.150 seconds
[2022-07-19 19:21:10,687] {processor.py:153} INFO - Started process (PID=383) to work on /home/airflow/.local/lib/python3.7/site-packages/airflow/example_dags/example_subdag_operator.py
[2022-07-19 19:21:10,688] {processor.py:641} INFO - Processing file /home/airflow/.local/lib/python3.7/site-packages/airflow/example_dags/example_subdag_operator.py for tasks to queue
[2022-07-19 19:21:10,690] {logging_mixin.py:115} INFO - [2022-07-19 19:21:10,689] {dagbag.py:508} INFO - Filling up the DagBag from /home/airflow/.local/lib/python3.7/site-packages/airflow/example_dags/example_subdag_operator.py
[2022-07-19 19:21:10,769] {processor.py:651} INFO - DAG(s) dict_keys(['example_subdag_operator.section-1', 'example_subdag_operator.section-2', 'example_subdag_operator']) retrieved from /home/airflow/.local/lib/python3.7/site-packages/airflow/example_dags/example_subdag_operator.py
[2022-07-19 19:21:10,855] {logging_mixin.py:115} INFO - [2022-07-19 19:21:10,854] {dag.py:2420} INFO - Sync 3 DAGs
[2022-07-19 19:21:10,910] {logging_mixin.py:115} INFO - [2022-07-19 19:21:10,910] {dag.py:2972} INFO - Setting next_dagrun for example_subdag_operator to 2022-01-01T00:00:00+00:00, run_after=2022-01-01T00:00:00+00:00
[2022-07-19 19:21:10,911] {logging_mixin.py:115} INFO - [2022-07-19 19:21:10,911] {dag.py:2972} INFO - Setting next_dagrun for example_subdag_operator.section-1 to None, run_after=None
[2022-07-19 19:21:10,912] {logging_mixin.py:115} INFO - [2022-07-19 19:21:10,912] {dag.py:2972} INFO - Setting next_dagrun for example_subdag_operator.section-2 to None, run_after=None
[2022-07-19 19:21:10,930] {logging_mixin.py:115} INFO - [2022-07-19 19:21:10,930] {dag.py:2420} INFO - Sync 2 DAGs
[2022-07-19 19:21:10,945] {logging_mixin.py:115} INFO - [2022-07-19 19:21:10,945] {dag.py:2972} INFO - Setting next_dagrun for example_subdag_operator.section-1 to None, run_after=None
[2022-07-19 19:21:10,946] {logging_mixin.py:115} INFO - [2022-07-19 19:21:10,946] {dag.py:2972} INFO - Setting next_dagrun for example_subdag_operator.section-2 to None, run_after=None
[2022-07-19 19:21:11,818] {processor.py:161} INFO - Processing /home/airflow/.local/lib/python3.7/site-packages/airflow/example_dags/example_subdag_operator.py took 1.140 seconds
[2022-07-19 19:21:43,650] {processor.py:153} INFO - Started process (PID=435) to work on /home/airflow/.local/lib/python3.7/site-packages/airflow/example_dags/example_subdag_operator.py
[2022-07-19 19:21:43,697] {processor.py:641} INFO - Processing file /home/airflow/.local/lib/python3.7/site-packages/airflow/example_dags/example_subdag_operator.py for tasks to queue
[2022-07-19 19:21:43,714] {logging_mixin.py:115} INFO - [2022-07-19 19:21:43,713] {dagbag.py:508} INFO - Filling up the DagBag from /home/airflow/.local/lib/python3.7/site-packages/airflow/example_dags/example_subdag_operator.py
[2022-07-19 19:21:44,124] {processor.py:651} INFO - DAG(s) dict_keys(['example_subdag_operator.section-1', 'example_subdag_operator.section-2', 'example_subdag_operator']) retrieved from /home/airflow/.local/lib/python3.7/site-packages/airflow/example_dags/example_subdag_operator.py
[2022-07-19 19:21:44,426] {logging_mixin.py:115} INFO - [2022-07-19 19:21:44,423] {dag.py:2420} INFO - Sync 3 DAGs
[2022-07-19 19:21:44,655] {logging_mixin.py:115} INFO - [2022-07-19 19:21:44,655] {dag.py:2972} INFO - Setting next_dagrun for example_subdag_operator to 2022-01-01T00:00:00+00:00, run_after=2022-01-01T00:00:00+00:00
[2022-07-19 19:21:44,673] {logging_mixin.py:115} INFO - [2022-07-19 19:21:44,672] {dag.py:2972} INFO - Setting next_dagrun for example_subdag_operator.section-1 to None, run_after=None
[2022-07-19 19:21:44,689] {logging_mixin.py:115} INFO - [2022-07-19 19:21:44,689] {dag.py:2972} INFO - Setting next_dagrun for example_subdag_operator.section-2 to None, run_after=None
[2022-07-19 19:21:44,788] {logging_mixin.py:115} INFO - [2022-07-19 19:21:44,787] {dag.py:2420} INFO - Sync 2 DAGs
[2022-07-19 19:21:44,859] {logging_mixin.py:115} INFO - [2022-07-19 19:21:44,858] {dag.py:2972} INFO - Setting next_dagrun for example_subdag_operator.section-1 to None, run_after=None
[2022-07-19 19:21:44,869] {logging_mixin.py:115} INFO - [2022-07-19 19:21:44,869] {dag.py:2972} INFO - Setting next_dagrun for example_subdag_operator.section-2 to None, run_after=None
[2022-07-19 19:21:45,496] {processor.py:161} INFO - Processing /home/airflow/.local/lib/python3.7/site-packages/airflow/example_dags/example_subdag_operator.py took 1.896 seconds
[2022-07-19 19:22:15,846] {processor.py:153} INFO - Started process (PID=486) to work on /home/airflow/.local/lib/python3.7/site-packages/airflow/example_dags/example_subdag_operator.py
[2022-07-19 19:22:15,852] {processor.py:641} INFO - Processing file /home/airflow/.local/lib/python3.7/site-packages/airflow/example_dags/example_subdag_operator.py for tasks to queue
[2022-07-19 19:22:15,856] {logging_mixin.py:115} INFO - [2022-07-19 19:22:15,855] {dagbag.py:508} INFO - Filling up the DagBag from /home/airflow/.local/lib/python3.7/site-packages/airflow/example_dags/example_subdag_operator.py
[2022-07-19 19:22:16,121] {processor.py:651} INFO - DAG(s) dict_keys(['example_subdag_operator.section-1', 'example_subdag_operator.section-2', 'example_subdag_operator']) retrieved from /home/airflow/.local/lib/python3.7/site-packages/airflow/example_dags/example_subdag_operator.py
[2022-07-19 19:22:16,341] {logging_mixin.py:115} INFO - [2022-07-19 19:22:16,341] {dag.py:2420} INFO - Sync 3 DAGs
[2022-07-19 19:22:16,548] {logging_mixin.py:115} INFO - [2022-07-19 19:22:16,548] {dag.py:2972} INFO - Setting next_dagrun for example_subdag_operator to 2022-01-01T00:00:00+00:00, run_after=2022-01-01T00:00:00+00:00
[2022-07-19 19:22:16,549] {logging_mixin.py:115} INFO - [2022-07-19 19:22:16,549] {dag.py:2972} INFO - Setting next_dagrun for example_subdag_operator.section-1 to None, run_after=None
[2022-07-19 19:22:16,551] {logging_mixin.py:115} INFO - [2022-07-19 19:22:16,551] {dag.py:2972} INFO - Setting next_dagrun for example_subdag_operator.section-2 to None, run_after=None
[2022-07-19 19:22:16,588] {logging_mixin.py:115} INFO - [2022-07-19 19:22:16,587] {dag.py:2420} INFO - Sync 2 DAGs
[2022-07-19 19:22:16,610] {logging_mixin.py:115} INFO - [2022-07-19 19:22:16,610] {dag.py:2972} INFO - Setting next_dagrun for example_subdag_operator.section-1 to None, run_after=None
[2022-07-19 19:22:16,612] {logging_mixin.py:115} INFO - [2022-07-19 19:22:16,611] {dag.py:2972} INFO - Setting next_dagrun for example_subdag_operator.section-2 to None, run_after=None
[2022-07-19 19:22:16,782] {processor.py:161} INFO - Processing /home/airflow/.local/lib/python3.7/site-packages/airflow/example_dags/example_subdag_operator.py took 0.947 seconds
[2022-07-19 19:22:47,126] {processor.py:153} INFO - Started process (PID=529) to work on /home/airflow/.local/lib/python3.7/site-packages/airflow/example_dags/example_subdag_operator.py
[2022-07-19 19:22:47,140] {processor.py:641} INFO - Processing file /home/airflow/.local/lib/python3.7/site-packages/airflow/example_dags/example_subdag_operator.py for tasks to queue
[2022-07-19 19:22:47,143] {logging_mixin.py:115} INFO - [2022-07-19 19:22:47,143] {dagbag.py:508} INFO - Filling up the DagBag from /home/airflow/.local/lib/python3.7/site-packages/airflow/example_dags/example_subdag_operator.py
[2022-07-19 19:22:47,524] {processor.py:651} INFO - DAG(s) dict_keys(['example_subdag_operator.section-1', 'example_subdag_operator.section-2', 'example_subdag_operator']) retrieved from /home/airflow/.local/lib/python3.7/site-packages/airflow/example_dags/example_subdag_operator.py
[2022-07-19 19:22:48,048] {logging_mixin.py:115} INFO - [2022-07-19 19:22:48,048] {dag.py:2420} INFO - Sync 3 DAGs
[2022-07-19 19:22:48,335] {logging_mixin.py:115} INFO - [2022-07-19 19:22:48,334] {dag.py:2972} INFO - Setting next_dagrun for example_subdag_operator to 2022-01-01T00:00:00+00:00, run_after=2022-01-01T00:00:00+00:00
[2022-07-19 19:22:48,347] {logging_mixin.py:115} INFO - [2022-07-19 19:22:48,347] {dag.py:2972} INFO - Setting next_dagrun for example_subdag_operator.section-1 to None, run_after=None
[2022-07-19 19:22:48,350] {logging_mixin.py:115} INFO - [2022-07-19 19:22:48,350] {dag.py:2972} INFO - Setting next_dagrun for example_subdag_operator.section-2 to None, run_after=None
[2022-07-19 19:22:48,487] {logging_mixin.py:115} INFO - [2022-07-19 19:22:48,486] {dag.py:2420} INFO - Sync 2 DAGs
[2022-07-19 19:22:48,522] {logging_mixin.py:115} INFO - [2022-07-19 19:22:48,522] {dag.py:2972} INFO - Setting next_dagrun for example_subdag_operator.section-1 to None, run_after=None
[2022-07-19 19:22:48,523] {logging_mixin.py:115} INFO - [2022-07-19 19:22:48,523] {dag.py:2972} INFO - Setting next_dagrun for example_subdag_operator.section-2 to None, run_after=None
[2022-07-19 19:22:48,708] {processor.py:161} INFO - Processing /home/airflow/.local/lib/python3.7/site-packages/airflow/example_dags/example_subdag_operator.py took 1.618 seconds
[2022-07-19 19:23:18,862] {processor.py:153} INFO - Started process (PID=583) to work on /home/airflow/.local/lib/python3.7/site-packages/airflow/example_dags/example_subdag_operator.py
[2022-07-19 19:23:18,865] {processor.py:641} INFO - Processing file /home/airflow/.local/lib/python3.7/site-packages/airflow/example_dags/example_subdag_operator.py for tasks to queue
[2022-07-19 19:23:18,867] {logging_mixin.py:115} INFO - [2022-07-19 19:23:18,867] {dagbag.py:508} INFO - Filling up the DagBag from /home/airflow/.local/lib/python3.7/site-packages/airflow/example_dags/example_subdag_operator.py
[2022-07-19 19:23:18,970] {processor.py:651} INFO - DAG(s) dict_keys(['example_subdag_operator.section-1', 'example_subdag_operator.section-2', 'example_subdag_operator']) retrieved from /home/airflow/.local/lib/python3.7/site-packages/airflow/example_dags/example_subdag_operator.py
[2022-07-19 19:23:19,045] {logging_mixin.py:115} INFO - [2022-07-19 19:23:19,045] {dag.py:2420} INFO - Sync 3 DAGs
[2022-07-19 19:23:19,089] {logging_mixin.py:115} INFO - [2022-07-19 19:23:19,089] {dag.py:2972} INFO - Setting next_dagrun for example_subdag_operator to 2022-01-01T00:00:00+00:00, run_after=2022-01-01T00:00:00+00:00
[2022-07-19 19:23:19,090] {logging_mixin.py:115} INFO - [2022-07-19 19:23:19,090] {dag.py:2972} INFO - Setting next_dagrun for example_subdag_operator.section-1 to None, run_after=None
[2022-07-19 19:23:19,090] {logging_mixin.py:115} INFO - [2022-07-19 19:23:19,090] {dag.py:2972} INFO - Setting next_dagrun for example_subdag_operator.section-2 to None, run_after=None
[2022-07-19 19:23:19,104] {logging_mixin.py:115} INFO - [2022-07-19 19:23:19,104] {dag.py:2420} INFO - Sync 2 DAGs
[2022-07-19 19:23:19,115] {logging_mixin.py:115} INFO - [2022-07-19 19:23:19,115] {dag.py:2972} INFO - Setting next_dagrun for example_subdag_operator.section-1 to None, run_after=None
[2022-07-19 19:23:19,116] {logging_mixin.py:115} INFO - [2022-07-19 19:23:19,116] {dag.py:2972} INFO - Setting next_dagrun for example_subdag_operator.section-2 to None, run_after=None
[2022-07-19 19:23:19,169] {processor.py:161} INFO - Processing /home/airflow/.local/lib/python3.7/site-packages/airflow/example_dags/example_subdag_operator.py took 0.315 seconds
[2022-07-19 19:28:19,138] {processor.py:153} INFO - Started process (PID=124) to work on /home/airflow/.local/lib/python3.7/site-packages/airflow/example_dags/example_subdag_operator.py
[2022-07-19 19:28:19,441] {processor.py:641} INFO - Processing file /home/airflow/.local/lib/python3.7/site-packages/airflow/example_dags/example_subdag_operator.py for tasks to queue
[2022-07-19 19:28:19,445] {logging_mixin.py:115} INFO - [2022-07-19 19:28:19,445] {dagbag.py:508} INFO - Filling up the DagBag from /home/airflow/.local/lib/python3.7/site-packages/airflow/example_dags/example_subdag_operator.py
[2022-07-19 19:28:19,674] {processor.py:651} INFO - DAG(s) dict_keys(['example_subdag_operator.section-1', 'example_subdag_operator.section-2', 'example_subdag_operator']) retrieved from /home/airflow/.local/lib/python3.7/site-packages/airflow/example_dags/example_subdag_operator.py
[2022-07-19 19:28:20,176] {logging_mixin.py:115} INFO - [2022-07-19 19:28:20,176] {dag.py:2420} INFO - Sync 3 DAGs
[2022-07-19 19:28:20,251] {logging_mixin.py:115} INFO - [2022-07-19 19:28:20,251] {dag.py:2972} INFO - Setting next_dagrun for example_subdag_operator to 2022-01-01T00:00:00+00:00, run_after=2022-01-01T00:00:00+00:00
[2022-07-19 19:28:20,416] {logging_mixin.py:115} INFO - [2022-07-19 19:28:20,416] {dag.py:2972} INFO - Setting next_dagrun for example_subdag_operator.section-1 to None, run_after=None
[2022-07-19 19:28:20,417] {logging_mixin.py:115} INFO - [2022-07-19 19:28:20,417] {dag.py:2972} INFO - Setting next_dagrun for example_subdag_operator.section-2 to None, run_after=None
[2022-07-19 19:28:20,456] {logging_mixin.py:115} INFO - [2022-07-19 19:28:20,456] {dag.py:2420} INFO - Sync 2 DAGs
[2022-07-19 19:28:20,479] {logging_mixin.py:115} INFO - [2022-07-19 19:28:20,479] {dag.py:2972} INFO - Setting next_dagrun for example_subdag_operator.section-1 to None, run_after=None
[2022-07-19 19:28:20,481] {logging_mixin.py:115} INFO - [2022-07-19 19:28:20,480] {dag.py:2972} INFO - Setting next_dagrun for example_subdag_operator.section-2 to None, run_after=None
[2022-07-19 19:28:21,551] {processor.py:161} INFO - Processing /home/airflow/.local/lib/python3.7/site-packages/airflow/example_dags/example_subdag_operator.py took 2.424 seconds
[2022-07-19 19:28:58,647] {processor.py:153} INFO - Started process (PID=178) to work on /home/airflow/.local/lib/python3.7/site-packages/airflow/example_dags/example_subdag_operator.py
[2022-07-19 19:28:58,649] {processor.py:641} INFO - Processing file /home/airflow/.local/lib/python3.7/site-packages/airflow/example_dags/example_subdag_operator.py for tasks to queue
[2022-07-19 19:28:58,651] {logging_mixin.py:115} INFO - [2022-07-19 19:28:58,651] {dagbag.py:508} INFO - Filling up the DagBag from /home/airflow/.local/lib/python3.7/site-packages/airflow/example_dags/example_subdag_operator.py
[2022-07-19 19:28:58,779] {processor.py:651} INFO - DAG(s) dict_keys(['example_subdag_operator.section-1', 'example_subdag_operator.section-2', 'example_subdag_operator']) retrieved from /home/airflow/.local/lib/python3.7/site-packages/airflow/example_dags/example_subdag_operator.py
[2022-07-19 19:28:59,225] {logging_mixin.py:115} INFO - [2022-07-19 19:28:59,225] {dag.py:2420} INFO - Sync 3 DAGs
[2022-07-19 19:28:59,329] {logging_mixin.py:115} INFO - [2022-07-19 19:28:59,329] {dag.py:2972} INFO - Setting next_dagrun for example_subdag_operator to 2022-01-01T00:00:00+00:00, run_after=2022-01-01T00:00:00+00:00
[2022-07-19 19:28:59,333] {logging_mixin.py:115} INFO - [2022-07-19 19:28:59,332] {dag.py:2972} INFO - Setting next_dagrun for example_subdag_operator.section-1 to None, run_after=None
[2022-07-19 19:28:59,361] {logging_mixin.py:115} INFO - [2022-07-19 19:28:59,361] {dag.py:2972} INFO - Setting next_dagrun for example_subdag_operator.section-2 to None, run_after=None
[2022-07-19 19:28:59,396] {logging_mixin.py:115} INFO - [2022-07-19 19:28:59,396] {dag.py:2420} INFO - Sync 2 DAGs
[2022-07-19 19:28:59,425] {logging_mixin.py:115} INFO - [2022-07-19 19:28:59,424] {dag.py:2972} INFO - Setting next_dagrun for example_subdag_operator.section-1 to None, run_after=None
[2022-07-19 19:28:59,427] {logging_mixin.py:115} INFO - [2022-07-19 19:28:59,427] {dag.py:2972} INFO - Setting next_dagrun for example_subdag_operator.section-2 to None, run_after=None
[2022-07-19 19:29:00,005] {processor.py:161} INFO - Processing /home/airflow/.local/lib/python3.7/site-packages/airflow/example_dags/example_subdag_operator.py took 1.374 seconds
[2022-07-19 19:29:32,583] {processor.py:153} INFO - Started process (PID=230) to work on /home/airflow/.local/lib/python3.7/site-packages/airflow/example_dags/example_subdag_operator.py
[2022-07-19 19:29:32,585] {processor.py:641} INFO - Processing file /home/airflow/.local/lib/python3.7/site-packages/airflow/example_dags/example_subdag_operator.py for tasks to queue
[2022-07-19 19:29:32,587] {logging_mixin.py:115} INFO - [2022-07-19 19:29:32,587] {dagbag.py:508} INFO - Filling up the DagBag from /home/airflow/.local/lib/python3.7/site-packages/airflow/example_dags/example_subdag_operator.py
[2022-07-19 19:29:32,720] {processor.py:651} INFO - DAG(s) dict_keys(['example_subdag_operator.section-1', 'example_subdag_operator.section-2', 'example_subdag_operator']) retrieved from /home/airflow/.local/lib/python3.7/site-packages/airflow/example_dags/example_subdag_operator.py
[2022-07-19 19:29:33,027] {logging_mixin.py:115} INFO - [2022-07-19 19:29:33,027] {dag.py:2420} INFO - Sync 3 DAGs
[2022-07-19 19:29:33,063] {logging_mixin.py:115} INFO - [2022-07-19 19:29:33,062] {dag.py:2972} INFO - Setting next_dagrun for example_subdag_operator to 2022-01-01T00:00:00+00:00, run_after=2022-01-01T00:00:00+00:00
[2022-07-19 19:29:33,063] {logging_mixin.py:115} INFO - [2022-07-19 19:29:33,063] {dag.py:2972} INFO - Setting next_dagrun for example_subdag_operator.section-1 to None, run_after=None
[2022-07-19 19:29:33,064] {logging_mixin.py:115} INFO - [2022-07-19 19:29:33,064] {dag.py:2972} INFO - Setting next_dagrun for example_subdag_operator.section-2 to None, run_after=None
[2022-07-19 19:29:33,076] {logging_mixin.py:115} INFO - [2022-07-19 19:29:33,075] {dag.py:2420} INFO - Sync 2 DAGs
[2022-07-19 19:29:33,086] {logging_mixin.py:115} INFO - [2022-07-19 19:29:33,086] {dag.py:2972} INFO - Setting next_dagrun for example_subdag_operator.section-1 to None, run_after=None
[2022-07-19 19:29:33,087] {logging_mixin.py:115} INFO - [2022-07-19 19:29:33,086] {dag.py:2972} INFO - Setting next_dagrun for example_subdag_operator.section-2 to None, run_after=None
[2022-07-19 19:29:33,825] {processor.py:161} INFO - Processing /home/airflow/.local/lib/python3.7/site-packages/airflow/example_dags/example_subdag_operator.py took 1.261 seconds
[2022-07-19 19:30:05,054] {processor.py:153} INFO - Started process (PID=282) to work on /home/airflow/.local/lib/python3.7/site-packages/airflow/example_dags/example_subdag_operator.py
[2022-07-19 19:30:05,065] {processor.py:641} INFO - Processing file /home/airflow/.local/lib/python3.7/site-packages/airflow/example_dags/example_subdag_operator.py for tasks to queue
[2022-07-19 19:30:05,067] {logging_mixin.py:115} INFO - [2022-07-19 19:30:05,066] {dagbag.py:508} INFO - Filling up the DagBag from /home/airflow/.local/lib/python3.7/site-packages/airflow/example_dags/example_subdag_operator.py
[2022-07-19 19:30:05,218] {processor.py:651} INFO - DAG(s) dict_keys(['example_subdag_operator.section-1', 'example_subdag_operator.section-2', 'example_subdag_operator']) retrieved from /home/airflow/.local/lib/python3.7/site-packages/airflow/example_dags/example_subdag_operator.py
[2022-07-19 19:30:05,824] {logging_mixin.py:115} INFO - [2022-07-19 19:30:05,823] {dag.py:2420} INFO - Sync 3 DAGs
[2022-07-19 19:30:05,974] {logging_mixin.py:115} INFO - [2022-07-19 19:30:05,974] {dag.py:2972} INFO - Setting next_dagrun for example_subdag_operator to 2022-01-01T00:00:00+00:00, run_after=2022-01-01T00:00:00+00:00
[2022-07-19 19:30:05,975] {logging_mixin.py:115} INFO - [2022-07-19 19:30:05,975] {dag.py:2972} INFO - Setting next_dagrun for example_subdag_operator.section-1 to None, run_after=None
[2022-07-19 19:30:05,977] {logging_mixin.py:115} INFO - [2022-07-19 19:30:05,976] {dag.py:2972} INFO - Setting next_dagrun for example_subdag_operator.section-2 to None, run_after=None
[2022-07-19 19:30:06,008] {logging_mixin.py:115} INFO - [2022-07-19 19:30:06,008] {dag.py:2420} INFO - Sync 2 DAGs
[2022-07-19 19:30:06,050] {logging_mixin.py:115} INFO - [2022-07-19 19:30:06,049] {dag.py:2972} INFO - Setting next_dagrun for example_subdag_operator.section-1 to None, run_after=None
[2022-07-19 19:30:06,051] {logging_mixin.py:115} INFO - [2022-07-19 19:30:06,051] {dag.py:2972} INFO - Setting next_dagrun for example_subdag_operator.section-2 to None, run_after=None
[2022-07-19 19:30:07,104] {processor.py:161} INFO - Processing /home/airflow/.local/lib/python3.7/site-packages/airflow/example_dags/example_subdag_operator.py took 2.081 seconds
[2022-07-19 19:30:39,569] {processor.py:153} INFO - Started process (PID=326) to work on /home/airflow/.local/lib/python3.7/site-packages/airflow/example_dags/example_subdag_operator.py
[2022-07-19 19:30:39,571] {processor.py:641} INFO - Processing file /home/airflow/.local/lib/python3.7/site-packages/airflow/example_dags/example_subdag_operator.py for tasks to queue
[2022-07-19 19:30:39,574] {logging_mixin.py:115} INFO - [2022-07-19 19:30:39,574] {dagbag.py:508} INFO - Filling up the DagBag from /home/airflow/.local/lib/python3.7/site-packages/airflow/example_dags/example_subdag_operator.py
[2022-07-19 19:30:39,687] {processor.py:651} INFO - DAG(s) dict_keys(['example_subdag_operator.section-1', 'example_subdag_operator.section-2', 'example_subdag_operator']) retrieved from /home/airflow/.local/lib/python3.7/site-packages/airflow/example_dags/example_subdag_operator.py
[2022-07-19 19:30:40,196] {logging_mixin.py:115} INFO - [2022-07-19 19:30:40,196] {dag.py:2420} INFO - Sync 3 DAGs
[2022-07-19 19:30:40,376] {logging_mixin.py:115} INFO - [2022-07-19 19:30:40,376] {dag.py:2972} INFO - Setting next_dagrun for example_subdag_operator to 2022-01-01T00:00:00+00:00, run_after=2022-01-01T00:00:00+00:00
[2022-07-19 19:30:40,390] {logging_mixin.py:115} INFO - [2022-07-19 19:30:40,390] {dag.py:2972} INFO - Setting next_dagrun for example_subdag_operator.section-1 to None, run_after=None
[2022-07-19 19:30:40,394] {logging_mixin.py:115} INFO - [2022-07-19 19:30:40,393] {dag.py:2972} INFO - Setting next_dagrun for example_subdag_operator.section-2 to None, run_after=None
[2022-07-19 19:30:40,447] {logging_mixin.py:115} INFO - [2022-07-19 19:30:40,447] {dag.py:2420} INFO - Sync 2 DAGs
[2022-07-19 19:30:40,507] {logging_mixin.py:115} INFO - [2022-07-19 19:30:40,507] {dag.py:2972} INFO - Setting next_dagrun for example_subdag_operator.section-1 to None, run_after=None
[2022-07-19 19:30:40,511] {logging_mixin.py:115} INFO - [2022-07-19 19:30:40,511] {dag.py:2972} INFO - Setting next_dagrun for example_subdag_operator.section-2 to None, run_after=None
[2022-07-19 19:30:40,705] {processor.py:161} INFO - Processing /home/airflow/.local/lib/python3.7/site-packages/airflow/example_dags/example_subdag_operator.py took 1.149 seconds
[2022-07-19 19:31:15,435] {processor.py:153} INFO - Started process (PID=378) to work on /home/airflow/.local/lib/python3.7/site-packages/airflow/example_dags/example_subdag_operator.py
[2022-07-19 19:31:15,437] {processor.py:641} INFO - Processing file /home/airflow/.local/lib/python3.7/site-packages/airflow/example_dags/example_subdag_operator.py for tasks to queue
[2022-07-19 19:31:15,439] {logging_mixin.py:115} INFO - [2022-07-19 19:31:15,439] {dagbag.py:508} INFO - Filling up the DagBag from /home/airflow/.local/lib/python3.7/site-packages/airflow/example_dags/example_subdag_operator.py
[2022-07-19 19:31:15,511] {processor.py:651} INFO - DAG(s) dict_keys(['example_subdag_operator.section-1', 'example_subdag_operator.section-2', 'example_subdag_operator']) retrieved from /home/airflow/.local/lib/python3.7/site-packages/airflow/example_dags/example_subdag_operator.py
[2022-07-19 19:31:15,803] {logging_mixin.py:115} INFO - [2022-07-19 19:31:15,802] {dag.py:2420} INFO - Sync 3 DAGs
[2022-07-19 19:31:15,840] {logging_mixin.py:115} INFO - [2022-07-19 19:31:15,839] {dag.py:2972} INFO - Setting next_dagrun for example_subdag_operator to 2022-01-01T00:00:00+00:00, run_after=2022-01-01T00:00:00+00:00
[2022-07-19 19:31:15,841] {logging_mixin.py:115} INFO - [2022-07-19 19:31:15,840] {dag.py:2972} INFO - Setting next_dagrun for example_subdag_operator.section-1 to None, run_after=None
[2022-07-19 19:31:15,841] {logging_mixin.py:115} INFO - [2022-07-19 19:31:15,841] {dag.py:2972} INFO - Setting next_dagrun for example_subdag_operator.section-2 to None, run_after=None
[2022-07-19 19:31:15,853] {logging_mixin.py:115} INFO - [2022-07-19 19:31:15,852] {dag.py:2420} INFO - Sync 2 DAGs
[2022-07-19 19:31:15,864] {logging_mixin.py:115} INFO - [2022-07-19 19:31:15,864] {dag.py:2972} INFO - Setting next_dagrun for example_subdag_operator.section-1 to None, run_after=None
[2022-07-19 19:31:15,865] {logging_mixin.py:115} INFO - [2022-07-19 19:31:15,865] {dag.py:2972} INFO - Setting next_dagrun for example_subdag_operator.section-2 to None, run_after=None
[2022-07-19 19:31:16,228] {processor.py:161} INFO - Processing /home/airflow/.local/lib/python3.7/site-packages/airflow/example_dags/example_subdag_operator.py took 0.804 seconds
[2022-07-19 19:31:52,132] {processor.py:153} INFO - Started process (PID=431) to work on /home/airflow/.local/lib/python3.7/site-packages/airflow/example_dags/example_subdag_operator.py
[2022-07-19 19:31:52,135] {processor.py:641} INFO - Processing file /home/airflow/.local/lib/python3.7/site-packages/airflow/example_dags/example_subdag_operator.py for tasks to queue
[2022-07-19 19:31:52,143] {logging_mixin.py:115} INFO - [2022-07-19 19:31:52,143] {dagbag.py:508} INFO - Filling up the DagBag from /home/airflow/.local/lib/python3.7/site-packages/airflow/example_dags/example_subdag_operator.py
[2022-07-19 19:31:52,269] {processor.py:651} INFO - DAG(s) dict_keys(['example_subdag_operator.section-1', 'example_subdag_operator.section-2', 'example_subdag_operator']) retrieved from /home/airflow/.local/lib/python3.7/site-packages/airflow/example_dags/example_subdag_operator.py
[2022-07-19 19:31:52,751] {logging_mixin.py:115} INFO - [2022-07-19 19:31:52,751] {dag.py:2420} INFO - Sync 3 DAGs
[2022-07-19 19:31:52,807] {logging_mixin.py:115} INFO - [2022-07-19 19:31:52,807] {dag.py:2972} INFO - Setting next_dagrun for example_subdag_operator to 2022-01-01T00:00:00+00:00, run_after=2022-01-01T00:00:00+00:00
[2022-07-19 19:31:52,808] {logging_mixin.py:115} INFO - [2022-07-19 19:31:52,808] {dag.py:2972} INFO - Setting next_dagrun for example_subdag_operator.section-1 to None, run_after=None
[2022-07-19 19:31:52,808] {logging_mixin.py:115} INFO - [2022-07-19 19:31:52,808] {dag.py:2972} INFO - Setting next_dagrun for example_subdag_operator.section-2 to None, run_after=None
[2022-07-19 19:31:52,819] {logging_mixin.py:115} INFO - [2022-07-19 19:31:52,819] {dag.py:2420} INFO - Sync 2 DAGs
[2022-07-19 19:31:52,831] {logging_mixin.py:115} INFO - [2022-07-19 19:31:52,830] {dag.py:2972} INFO - Setting next_dagrun for example_subdag_operator.section-1 to None, run_after=None
[2022-07-19 19:31:52,831] {logging_mixin.py:115} INFO - [2022-07-19 19:31:52,831] {dag.py:2972} INFO - Setting next_dagrun for example_subdag_operator.section-2 to None, run_after=None
[2022-07-19 19:31:53,302] {processor.py:161} INFO - Processing /home/airflow/.local/lib/python3.7/site-packages/airflow/example_dags/example_subdag_operator.py took 1.179 seconds
[2022-07-19 19:32:25,313] {processor.py:153} INFO - Started process (PID=483) to work on /home/airflow/.local/lib/python3.7/site-packages/airflow/example_dags/example_subdag_operator.py
[2022-07-19 19:32:25,329] {processor.py:641} INFO - Processing file /home/airflow/.local/lib/python3.7/site-packages/airflow/example_dags/example_subdag_operator.py for tasks to queue
[2022-07-19 19:32:25,345] {logging_mixin.py:115} INFO - [2022-07-19 19:32:25,345] {dagbag.py:508} INFO - Filling up the DagBag from /home/airflow/.local/lib/python3.7/site-packages/airflow/example_dags/example_subdag_operator.py
[2022-07-19 19:32:25,631] {processor.py:651} INFO - DAG(s) dict_keys(['example_subdag_operator.section-1', 'example_subdag_operator.section-2', 'example_subdag_operator']) retrieved from /home/airflow/.local/lib/python3.7/site-packages/airflow/example_dags/example_subdag_operator.py
[2022-07-19 19:32:26,381] {logging_mixin.py:115} INFO - [2022-07-19 19:32:26,381] {dag.py:2420} INFO - Sync 3 DAGs
[2022-07-19 19:32:26,483] {logging_mixin.py:115} INFO - [2022-07-19 19:32:26,483] {dag.py:2972} INFO - Setting next_dagrun for example_subdag_operator to 2022-01-01T00:00:00+00:00, run_after=2022-01-01T00:00:00+00:00
[2022-07-19 19:32:26,485] {logging_mixin.py:115} INFO - [2022-07-19 19:32:26,485] {dag.py:2972} INFO - Setting next_dagrun for example_subdag_operator.section-1 to None, run_after=None
[2022-07-19 19:32:26,487] {logging_mixin.py:115} INFO - [2022-07-19 19:32:26,487] {dag.py:2972} INFO - Setting next_dagrun for example_subdag_operator.section-2 to None, run_after=None
[2022-07-19 19:32:26,520] {logging_mixin.py:115} INFO - [2022-07-19 19:32:26,520] {dag.py:2420} INFO - Sync 2 DAGs
[2022-07-19 19:32:26,547] {logging_mixin.py:115} INFO - [2022-07-19 19:32:26,547] {dag.py:2972} INFO - Setting next_dagrun for example_subdag_operator.section-1 to None, run_after=None
[2022-07-19 19:32:26,548] {logging_mixin.py:115} INFO - [2022-07-19 19:32:26,548] {dag.py:2972} INFO - Setting next_dagrun for example_subdag_operator.section-2 to None, run_after=None
[2022-07-19 19:32:26,956] {processor.py:161} INFO - Processing /home/airflow/.local/lib/python3.7/site-packages/airflow/example_dags/example_subdag_operator.py took 1.668 seconds
[2022-07-19 19:32:59,029] {processor.py:153} INFO - Started process (PID=526) to work on /home/airflow/.local/lib/python3.7/site-packages/airflow/example_dags/example_subdag_operator.py
[2022-07-19 19:32:59,033] {processor.py:641} INFO - Processing file /home/airflow/.local/lib/python3.7/site-packages/airflow/example_dags/example_subdag_operator.py for tasks to queue
[2022-07-19 19:32:59,035] {logging_mixin.py:115} INFO - [2022-07-19 19:32:59,035] {dagbag.py:508} INFO - Filling up the DagBag from /home/airflow/.local/lib/python3.7/site-packages/airflow/example_dags/example_subdag_operator.py
[2022-07-19 19:32:59,124] {processor.py:651} INFO - DAG(s) dict_keys(['example_subdag_operator.section-1', 'example_subdag_operator.section-2', 'example_subdag_operator']) retrieved from /home/airflow/.local/lib/python3.7/site-packages/airflow/example_dags/example_subdag_operator.py
[2022-07-19 19:32:59,511] {logging_mixin.py:115} INFO - [2022-07-19 19:32:59,511] {dag.py:2420} INFO - Sync 3 DAGs
[2022-07-19 19:32:59,628] {logging_mixin.py:115} INFO - [2022-07-19 19:32:59,628] {dag.py:2972} INFO - Setting next_dagrun for example_subdag_operator to 2022-01-01T00:00:00+00:00, run_after=2022-01-01T00:00:00+00:00
[2022-07-19 19:32:59,639] {logging_mixin.py:115} INFO - [2022-07-19 19:32:59,632] {dag.py:2972} INFO - Setting next_dagrun for example_subdag_operator.section-1 to None, run_after=None
[2022-07-19 19:32:59,642] {logging_mixin.py:115} INFO - [2022-07-19 19:32:59,642] {dag.py:2972} INFO - Setting next_dagrun for example_subdag_operator.section-2 to None, run_after=None
[2022-07-19 19:32:59,666] {logging_mixin.py:115} INFO - [2022-07-19 19:32:59,666] {dag.py:2420} INFO - Sync 2 DAGs
[2022-07-19 19:32:59,724] {logging_mixin.py:115} INFO - [2022-07-19 19:32:59,722] {dag.py:2972} INFO - Setting next_dagrun for example_subdag_operator.section-1 to None, run_after=None
[2022-07-19 19:32:59,733] {logging_mixin.py:115} INFO - [2022-07-19 19:32:59,733] {dag.py:2972} INFO - Setting next_dagrun for example_subdag_operator.section-2 to None, run_after=None
[2022-07-19 19:32:59,800] {processor.py:161} INFO - Processing /home/airflow/.local/lib/python3.7/site-packages/airflow/example_dags/example_subdag_operator.py took 0.787 seconds
[2022-07-19 19:33:38,644] {processor.py:153} INFO - Started process (PID=580) to work on /home/airflow/.local/lib/python3.7/site-packages/airflow/example_dags/example_subdag_operator.py
[2022-07-19 19:33:38,646] {processor.py:641} INFO - Processing file /home/airflow/.local/lib/python3.7/site-packages/airflow/example_dags/example_subdag_operator.py for tasks to queue
[2022-07-19 19:33:38,648] {logging_mixin.py:115} INFO - [2022-07-19 19:33:38,647] {dagbag.py:508} INFO - Filling up the DagBag from /home/airflow/.local/lib/python3.7/site-packages/airflow/example_dags/example_subdag_operator.py
[2022-07-19 19:33:38,768] {processor.py:651} INFO - DAG(s) dict_keys(['example_subdag_operator.section-1', 'example_subdag_operator.section-2', 'example_subdag_operator']) retrieved from /home/airflow/.local/lib/python3.7/site-packages/airflow/example_dags/example_subdag_operator.py
[2022-07-19 19:33:39,463] {logging_mixin.py:115} INFO - [2022-07-19 19:33:39,463] {dag.py:2420} INFO - Sync 3 DAGs
[2022-07-19 19:33:39,554] {logging_mixin.py:115} INFO - [2022-07-19 19:33:39,553] {dag.py:2972} INFO - Setting next_dagrun for example_subdag_operator to 2022-01-01T00:00:00+00:00, run_after=2022-01-01T00:00:00+00:00
[2022-07-19 19:33:39,564] {logging_mixin.py:115} INFO - [2022-07-19 19:33:39,564] {dag.py:2972} INFO - Setting next_dagrun for example_subdag_operator.section-1 to None, run_after=None
[2022-07-19 19:33:39,565] {logging_mixin.py:115} INFO - [2022-07-19 19:33:39,565] {dag.py:2972} INFO - Setting next_dagrun for example_subdag_operator.section-2 to None, run_after=None
[2022-07-19 19:33:39,600] {logging_mixin.py:115} INFO - [2022-07-19 19:33:39,600] {dag.py:2420} INFO - Sync 2 DAGs
[2022-07-19 19:33:39,653] {logging_mixin.py:115} INFO - [2022-07-19 19:33:39,653] {dag.py:2972} INFO - Setting next_dagrun for example_subdag_operator.section-1 to None, run_after=None
[2022-07-19 19:33:39,657] {logging_mixin.py:115} INFO - [2022-07-19 19:33:39,657] {dag.py:2972} INFO - Setting next_dagrun for example_subdag_operator.section-2 to None, run_after=None
[2022-07-19 19:33:40,327] {processor.py:161} INFO - Processing /home/airflow/.local/lib/python3.7/site-packages/airflow/example_dags/example_subdag_operator.py took 1.696 seconds
[2022-07-19 19:34:51,571] {processor.py:153} INFO - Started process (PID=650) to work on /home/airflow/.local/lib/python3.7/site-packages/airflow/example_dags/example_subdag_operator.py
[2022-07-19 19:34:51,572] {processor.py:641} INFO - Processing file /home/airflow/.local/lib/python3.7/site-packages/airflow/example_dags/example_subdag_operator.py for tasks to queue
[2022-07-19 19:34:51,574] {logging_mixin.py:115} INFO - [2022-07-19 19:34:51,574] {dagbag.py:508} INFO - Filling up the DagBag from /home/airflow/.local/lib/python3.7/site-packages/airflow/example_dags/example_subdag_operator.py
[2022-07-19 19:34:51,646] {processor.py:651} INFO - DAG(s) dict_keys(['example_subdag_operator.section-1', 'example_subdag_operator.section-2', 'example_subdag_operator']) retrieved from /home/airflow/.local/lib/python3.7/site-packages/airflow/example_dags/example_subdag_operator.py
[2022-07-19 19:34:53,623] {logging_mixin.py:115} INFO - [2022-07-19 19:34:53,622] {dag.py:2420} INFO - Sync 3 DAGs
[2022-07-19 19:34:53,713] {logging_mixin.py:115} INFO - [2022-07-19 19:34:53,712] {dag.py:2972} INFO - Setting next_dagrun for example_subdag_operator to 2022-01-01T00:00:00+00:00, run_after=2022-01-01T00:00:00+00:00
[2022-07-19 19:34:53,714] {logging_mixin.py:115} INFO - [2022-07-19 19:34:53,714] {dag.py:2972} INFO - Setting next_dagrun for example_subdag_operator.section-1 to None, run_after=None
[2022-07-19 19:34:53,715] {logging_mixin.py:115} INFO - [2022-07-19 19:34:53,715] {dag.py:2972} INFO - Setting next_dagrun for example_subdag_operator.section-2 to None, run_after=None
[2022-07-19 19:34:53,727] {logging_mixin.py:115} INFO - [2022-07-19 19:34:53,727] {dag.py:2420} INFO - Sync 2 DAGs
[2022-07-19 19:34:53,742] {logging_mixin.py:115} INFO - [2022-07-19 19:34:53,741] {dag.py:2972} INFO - Setting next_dagrun for example_subdag_operator.section-1 to None, run_after=None
[2022-07-19 19:34:53,743] {logging_mixin.py:115} INFO - [2022-07-19 19:34:53,743] {dag.py:2972} INFO - Setting next_dagrun for example_subdag_operator.section-2 to None, run_after=None
[2022-07-19 19:34:55,122] {processor.py:161} INFO - Processing /home/airflow/.local/lib/python3.7/site-packages/airflow/example_dags/example_subdag_operator.py took 3.573 seconds
