[2022-07-19 19:18:18,213] {processor.py:153} INFO - Started process (PID=125) to work on /home/airflow/.local/lib/python3.7/site-packages/airflow/example_dags/example_latest_only_with_trigger.py
[2022-07-19 19:18:18,214] {processor.py:641} INFO - Processing file /home/airflow/.local/lib/python3.7/site-packages/airflow/example_dags/example_latest_only_with_trigger.py for tasks to queue
[2022-07-19 19:18:18,217] {logging_mixin.py:115} INFO - [2022-07-19 19:18:18,217] {dagbag.py:508} INFO - Filling up the DagBag from /home/airflow/.local/lib/python3.7/site-packages/airflow/example_dags/example_latest_only_with_trigger.py
[2022-07-19 19:18:18,278] {processor.py:651} INFO - DAG(s) dict_keys(['latest_only_with_trigger']) retrieved from /home/airflow/.local/lib/python3.7/site-packages/airflow/example_dags/example_latest_only_with_trigger.py
[2022-07-19 19:18:19,000] {logging_mixin.py:115} INFO - [2022-07-19 19:18:19,000] {manager.py:508} INFO - Created Permission View: can delete on DAG:latest_only_with_trigger
[2022-07-19 19:18:19,381] {logging_mixin.py:115} INFO - [2022-07-19 19:18:19,381] {manager.py:508} INFO - Created Permission View: can edit on DAG:latest_only_with_trigger
[2022-07-19 19:18:19,913] {logging_mixin.py:115} INFO - [2022-07-19 19:18:19,913] {manager.py:508} INFO - Created Permission View: can read on DAG:latest_only_with_trigger
[2022-07-19 19:18:19,915] {logging_mixin.py:115} INFO - [2022-07-19 19:18:19,914] {dag.py:2420} INFO - Sync 1 DAGs
[2022-07-19 19:18:19,975] {logging_mixin.py:115} INFO - [2022-07-19 19:18:19,975] {dag.py:2439} INFO - Creating ORM DAG for latest_only_with_trigger
[2022-07-19 19:18:20,023] {logging_mixin.py:115} INFO - [2022-07-19 19:18:20,022] {dag.py:2972} INFO - Setting next_dagrun for latest_only_with_trigger to 2022-07-19T15:18:20.022048+00:00, run_after=2022-07-19T19:18:20.022048+00:00
[2022-07-19 19:18:20,180] {processor.py:161} INFO - Processing /home/airflow/.local/lib/python3.7/site-packages/airflow/example_dags/example_latest_only_with_trigger.py took 1.976 seconds
[2022-07-19 19:18:51,110] {processor.py:153} INFO - Started process (PID=178) to work on /home/airflow/.local/lib/python3.7/site-packages/airflow/example_dags/example_latest_only_with_trigger.py
[2022-07-19 19:18:51,244] {processor.py:641} INFO - Processing file /home/airflow/.local/lib/python3.7/site-packages/airflow/example_dags/example_latest_only_with_trigger.py for tasks to queue
[2022-07-19 19:18:51,252] {logging_mixin.py:115} INFO - [2022-07-19 19:18:51,252] {dagbag.py:508} INFO - Filling up the DagBag from /home/airflow/.local/lib/python3.7/site-packages/airflow/example_dags/example_latest_only_with_trigger.py
[2022-07-19 19:18:51,308] {processor.py:651} INFO - DAG(s) dict_keys(['latest_only_with_trigger']) retrieved from /home/airflow/.local/lib/python3.7/site-packages/airflow/example_dags/example_latest_only_with_trigger.py
[2022-07-19 19:18:51,521] {logging_mixin.py:115} INFO - [2022-07-19 19:18:51,521] {dag.py:2420} INFO - Sync 1 DAGs
[2022-07-19 19:18:51,689] {logging_mixin.py:115} INFO - [2022-07-19 19:18:51,689] {dag.py:2972} INFO - Setting next_dagrun for latest_only_with_trigger to 2022-07-19T15:18:51.688063+00:00, run_after=2022-07-19T19:18:51.688063+00:00
[2022-07-19 19:18:52,962] {processor.py:161} INFO - Processing /home/airflow/.local/lib/python3.7/site-packages/airflow/example_dags/example_latest_only_with_trigger.py took 1.854 seconds
[2022-07-19 19:19:23,230] {processor.py:153} INFO - Started process (PID=222) to work on /home/airflow/.local/lib/python3.7/site-packages/airflow/example_dags/example_latest_only_with_trigger.py
[2022-07-19 19:19:23,232] {processor.py:641} INFO - Processing file /home/airflow/.local/lib/python3.7/site-packages/airflow/example_dags/example_latest_only_with_trigger.py for tasks to queue
[2022-07-19 19:19:23,240] {logging_mixin.py:115} INFO - [2022-07-19 19:19:23,239] {dagbag.py:508} INFO - Filling up the DagBag from /home/airflow/.local/lib/python3.7/site-packages/airflow/example_dags/example_latest_only_with_trigger.py
[2022-07-19 19:19:23,285] {processor.py:651} INFO - DAG(s) dict_keys(['latest_only_with_trigger']) retrieved from /home/airflow/.local/lib/python3.7/site-packages/airflow/example_dags/example_latest_only_with_trigger.py
[2022-07-19 19:19:23,406] {logging_mixin.py:115} INFO - [2022-07-19 19:19:23,406] {dag.py:2420} INFO - Sync 1 DAGs
[2022-07-19 19:19:23,628] {logging_mixin.py:115} INFO - [2022-07-19 19:19:23,628] {dag.py:2972} INFO - Setting next_dagrun for latest_only_with_trigger to 2022-07-19T15:19:23.627810+00:00, run_after=2022-07-19T19:19:23.627810+00:00
[2022-07-19 19:19:24,220] {processor.py:161} INFO - Processing /home/airflow/.local/lib/python3.7/site-packages/airflow/example_dags/example_latest_only_with_trigger.py took 0.999 seconds
[2022-07-19 19:19:57,308] {processor.py:153} INFO - Started process (PID=279) to work on /home/airflow/.local/lib/python3.7/site-packages/airflow/example_dags/example_latest_only_with_trigger.py
[2022-07-19 19:19:57,315] {processor.py:641} INFO - Processing file /home/airflow/.local/lib/python3.7/site-packages/airflow/example_dags/example_latest_only_with_trigger.py for tasks to queue
[2022-07-19 19:19:57,586] {logging_mixin.py:115} INFO - [2022-07-19 19:19:57,585] {dagbag.py:508} INFO - Filling up the DagBag from /home/airflow/.local/lib/python3.7/site-packages/airflow/example_dags/example_latest_only_with_trigger.py
[2022-07-19 19:19:57,628] {processor.py:651} INFO - DAG(s) dict_keys(['latest_only_with_trigger']) retrieved from /home/airflow/.local/lib/python3.7/site-packages/airflow/example_dags/example_latest_only_with_trigger.py
[2022-07-19 19:19:57,891] {logging_mixin.py:115} INFO - [2022-07-19 19:19:57,891] {dag.py:2420} INFO - Sync 1 DAGs
[2022-07-19 19:19:58,102] {logging_mixin.py:115} INFO - [2022-07-19 19:19:58,101] {dag.py:2972} INFO - Setting next_dagrun for latest_only_with_trigger to 2022-07-19T15:19:58.099813+00:00, run_after=2022-07-19T19:19:58.099813+00:00
[2022-07-19 19:19:58,797] {processor.py:161} INFO - Processing /home/airflow/.local/lib/python3.7/site-packages/airflow/example_dags/example_latest_only_with_trigger.py took 1.566 seconds
[2022-07-19 19:20:32,941] {processor.py:153} INFO - Started process (PID=325) to work on /home/airflow/.local/lib/python3.7/site-packages/airflow/example_dags/example_latest_only_with_trigger.py
[2022-07-19 19:20:32,942] {processor.py:641} INFO - Processing file /home/airflow/.local/lib/python3.7/site-packages/airflow/example_dags/example_latest_only_with_trigger.py for tasks to queue
[2022-07-19 19:20:32,945] {logging_mixin.py:115} INFO - [2022-07-19 19:20:32,944] {dagbag.py:508} INFO - Filling up the DagBag from /home/airflow/.local/lib/python3.7/site-packages/airflow/example_dags/example_latest_only_with_trigger.py
[2022-07-19 19:20:32,960] {processor.py:651} INFO - DAG(s) dict_keys(['latest_only_with_trigger']) retrieved from /home/airflow/.local/lib/python3.7/site-packages/airflow/example_dags/example_latest_only_with_trigger.py
[2022-07-19 19:20:33,036] {logging_mixin.py:115} INFO - [2022-07-19 19:20:33,036] {dag.py:2420} INFO - Sync 1 DAGs
[2022-07-19 19:20:33,144] {logging_mixin.py:115} INFO - [2022-07-19 19:20:33,144] {dag.py:2972} INFO - Setting next_dagrun for latest_only_with_trigger to 2022-07-19T15:20:33.143442+00:00, run_after=2022-07-19T19:20:33.143442+00:00
[2022-07-19 19:20:33,886] {processor.py:161} INFO - Processing /home/airflow/.local/lib/python3.7/site-packages/airflow/example_dags/example_latest_only_with_trigger.py took 0.952 seconds
[2022-07-19 19:21:07,155] {processor.py:153} INFO - Started process (PID=378) to work on /home/airflow/.local/lib/python3.7/site-packages/airflow/example_dags/example_latest_only_with_trigger.py
[2022-07-19 19:21:07,156] {processor.py:641} INFO - Processing file /home/airflow/.local/lib/python3.7/site-packages/airflow/example_dags/example_latest_only_with_trigger.py for tasks to queue
[2022-07-19 19:21:07,158] {logging_mixin.py:115} INFO - [2022-07-19 19:21:07,158] {dagbag.py:508} INFO - Filling up the DagBag from /home/airflow/.local/lib/python3.7/site-packages/airflow/example_dags/example_latest_only_with_trigger.py
[2022-07-19 19:21:07,338] {processor.py:651} INFO - DAG(s) dict_keys(['latest_only_with_trigger']) retrieved from /home/airflow/.local/lib/python3.7/site-packages/airflow/example_dags/example_latest_only_with_trigger.py
[2022-07-19 19:21:07,421] {logging_mixin.py:115} INFO - [2022-07-19 19:21:07,421] {dag.py:2420} INFO - Sync 1 DAGs
[2022-07-19 19:21:07,510] {logging_mixin.py:115} INFO - [2022-07-19 19:21:07,510] {dag.py:2972} INFO - Setting next_dagrun for latest_only_with_trigger to 2022-07-19T15:21:07.497750+00:00, run_after=2022-07-19T19:21:07.497750+00:00
[2022-07-19 19:21:08,239] {processor.py:161} INFO - Processing /home/airflow/.local/lib/python3.7/site-packages/airflow/example_dags/example_latest_only_with_trigger.py took 1.094 seconds
[2022-07-19 19:21:39,118] {processor.py:153} INFO - Started process (PID=428) to work on /home/airflow/.local/lib/python3.7/site-packages/airflow/example_dags/example_latest_only_with_trigger.py
[2022-07-19 19:21:39,134] {processor.py:641} INFO - Processing file /home/airflow/.local/lib/python3.7/site-packages/airflow/example_dags/example_latest_only_with_trigger.py for tasks to queue
[2022-07-19 19:21:39,151] {logging_mixin.py:115} INFO - [2022-07-19 19:21:39,151] {dagbag.py:508} INFO - Filling up the DagBag from /home/airflow/.local/lib/python3.7/site-packages/airflow/example_dags/example_latest_only_with_trigger.py
[2022-07-19 19:21:39,276] {processor.py:651} INFO - DAG(s) dict_keys(['latest_only_with_trigger']) retrieved from /home/airflow/.local/lib/python3.7/site-packages/airflow/example_dags/example_latest_only_with_trigger.py
[2022-07-19 19:21:39,514] {logging_mixin.py:115} INFO - [2022-07-19 19:21:39,513] {dag.py:2420} INFO - Sync 1 DAGs
[2022-07-19 19:21:39,945] {logging_mixin.py:115} INFO - [2022-07-19 19:21:39,945] {dag.py:2972} INFO - Setting next_dagrun for latest_only_with_trigger to 2022-07-19T15:21:39.944792+00:00, run_after=2022-07-19T19:21:39.944792+00:00
[2022-07-19 19:21:40,631] {processor.py:161} INFO - Processing /home/airflow/.local/lib/python3.7/site-packages/airflow/example_dags/example_latest_only_with_trigger.py took 1.564 seconds
[2022-07-19 19:22:11,137] {processor.py:153} INFO - Started process (PID=473) to work on /home/airflow/.local/lib/python3.7/site-packages/airflow/example_dags/example_latest_only_with_trigger.py
[2022-07-19 19:22:11,150] {processor.py:641} INFO - Processing file /home/airflow/.local/lib/python3.7/site-packages/airflow/example_dags/example_latest_only_with_trigger.py for tasks to queue
[2022-07-19 19:22:11,155] {logging_mixin.py:115} INFO - [2022-07-19 19:22:11,155] {dagbag.py:508} INFO - Filling up the DagBag from /home/airflow/.local/lib/python3.7/site-packages/airflow/example_dags/example_latest_only_with_trigger.py
[2022-07-19 19:22:11,197] {processor.py:651} INFO - DAG(s) dict_keys(['latest_only_with_trigger']) retrieved from /home/airflow/.local/lib/python3.7/site-packages/airflow/example_dags/example_latest_only_with_trigger.py
[2022-07-19 19:22:11,544] {logging_mixin.py:115} INFO - [2022-07-19 19:22:11,544] {dag.py:2420} INFO - Sync 1 DAGs
[2022-07-19 19:22:11,629] {logging_mixin.py:115} INFO - [2022-07-19 19:22:11,629] {dag.py:2972} INFO - Setting next_dagrun for latest_only_with_trigger to 2022-07-19T15:22:11.628487+00:00, run_after=2022-07-19T19:22:11.628487+00:00
[2022-07-19 19:22:11,752] {processor.py:161} INFO - Processing /home/airflow/.local/lib/python3.7/site-packages/airflow/example_dags/example_latest_only_with_trigger.py took 0.637 seconds
[2022-07-19 19:22:42,017] {processor.py:153} INFO - Started process (PID=525) to work on /home/airflow/.local/lib/python3.7/site-packages/airflow/example_dags/example_latest_only_with_trigger.py
[2022-07-19 19:22:42,019] {processor.py:641} INFO - Processing file /home/airflow/.local/lib/python3.7/site-packages/airflow/example_dags/example_latest_only_with_trigger.py for tasks to queue
[2022-07-19 19:22:42,021] {logging_mixin.py:115} INFO - [2022-07-19 19:22:42,021] {dagbag.py:508} INFO - Filling up the DagBag from /home/airflow/.local/lib/python3.7/site-packages/airflow/example_dags/example_latest_only_with_trigger.py
[2022-07-19 19:22:42,068] {processor.py:651} INFO - DAG(s) dict_keys(['latest_only_with_trigger']) retrieved from /home/airflow/.local/lib/python3.7/site-packages/airflow/example_dags/example_latest_only_with_trigger.py
[2022-07-19 19:22:42,178] {logging_mixin.py:115} INFO - [2022-07-19 19:22:42,178] {dag.py:2420} INFO - Sync 1 DAGs
[2022-07-19 19:22:42,236] {logging_mixin.py:115} INFO - [2022-07-19 19:22:42,236] {dag.py:2972} INFO - Setting next_dagrun for latest_only_with_trigger to 2022-07-19T15:22:42.235490+00:00, run_after=2022-07-19T19:22:42.235490+00:00
[2022-07-19 19:22:42,367] {processor.py:161} INFO - Processing /home/airflow/.local/lib/python3.7/site-packages/airflow/example_dags/example_latest_only_with_trigger.py took 0.361 seconds
[2022-07-19 19:23:15,731] {processor.py:153} INFO - Started process (PID=578) to work on /home/airflow/.local/lib/python3.7/site-packages/airflow/example_dags/example_latest_only_with_trigger.py
[2022-07-19 19:23:15,733] {processor.py:641} INFO - Processing file /home/airflow/.local/lib/python3.7/site-packages/airflow/example_dags/example_latest_only_with_trigger.py for tasks to queue
[2022-07-19 19:23:15,735] {logging_mixin.py:115} INFO - [2022-07-19 19:23:15,735] {dagbag.py:508} INFO - Filling up the DagBag from /home/airflow/.local/lib/python3.7/site-packages/airflow/example_dags/example_latest_only_with_trigger.py
[2022-07-19 19:23:15,785] {processor.py:651} INFO - DAG(s) dict_keys(['latest_only_with_trigger']) retrieved from /home/airflow/.local/lib/python3.7/site-packages/airflow/example_dags/example_latest_only_with_trigger.py
[2022-07-19 19:23:15,971] {logging_mixin.py:115} INFO - [2022-07-19 19:23:15,971] {dag.py:2420} INFO - Sync 1 DAGs
[2022-07-19 19:23:16,156] {logging_mixin.py:115} INFO - [2022-07-19 19:23:16,156] {dag.py:2972} INFO - Setting next_dagrun for latest_only_with_trigger to 2022-07-19T15:23:16.150722+00:00, run_after=2022-07-19T19:23:16.150722+00:00
[2022-07-19 19:23:16,375] {processor.py:161} INFO - Processing /home/airflow/.local/lib/python3.7/site-packages/airflow/example_dags/example_latest_only_with_trigger.py took 0.662 seconds
[2022-07-19 19:28:14,896] {processor.py:153} INFO - Started process (PID=122) to work on /home/airflow/.local/lib/python3.7/site-packages/airflow/example_dags/example_latest_only_with_trigger.py
[2022-07-19 19:28:15,067] {processor.py:641} INFO - Processing file /home/airflow/.local/lib/python3.7/site-packages/airflow/example_dags/example_latest_only_with_trigger.py for tasks to queue
[2022-07-19 19:28:15,073] {logging_mixin.py:115} INFO - [2022-07-19 19:28:15,072] {dagbag.py:508} INFO - Filling up the DagBag from /home/airflow/.local/lib/python3.7/site-packages/airflow/example_dags/example_latest_only_with_trigger.py
[2022-07-19 19:28:15,153] {processor.py:651} INFO - DAG(s) dict_keys(['latest_only_with_trigger']) retrieved from /home/airflow/.local/lib/python3.7/site-packages/airflow/example_dags/example_latest_only_with_trigger.py
[2022-07-19 19:28:15,339] {logging_mixin.py:115} INFO - [2022-07-19 19:28:15,339] {dag.py:2420} INFO - Sync 1 DAGs
[2022-07-19 19:28:16,737] {logging_mixin.py:115} INFO - [2022-07-19 19:28:16,737] {dag.py:2972} INFO - Setting next_dagrun for latest_only_with_trigger to 2022-07-19T15:28:16.736836+00:00, run_after=2022-07-19T19:28:16.736836+00:00
[2022-07-19 19:28:18,998] {processor.py:161} INFO - Processing /home/airflow/.local/lib/python3.7/site-packages/airflow/example_dags/example_latest_only_with_trigger.py took 4.172 seconds
[2022-07-19 19:28:56,773] {processor.py:153} INFO - Started process (PID=176) to work on /home/airflow/.local/lib/python3.7/site-packages/airflow/example_dags/example_latest_only_with_trigger.py
[2022-07-19 19:28:56,774] {processor.py:641} INFO - Processing file /home/airflow/.local/lib/python3.7/site-packages/airflow/example_dags/example_latest_only_with_trigger.py for tasks to queue
[2022-07-19 19:28:56,777] {logging_mixin.py:115} INFO - [2022-07-19 19:28:56,776] {dagbag.py:508} INFO - Filling up the DagBag from /home/airflow/.local/lib/python3.7/site-packages/airflow/example_dags/example_latest_only_with_trigger.py
[2022-07-19 19:28:56,837] {processor.py:651} INFO - DAG(s) dict_keys(['latest_only_with_trigger']) retrieved from /home/airflow/.local/lib/python3.7/site-packages/airflow/example_dags/example_latest_only_with_trigger.py
[2022-07-19 19:28:56,976] {logging_mixin.py:115} INFO - [2022-07-19 19:28:56,976] {dag.py:2420} INFO - Sync 1 DAGs
[2022-07-19 19:28:57,286] {logging_mixin.py:115} INFO - [2022-07-19 19:28:57,286] {dag.py:2972} INFO - Setting next_dagrun for latest_only_with_trigger to 2022-07-19T15:28:57.286089+00:00, run_after=2022-07-19T19:28:57.286089+00:00
[2022-07-19 19:28:58,527] {processor.py:161} INFO - Processing /home/airflow/.local/lib/python3.7/site-packages/airflow/example_dags/example_latest_only_with_trigger.py took 1.773 seconds
[2022-07-19 19:29:30,658] {processor.py:153} INFO - Started process (PID=228) to work on /home/airflow/.local/lib/python3.7/site-packages/airflow/example_dags/example_latest_only_with_trigger.py
[2022-07-19 19:29:30,660] {processor.py:641} INFO - Processing file /home/airflow/.local/lib/python3.7/site-packages/airflow/example_dags/example_latest_only_with_trigger.py for tasks to queue
[2022-07-19 19:29:30,662] {logging_mixin.py:115} INFO - [2022-07-19 19:29:30,662] {dagbag.py:508} INFO - Filling up the DagBag from /home/airflow/.local/lib/python3.7/site-packages/airflow/example_dags/example_latest_only_with_trigger.py
[2022-07-19 19:29:30,688] {processor.py:651} INFO - DAG(s) dict_keys(['latest_only_with_trigger']) retrieved from /home/airflow/.local/lib/python3.7/site-packages/airflow/example_dags/example_latest_only_with_trigger.py
[2022-07-19 19:29:30,776] {logging_mixin.py:115} INFO - [2022-07-19 19:29:30,775] {dag.py:2420} INFO - Sync 1 DAGs
[2022-07-19 19:29:31,069] {logging_mixin.py:115} INFO - [2022-07-19 19:29:31,069] {dag.py:2972} INFO - Setting next_dagrun for latest_only_with_trigger to 2022-07-19T15:29:31.068446+00:00, run_after=2022-07-19T19:29:31.068446+00:00
[2022-07-19 19:29:31,506] {processor.py:161} INFO - Processing /home/airflow/.local/lib/python3.7/site-packages/airflow/example_dags/example_latest_only_with_trigger.py took 0.858 seconds
[2022-07-19 19:30:03,191] {processor.py:153} INFO - Started process (PID=278) to work on /home/airflow/.local/lib/python3.7/site-packages/airflow/example_dags/example_latest_only_with_trigger.py
[2022-07-19 19:30:03,216] {processor.py:641} INFO - Processing file /home/airflow/.local/lib/python3.7/site-packages/airflow/example_dags/example_latest_only_with_trigger.py for tasks to queue
[2022-07-19 19:30:03,253] {logging_mixin.py:115} INFO - [2022-07-19 19:30:03,253] {dagbag.py:508} INFO - Filling up the DagBag from /home/airflow/.local/lib/python3.7/site-packages/airflow/example_dags/example_latest_only_with_trigger.py
[2022-07-19 19:30:03,295] {processor.py:651} INFO - DAG(s) dict_keys(['latest_only_with_trigger']) retrieved from /home/airflow/.local/lib/python3.7/site-packages/airflow/example_dags/example_latest_only_with_trigger.py
[2022-07-19 19:30:03,578] {logging_mixin.py:115} INFO - [2022-07-19 19:30:03,578] {dag.py:2420} INFO - Sync 1 DAGs
[2022-07-19 19:30:04,325] {logging_mixin.py:115} INFO - [2022-07-19 19:30:04,324] {dag.py:2972} INFO - Setting next_dagrun for latest_only_with_trigger to 2022-07-19T15:30:04.323991+00:00, run_after=2022-07-19T19:30:04.323991+00:00
[2022-07-19 19:30:04,873] {processor.py:161} INFO - Processing /home/airflow/.local/lib/python3.7/site-packages/airflow/example_dags/example_latest_only_with_trigger.py took 1.710 seconds
[2022-07-19 19:30:38,861] {processor.py:153} INFO - Started process (PID=324) to work on /home/airflow/.local/lib/python3.7/site-packages/airflow/example_dags/example_latest_only_with_trigger.py
[2022-07-19 19:30:38,863] {processor.py:641} INFO - Processing file /home/airflow/.local/lib/python3.7/site-packages/airflow/example_dags/example_latest_only_with_trigger.py for tasks to queue
[2022-07-19 19:30:38,865] {logging_mixin.py:115} INFO - [2022-07-19 19:30:38,865] {dagbag.py:508} INFO - Filling up the DagBag from /home/airflow/.local/lib/python3.7/site-packages/airflow/example_dags/example_latest_only_with_trigger.py
[2022-07-19 19:30:38,885] {processor.py:651} INFO - DAG(s) dict_keys(['latest_only_with_trigger']) retrieved from /home/airflow/.local/lib/python3.7/site-packages/airflow/example_dags/example_latest_only_with_trigger.py
[2022-07-19 19:30:38,949] {logging_mixin.py:115} INFO - [2022-07-19 19:30:38,948] {dag.py:2420} INFO - Sync 1 DAGs
[2022-07-19 19:30:39,348] {logging_mixin.py:115} INFO - [2022-07-19 19:30:39,347] {dag.py:2972} INFO - Setting next_dagrun for latest_only_with_trigger to 2022-07-19T15:30:39.347339+00:00, run_after=2022-07-19T19:30:39.347339+00:00
[2022-07-19 19:30:39,492] {processor.py:161} INFO - Processing /home/airflow/.local/lib/python3.7/site-packages/airflow/example_dags/example_latest_only_with_trigger.py took 0.639 seconds
[2022-07-19 19:31:14,442] {processor.py:153} INFO - Started process (PID=376) to work on /home/airflow/.local/lib/python3.7/site-packages/airflow/example_dags/example_latest_only_with_trigger.py
[2022-07-19 19:31:14,444] {processor.py:641} INFO - Processing file /home/airflow/.local/lib/python3.7/site-packages/airflow/example_dags/example_latest_only_with_trigger.py for tasks to queue
[2022-07-19 19:31:14,445] {logging_mixin.py:115} INFO - [2022-07-19 19:31:14,445] {dagbag.py:508} INFO - Filling up the DagBag from /home/airflow/.local/lib/python3.7/site-packages/airflow/example_dags/example_latest_only_with_trigger.py
[2022-07-19 19:31:14,458] {processor.py:651} INFO - DAG(s) dict_keys(['latest_only_with_trigger']) retrieved from /home/airflow/.local/lib/python3.7/site-packages/airflow/example_dags/example_latest_only_with_trigger.py
[2022-07-19 19:31:14,519] {logging_mixin.py:115} INFO - [2022-07-19 19:31:14,519] {dag.py:2420} INFO - Sync 1 DAGs
[2022-07-19 19:31:14,822] {logging_mixin.py:115} INFO - [2022-07-19 19:31:14,821] {dag.py:2972} INFO - Setting next_dagrun for latest_only_with_trigger to 2022-07-19T15:31:14.821468+00:00, run_after=2022-07-19T19:31:14.821468+00:00
[2022-07-19 19:31:15,385] {processor.py:161} INFO - Processing /home/airflow/.local/lib/python3.7/site-packages/airflow/example_dags/example_latest_only_with_trigger.py took 0.956 seconds
[2022-07-19 19:31:50,852] {processor.py:153} INFO - Started process (PID=429) to work on /home/airflow/.local/lib/python3.7/site-packages/airflow/example_dags/example_latest_only_with_trigger.py
[2022-07-19 19:31:50,853] {processor.py:641} INFO - Processing file /home/airflow/.local/lib/python3.7/site-packages/airflow/example_dags/example_latest_only_with_trigger.py for tasks to queue
[2022-07-19 19:31:50,855] {logging_mixin.py:115} INFO - [2022-07-19 19:31:50,855] {dagbag.py:508} INFO - Filling up the DagBag from /home/airflow/.local/lib/python3.7/site-packages/airflow/example_dags/example_latest_only_with_trigger.py
[2022-07-19 19:31:50,867] {processor.py:651} INFO - DAG(s) dict_keys(['latest_only_with_trigger']) retrieved from /home/airflow/.local/lib/python3.7/site-packages/airflow/example_dags/example_latest_only_with_trigger.py
[2022-07-19 19:31:50,935] {logging_mixin.py:115} INFO - [2022-07-19 19:31:50,934] {dag.py:2420} INFO - Sync 1 DAGs
[2022-07-19 19:31:51,162] {logging_mixin.py:115} INFO - [2022-07-19 19:31:51,162] {dag.py:2972} INFO - Setting next_dagrun for latest_only_with_trigger to 2022-07-19T15:31:51.162188+00:00, run_after=2022-07-19T19:31:51.162188+00:00
[2022-07-19 19:31:51,592] {processor.py:161} INFO - Processing /home/airflow/.local/lib/python3.7/site-packages/airflow/example_dags/example_latest_only_with_trigger.py took 0.748 seconds
[2022-07-19 19:32:23,290] {processor.py:153} INFO - Started process (PID=479) to work on /home/airflow/.local/lib/python3.7/site-packages/airflow/example_dags/example_latest_only_with_trigger.py
[2022-07-19 19:32:23,319] {processor.py:641} INFO - Processing file /home/airflow/.local/lib/python3.7/site-packages/airflow/example_dags/example_latest_only_with_trigger.py for tasks to queue
[2022-07-19 19:32:23,327] {logging_mixin.py:115} INFO - [2022-07-19 19:32:23,327] {dagbag.py:508} INFO - Filling up the DagBag from /home/airflow/.local/lib/python3.7/site-packages/airflow/example_dags/example_latest_only_with_trigger.py
[2022-07-19 19:32:23,379] {processor.py:651} INFO - DAG(s) dict_keys(['latest_only_with_trigger']) retrieved from /home/airflow/.local/lib/python3.7/site-packages/airflow/example_dags/example_latest_only_with_trigger.py
[2022-07-19 19:32:23,550] {logging_mixin.py:115} INFO - [2022-07-19 19:32:23,550] {dag.py:2420} INFO - Sync 1 DAGs
[2022-07-19 19:32:24,171] {logging_mixin.py:115} INFO - [2022-07-19 19:32:24,170] {dag.py:2972} INFO - Setting next_dagrun for latest_only_with_trigger to 2022-07-19T15:32:24.170160+00:00, run_after=2022-07-19T19:32:24.170160+00:00
[2022-07-19 19:32:24,942] {processor.py:161} INFO - Processing /home/airflow/.local/lib/python3.7/site-packages/airflow/example_dags/example_latest_only_with_trigger.py took 1.684 seconds
[2022-07-19 19:32:58,293] {processor.py:153} INFO - Started process (PID=524) to work on /home/airflow/.local/lib/python3.7/site-packages/airflow/example_dags/example_latest_only_with_trigger.py
[2022-07-19 19:32:58,295] {processor.py:641} INFO - Processing file /home/airflow/.local/lib/python3.7/site-packages/airflow/example_dags/example_latest_only_with_trigger.py for tasks to queue
[2022-07-19 19:32:58,297] {logging_mixin.py:115} INFO - [2022-07-19 19:32:58,297] {dagbag.py:508} INFO - Filling up the DagBag from /home/airflow/.local/lib/python3.7/site-packages/airflow/example_dags/example_latest_only_with_trigger.py
[2022-07-19 19:32:58,323] {processor.py:651} INFO - DAG(s) dict_keys(['latest_only_with_trigger']) retrieved from /home/airflow/.local/lib/python3.7/site-packages/airflow/example_dags/example_latest_only_with_trigger.py
[2022-07-19 19:32:58,505] {logging_mixin.py:115} INFO - [2022-07-19 19:32:58,505] {dag.py:2420} INFO - Sync 1 DAGs
[2022-07-19 19:32:58,765] {logging_mixin.py:115} INFO - [2022-07-19 19:32:58,765] {dag.py:2972} INFO - Setting next_dagrun for latest_only_with_trigger to 2022-07-19T15:32:58.764859+00:00, run_after=2022-07-19T19:32:58.764859+00:00
[2022-07-19 19:32:58,938] {processor.py:161} INFO - Processing /home/airflow/.local/lib/python3.7/site-packages/airflow/example_dags/example_latest_only_with_trigger.py took 0.657 seconds
[2022-07-19 19:33:33,410] {processor.py:153} INFO - Started process (PID=576) to work on /home/airflow/.local/lib/python3.7/site-packages/airflow/example_dags/example_latest_only_with_trigger.py
[2022-07-19 19:33:33,433] {processor.py:641} INFO - Processing file /home/airflow/.local/lib/python3.7/site-packages/airflow/example_dags/example_latest_only_with_trigger.py for tasks to queue
[2022-07-19 19:33:33,446] {logging_mixin.py:115} INFO - [2022-07-19 19:33:33,445] {dagbag.py:508} INFO - Filling up the DagBag from /home/airflow/.local/lib/python3.7/site-packages/airflow/example_dags/example_latest_only_with_trigger.py
[2022-07-19 19:33:33,578] {processor.py:651} INFO - DAG(s) dict_keys(['latest_only_with_trigger']) retrieved from /home/airflow/.local/lib/python3.7/site-packages/airflow/example_dags/example_latest_only_with_trigger.py
[2022-07-19 19:33:33,850] {logging_mixin.py:115} INFO - [2022-07-19 19:33:33,850] {dag.py:2420} INFO - Sync 1 DAGs
[2022-07-19 19:33:35,702] {logging_mixin.py:115} INFO - [2022-07-19 19:33:35,702] {dag.py:2972} INFO - Setting next_dagrun for latest_only_with_trigger to 2022-07-19T15:33:35.701544+00:00, run_after=2022-07-19T19:33:35.701544+00:00
[2022-07-19 19:33:36,769] {processor.py:161} INFO - Processing /home/airflow/.local/lib/python3.7/site-packages/airflow/example_dags/example_latest_only_with_trigger.py took 3.441 seconds
[2022-07-19 19:34:48,857] {processor.py:153} INFO - Started process (PID=648) to work on /home/airflow/.local/lib/python3.7/site-packages/airflow/example_dags/example_latest_only_with_trigger.py
[2022-07-19 19:34:48,870] {processor.py:641} INFO - Processing file /home/airflow/.local/lib/python3.7/site-packages/airflow/example_dags/example_latest_only_with_trigger.py for tasks to queue
[2022-07-19 19:34:49,114] {logging_mixin.py:115} INFO - [2022-07-19 19:34:49,114] {dagbag.py:508} INFO - Filling up the DagBag from /home/airflow/.local/lib/python3.7/site-packages/airflow/example_dags/example_latest_only_with_trigger.py
[2022-07-19 19:34:49,189] {processor.py:651} INFO - DAG(s) dict_keys(['latest_only_with_trigger']) retrieved from /home/airflow/.local/lib/python3.7/site-packages/airflow/example_dags/example_latest_only_with_trigger.py
[2022-07-19 19:34:49,428] {logging_mixin.py:115} INFO - [2022-07-19 19:34:49,428] {dag.py:2420} INFO - Sync 1 DAGs
[2022-07-19 19:34:49,884] {logging_mixin.py:115} INFO - [2022-07-19 19:34:49,884] {dag.py:2972} INFO - Setting next_dagrun for latest_only_with_trigger to 2022-07-19T15:34:49.883972+00:00, run_after=2022-07-19T19:34:49.883972+00:00
[2022-07-19 19:34:50,938] {processor.py:161} INFO - Processing /home/airflow/.local/lib/python3.7/site-packages/airflow/example_dags/example_latest_only_with_trigger.py took 2.126 seconds
