[2022-07-19 19:17:25,932] {processor.py:153} INFO - Started process (PID=83) to work on /home/airflow/.local/lib/python3.7/site-packages/airflow/example_dags/example_branch_operator_decorator.py
[2022-07-19 19:17:25,950] {processor.py:641} INFO - Processing file /home/airflow/.local/lib/python3.7/site-packages/airflow/example_dags/example_branch_operator_decorator.py for tasks to queue
[2022-07-19 19:17:25,952] {logging_mixin.py:115} INFO - [2022-07-19 19:17:25,951] {dagbag.py:508} INFO - Filling up the DagBag from /home/airflow/.local/lib/python3.7/site-packages/airflow/example_dags/example_branch_operator_decorator.py
[2022-07-19 19:17:26,232] {processor.py:651} INFO - DAG(s) dict_keys(['example_branch_python_operator_decorator']) retrieved from /home/airflow/.local/lib/python3.7/site-packages/airflow/example_dags/example_branch_operator_decorator.py
[2022-07-19 19:17:30,245] {logging_mixin.py:115} INFO - [2022-07-19 19:17:30,244] {manager.py:508} INFO - Created Permission View: can delete on DAG:example_branch_python_operator_decorator
[2022-07-19 19:17:32,409] {logging_mixin.py:115} INFO - [2022-07-19 19:17:32,409] {manager.py:508} INFO - Created Permission View: can edit on DAG:example_branch_python_operator_decorator
[2022-07-19 19:17:33,912] {logging_mixin.py:115} INFO - [2022-07-19 19:17:33,912] {manager.py:508} INFO - Created Permission View: can read on DAG:example_branch_python_operator_decorator
[2022-07-19 19:17:33,913] {logging_mixin.py:115} INFO - [2022-07-19 19:17:33,912] {dag.py:2420} INFO - Sync 1 DAGs
[2022-07-19 19:17:34,576] {logging_mixin.py:115} INFO - [2022-07-19 19:17:34,576] {dag.py:2439} INFO - Creating ORM DAG for example_branch_python_operator_decorator
[2022-07-19 19:17:35,098] {logging_mixin.py:115} INFO - [2022-07-19 19:17:35,097] {dag.py:2972} INFO - Setting next_dagrun for example_branch_python_operator_decorator to 2022-07-18T00:00:00+00:00, run_after=2022-07-19T00:00:00+00:00
[2022-07-19 19:17:37,774] {processor.py:161} INFO - Processing /home/airflow/.local/lib/python3.7/site-packages/airflow/example_dags/example_branch_operator_decorator.py took 11.904 seconds
[2022-07-19 19:18:27,035] {processor.py:153} INFO - Started process (PID=144) to work on /home/airflow/.local/lib/python3.7/site-packages/airflow/example_dags/example_branch_operator_decorator.py
[2022-07-19 19:18:27,103] {processor.py:641} INFO - Processing file /home/airflow/.local/lib/python3.7/site-packages/airflow/example_dags/example_branch_operator_decorator.py for tasks to queue
[2022-07-19 19:18:27,130] {logging_mixin.py:115} INFO - [2022-07-19 19:18:27,129] {dagbag.py:508} INFO - Filling up the DagBag from /home/airflow/.local/lib/python3.7/site-packages/airflow/example_dags/example_branch_operator_decorator.py
[2022-07-19 19:18:27,381] {processor.py:651} INFO - DAG(s) dict_keys(['example_branch_python_operator_decorator']) retrieved from /home/airflow/.local/lib/python3.7/site-packages/airflow/example_dags/example_branch_operator_decorator.py
[2022-07-19 19:18:27,835] {logging_mixin.py:115} INFO - [2022-07-19 19:18:27,835] {dag.py:2420} INFO - Sync 1 DAGs
[2022-07-19 19:18:28,098] {logging_mixin.py:115} INFO - [2022-07-19 19:18:28,098] {dag.py:2972} INFO - Setting next_dagrun for example_branch_python_operator_decorator to 2022-07-18T00:00:00+00:00, run_after=2022-07-19T00:00:00+00:00
[2022-07-19 19:18:28,316] {processor.py:161} INFO - Processing /home/airflow/.local/lib/python3.7/site-packages/airflow/example_dags/example_branch_operator_decorator.py took 1.339 seconds
[2022-07-19 19:18:59,489] {processor.py:153} INFO - Started process (PID=190) to work on /home/airflow/.local/lib/python3.7/site-packages/airflow/example_dags/example_branch_operator_decorator.py
[2022-07-19 19:18:59,494] {processor.py:641} INFO - Processing file /home/airflow/.local/lib/python3.7/site-packages/airflow/example_dags/example_branch_operator_decorator.py for tasks to queue
[2022-07-19 19:18:59,497] {logging_mixin.py:115} INFO - [2022-07-19 19:18:59,497] {dagbag.py:508} INFO - Filling up the DagBag from /home/airflow/.local/lib/python3.7/site-packages/airflow/example_dags/example_branch_operator_decorator.py
[2022-07-19 19:18:59,591] {processor.py:651} INFO - DAG(s) dict_keys(['example_branch_python_operator_decorator']) retrieved from /home/airflow/.local/lib/python3.7/site-packages/airflow/example_dags/example_branch_operator_decorator.py
[2022-07-19 19:18:59,672] {logging_mixin.py:115} INFO - [2022-07-19 19:18:59,672] {dag.py:2420} INFO - Sync 1 DAGs
[2022-07-19 19:18:59,760] {logging_mixin.py:115} INFO - [2022-07-19 19:18:59,760] {dag.py:2972} INFO - Setting next_dagrun for example_branch_python_operator_decorator to 2022-07-18T00:00:00+00:00, run_after=2022-07-19T00:00:00+00:00
[2022-07-19 19:19:00,760] {processor.py:161} INFO - Processing /home/airflow/.local/lib/python3.7/site-packages/airflow/example_dags/example_branch_operator_decorator.py took 1.282 seconds
[2022-07-19 19:19:30,954] {processor.py:153} INFO - Started process (PID=242) to work on /home/airflow/.local/lib/python3.7/site-packages/airflow/example_dags/example_branch_operator_decorator.py
[2022-07-19 19:19:30,956] {processor.py:641} INFO - Processing file /home/airflow/.local/lib/python3.7/site-packages/airflow/example_dags/example_branch_operator_decorator.py for tasks to queue
[2022-07-19 19:19:30,958] {logging_mixin.py:115} INFO - [2022-07-19 19:19:30,958] {dagbag.py:508} INFO - Filling up the DagBag from /home/airflow/.local/lib/python3.7/site-packages/airflow/example_dags/example_branch_operator_decorator.py
[2022-07-19 19:19:31,049] {processor.py:651} INFO - DAG(s) dict_keys(['example_branch_python_operator_decorator']) retrieved from /home/airflow/.local/lib/python3.7/site-packages/airflow/example_dags/example_branch_operator_decorator.py
[2022-07-19 19:19:31,175] {logging_mixin.py:115} INFO - [2022-07-19 19:19:31,174] {dag.py:2420} INFO - Sync 1 DAGs
[2022-07-19 19:19:31,232] {logging_mixin.py:115} INFO - [2022-07-19 19:19:31,232] {dag.py:2972} INFO - Setting next_dagrun for example_branch_python_operator_decorator to 2022-07-18T00:00:00+00:00, run_after=2022-07-19T00:00:00+00:00
[2022-07-19 19:19:31,633] {processor.py:161} INFO - Processing /home/airflow/.local/lib/python3.7/site-packages/airflow/example_dags/example_branch_operator_decorator.py took 0.689 seconds
[2022-07-19 19:20:10,259] {processor.py:153} INFO - Started process (PID=294) to work on /home/airflow/.local/lib/python3.7/site-packages/airflow/example_dags/example_branch_operator_decorator.py
[2022-07-19 19:20:10,262] {processor.py:641} INFO - Processing file /home/airflow/.local/lib/python3.7/site-packages/airflow/example_dags/example_branch_operator_decorator.py for tasks to queue
[2022-07-19 19:20:10,268] {logging_mixin.py:115} INFO - [2022-07-19 19:20:10,268] {dagbag.py:508} INFO - Filling up the DagBag from /home/airflow/.local/lib/python3.7/site-packages/airflow/example_dags/example_branch_operator_decorator.py
[2022-07-19 19:20:10,325] {processor.py:651} INFO - DAG(s) dict_keys(['example_branch_python_operator_decorator']) retrieved from /home/airflow/.local/lib/python3.7/site-packages/airflow/example_dags/example_branch_operator_decorator.py
[2022-07-19 19:20:10,471] {logging_mixin.py:115} INFO - [2022-07-19 19:20:10,471] {dag.py:2420} INFO - Sync 1 DAGs
[2022-07-19 19:20:10,597] {logging_mixin.py:115} INFO - [2022-07-19 19:20:10,597] {dag.py:2972} INFO - Setting next_dagrun for example_branch_python_operator_decorator to 2022-07-18T00:00:00+00:00, run_after=2022-07-19T00:00:00+00:00
[2022-07-19 19:20:10,890] {processor.py:161} INFO - Processing /home/airflow/.local/lib/python3.7/site-packages/airflow/example_dags/example_branch_operator_decorator.py took 0.647 seconds
[2022-07-19 19:20:42,893] {processor.py:153} INFO - Started process (PID=344) to work on /home/airflow/.local/lib/python3.7/site-packages/airflow/example_dags/example_branch_operator_decorator.py
[2022-07-19 19:20:42,896] {processor.py:641} INFO - Processing file /home/airflow/.local/lib/python3.7/site-packages/airflow/example_dags/example_branch_operator_decorator.py for tasks to queue
[2022-07-19 19:20:42,898] {logging_mixin.py:115} INFO - [2022-07-19 19:20:42,898] {dagbag.py:508} INFO - Filling up the DagBag from /home/airflow/.local/lib/python3.7/site-packages/airflow/example_dags/example_branch_operator_decorator.py
[2022-07-19 19:20:43,042] {processor.py:651} INFO - DAG(s) dict_keys(['example_branch_python_operator_decorator']) retrieved from /home/airflow/.local/lib/python3.7/site-packages/airflow/example_dags/example_branch_operator_decorator.py
[2022-07-19 19:20:43,217] {logging_mixin.py:115} INFO - [2022-07-19 19:20:43,216] {dag.py:2420} INFO - Sync 1 DAGs
[2022-07-19 19:20:43,365] {logging_mixin.py:115} INFO - [2022-07-19 19:20:43,365] {dag.py:2972} INFO - Setting next_dagrun for example_branch_python_operator_decorator to 2022-07-18T00:00:00+00:00, run_after=2022-07-19T00:00:00+00:00
[2022-07-19 19:20:43,515] {processor.py:161} INFO - Processing /home/airflow/.local/lib/python3.7/site-packages/airflow/example_dags/example_branch_operator_decorator.py took 0.632 seconds
[2022-07-19 19:21:14,095] {processor.py:153} INFO - Started process (PID=389) to work on /home/airflow/.local/lib/python3.7/site-packages/airflow/example_dags/example_branch_operator_decorator.py
[2022-07-19 19:21:14,097] {processor.py:641} INFO - Processing file /home/airflow/.local/lib/python3.7/site-packages/airflow/example_dags/example_branch_operator_decorator.py for tasks to queue
[2022-07-19 19:21:14,099] {logging_mixin.py:115} INFO - [2022-07-19 19:21:14,099] {dagbag.py:508} INFO - Filling up the DagBag from /home/airflow/.local/lib/python3.7/site-packages/airflow/example_dags/example_branch_operator_decorator.py
[2022-07-19 19:21:14,180] {processor.py:651} INFO - DAG(s) dict_keys(['example_branch_python_operator_decorator']) retrieved from /home/airflow/.local/lib/python3.7/site-packages/airflow/example_dags/example_branch_operator_decorator.py
[2022-07-19 19:21:14,612] {logging_mixin.py:115} INFO - [2022-07-19 19:21:14,611] {dag.py:2420} INFO - Sync 1 DAGs
[2022-07-19 19:21:14,849] {logging_mixin.py:115} INFO - [2022-07-19 19:21:14,849] {dag.py:2972} INFO - Setting next_dagrun for example_branch_python_operator_decorator to 2022-07-18T00:00:00+00:00, run_after=2022-07-19T00:00:00+00:00
[2022-07-19 19:21:15,108] {processor.py:161} INFO - Processing /home/airflow/.local/lib/python3.7/site-packages/airflow/example_dags/example_branch_operator_decorator.py took 1.029 seconds
[2022-07-19 19:21:49,115] {processor.py:153} INFO - Started process (PID=441) to work on /home/airflow/.local/lib/python3.7/site-packages/airflow/example_dags/example_branch_operator_decorator.py
[2022-07-19 19:21:49,117] {processor.py:641} INFO - Processing file /home/airflow/.local/lib/python3.7/site-packages/airflow/example_dags/example_branch_operator_decorator.py for tasks to queue
[2022-07-19 19:21:49,121] {logging_mixin.py:115} INFO - [2022-07-19 19:21:49,120] {dagbag.py:508} INFO - Filling up the DagBag from /home/airflow/.local/lib/python3.7/site-packages/airflow/example_dags/example_branch_operator_decorator.py
[2022-07-19 19:21:49,278] {processor.py:651} INFO - DAG(s) dict_keys(['example_branch_python_operator_decorator']) retrieved from /home/airflow/.local/lib/python3.7/site-packages/airflow/example_dags/example_branch_operator_decorator.py
[2022-07-19 19:21:49,617] {logging_mixin.py:115} INFO - [2022-07-19 19:21:49,616] {dag.py:2420} INFO - Sync 1 DAGs
[2022-07-19 19:21:49,745] {logging_mixin.py:115} INFO - [2022-07-19 19:21:49,745] {dag.py:2972} INFO - Setting next_dagrun for example_branch_python_operator_decorator to 2022-07-18T00:00:00+00:00, run_after=2022-07-19T00:00:00+00:00
[2022-07-19 19:21:49,916] {processor.py:161} INFO - Processing /home/airflow/.local/lib/python3.7/site-packages/airflow/example_dags/example_branch_operator_decorator.py took 0.856 seconds
[2022-07-19 19:22:20,144] {processor.py:153} INFO - Started process (PID=492) to work on /home/airflow/.local/lib/python3.7/site-packages/airflow/example_dags/example_branch_operator_decorator.py
[2022-07-19 19:22:20,149] {processor.py:641} INFO - Processing file /home/airflow/.local/lib/python3.7/site-packages/airflow/example_dags/example_branch_operator_decorator.py for tasks to queue
[2022-07-19 19:22:20,151] {logging_mixin.py:115} INFO - [2022-07-19 19:22:20,151] {dagbag.py:508} INFO - Filling up the DagBag from /home/airflow/.local/lib/python3.7/site-packages/airflow/example_dags/example_branch_operator_decorator.py
[2022-07-19 19:22:20,257] {processor.py:651} INFO - DAG(s) dict_keys(['example_branch_python_operator_decorator']) retrieved from /home/airflow/.local/lib/python3.7/site-packages/airflow/example_dags/example_branch_operator_decorator.py
[2022-07-19 19:22:20,407] {logging_mixin.py:115} INFO - [2022-07-19 19:22:20,407] {dag.py:2420} INFO - Sync 1 DAGs
[2022-07-19 19:22:20,559] {logging_mixin.py:115} INFO - [2022-07-19 19:22:20,559] {dag.py:2972} INFO - Setting next_dagrun for example_branch_python_operator_decorator to 2022-07-18T00:00:00+00:00, run_after=2022-07-19T00:00:00+00:00
[2022-07-19 19:22:20,733] {processor.py:161} INFO - Processing /home/airflow/.local/lib/python3.7/site-packages/airflow/example_dags/example_branch_operator_decorator.py took 0.622 seconds
[2022-07-19 19:22:53,283] {processor.py:153} INFO - Started process (PID=543) to work on /home/airflow/.local/lib/python3.7/site-packages/airflow/example_dags/example_branch_operator_decorator.py
[2022-07-19 19:22:53,284] {processor.py:641} INFO - Processing file /home/airflow/.local/lib/python3.7/site-packages/airflow/example_dags/example_branch_operator_decorator.py for tasks to queue
[2022-07-19 19:22:53,287] {logging_mixin.py:115} INFO - [2022-07-19 19:22:53,286] {dagbag.py:508} INFO - Filling up the DagBag from /home/airflow/.local/lib/python3.7/site-packages/airflow/example_dags/example_branch_operator_decorator.py
[2022-07-19 19:22:53,493] {processor.py:651} INFO - DAG(s) dict_keys(['example_branch_python_operator_decorator']) retrieved from /home/airflow/.local/lib/python3.7/site-packages/airflow/example_dags/example_branch_operator_decorator.py
[2022-07-19 19:22:53,729] {logging_mixin.py:115} INFO - [2022-07-19 19:22:53,729] {dag.py:2420} INFO - Sync 1 DAGs
[2022-07-19 19:22:53,937] {logging_mixin.py:115} INFO - [2022-07-19 19:22:53,936] {dag.py:2972} INFO - Setting next_dagrun for example_branch_python_operator_decorator to 2022-07-18T00:00:00+00:00, run_after=2022-07-19T00:00:00+00:00
[2022-07-19 19:22:54,101] {processor.py:161} INFO - Processing /home/airflow/.local/lib/python3.7/site-packages/airflow/example_dags/example_branch_operator_decorator.py took 0.853 seconds
[2022-07-19 19:23:24,914] {processor.py:153} INFO - Started process (PID=589) to work on /home/airflow/.local/lib/python3.7/site-packages/airflow/example_dags/example_branch_operator_decorator.py
[2022-07-19 19:23:24,929] {processor.py:641} INFO - Processing file /home/airflow/.local/lib/python3.7/site-packages/airflow/example_dags/example_branch_operator_decorator.py for tasks to queue
[2022-07-19 19:23:24,935] {logging_mixin.py:115} INFO - [2022-07-19 19:23:24,935] {dagbag.py:508} INFO - Filling up the DagBag from /home/airflow/.local/lib/python3.7/site-packages/airflow/example_dags/example_branch_operator_decorator.py
[2022-07-19 19:23:25,081] {processor.py:651} INFO - DAG(s) dict_keys(['example_branch_python_operator_decorator']) retrieved from /home/airflow/.local/lib/python3.7/site-packages/airflow/example_dags/example_branch_operator_decorator.py
[2022-07-19 19:23:25,225] {logging_mixin.py:115} INFO - [2022-07-19 19:23:25,225] {dag.py:2420} INFO - Sync 1 DAGs
[2022-07-19 19:23:25,321] {logging_mixin.py:115} INFO - [2022-07-19 19:23:25,321] {dag.py:2972} INFO - Setting next_dagrun for example_branch_python_operator_decorator to 2022-07-18T00:00:00+00:00, run_after=2022-07-19T00:00:00+00:00
[2022-07-19 19:23:25,473] {processor.py:161} INFO - Processing /home/airflow/.local/lib/python3.7/site-packages/airflow/example_dags/example_branch_operator_decorator.py took 0.569 seconds
[2022-07-19 19:27:00,140] {processor.py:153} INFO - Started process (PID=72) to work on /home/airflow/.local/lib/python3.7/site-packages/airflow/example_dags/example_branch_operator_decorator.py
[2022-07-19 19:27:00,151] {processor.py:641} INFO - Processing file /home/airflow/.local/lib/python3.7/site-packages/airflow/example_dags/example_branch_operator_decorator.py for tasks to queue
[2022-07-19 19:27:00,154] {logging_mixin.py:115} INFO - [2022-07-19 19:27:00,154] {dagbag.py:508} INFO - Filling up the DagBag from /home/airflow/.local/lib/python3.7/site-packages/airflow/example_dags/example_branch_operator_decorator.py
[2022-07-19 19:27:00,676] {processor.py:651} INFO - DAG(s) dict_keys(['example_branch_python_operator_decorator']) retrieved from /home/airflow/.local/lib/python3.7/site-packages/airflow/example_dags/example_branch_operator_decorator.py
[2022-07-19 19:27:03,448] {logging_mixin.py:115} INFO - [2022-07-19 19:27:03,447] {dag.py:2420} INFO - Sync 1 DAGs
[2022-07-19 19:27:04,004] {logging_mixin.py:115} INFO - [2022-07-19 19:27:04,004] {dag.py:2972} INFO - Setting next_dagrun for example_branch_python_operator_decorator to 2022-07-18T00:00:00+00:00, run_after=2022-07-19T00:00:00+00:00
[2022-07-19 19:27:04,517] {processor.py:161} INFO - Processing /home/airflow/.local/lib/python3.7/site-packages/airflow/example_dags/example_branch_operator_decorator.py took 4.525 seconds
[2022-07-19 19:28:28,898] {processor.py:153} INFO - Started process (PID=143) to work on /home/airflow/.local/lib/python3.7/site-packages/airflow/example_dags/example_branch_operator_decorator.py
[2022-07-19 19:28:28,899] {processor.py:641} INFO - Processing file /home/airflow/.local/lib/python3.7/site-packages/airflow/example_dags/example_branch_operator_decorator.py for tasks to queue
[2022-07-19 19:28:28,901] {logging_mixin.py:115} INFO - [2022-07-19 19:28:28,901] {dagbag.py:508} INFO - Filling up the DagBag from /home/airflow/.local/lib/python3.7/site-packages/airflow/example_dags/example_branch_operator_decorator.py
[2022-07-19 19:28:28,987] {processor.py:651} INFO - DAG(s) dict_keys(['example_branch_python_operator_decorator']) retrieved from /home/airflow/.local/lib/python3.7/site-packages/airflow/example_dags/example_branch_operator_decorator.py
[2022-07-19 19:28:29,312] {logging_mixin.py:115} INFO - [2022-07-19 19:28:29,312] {dag.py:2420} INFO - Sync 1 DAGs
[2022-07-19 19:28:29,369] {logging_mixin.py:115} INFO - [2022-07-19 19:28:29,368] {dag.py:2972} INFO - Setting next_dagrun for example_branch_python_operator_decorator to 2022-07-18T00:00:00+00:00, run_after=2022-07-19T00:00:00+00:00
[2022-07-19 19:28:30,045] {processor.py:161} INFO - Processing /home/airflow/.local/lib/python3.7/site-packages/airflow/example_dags/example_branch_operator_decorator.py took 1.158 seconds
[2022-07-19 19:29:08,718] {processor.py:153} INFO - Started process (PID=196) to work on /home/airflow/.local/lib/python3.7/site-packages/airflow/example_dags/example_branch_operator_decorator.py
[2022-07-19 19:29:08,721] {processor.py:641} INFO - Processing file /home/airflow/.local/lib/python3.7/site-packages/airflow/example_dags/example_branch_operator_decorator.py for tasks to queue
[2022-07-19 19:29:08,724] {logging_mixin.py:115} INFO - [2022-07-19 19:29:08,724] {dagbag.py:508} INFO - Filling up the DagBag from /home/airflow/.local/lib/python3.7/site-packages/airflow/example_dags/example_branch_operator_decorator.py
[2022-07-19 19:29:08,846] {processor.py:651} INFO - DAG(s) dict_keys(['example_branch_python_operator_decorator']) retrieved from /home/airflow/.local/lib/python3.7/site-packages/airflow/example_dags/example_branch_operator_decorator.py
[2022-07-19 19:29:09,321] {logging_mixin.py:115} INFO - [2022-07-19 19:29:09,321] {dag.py:2420} INFO - Sync 1 DAGs
[2022-07-19 19:29:09,375] {logging_mixin.py:115} INFO - [2022-07-19 19:29:09,374] {dag.py:2972} INFO - Setting next_dagrun for example_branch_python_operator_decorator to 2022-07-18T00:00:00+00:00, run_after=2022-07-19T00:00:00+00:00
[2022-07-19 19:29:10,421] {processor.py:161} INFO - Processing /home/airflow/.local/lib/python3.7/site-packages/airflow/example_dags/example_branch_operator_decorator.py took 1.714 seconds
[2022-07-19 19:29:41,325] {processor.py:153} INFO - Started process (PID=239) to work on /home/airflow/.local/lib/python3.7/site-packages/airflow/example_dags/example_branch_operator_decorator.py
[2022-07-19 19:29:41,327] {processor.py:641} INFO - Processing file /home/airflow/.local/lib/python3.7/site-packages/airflow/example_dags/example_branch_operator_decorator.py for tasks to queue
[2022-07-19 19:29:41,330] {logging_mixin.py:115} INFO - [2022-07-19 19:29:41,329] {dagbag.py:508} INFO - Filling up the DagBag from /home/airflow/.local/lib/python3.7/site-packages/airflow/example_dags/example_branch_operator_decorator.py
[2022-07-19 19:29:41,400] {processor.py:651} INFO - DAG(s) dict_keys(['example_branch_python_operator_decorator']) retrieved from /home/airflow/.local/lib/python3.7/site-packages/airflow/example_dags/example_branch_operator_decorator.py
[2022-07-19 19:29:41,709] {logging_mixin.py:115} INFO - [2022-07-19 19:29:41,709] {dag.py:2420} INFO - Sync 1 DAGs
[2022-07-19 19:29:41,765] {logging_mixin.py:115} INFO - [2022-07-19 19:29:41,764] {dag.py:2972} INFO - Setting next_dagrun for example_branch_python_operator_decorator to 2022-07-18T00:00:00+00:00, run_after=2022-07-19T00:00:00+00:00
[2022-07-19 19:29:42,296] {processor.py:161} INFO - Processing /home/airflow/.local/lib/python3.7/site-packages/airflow/example_dags/example_branch_operator_decorator.py took 0.990 seconds
[2022-07-19 19:30:12,931] {processor.py:153} INFO - Started process (PID=291) to work on /home/airflow/.local/lib/python3.7/site-packages/airflow/example_dags/example_branch_operator_decorator.py
[2022-07-19 19:30:12,932] {processor.py:641} INFO - Processing file /home/airflow/.local/lib/python3.7/site-packages/airflow/example_dags/example_branch_operator_decorator.py for tasks to queue
[2022-07-19 19:30:12,934] {logging_mixin.py:115} INFO - [2022-07-19 19:30:12,934] {dagbag.py:508} INFO - Filling up the DagBag from /home/airflow/.local/lib/python3.7/site-packages/airflow/example_dags/example_branch_operator_decorator.py
[2022-07-19 19:30:13,088] {processor.py:651} INFO - DAG(s) dict_keys(['example_branch_python_operator_decorator']) retrieved from /home/airflow/.local/lib/python3.7/site-packages/airflow/example_dags/example_branch_operator_decorator.py
[2022-07-19 19:30:13,820] {logging_mixin.py:115} INFO - [2022-07-19 19:30:13,820] {dag.py:2420} INFO - Sync 1 DAGs
[2022-07-19 19:30:14,037] {logging_mixin.py:115} INFO - [2022-07-19 19:30:14,037] {dag.py:2972} INFO - Setting next_dagrun for example_branch_python_operator_decorator to 2022-07-18T00:00:00+00:00, run_after=2022-07-19T00:00:00+00:00
[2022-07-19 19:30:15,652] {processor.py:161} INFO - Processing /home/airflow/.local/lib/python3.7/site-packages/airflow/example_dags/example_branch_operator_decorator.py took 2.731 seconds
[2022-07-19 19:30:47,066] {processor.py:153} INFO - Started process (PID=342) to work on /home/airflow/.local/lib/python3.7/site-packages/airflow/example_dags/example_branch_operator_decorator.py
[2022-07-19 19:30:47,092] {processor.py:641} INFO - Processing file /home/airflow/.local/lib/python3.7/site-packages/airflow/example_dags/example_branch_operator_decorator.py for tasks to queue
[2022-07-19 19:30:47,094] {logging_mixin.py:115} INFO - [2022-07-19 19:30:47,094] {dagbag.py:508} INFO - Filling up the DagBag from /home/airflow/.local/lib/python3.7/site-packages/airflow/example_dags/example_branch_operator_decorator.py
[2022-07-19 19:30:47,382] {processor.py:651} INFO - DAG(s) dict_keys(['example_branch_python_operator_decorator']) retrieved from /home/airflow/.local/lib/python3.7/site-packages/airflow/example_dags/example_branch_operator_decorator.py
[2022-07-19 19:30:48,070] {logging_mixin.py:115} INFO - [2022-07-19 19:30:48,069] {dag.py:2420} INFO - Sync 1 DAGs
[2022-07-19 19:30:48,166] {logging_mixin.py:115} INFO - [2022-07-19 19:30:48,165] {dag.py:2972} INFO - Setting next_dagrun for example_branch_python_operator_decorator to 2022-07-18T00:00:00+00:00, run_after=2022-07-19T00:00:00+00:00
[2022-07-19 19:30:48,980] {processor.py:161} INFO - Processing /home/airflow/.local/lib/python3.7/site-packages/airflow/example_dags/example_branch_operator_decorator.py took 1.937 seconds
[2022-07-19 19:31:19,758] {processor.py:153} INFO - Started process (PID=387) to work on /home/airflow/.local/lib/python3.7/site-packages/airflow/example_dags/example_branch_operator_decorator.py
[2022-07-19 19:31:19,760] {processor.py:641} INFO - Processing file /home/airflow/.local/lib/python3.7/site-packages/airflow/example_dags/example_branch_operator_decorator.py for tasks to queue
[2022-07-19 19:31:19,762] {logging_mixin.py:115} INFO - [2022-07-19 19:31:19,762] {dagbag.py:508} INFO - Filling up the DagBag from /home/airflow/.local/lib/python3.7/site-packages/airflow/example_dags/example_branch_operator_decorator.py
[2022-07-19 19:31:19,824] {processor.py:651} INFO - DAG(s) dict_keys(['example_branch_python_operator_decorator']) retrieved from /home/airflow/.local/lib/python3.7/site-packages/airflow/example_dags/example_branch_operator_decorator.py
[2022-07-19 19:31:20,058] {logging_mixin.py:115} INFO - [2022-07-19 19:31:20,058] {dag.py:2420} INFO - Sync 1 DAGs
[2022-07-19 19:31:20,104] {logging_mixin.py:115} INFO - [2022-07-19 19:31:20,104] {dag.py:2972} INFO - Setting next_dagrun for example_branch_python_operator_decorator to 2022-07-18T00:00:00+00:00, run_after=2022-07-19T00:00:00+00:00
[2022-07-19 19:31:20,961] {processor.py:161} INFO - Processing /home/airflow/.local/lib/python3.7/site-packages/airflow/example_dags/example_branch_operator_decorator.py took 1.215 seconds
[2022-07-19 19:31:56,125] {processor.py:153} INFO - Started process (PID=438) to work on /home/airflow/.local/lib/python3.7/site-packages/airflow/example_dags/example_branch_operator_decorator.py
[2022-07-19 19:31:56,126] {processor.py:641} INFO - Processing file /home/airflow/.local/lib/python3.7/site-packages/airflow/example_dags/example_branch_operator_decorator.py for tasks to queue
[2022-07-19 19:31:56,127] {logging_mixin.py:115} INFO - [2022-07-19 19:31:56,127] {dagbag.py:508} INFO - Filling up the DagBag from /home/airflow/.local/lib/python3.7/site-packages/airflow/example_dags/example_branch_operator_decorator.py
[2022-07-19 19:31:56,179] {processor.py:651} INFO - DAG(s) dict_keys(['example_branch_python_operator_decorator']) retrieved from /home/airflow/.local/lib/python3.7/site-packages/airflow/example_dags/example_branch_operator_decorator.py
[2022-07-19 19:31:56,402] {logging_mixin.py:115} INFO - [2022-07-19 19:31:56,401] {dag.py:2420} INFO - Sync 1 DAGs
[2022-07-19 19:31:56,470] {logging_mixin.py:115} INFO - [2022-07-19 19:31:56,469] {dag.py:2972} INFO - Setting next_dagrun for example_branch_python_operator_decorator to 2022-07-18T00:00:00+00:00, run_after=2022-07-19T00:00:00+00:00
[2022-07-19 19:31:56,724] {processor.py:161} INFO - Processing /home/airflow/.local/lib/python3.7/site-packages/airflow/example_dags/example_branch_operator_decorator.py took 0.600 seconds
[2022-07-19 19:32:30,787] {processor.py:153} INFO - Started process (PID=490) to work on /home/airflow/.local/lib/python3.7/site-packages/airflow/example_dags/example_branch_operator_decorator.py
[2022-07-19 19:32:30,788] {processor.py:641} INFO - Processing file /home/airflow/.local/lib/python3.7/site-packages/airflow/example_dags/example_branch_operator_decorator.py for tasks to queue
[2022-07-19 19:32:30,791] {logging_mixin.py:115} INFO - [2022-07-19 19:32:30,790] {dagbag.py:508} INFO - Filling up the DagBag from /home/airflow/.local/lib/python3.7/site-packages/airflow/example_dags/example_branch_operator_decorator.py
[2022-07-19 19:32:30,977] {processor.py:651} INFO - DAG(s) dict_keys(['example_branch_python_operator_decorator']) retrieved from /home/airflow/.local/lib/python3.7/site-packages/airflow/example_dags/example_branch_operator_decorator.py
[2022-07-19 19:32:32,650] {logging_mixin.py:115} INFO - [2022-07-19 19:32:32,649] {dag.py:2420} INFO - Sync 1 DAGs
[2022-07-19 19:32:33,427] {logging_mixin.py:115} INFO - [2022-07-19 19:32:33,427] {dag.py:2972} INFO - Setting next_dagrun for example_branch_python_operator_decorator to 2022-07-18T00:00:00+00:00, run_after=2022-07-19T00:00:00+00:00
[2022-07-19 19:32:34,096] {processor.py:161} INFO - Processing /home/airflow/.local/lib/python3.7/site-packages/airflow/example_dags/example_branch_operator_decorator.py took 3.328 seconds
[2022-07-19 19:33:04,969] {processor.py:153} INFO - Started process (PID=540) to work on /home/airflow/.local/lib/python3.7/site-packages/airflow/example_dags/example_branch_operator_decorator.py
[2022-07-19 19:33:05,026] {processor.py:641} INFO - Processing file /home/airflow/.local/lib/python3.7/site-packages/airflow/example_dags/example_branch_operator_decorator.py for tasks to queue
[2022-07-19 19:33:05,043] {logging_mixin.py:115} INFO - [2022-07-19 19:33:05,043] {dagbag.py:508} INFO - Filling up the DagBag from /home/airflow/.local/lib/python3.7/site-packages/airflow/example_dags/example_branch_operator_decorator.py
[2022-07-19 19:33:05,173] {processor.py:651} INFO - DAG(s) dict_keys(['example_branch_python_operator_decorator']) retrieved from /home/airflow/.local/lib/python3.7/site-packages/airflow/example_dags/example_branch_operator_decorator.py
[2022-07-19 19:33:05,621] {logging_mixin.py:115} INFO - [2022-07-19 19:33:05,621] {dag.py:2420} INFO - Sync 1 DAGs
[2022-07-19 19:33:05,732] {logging_mixin.py:115} INFO - [2022-07-19 19:33:05,732] {dag.py:2972} INFO - Setting next_dagrun for example_branch_python_operator_decorator to 2022-07-18T00:00:00+00:00, run_after=2022-07-19T00:00:00+00:00
[2022-07-19 19:33:05,941] {processor.py:161} INFO - Processing /home/airflow/.local/lib/python3.7/site-packages/airflow/example_dags/example_branch_operator_decorator.py took 1.008 seconds
[2022-07-19 19:33:41,325] {processor.py:153} INFO - Started process (PID=585) to work on /home/airflow/.local/lib/python3.7/site-packages/airflow/example_dags/example_branch_operator_decorator.py
[2022-07-19 19:33:41,328] {processor.py:641} INFO - Processing file /home/airflow/.local/lib/python3.7/site-packages/airflow/example_dags/example_branch_operator_decorator.py for tasks to queue
[2022-07-19 19:33:41,330] {logging_mixin.py:115} INFO - [2022-07-19 19:33:41,330] {dagbag.py:508} INFO - Filling up the DagBag from /home/airflow/.local/lib/python3.7/site-packages/airflow/example_dags/example_branch_operator_decorator.py
[2022-07-19 19:33:41,477] {processor.py:651} INFO - DAG(s) dict_keys(['example_branch_python_operator_decorator']) retrieved from /home/airflow/.local/lib/python3.7/site-packages/airflow/example_dags/example_branch_operator_decorator.py
[2022-07-19 19:33:41,996] {logging_mixin.py:115} INFO - [2022-07-19 19:33:41,995] {dag.py:2420} INFO - Sync 1 DAGs
[2022-07-19 19:33:42,168] {logging_mixin.py:115} INFO - [2022-07-19 19:33:42,168] {dag.py:2972} INFO - Setting next_dagrun for example_branch_python_operator_decorator to 2022-07-18T00:00:00+00:00, run_after=2022-07-19T00:00:00+00:00
[2022-07-19 19:33:42,419] {processor.py:161} INFO - Processing /home/airflow/.local/lib/python3.7/site-packages/airflow/example_dags/example_branch_operator_decorator.py took 1.125 seconds
[2022-07-19 19:34:29,140] {processor.py:153} INFO - Started process (PID=626) to work on /home/airflow/.local/lib/python3.7/site-packages/airflow/example_dags/example_branch_operator_decorator.py
[2022-07-19 19:34:29,142] {processor.py:641} INFO - Processing file /home/airflow/.local/lib/python3.7/site-packages/airflow/example_dags/example_branch_operator_decorator.py for tasks to queue
[2022-07-19 19:34:29,143] {logging_mixin.py:115} INFO - [2022-07-19 19:34:29,143] {dagbag.py:508} INFO - Filling up the DagBag from /home/airflow/.local/lib/python3.7/site-packages/airflow/example_dags/example_branch_operator_decorator.py
[2022-07-19 19:34:29,198] {processor.py:651} INFO - DAG(s) dict_keys(['example_branch_python_operator_decorator']) retrieved from /home/airflow/.local/lib/python3.7/site-packages/airflow/example_dags/example_branch_operator_decorator.py
[2022-07-19 19:34:29,453] {logging_mixin.py:115} INFO - [2022-07-19 19:34:29,453] {dag.py:2420} INFO - Sync 1 DAGs
[2022-07-19 19:34:29,750] {logging_mixin.py:115} INFO - [2022-07-19 19:34:29,750] {dag.py:2972} INFO - Setting next_dagrun for example_branch_python_operator_decorator to 2022-07-18T00:00:00+00:00, run_after=2022-07-19T00:00:00+00:00
[2022-07-19 19:34:31,072] {processor.py:161} INFO - Processing /home/airflow/.local/lib/python3.7/site-packages/airflow/example_dags/example_branch_operator_decorator.py took 1.944 seconds
[2022-07-19 19:35:22,760] {processor.py:153} INFO - Started process (PID=678) to work on /home/airflow/.local/lib/python3.7/site-packages/airflow/example_dags/example_branch_operator_decorator.py
[2022-07-19 19:35:22,761] {processor.py:641} INFO - Processing file /home/airflow/.local/lib/python3.7/site-packages/airflow/example_dags/example_branch_operator_decorator.py for tasks to queue
[2022-07-19 19:35:22,763] {logging_mixin.py:115} INFO - [2022-07-19 19:35:22,762] {dagbag.py:508} INFO - Filling up the DagBag from /home/airflow/.local/lib/python3.7/site-packages/airflow/example_dags/example_branch_operator_decorator.py
[2022-07-19 19:35:22,876] {processor.py:651} INFO - DAG(s) dict_keys(['example_branch_python_operator_decorator']) retrieved from /home/airflow/.local/lib/python3.7/site-packages/airflow/example_dags/example_branch_operator_decorator.py
[2022-07-19 19:35:23,215] {logging_mixin.py:115} INFO - [2022-07-19 19:35:23,215] {dag.py:2420} INFO - Sync 1 DAGs
[2022-07-19 19:35:23,302] {logging_mixin.py:115} INFO - [2022-07-19 19:35:23,302] {dag.py:2972} INFO - Setting next_dagrun for example_branch_python_operator_decorator to 2022-07-18T00:00:00+00:00, run_after=2022-07-19T00:00:00+00:00
[2022-07-19 19:35:24,365] {processor.py:161} INFO - Processing /home/airflow/.local/lib/python3.7/site-packages/airflow/example_dags/example_branch_operator_decorator.py took 1.612 seconds
