[2022-07-19 19:18:10,400] {processor.py:153} INFO - Started process (PID=116) to work on /home/airflow/.local/lib/python3.7/site-packages/airflow/example_dags/example_time_delta_sensor_async.py
[2022-07-19 19:18:10,417] {processor.py:641} INFO - Processing file /home/airflow/.local/lib/python3.7/site-packages/airflow/example_dags/example_time_delta_sensor_async.py for tasks to queue
[2022-07-19 19:18:10,421] {logging_mixin.py:115} INFO - [2022-07-19 19:18:10,421] {dagbag.py:508} INFO - Filling up the DagBag from /home/airflow/.local/lib/python3.7/site-packages/airflow/example_dags/example_time_delta_sensor_async.py
[2022-07-19 19:18:10,890] {processor.py:651} INFO - DAG(s) dict_keys(['example_time_delta_sensor_async']) retrieved from /home/airflow/.local/lib/python3.7/site-packages/airflow/example_dags/example_time_delta_sensor_async.py
[2022-07-19 19:18:12,064] {logging_mixin.py:115} INFO - [2022-07-19 19:18:12,064] {manager.py:508} INFO - Created Permission View: can delete on DAG:example_time_delta_sensor_async
[2022-07-19 19:18:12,324] {logging_mixin.py:115} INFO - [2022-07-19 19:18:12,323] {manager.py:508} INFO - Created Permission View: can edit on DAG:example_time_delta_sensor_async
[2022-07-19 19:18:12,561] {logging_mixin.py:115} INFO - [2022-07-19 19:18:12,561] {manager.py:508} INFO - Created Permission View: can read on DAG:example_time_delta_sensor_async
[2022-07-19 19:18:12,562] {logging_mixin.py:115} INFO - [2022-07-19 19:18:12,562] {dag.py:2420} INFO - Sync 1 DAGs
[2022-07-19 19:18:12,637] {logging_mixin.py:115} INFO - [2022-07-19 19:18:12,636] {dag.py:2439} INFO - Creating ORM DAG for example_time_delta_sensor_async
[2022-07-19 19:18:12,746] {logging_mixin.py:115} INFO - [2022-07-19 19:18:12,745] {dag.py:2972} INFO - Setting next_dagrun for example_time_delta_sensor_async to None, run_after=None
[2022-07-19 19:18:12,987] {processor.py:161} INFO - Processing /home/airflow/.local/lib/python3.7/site-packages/airflow/example_dags/example_time_delta_sensor_async.py took 2.608 seconds
[2022-07-19 19:18:43,372] {processor.py:153} INFO - Started process (PID=161) to work on /home/airflow/.local/lib/python3.7/site-packages/airflow/example_dags/example_time_delta_sensor_async.py
[2022-07-19 19:18:43,373] {processor.py:641} INFO - Processing file /home/airflow/.local/lib/python3.7/site-packages/airflow/example_dags/example_time_delta_sensor_async.py for tasks to queue
[2022-07-19 19:18:43,374] {logging_mixin.py:115} INFO - [2022-07-19 19:18:43,374] {dagbag.py:508} INFO - Filling up the DagBag from /home/airflow/.local/lib/python3.7/site-packages/airflow/example_dags/example_time_delta_sensor_async.py
[2022-07-19 19:18:43,388] {processor.py:651} INFO - DAG(s) dict_keys(['example_time_delta_sensor_async']) retrieved from /home/airflow/.local/lib/python3.7/site-packages/airflow/example_dags/example_time_delta_sensor_async.py
[2022-07-19 19:18:43,592] {logging_mixin.py:115} INFO - [2022-07-19 19:18:43,592] {dag.py:2420} INFO - Sync 1 DAGs
[2022-07-19 19:18:43,671] {logging_mixin.py:115} INFO - [2022-07-19 19:18:43,670] {dag.py:2972} INFO - Setting next_dagrun for example_time_delta_sensor_async to None, run_after=None
[2022-07-19 19:18:44,656] {processor.py:161} INFO - Processing /home/airflow/.local/lib/python3.7/site-packages/airflow/example_dags/example_time_delta_sensor_async.py took 1.293 seconds
[2022-07-19 19:19:15,246] {processor.py:153} INFO - Started process (PID=215) to work on /home/airflow/.local/lib/python3.7/site-packages/airflow/example_dags/example_time_delta_sensor_async.py
[2022-07-19 19:19:15,247] {processor.py:641} INFO - Processing file /home/airflow/.local/lib/python3.7/site-packages/airflow/example_dags/example_time_delta_sensor_async.py for tasks to queue
[2022-07-19 19:19:15,249] {logging_mixin.py:115} INFO - [2022-07-19 19:19:15,249] {dagbag.py:508} INFO - Filling up the DagBag from /home/airflow/.local/lib/python3.7/site-packages/airflow/example_dags/example_time_delta_sensor_async.py
[2022-07-19 19:19:15,262] {processor.py:651} INFO - DAG(s) dict_keys(['example_time_delta_sensor_async']) retrieved from /home/airflow/.local/lib/python3.7/site-packages/airflow/example_dags/example_time_delta_sensor_async.py
[2022-07-19 19:19:15,342] {logging_mixin.py:115} INFO - [2022-07-19 19:19:15,342] {dag.py:2420} INFO - Sync 1 DAGs
[2022-07-19 19:19:15,396] {logging_mixin.py:115} INFO - [2022-07-19 19:19:15,396] {dag.py:2972} INFO - Setting next_dagrun for example_time_delta_sensor_async to None, run_after=None
[2022-07-19 19:19:15,847] {processor.py:161} INFO - Processing /home/airflow/.local/lib/python3.7/site-packages/airflow/example_dags/example_time_delta_sensor_async.py took 0.610 seconds
[2022-07-19 19:19:47,044] {processor.py:153} INFO - Started process (PID=266) to work on /home/airflow/.local/lib/python3.7/site-packages/airflow/example_dags/example_time_delta_sensor_async.py
[2022-07-19 19:19:47,046] {processor.py:641} INFO - Processing file /home/airflow/.local/lib/python3.7/site-packages/airflow/example_dags/example_time_delta_sensor_async.py for tasks to queue
[2022-07-19 19:19:47,049] {logging_mixin.py:115} INFO - [2022-07-19 19:19:47,049] {dagbag.py:508} INFO - Filling up the DagBag from /home/airflow/.local/lib/python3.7/site-packages/airflow/example_dags/example_time_delta_sensor_async.py
[2022-07-19 19:19:47,065] {processor.py:651} INFO - DAG(s) dict_keys(['example_time_delta_sensor_async']) retrieved from /home/airflow/.local/lib/python3.7/site-packages/airflow/example_dags/example_time_delta_sensor_async.py
[2022-07-19 19:19:47,593] {logging_mixin.py:115} INFO - [2022-07-19 19:19:47,592] {dag.py:2420} INFO - Sync 1 DAGs
[2022-07-19 19:19:47,824] {logging_mixin.py:115} INFO - [2022-07-19 19:19:47,824] {dag.py:2972} INFO - Setting next_dagrun for example_time_delta_sensor_async to None, run_after=None
[2022-07-19 19:19:48,219] {processor.py:161} INFO - Processing /home/airflow/.local/lib/python3.7/site-packages/airflow/example_dags/example_time_delta_sensor_async.py took 1.189 seconds
[2022-07-19 19:20:27,422] {processor.py:153} INFO - Started process (PID=318) to work on /home/airflow/.local/lib/python3.7/site-packages/airflow/example_dags/example_time_delta_sensor_async.py
[2022-07-19 19:20:27,423] {processor.py:641} INFO - Processing file /home/airflow/.local/lib/python3.7/site-packages/airflow/example_dags/example_time_delta_sensor_async.py for tasks to queue
[2022-07-19 19:20:27,424] {logging_mixin.py:115} INFO - [2022-07-19 19:20:27,424] {dagbag.py:508} INFO - Filling up the DagBag from /home/airflow/.local/lib/python3.7/site-packages/airflow/example_dags/example_time_delta_sensor_async.py
[2022-07-19 19:20:27,436] {processor.py:651} INFO - DAG(s) dict_keys(['example_time_delta_sensor_async']) retrieved from /home/airflow/.local/lib/python3.7/site-packages/airflow/example_dags/example_time_delta_sensor_async.py
[2022-07-19 19:20:27,523] {logging_mixin.py:115} INFO - [2022-07-19 19:20:27,522] {dag.py:2420} INFO - Sync 1 DAGs
[2022-07-19 19:20:27,574] {logging_mixin.py:115} INFO - [2022-07-19 19:20:27,574] {dag.py:2972} INFO - Setting next_dagrun for example_time_delta_sensor_async to None, run_after=None
[2022-07-19 19:20:28,739] {processor.py:161} INFO - Processing /home/airflow/.local/lib/python3.7/site-packages/airflow/example_dags/example_time_delta_sensor_async.py took 1.325 seconds
[2022-07-19 19:21:00,761] {processor.py:153} INFO - Started process (PID=367) to work on /home/airflow/.local/lib/python3.7/site-packages/airflow/example_dags/example_time_delta_sensor_async.py
[2022-07-19 19:21:00,834] {processor.py:641} INFO - Processing file /home/airflow/.local/lib/python3.7/site-packages/airflow/example_dags/example_time_delta_sensor_async.py for tasks to queue
[2022-07-19 19:21:00,836] {logging_mixin.py:115} INFO - [2022-07-19 19:21:00,836] {dagbag.py:508} INFO - Filling up the DagBag from /home/airflow/.local/lib/python3.7/site-packages/airflow/example_dags/example_time_delta_sensor_async.py
[2022-07-19 19:21:00,905] {processor.py:651} INFO - DAG(s) dict_keys(['example_time_delta_sensor_async']) retrieved from /home/airflow/.local/lib/python3.7/site-packages/airflow/example_dags/example_time_delta_sensor_async.py
[2022-07-19 19:21:01,541] {logging_mixin.py:115} INFO - [2022-07-19 19:21:01,540] {dag.py:2420} INFO - Sync 1 DAGs
[2022-07-19 19:21:01,629] {logging_mixin.py:115} INFO - [2022-07-19 19:21:01,628] {dag.py:2972} INFO - Setting next_dagrun for example_time_delta_sensor_async to None, run_after=None
[2022-07-19 19:21:01,878] {processor.py:161} INFO - Processing /home/airflow/.local/lib/python3.7/site-packages/airflow/example_dags/example_time_delta_sensor_async.py took 1.126 seconds
[2022-07-19 19:21:32,274] {processor.py:153} INFO - Started process (PID=413) to work on /home/airflow/.local/lib/python3.7/site-packages/airflow/example_dags/example_time_delta_sensor_async.py
[2022-07-19 19:21:32,277] {processor.py:641} INFO - Processing file /home/airflow/.local/lib/python3.7/site-packages/airflow/example_dags/example_time_delta_sensor_async.py for tasks to queue
[2022-07-19 19:21:32,279] {logging_mixin.py:115} INFO - [2022-07-19 19:21:32,279] {dagbag.py:508} INFO - Filling up the DagBag from /home/airflow/.local/lib/python3.7/site-packages/airflow/example_dags/example_time_delta_sensor_async.py
[2022-07-19 19:21:32,316] {processor.py:651} INFO - DAG(s) dict_keys(['example_time_delta_sensor_async']) retrieved from /home/airflow/.local/lib/python3.7/site-packages/airflow/example_dags/example_time_delta_sensor_async.py
[2022-07-19 19:21:32,844] {logging_mixin.py:115} INFO - [2022-07-19 19:21:32,844] {dag.py:2420} INFO - Sync 1 DAGs
[2022-07-19 19:21:32,900] {logging_mixin.py:115} INFO - [2022-07-19 19:21:32,899] {dag.py:2972} INFO - Setting next_dagrun for example_time_delta_sensor_async to None, run_after=None
[2022-07-19 19:21:33,258] {processor.py:161} INFO - Processing /home/airflow/.local/lib/python3.7/site-packages/airflow/example_dags/example_time_delta_sensor_async.py took 1.022 seconds
[2022-07-19 19:22:03,997] {processor.py:153} INFO - Started process (PID=465) to work on /home/airflow/.local/lib/python3.7/site-packages/airflow/example_dags/example_time_delta_sensor_async.py
[2022-07-19 19:22:03,998] {processor.py:641} INFO - Processing file /home/airflow/.local/lib/python3.7/site-packages/airflow/example_dags/example_time_delta_sensor_async.py for tasks to queue
[2022-07-19 19:22:04,000] {logging_mixin.py:115} INFO - [2022-07-19 19:22:04,000] {dagbag.py:508} INFO - Filling up the DagBag from /home/airflow/.local/lib/python3.7/site-packages/airflow/example_dags/example_time_delta_sensor_async.py
[2022-07-19 19:22:04,012] {processor.py:651} INFO - DAG(s) dict_keys(['example_time_delta_sensor_async']) retrieved from /home/airflow/.local/lib/python3.7/site-packages/airflow/example_dags/example_time_delta_sensor_async.py
[2022-07-19 19:22:04,133] {logging_mixin.py:115} INFO - [2022-07-19 19:22:04,133] {dag.py:2420} INFO - Sync 1 DAGs
[2022-07-19 19:22:04,195] {logging_mixin.py:115} INFO - [2022-07-19 19:22:04,195] {dag.py:2972} INFO - Setting next_dagrun for example_time_delta_sensor_async to None, run_after=None
[2022-07-19 19:22:04,359] {processor.py:161} INFO - Processing /home/airflow/.local/lib/python3.7/site-packages/airflow/example_dags/example_time_delta_sensor_async.py took 0.371 seconds
[2022-07-19 19:22:37,227] {processor.py:153} INFO - Started process (PID=517) to work on /home/airflow/.local/lib/python3.7/site-packages/airflow/example_dags/example_time_delta_sensor_async.py
[2022-07-19 19:22:37,244] {processor.py:641} INFO - Processing file /home/airflow/.local/lib/python3.7/site-packages/airflow/example_dags/example_time_delta_sensor_async.py for tasks to queue
[2022-07-19 19:22:37,321] {logging_mixin.py:115} INFO - [2022-07-19 19:22:37,320] {dagbag.py:508} INFO - Filling up the DagBag from /home/airflow/.local/lib/python3.7/site-packages/airflow/example_dags/example_time_delta_sensor_async.py
[2022-07-19 19:22:37,426] {processor.py:651} INFO - DAG(s) dict_keys(['example_time_delta_sensor_async']) retrieved from /home/airflow/.local/lib/python3.7/site-packages/airflow/example_dags/example_time_delta_sensor_async.py
[2022-07-19 19:22:38,073] {logging_mixin.py:115} INFO - [2022-07-19 19:22:38,073] {dag.py:2420} INFO - Sync 1 DAGs
[2022-07-19 19:22:38,340] {logging_mixin.py:115} INFO - [2022-07-19 19:22:38,340] {dag.py:2972} INFO - Setting next_dagrun for example_time_delta_sensor_async to None, run_after=None
[2022-07-19 19:22:38,981] {processor.py:161} INFO - Processing /home/airflow/.local/lib/python3.7/site-packages/airflow/example_dags/example_time_delta_sensor_async.py took 1.812 seconds
[2022-07-19 19:23:09,690] {processor.py:153} INFO - Started process (PID=562) to work on /home/airflow/.local/lib/python3.7/site-packages/airflow/example_dags/example_time_delta_sensor_async.py
[2022-07-19 19:23:09,698] {processor.py:641} INFO - Processing file /home/airflow/.local/lib/python3.7/site-packages/airflow/example_dags/example_time_delta_sensor_async.py for tasks to queue
[2022-07-19 19:23:09,720] {logging_mixin.py:115} INFO - [2022-07-19 19:23:09,719] {dagbag.py:508} INFO - Filling up the DagBag from /home/airflow/.local/lib/python3.7/site-packages/airflow/example_dags/example_time_delta_sensor_async.py
[2022-07-19 19:23:09,869] {processor.py:651} INFO - DAG(s) dict_keys(['example_time_delta_sensor_async']) retrieved from /home/airflow/.local/lib/python3.7/site-packages/airflow/example_dags/example_time_delta_sensor_async.py
[2022-07-19 19:23:10,595] {logging_mixin.py:115} INFO - [2022-07-19 19:23:10,595] {dag.py:2420} INFO - Sync 1 DAGs
[2022-07-19 19:23:10,750] {logging_mixin.py:115} INFO - [2022-07-19 19:23:10,750] {dag.py:2972} INFO - Setting next_dagrun for example_time_delta_sensor_async to None, run_after=None
[2022-07-19 19:23:10,885] {processor.py:161} INFO - Processing /home/airflow/.local/lib/python3.7/site-packages/airflow/example_dags/example_time_delta_sensor_async.py took 1.266 seconds
[2022-07-19 19:27:52,895] {processor.py:153} INFO - Started process (PID=106) to work on /home/airflow/.local/lib/python3.7/site-packages/airflow/example_dags/example_time_delta_sensor_async.py
[2022-07-19 19:27:53,376] {processor.py:641} INFO - Processing file /home/airflow/.local/lib/python3.7/site-packages/airflow/example_dags/example_time_delta_sensor_async.py for tasks to queue
[2022-07-19 19:27:53,405] {logging_mixin.py:115} INFO - [2022-07-19 19:27:53,404] {dagbag.py:508} INFO - Filling up the DagBag from /home/airflow/.local/lib/python3.7/site-packages/airflow/example_dags/example_time_delta_sensor_async.py
[2022-07-19 19:27:54,087] {processor.py:651} INFO - DAG(s) dict_keys(['example_time_delta_sensor_async']) retrieved from /home/airflow/.local/lib/python3.7/site-packages/airflow/example_dags/example_time_delta_sensor_async.py
[2022-07-19 19:27:55,166] {logging_mixin.py:115} INFO - [2022-07-19 19:27:55,166] {dag.py:2420} INFO - Sync 1 DAGs
[2022-07-19 19:27:59,583] {logging_mixin.py:115} INFO - [2022-07-19 19:27:59,583] {dag.py:2972} INFO - Setting next_dagrun for example_time_delta_sensor_async to None, run_after=None
[2022-07-19 19:28:00,848] {processor.py:161} INFO - Processing /home/airflow/.local/lib/python3.7/site-packages/airflow/example_dags/example_time_delta_sensor_async.py took 8.229 seconds
[2022-07-19 19:28:49,761] {processor.py:153} INFO - Started process (PID=168) to work on /home/airflow/.local/lib/python3.7/site-packages/airflow/example_dags/example_time_delta_sensor_async.py
[2022-07-19 19:28:49,764] {processor.py:641} INFO - Processing file /home/airflow/.local/lib/python3.7/site-packages/airflow/example_dags/example_time_delta_sensor_async.py for tasks to queue
[2022-07-19 19:28:49,767] {logging_mixin.py:115} INFO - [2022-07-19 19:28:49,766] {dagbag.py:508} INFO - Filling up the DagBag from /home/airflow/.local/lib/python3.7/site-packages/airflow/example_dags/example_time_delta_sensor_async.py
[2022-07-19 19:28:49,792] {processor.py:651} INFO - DAG(s) dict_keys(['example_time_delta_sensor_async']) retrieved from /home/airflow/.local/lib/python3.7/site-packages/airflow/example_dags/example_time_delta_sensor_async.py
[2022-07-19 19:28:50,055] {logging_mixin.py:115} INFO - [2022-07-19 19:28:50,055] {dag.py:2420} INFO - Sync 1 DAGs
[2022-07-19 19:28:50,379] {logging_mixin.py:115} INFO - [2022-07-19 19:28:50,379] {dag.py:2972} INFO - Setting next_dagrun for example_time_delta_sensor_async to None, run_after=None
[2022-07-19 19:28:52,099] {processor.py:161} INFO - Processing /home/airflow/.local/lib/python3.7/site-packages/airflow/example_dags/example_time_delta_sensor_async.py took 2.349 seconds
[2022-07-19 19:29:22,261] {processor.py:153} INFO - Started process (PID=211) to work on /home/airflow/.local/lib/python3.7/site-packages/airflow/example_dags/example_time_delta_sensor_async.py
[2022-07-19 19:29:22,263] {processor.py:641} INFO - Processing file /home/airflow/.local/lib/python3.7/site-packages/airflow/example_dags/example_time_delta_sensor_async.py for tasks to queue
[2022-07-19 19:29:22,265] {logging_mixin.py:115} INFO - [2022-07-19 19:29:22,264] {dagbag.py:508} INFO - Filling up the DagBag from /home/airflow/.local/lib/python3.7/site-packages/airflow/example_dags/example_time_delta_sensor_async.py
[2022-07-19 19:29:22,277] {processor.py:651} INFO - DAG(s) dict_keys(['example_time_delta_sensor_async']) retrieved from /home/airflow/.local/lib/python3.7/site-packages/airflow/example_dags/example_time_delta_sensor_async.py
[2022-07-19 19:29:22,392] {logging_mixin.py:115} INFO - [2022-07-19 19:29:22,392] {dag.py:2420} INFO - Sync 1 DAGs
[2022-07-19 19:29:22,636] {logging_mixin.py:115} INFO - [2022-07-19 19:29:22,636] {dag.py:2972} INFO - Setting next_dagrun for example_time_delta_sensor_async to None, run_after=None
[2022-07-19 19:29:22,920] {processor.py:161} INFO - Processing /home/airflow/.local/lib/python3.7/site-packages/airflow/example_dags/example_time_delta_sensor_async.py took 0.670 seconds
[2022-07-19 19:29:53,906] {processor.py:153} INFO - Started process (PID=263) to work on /home/airflow/.local/lib/python3.7/site-packages/airflow/example_dags/example_time_delta_sensor_async.py
[2022-07-19 19:29:53,907] {processor.py:641} INFO - Processing file /home/airflow/.local/lib/python3.7/site-packages/airflow/example_dags/example_time_delta_sensor_async.py for tasks to queue
[2022-07-19 19:29:53,908] {logging_mixin.py:115} INFO - [2022-07-19 19:29:53,908] {dagbag.py:508} INFO - Filling up the DagBag from /home/airflow/.local/lib/python3.7/site-packages/airflow/example_dags/example_time_delta_sensor_async.py
[2022-07-19 19:29:53,920] {processor.py:651} INFO - DAG(s) dict_keys(['example_time_delta_sensor_async']) retrieved from /home/airflow/.local/lib/python3.7/site-packages/airflow/example_dags/example_time_delta_sensor_async.py
[2022-07-19 19:29:54,021] {logging_mixin.py:115} INFO - [2022-07-19 19:29:54,020] {dag.py:2420} INFO - Sync 1 DAGs
[2022-07-19 19:29:54,232] {logging_mixin.py:115} INFO - [2022-07-19 19:29:54,232] {dag.py:2972} INFO - Setting next_dagrun for example_time_delta_sensor_async to None, run_after=None
[2022-07-19 19:29:54,585] {processor.py:161} INFO - Processing /home/airflow/.local/lib/python3.7/site-packages/airflow/example_dags/example_time_delta_sensor_async.py took 0.685 seconds
[2022-07-19 19:30:33,604] {processor.py:153} INFO - Started process (PID=316) to work on /home/airflow/.local/lib/python3.7/site-packages/airflow/example_dags/example_time_delta_sensor_async.py
[2022-07-19 19:30:33,632] {processor.py:641} INFO - Processing file /home/airflow/.local/lib/python3.7/site-packages/airflow/example_dags/example_time_delta_sensor_async.py for tasks to queue
[2022-07-19 19:30:33,646] {logging_mixin.py:115} INFO - [2022-07-19 19:30:33,646] {dagbag.py:508} INFO - Filling up the DagBag from /home/airflow/.local/lib/python3.7/site-packages/airflow/example_dags/example_time_delta_sensor_async.py
[2022-07-19 19:30:33,686] {processor.py:651} INFO - DAG(s) dict_keys(['example_time_delta_sensor_async']) retrieved from /home/airflow/.local/lib/python3.7/site-packages/airflow/example_dags/example_time_delta_sensor_async.py
[2022-07-19 19:30:33,979] {logging_mixin.py:115} INFO - [2022-07-19 19:30:33,978] {dag.py:2420} INFO - Sync 1 DAGs
[2022-07-19 19:30:34,733] {logging_mixin.py:115} INFO - [2022-07-19 19:30:34,733] {dag.py:2972} INFO - Setting next_dagrun for example_time_delta_sensor_async to None, run_after=None
[2022-07-19 19:30:35,076] {processor.py:161} INFO - Processing /home/airflow/.local/lib/python3.7/site-packages/airflow/example_dags/example_time_delta_sensor_async.py took 1.493 seconds
[2022-07-19 19:31:06,991] {processor.py:153} INFO - Started process (PID=366) to work on /home/airflow/.local/lib/python3.7/site-packages/airflow/example_dags/example_time_delta_sensor_async.py
[2022-07-19 19:31:06,996] {processor.py:641} INFO - Processing file /home/airflow/.local/lib/python3.7/site-packages/airflow/example_dags/example_time_delta_sensor_async.py for tasks to queue
[2022-07-19 19:31:06,998] {logging_mixin.py:115} INFO - [2022-07-19 19:31:06,998] {dagbag.py:508} INFO - Filling up the DagBag from /home/airflow/.local/lib/python3.7/site-packages/airflow/example_dags/example_time_delta_sensor_async.py
[2022-07-19 19:31:07,027] {processor.py:651} INFO - DAG(s) dict_keys(['example_time_delta_sensor_async']) retrieved from /home/airflow/.local/lib/python3.7/site-packages/airflow/example_dags/example_time_delta_sensor_async.py
[2022-07-19 19:31:07,528] {logging_mixin.py:115} INFO - [2022-07-19 19:31:07,528] {dag.py:2420} INFO - Sync 1 DAGs
[2022-07-19 19:31:08,681] {logging_mixin.py:115} INFO - [2022-07-19 19:31:08,681] {dag.py:2972} INFO - Setting next_dagrun for example_time_delta_sensor_async to None, run_after=None
[2022-07-19 19:31:09,921] {processor.py:161} INFO - Processing /home/airflow/.local/lib/python3.7/site-packages/airflow/example_dags/example_time_delta_sensor_async.py took 2.951 seconds
[2022-07-19 19:31:40,573] {processor.py:153} INFO - Started process (PID=410) to work on /home/airflow/.local/lib/python3.7/site-packages/airflow/example_dags/example_time_delta_sensor_async.py
[2022-07-19 19:31:40,575] {processor.py:641} INFO - Processing file /home/airflow/.local/lib/python3.7/site-packages/airflow/example_dags/example_time_delta_sensor_async.py for tasks to queue
[2022-07-19 19:31:40,576] {logging_mixin.py:115} INFO - [2022-07-19 19:31:40,576] {dagbag.py:508} INFO - Filling up the DagBag from /home/airflow/.local/lib/python3.7/site-packages/airflow/example_dags/example_time_delta_sensor_async.py
[2022-07-19 19:31:40,592] {processor.py:651} INFO - DAG(s) dict_keys(['example_time_delta_sensor_async']) retrieved from /home/airflow/.local/lib/python3.7/site-packages/airflow/example_dags/example_time_delta_sensor_async.py
[2022-07-19 19:31:40,695] {logging_mixin.py:115} INFO - [2022-07-19 19:31:40,695] {dag.py:2420} INFO - Sync 1 DAGs
[2022-07-19 19:31:41,099] {logging_mixin.py:115} INFO - [2022-07-19 19:31:41,099] {dag.py:2972} INFO - Setting next_dagrun for example_time_delta_sensor_async to None, run_after=None
[2022-07-19 19:31:41,898] {processor.py:161} INFO - Processing /home/airflow/.local/lib/python3.7/site-packages/airflow/example_dags/example_time_delta_sensor_async.py took 1.332 seconds
[2022-07-19 19:32:12,252] {processor.py:153} INFO - Started process (PID=462) to work on /home/airflow/.local/lib/python3.7/site-packages/airflow/example_dags/example_time_delta_sensor_async.py
[2022-07-19 19:32:12,253] {processor.py:641} INFO - Processing file /home/airflow/.local/lib/python3.7/site-packages/airflow/example_dags/example_time_delta_sensor_async.py for tasks to queue
[2022-07-19 19:32:12,255] {logging_mixin.py:115} INFO - [2022-07-19 19:32:12,254] {dagbag.py:508} INFO - Filling up the DagBag from /home/airflow/.local/lib/python3.7/site-packages/airflow/example_dags/example_time_delta_sensor_async.py
[2022-07-19 19:32:12,265] {processor.py:651} INFO - DAG(s) dict_keys(['example_time_delta_sensor_async']) retrieved from /home/airflow/.local/lib/python3.7/site-packages/airflow/example_dags/example_time_delta_sensor_async.py
[2022-07-19 19:32:12,358] {logging_mixin.py:115} INFO - [2022-07-19 19:32:12,358] {dag.py:2420} INFO - Sync 1 DAGs
[2022-07-19 19:32:12,594] {logging_mixin.py:115} INFO - [2022-07-19 19:32:12,594] {dag.py:2972} INFO - Setting next_dagrun for example_time_delta_sensor_async to None, run_after=None
[2022-07-19 19:32:13,090] {processor.py:161} INFO - Processing /home/airflow/.local/lib/python3.7/site-packages/airflow/example_dags/example_time_delta_sensor_async.py took 0.845 seconds
[2022-07-19 19:32:51,183] {processor.py:153} INFO - Started process (PID=515) to work on /home/airflow/.local/lib/python3.7/site-packages/airflow/example_dags/example_time_delta_sensor_async.py
[2022-07-19 19:32:51,186] {processor.py:641} INFO - Processing file /home/airflow/.local/lib/python3.7/site-packages/airflow/example_dags/example_time_delta_sensor_async.py for tasks to queue
[2022-07-19 19:32:51,190] {logging_mixin.py:115} INFO - [2022-07-19 19:32:51,190] {dagbag.py:508} INFO - Filling up the DagBag from /home/airflow/.local/lib/python3.7/site-packages/airflow/example_dags/example_time_delta_sensor_async.py
[2022-07-19 19:32:51,242] {processor.py:651} INFO - DAG(s) dict_keys(['example_time_delta_sensor_async']) retrieved from /home/airflow/.local/lib/python3.7/site-packages/airflow/example_dags/example_time_delta_sensor_async.py
[2022-07-19 19:32:51,686] {logging_mixin.py:115} INFO - [2022-07-19 19:32:51,678] {dag.py:2420} INFO - Sync 1 DAGs
[2022-07-19 19:32:52,493] {logging_mixin.py:115} INFO - [2022-07-19 19:32:52,493] {dag.py:2972} INFO - Setting next_dagrun for example_time_delta_sensor_async to None, run_after=None
[2022-07-19 19:32:52,711] {processor.py:161} INFO - Processing /home/airflow/.local/lib/python3.7/site-packages/airflow/example_dags/example_time_delta_sensor_async.py took 1.561 seconds
[2022-07-19 19:33:23,270] {processor.py:153} INFO - Started process (PID=558) to work on /home/airflow/.local/lib/python3.7/site-packages/airflow/example_dags/example_time_delta_sensor_async.py
[2022-07-19 19:33:23,272] {processor.py:641} INFO - Processing file /home/airflow/.local/lib/python3.7/site-packages/airflow/example_dags/example_time_delta_sensor_async.py for tasks to queue
[2022-07-19 19:33:23,274] {logging_mixin.py:115} INFO - [2022-07-19 19:33:23,274] {dagbag.py:508} INFO - Filling up the DagBag from /home/airflow/.local/lib/python3.7/site-packages/airflow/example_dags/example_time_delta_sensor_async.py
[2022-07-19 19:33:23,289] {processor.py:651} INFO - DAG(s) dict_keys(['example_time_delta_sensor_async']) retrieved from /home/airflow/.local/lib/python3.7/site-packages/airflow/example_dags/example_time_delta_sensor_async.py
[2022-07-19 19:33:23,391] {logging_mixin.py:115} INFO - [2022-07-19 19:33:23,391] {dag.py:2420} INFO - Sync 1 DAGs
[2022-07-19 19:33:23,663] {logging_mixin.py:115} INFO - [2022-07-19 19:33:23,663] {dag.py:2972} INFO - Setting next_dagrun for example_time_delta_sensor_async to None, run_after=None
[2022-07-19 19:33:24,044] {processor.py:161} INFO - Processing /home/airflow/.local/lib/python3.7/site-packages/airflow/example_dags/example_time_delta_sensor_async.py took 0.783 seconds
[2022-07-19 19:34:08,862] {processor.py:153} INFO - Started process (PID=611) to work on /home/airflow/.local/lib/python3.7/site-packages/airflow/example_dags/example_time_delta_sensor_async.py
[2022-07-19 19:34:08,865] {processor.py:641} INFO - Processing file /home/airflow/.local/lib/python3.7/site-packages/airflow/example_dags/example_time_delta_sensor_async.py for tasks to queue
[2022-07-19 19:34:08,876] {logging_mixin.py:115} INFO - [2022-07-19 19:34:08,875] {dagbag.py:508} INFO - Filling up the DagBag from /home/airflow/.local/lib/python3.7/site-packages/airflow/example_dags/example_time_delta_sensor_async.py
[2022-07-19 19:34:08,923] {processor.py:651} INFO - DAG(s) dict_keys(['example_time_delta_sensor_async']) retrieved from /home/airflow/.local/lib/python3.7/site-packages/airflow/example_dags/example_time_delta_sensor_async.py
[2022-07-19 19:34:09,235] {logging_mixin.py:115} INFO - [2022-07-19 19:34:09,235] {dag.py:2420} INFO - Sync 1 DAGs
[2022-07-19 19:34:09,689] {logging_mixin.py:115} INFO - [2022-07-19 19:34:09,689] {dag.py:2972} INFO - Setting next_dagrun for example_time_delta_sensor_async to None, run_after=None
[2022-07-19 19:34:10,298] {processor.py:161} INFO - Processing /home/airflow/.local/lib/python3.7/site-packages/airflow/example_dags/example_time_delta_sensor_async.py took 1.456 seconds
[2022-07-19 19:35:09,384] {processor.py:153} INFO - Started process (PID=669) to work on /home/airflow/.local/lib/python3.7/site-packages/airflow/example_dags/example_time_delta_sensor_async.py
[2022-07-19 19:35:09,386] {processor.py:641} INFO - Processing file /home/airflow/.local/lib/python3.7/site-packages/airflow/example_dags/example_time_delta_sensor_async.py for tasks to queue
[2022-07-19 19:35:09,390] {logging_mixin.py:115} INFO - [2022-07-19 19:35:09,390] {dagbag.py:508} INFO - Filling up the DagBag from /home/airflow/.local/lib/python3.7/site-packages/airflow/example_dags/example_time_delta_sensor_async.py
[2022-07-19 19:35:09,408] {processor.py:651} INFO - DAG(s) dict_keys(['example_time_delta_sensor_async']) retrieved from /home/airflow/.local/lib/python3.7/site-packages/airflow/example_dags/example_time_delta_sensor_async.py
[2022-07-19 19:35:10,409] {logging_mixin.py:115} INFO - [2022-07-19 19:35:10,409] {dag.py:2420} INFO - Sync 1 DAGs
[2022-07-19 19:35:11,902] {logging_mixin.py:115} INFO - [2022-07-19 19:35:11,902] {dag.py:2972} INFO - Setting next_dagrun for example_time_delta_sensor_async to None, run_after=None
[2022-07-19 19:35:13,029] {processor.py:161} INFO - Processing /home/airflow/.local/lib/python3.7/site-packages/airflow/example_dags/example_time_delta_sensor_async.py took 3.654 seconds
