[2022-07-19 19:18:13,111] {processor.py:153} INFO - Started process (PID=120) to work on /home/airflow/.local/lib/python3.7/site-packages/airflow/example_dags/example_branch_datetime_operator.py
[2022-07-19 19:18:13,124] {processor.py:641} INFO - Processing file /home/airflow/.local/lib/python3.7/site-packages/airflow/example_dags/example_branch_datetime_operator.py for tasks to queue
[2022-07-19 19:18:13,127] {logging_mixin.py:115} INFO - [2022-07-19 19:18:13,126] {dagbag.py:508} INFO - Filling up the DagBag from /home/airflow/.local/lib/python3.7/site-packages/airflow/example_dags/example_branch_datetime_operator.py
[2022-07-19 19:18:13,522] {processor.py:651} INFO - DAG(s) dict_keys(['example_branch_datetime_operator', 'example_branch_datetime_operator_2']) retrieved from /home/airflow/.local/lib/python3.7/site-packages/airflow/example_dags/example_branch_datetime_operator.py
[2022-07-19 19:18:14,074] {logging_mixin.py:115} INFO - [2022-07-19 19:18:14,073] {manager.py:508} INFO - Created Permission View: can delete on DAG:example_branch_datetime_operator
[2022-07-19 19:18:14,339] {logging_mixin.py:115} INFO - [2022-07-19 19:18:14,339] {manager.py:508} INFO - Created Permission View: can edit on DAG:example_branch_datetime_operator
[2022-07-19 19:18:14,484] {logging_mixin.py:115} INFO - [2022-07-19 19:18:14,483] {manager.py:508} INFO - Created Permission View: can read on DAG:example_branch_datetime_operator
[2022-07-19 19:18:14,800] {logging_mixin.py:115} INFO - [2022-07-19 19:18:14,799] {manager.py:508} INFO - Created Permission View: can delete on DAG:example_branch_datetime_operator_2
[2022-07-19 19:18:14,929] {logging_mixin.py:115} INFO - [2022-07-19 19:18:14,928] {manager.py:508} INFO - Created Permission View: can edit on DAG:example_branch_datetime_operator_2
[2022-07-19 19:18:15,053] {logging_mixin.py:115} INFO - [2022-07-19 19:18:15,053] {manager.py:508} INFO - Created Permission View: can read on DAG:example_branch_datetime_operator_2
[2022-07-19 19:18:15,061] {logging_mixin.py:115} INFO - [2022-07-19 19:18:15,061] {dag.py:2420} INFO - Sync 2 DAGs
[2022-07-19 19:18:15,158] {logging_mixin.py:115} INFO - [2022-07-19 19:18:15,158] {dag.py:2439} INFO - Creating ORM DAG for example_branch_datetime_operator
[2022-07-19 19:18:15,160] {logging_mixin.py:115} INFO - [2022-07-19 19:18:15,160] {dag.py:2439} INFO - Creating ORM DAG for example_branch_datetime_operator_2
[2022-07-19 19:18:15,248] {logging_mixin.py:115} INFO - [2022-07-19 19:18:15,247] {dag.py:2972} INFO - Setting next_dagrun for example_branch_datetime_operator to 2022-07-18T00:00:00+00:00, run_after=2022-07-19T00:00:00+00:00
[2022-07-19 19:18:15,284] {logging_mixin.py:115} INFO - [2022-07-19 19:18:15,284] {dag.py:2972} INFO - Setting next_dagrun for example_branch_datetime_operator_2 to 2022-07-18T00:00:00+00:00, run_after=2022-07-19T00:00:00+00:00
[2022-07-19 19:18:15,440] {processor.py:161} INFO - Processing /home/airflow/.local/lib/python3.7/site-packages/airflow/example_dags/example_branch_datetime_operator.py took 2.339 seconds
[2022-07-19 19:18:45,928] {processor.py:153} INFO - Started process (PID=171) to work on /home/airflow/.local/lib/python3.7/site-packages/airflow/example_dags/example_branch_datetime_operator.py
[2022-07-19 19:18:45,999] {processor.py:641} INFO - Processing file /home/airflow/.local/lib/python3.7/site-packages/airflow/example_dags/example_branch_datetime_operator.py for tasks to queue
[2022-07-19 19:18:46,025] {logging_mixin.py:115} INFO - [2022-07-19 19:18:46,024] {dagbag.py:508} INFO - Filling up the DagBag from /home/airflow/.local/lib/python3.7/site-packages/airflow/example_dags/example_branch_datetime_operator.py
[2022-07-19 19:18:46,135] {processor.py:651} INFO - DAG(s) dict_keys(['example_branch_datetime_operator', 'example_branch_datetime_operator_2']) retrieved from /home/airflow/.local/lib/python3.7/site-packages/airflow/example_dags/example_branch_datetime_operator.py
[2022-07-19 19:18:46,380] {logging_mixin.py:115} INFO - [2022-07-19 19:18:46,379] {dag.py:2420} INFO - Sync 2 DAGs
[2022-07-19 19:18:46,984] {logging_mixin.py:115} INFO - [2022-07-19 19:18:46,983] {dag.py:2972} INFO - Setting next_dagrun for example_branch_datetime_operator to 2022-07-18T00:00:00+00:00, run_after=2022-07-19T00:00:00+00:00
[2022-07-19 19:18:47,014] {logging_mixin.py:115} INFO - [2022-07-19 19:18:47,013] {dag.py:2972} INFO - Setting next_dagrun for example_branch_datetime_operator_2 to 2022-07-18T00:00:00+00:00, run_after=2022-07-19T00:00:00+00:00
[2022-07-19 19:18:48,210] {processor.py:161} INFO - Processing /home/airflow/.local/lib/python3.7/site-packages/airflow/example_dags/example_branch_datetime_operator.py took 2.338 seconds
[2022-07-19 19:19:18,575] {processor.py:153} INFO - Started process (PID=217) to work on /home/airflow/.local/lib/python3.7/site-packages/airflow/example_dags/example_branch_datetime_operator.py
[2022-07-19 19:19:18,577] {processor.py:641} INFO - Processing file /home/airflow/.local/lib/python3.7/site-packages/airflow/example_dags/example_branch_datetime_operator.py for tasks to queue
[2022-07-19 19:19:18,578] {logging_mixin.py:115} INFO - [2022-07-19 19:19:18,578] {dagbag.py:508} INFO - Filling up the DagBag from /home/airflow/.local/lib/python3.7/site-packages/airflow/example_dags/example_branch_datetime_operator.py
[2022-07-19 19:19:18,598] {processor.py:651} INFO - DAG(s) dict_keys(['example_branch_datetime_operator', 'example_branch_datetime_operator_2']) retrieved from /home/airflow/.local/lib/python3.7/site-packages/airflow/example_dags/example_branch_datetime_operator.py
[2022-07-19 19:19:18,656] {logging_mixin.py:115} INFO - [2022-07-19 19:19:18,656] {dag.py:2420} INFO - Sync 2 DAGs
[2022-07-19 19:19:18,704] {logging_mixin.py:115} INFO - [2022-07-19 19:19:18,704] {dag.py:2972} INFO - Setting next_dagrun for example_branch_datetime_operator to 2022-07-18T00:00:00+00:00, run_after=2022-07-19T00:00:00+00:00
[2022-07-19 19:19:18,709] {logging_mixin.py:115} INFO - [2022-07-19 19:19:18,709] {dag.py:2972} INFO - Setting next_dagrun for example_branch_datetime_operator_2 to 2022-07-18T00:00:00+00:00, run_after=2022-07-19T00:00:00+00:00
[2022-07-19 19:19:18,889] {processor.py:161} INFO - Processing /home/airflow/.local/lib/python3.7/site-packages/airflow/example_dags/example_branch_datetime_operator.py took 0.320 seconds
[2022-07-19 19:19:49,946] {processor.py:153} INFO - Started process (PID=268) to work on /home/airflow/.local/lib/python3.7/site-packages/airflow/example_dags/example_branch_datetime_operator.py
[2022-07-19 19:19:49,952] {processor.py:641} INFO - Processing file /home/airflow/.local/lib/python3.7/site-packages/airflow/example_dags/example_branch_datetime_operator.py for tasks to queue
[2022-07-19 19:19:49,978] {logging_mixin.py:115} INFO - [2022-07-19 19:19:49,977] {dagbag.py:508} INFO - Filling up the DagBag from /home/airflow/.local/lib/python3.7/site-packages/airflow/example_dags/example_branch_datetime_operator.py
[2022-07-19 19:19:50,140] {processor.py:651} INFO - DAG(s) dict_keys(['example_branch_datetime_operator', 'example_branch_datetime_operator_2']) retrieved from /home/airflow/.local/lib/python3.7/site-packages/airflow/example_dags/example_branch_datetime_operator.py
[2022-07-19 19:19:52,348] {logging_mixin.py:115} INFO - [2022-07-19 19:19:52,348] {dag.py:2420} INFO - Sync 2 DAGs
[2022-07-19 19:19:52,971] {logging_mixin.py:115} INFO - [2022-07-19 19:19:52,970] {dag.py:2972} INFO - Setting next_dagrun for example_branch_datetime_operator to 2022-07-18T00:00:00+00:00, run_after=2022-07-19T00:00:00+00:00
[2022-07-19 19:19:53,151] {logging_mixin.py:115} INFO - [2022-07-19 19:19:53,151] {dag.py:2972} INFO - Setting next_dagrun for example_branch_datetime_operator_2 to 2022-07-18T00:00:00+00:00, run_after=2022-07-19T00:00:00+00:00
[2022-07-19 19:19:53,801] {processor.py:161} INFO - Processing /home/airflow/.local/lib/python3.7/site-packages/airflow/example_dags/example_branch_datetime_operator.py took 4.175 seconds
[2022-07-19 19:20:28,800] {processor.py:153} INFO - Started process (PID=320) to work on /home/airflow/.local/lib/python3.7/site-packages/airflow/example_dags/example_branch_datetime_operator.py
[2022-07-19 19:20:28,802] {processor.py:641} INFO - Processing file /home/airflow/.local/lib/python3.7/site-packages/airflow/example_dags/example_branch_datetime_operator.py for tasks to queue
[2022-07-19 19:20:28,804] {logging_mixin.py:115} INFO - [2022-07-19 19:20:28,804] {dagbag.py:508} INFO - Filling up the DagBag from /home/airflow/.local/lib/python3.7/site-packages/airflow/example_dags/example_branch_datetime_operator.py
[2022-07-19 19:20:28,851] {processor.py:651} INFO - DAG(s) dict_keys(['example_branch_datetime_operator', 'example_branch_datetime_operator_2']) retrieved from /home/airflow/.local/lib/python3.7/site-packages/airflow/example_dags/example_branch_datetime_operator.py
[2022-07-19 19:20:28,937] {logging_mixin.py:115} INFO - [2022-07-19 19:20:28,937] {dag.py:2420} INFO - Sync 2 DAGs
[2022-07-19 19:20:29,003] {logging_mixin.py:115} INFO - [2022-07-19 19:20:29,002] {dag.py:2972} INFO - Setting next_dagrun for example_branch_datetime_operator to 2022-07-18T00:00:00+00:00, run_after=2022-07-19T00:00:00+00:00
[2022-07-19 19:20:29,010] {logging_mixin.py:115} INFO - [2022-07-19 19:20:29,010] {dag.py:2972} INFO - Setting next_dagrun for example_branch_datetime_operator_2 to 2022-07-18T00:00:00+00:00, run_after=2022-07-19T00:00:00+00:00
[2022-07-19 19:20:30,071] {processor.py:161} INFO - Processing /home/airflow/.local/lib/python3.7/site-packages/airflow/example_dags/example_branch_datetime_operator.py took 1.283 seconds
[2022-07-19 19:21:01,969] {processor.py:153} INFO - Started process (PID=370) to work on /home/airflow/.local/lib/python3.7/site-packages/airflow/example_dags/example_branch_datetime_operator.py
[2022-07-19 19:21:01,972] {processor.py:641} INFO - Processing file /home/airflow/.local/lib/python3.7/site-packages/airflow/example_dags/example_branch_datetime_operator.py for tasks to queue
[2022-07-19 19:21:01,974] {logging_mixin.py:115} INFO - [2022-07-19 19:21:01,974] {dagbag.py:508} INFO - Filling up the DagBag from /home/airflow/.local/lib/python3.7/site-packages/airflow/example_dags/example_branch_datetime_operator.py
[2022-07-19 19:21:02,006] {processor.py:651} INFO - DAG(s) dict_keys(['example_branch_datetime_operator', 'example_branch_datetime_operator_2']) retrieved from /home/airflow/.local/lib/python3.7/site-packages/airflow/example_dags/example_branch_datetime_operator.py
[2022-07-19 19:21:02,099] {logging_mixin.py:115} INFO - [2022-07-19 19:21:02,098] {dag.py:2420} INFO - Sync 2 DAGs
[2022-07-19 19:21:02,165] {logging_mixin.py:115} INFO - [2022-07-19 19:21:02,164] {dag.py:2972} INFO - Setting next_dagrun for example_branch_datetime_operator to 2022-07-18T00:00:00+00:00, run_after=2022-07-19T00:00:00+00:00
[2022-07-19 19:21:02,171] {logging_mixin.py:115} INFO - [2022-07-19 19:21:02,171] {dag.py:2972} INFO - Setting next_dagrun for example_branch_datetime_operator_2 to 2022-07-18T00:00:00+00:00, run_after=2022-07-19T00:00:00+00:00
[2022-07-19 19:21:02,572] {processor.py:161} INFO - Processing /home/airflow/.local/lib/python3.7/site-packages/airflow/example_dags/example_branch_datetime_operator.py took 0.611 seconds
[2022-07-19 19:21:33,333] {processor.py:153} INFO - Started process (PID=415) to work on /home/airflow/.local/lib/python3.7/site-packages/airflow/example_dags/example_branch_datetime_operator.py
[2022-07-19 19:21:33,335] {processor.py:641} INFO - Processing file /home/airflow/.local/lib/python3.7/site-packages/airflow/example_dags/example_branch_datetime_operator.py for tasks to queue
[2022-07-19 19:21:33,339] {logging_mixin.py:115} INFO - [2022-07-19 19:21:33,339] {dagbag.py:508} INFO - Filling up the DagBag from /home/airflow/.local/lib/python3.7/site-packages/airflow/example_dags/example_branch_datetime_operator.py
[2022-07-19 19:21:33,375] {processor.py:651} INFO - DAG(s) dict_keys(['example_branch_datetime_operator', 'example_branch_datetime_operator_2']) retrieved from /home/airflow/.local/lib/python3.7/site-packages/airflow/example_dags/example_branch_datetime_operator.py
[2022-07-19 19:21:33,499] {logging_mixin.py:115} INFO - [2022-07-19 19:21:33,498] {dag.py:2420} INFO - Sync 2 DAGs
[2022-07-19 19:21:33,560] {logging_mixin.py:115} INFO - [2022-07-19 19:21:33,560] {dag.py:2972} INFO - Setting next_dagrun for example_branch_datetime_operator to 2022-07-18T00:00:00+00:00, run_after=2022-07-19T00:00:00+00:00
[2022-07-19 19:21:33,567] {logging_mixin.py:115} INFO - [2022-07-19 19:21:33,566] {dag.py:2972} INFO - Setting next_dagrun for example_branch_datetime_operator_2 to 2022-07-18T00:00:00+00:00, run_after=2022-07-19T00:00:00+00:00
[2022-07-19 19:21:33,673] {processor.py:161} INFO - Processing /home/airflow/.local/lib/python3.7/site-packages/airflow/example_dags/example_branch_datetime_operator.py took 0.354 seconds
[2022-07-19 19:22:04,370] {processor.py:153} INFO - Started process (PID=467) to work on /home/airflow/.local/lib/python3.7/site-packages/airflow/example_dags/example_branch_datetime_operator.py
[2022-07-19 19:22:04,372] {processor.py:641} INFO - Processing file /home/airflow/.local/lib/python3.7/site-packages/airflow/example_dags/example_branch_datetime_operator.py for tasks to queue
[2022-07-19 19:22:04,373] {logging_mixin.py:115} INFO - [2022-07-19 19:22:04,373] {dagbag.py:508} INFO - Filling up the DagBag from /home/airflow/.local/lib/python3.7/site-packages/airflow/example_dags/example_branch_datetime_operator.py
[2022-07-19 19:22:04,399] {processor.py:651} INFO - DAG(s) dict_keys(['example_branch_datetime_operator', 'example_branch_datetime_operator_2']) retrieved from /home/airflow/.local/lib/python3.7/site-packages/airflow/example_dags/example_branch_datetime_operator.py
[2022-07-19 19:22:04,523] {logging_mixin.py:115} INFO - [2022-07-19 19:22:04,523] {dag.py:2420} INFO - Sync 2 DAGs
[2022-07-19 19:22:04,625] {logging_mixin.py:115} INFO - [2022-07-19 19:22:04,625] {dag.py:2972} INFO - Setting next_dagrun for example_branch_datetime_operator to 2022-07-18T00:00:00+00:00, run_after=2022-07-19T00:00:00+00:00
[2022-07-19 19:22:04,638] {logging_mixin.py:115} INFO - [2022-07-19 19:22:04,638] {dag.py:2972} INFO - Setting next_dagrun for example_branch_datetime_operator_2 to 2022-07-18T00:00:00+00:00, run_after=2022-07-19T00:00:00+00:00
[2022-07-19 19:22:04,823] {processor.py:161} INFO - Processing /home/airflow/.local/lib/python3.7/site-packages/airflow/example_dags/example_branch_datetime_operator.py took 0.465 seconds
[2022-07-19 19:22:38,777] {processor.py:153} INFO - Started process (PID=519) to work on /home/airflow/.local/lib/python3.7/site-packages/airflow/example_dags/example_branch_datetime_operator.py
[2022-07-19 19:22:38,779] {processor.py:641} INFO - Processing file /home/airflow/.local/lib/python3.7/site-packages/airflow/example_dags/example_branch_datetime_operator.py for tasks to queue
[2022-07-19 19:22:38,781] {logging_mixin.py:115} INFO - [2022-07-19 19:22:38,781] {dagbag.py:508} INFO - Filling up the DagBag from /home/airflow/.local/lib/python3.7/site-packages/airflow/example_dags/example_branch_datetime_operator.py
[2022-07-19 19:22:38,849] {processor.py:651} INFO - DAG(s) dict_keys(['example_branch_datetime_operator', 'example_branch_datetime_operator_2']) retrieved from /home/airflow/.local/lib/python3.7/site-packages/airflow/example_dags/example_branch_datetime_operator.py
[2022-07-19 19:22:39,070] {logging_mixin.py:115} INFO - [2022-07-19 19:22:39,070] {dag.py:2420} INFO - Sync 2 DAGs
[2022-07-19 19:22:39,188] {logging_mixin.py:115} INFO - [2022-07-19 19:22:39,187] {dag.py:2972} INFO - Setting next_dagrun for example_branch_datetime_operator to 2022-07-18T00:00:00+00:00, run_after=2022-07-19T00:00:00+00:00
[2022-07-19 19:22:39,196] {logging_mixin.py:115} INFO - [2022-07-19 19:22:39,196] {dag.py:2972} INFO - Setting next_dagrun for example_branch_datetime_operator_2 to 2022-07-18T00:00:00+00:00, run_after=2022-07-19T00:00:00+00:00
[2022-07-19 19:22:39,492] {processor.py:161} INFO - Processing /home/airflow/.local/lib/python3.7/site-packages/airflow/example_dags/example_branch_datetime_operator.py took 0.739 seconds
[2022-07-19 19:23:10,955] {processor.py:153} INFO - Started process (PID=570) to work on /home/airflow/.local/lib/python3.7/site-packages/airflow/example_dags/example_branch_datetime_operator.py
[2022-07-19 19:23:10,957] {processor.py:641} INFO - Processing file /home/airflow/.local/lib/python3.7/site-packages/airflow/example_dags/example_branch_datetime_operator.py for tasks to queue
[2022-07-19 19:23:10,961] {logging_mixin.py:115} INFO - [2022-07-19 19:23:10,961] {dagbag.py:508} INFO - Filling up the DagBag from /home/airflow/.local/lib/python3.7/site-packages/airflow/example_dags/example_branch_datetime_operator.py
[2022-07-19 19:23:11,020] {processor.py:651} INFO - DAG(s) dict_keys(['example_branch_datetime_operator', 'example_branch_datetime_operator_2']) retrieved from /home/airflow/.local/lib/python3.7/site-packages/airflow/example_dags/example_branch_datetime_operator.py
[2022-07-19 19:23:11,499] {logging_mixin.py:115} INFO - [2022-07-19 19:23:11,499] {dag.py:2420} INFO - Sync 2 DAGs
[2022-07-19 19:23:11,902] {logging_mixin.py:115} INFO - [2022-07-19 19:23:11,901] {dag.py:2972} INFO - Setting next_dagrun for example_branch_datetime_operator to 2022-07-18T00:00:00+00:00, run_after=2022-07-19T00:00:00+00:00
[2022-07-19 19:23:11,921] {logging_mixin.py:115} INFO - [2022-07-19 19:23:11,921] {dag.py:2972} INFO - Setting next_dagrun for example_branch_datetime_operator_2 to 2022-07-18T00:00:00+00:00, run_after=2022-07-19T00:00:00+00:00
[2022-07-19 19:23:12,085] {processor.py:161} INFO - Processing /home/airflow/.local/lib/python3.7/site-packages/airflow/example_dags/example_branch_datetime_operator.py took 1.141 seconds
[2022-07-19 19:28:01,428] {processor.py:153} INFO - Started process (PID=115) to work on /home/airflow/.local/lib/python3.7/site-packages/airflow/example_dags/example_branch_datetime_operator.py
[2022-07-19 19:28:01,663] {processor.py:641} INFO - Processing file /home/airflow/.local/lib/python3.7/site-packages/airflow/example_dags/example_branch_datetime_operator.py for tasks to queue
[2022-07-19 19:28:01,666] {logging_mixin.py:115} INFO - [2022-07-19 19:28:01,665] {dagbag.py:508} INFO - Filling up the DagBag from /home/airflow/.local/lib/python3.7/site-packages/airflow/example_dags/example_branch_datetime_operator.py
[2022-07-19 19:28:01,823] {processor.py:651} INFO - DAG(s) dict_keys(['example_branch_datetime_operator', 'example_branch_datetime_operator_2']) retrieved from /home/airflow/.local/lib/python3.7/site-packages/airflow/example_dags/example_branch_datetime_operator.py
[2022-07-19 19:28:02,571] {logging_mixin.py:115} INFO - [2022-07-19 19:28:02,571] {dag.py:2420} INFO - Sync 2 DAGs
[2022-07-19 19:28:03,929] {logging_mixin.py:115} INFO - [2022-07-19 19:28:03,929] {dag.py:2972} INFO - Setting next_dagrun for example_branch_datetime_operator to 2022-07-18T00:00:00+00:00, run_after=2022-07-19T00:00:00+00:00
[2022-07-19 19:28:03,938] {logging_mixin.py:115} INFO - [2022-07-19 19:28:03,938] {dag.py:2972} INFO - Setting next_dagrun for example_branch_datetime_operator_2 to 2022-07-18T00:00:00+00:00, run_after=2022-07-19T00:00:00+00:00
[2022-07-19 19:28:05,075] {processor.py:161} INFO - Processing /home/airflow/.local/lib/python3.7/site-packages/airflow/example_dags/example_branch_datetime_operator.py took 3.714 seconds
[2022-07-19 19:28:52,652] {processor.py:153} INFO - Started process (PID=170) to work on /home/airflow/.local/lib/python3.7/site-packages/airflow/example_dags/example_branch_datetime_operator.py
[2022-07-19 19:28:52,654] {processor.py:641} INFO - Processing file /home/airflow/.local/lib/python3.7/site-packages/airflow/example_dags/example_branch_datetime_operator.py for tasks to queue
[2022-07-19 19:28:52,656] {logging_mixin.py:115} INFO - [2022-07-19 19:28:52,656] {dagbag.py:508} INFO - Filling up the DagBag from /home/airflow/.local/lib/python3.7/site-packages/airflow/example_dags/example_branch_datetime_operator.py
[2022-07-19 19:28:52,677] {processor.py:651} INFO - DAG(s) dict_keys(['example_branch_datetime_operator', 'example_branch_datetime_operator_2']) retrieved from /home/airflow/.local/lib/python3.7/site-packages/airflow/example_dags/example_branch_datetime_operator.py
[2022-07-19 19:28:52,759] {logging_mixin.py:115} INFO - [2022-07-19 19:28:52,758] {dag.py:2420} INFO - Sync 2 DAGs
[2022-07-19 19:28:53,194] {logging_mixin.py:115} INFO - [2022-07-19 19:28:53,194] {dag.py:2972} INFO - Setting next_dagrun for example_branch_datetime_operator to 2022-07-18T00:00:00+00:00, run_after=2022-07-19T00:00:00+00:00
[2022-07-19 19:28:53,210] {logging_mixin.py:115} INFO - [2022-07-19 19:28:53,210] {dag.py:2972} INFO - Setting next_dagrun for example_branch_datetime_operator_2 to 2022-07-18T00:00:00+00:00, run_after=2022-07-19T00:00:00+00:00
[2022-07-19 19:28:53,848] {processor.py:161} INFO - Processing /home/airflow/.local/lib/python3.7/site-packages/airflow/example_dags/example_branch_datetime_operator.py took 1.203 seconds
[2022-07-19 19:29:23,987] {processor.py:153} INFO - Started process (PID=213) to work on /home/airflow/.local/lib/python3.7/site-packages/airflow/example_dags/example_branch_datetime_operator.py
[2022-07-19 19:29:24,087] {processor.py:641} INFO - Processing file /home/airflow/.local/lib/python3.7/site-packages/airflow/example_dags/example_branch_datetime_operator.py for tasks to queue
[2022-07-19 19:29:24,089] {logging_mixin.py:115} INFO - [2022-07-19 19:29:24,089] {dagbag.py:508} INFO - Filling up the DagBag from /home/airflow/.local/lib/python3.7/site-packages/airflow/example_dags/example_branch_datetime_operator.py
[2022-07-19 19:29:24,127] {processor.py:651} INFO - DAG(s) dict_keys(['example_branch_datetime_operator', 'example_branch_datetime_operator_2']) retrieved from /home/airflow/.local/lib/python3.7/site-packages/airflow/example_dags/example_branch_datetime_operator.py
[2022-07-19 19:29:24,263] {logging_mixin.py:115} INFO - [2022-07-19 19:29:24,263] {dag.py:2420} INFO - Sync 2 DAGs
[2022-07-19 19:29:25,576] {logging_mixin.py:115} INFO - [2022-07-19 19:29:25,576] {dag.py:2972} INFO - Setting next_dagrun for example_branch_datetime_operator to 2022-07-18T00:00:00+00:00, run_after=2022-07-19T00:00:00+00:00
[2022-07-19 19:29:25,621] {logging_mixin.py:115} INFO - [2022-07-19 19:29:25,619] {dag.py:2972} INFO - Setting next_dagrun for example_branch_datetime_operator_2 to 2022-07-18T00:00:00+00:00, run_after=2022-07-19T00:00:00+00:00
[2022-07-19 19:29:26,666] {processor.py:161} INFO - Processing /home/airflow/.local/lib/python3.7/site-packages/airflow/example_dags/example_branch_datetime_operator.py took 2.687 seconds
[2022-07-19 19:29:56,962] {processor.py:153} INFO - Started process (PID=265) to work on /home/airflow/.local/lib/python3.7/site-packages/airflow/example_dags/example_branch_datetime_operator.py
[2022-07-19 19:29:56,964] {processor.py:641} INFO - Processing file /home/airflow/.local/lib/python3.7/site-packages/airflow/example_dags/example_branch_datetime_operator.py for tasks to queue
[2022-07-19 19:29:56,966] {logging_mixin.py:115} INFO - [2022-07-19 19:29:56,966] {dagbag.py:508} INFO - Filling up the DagBag from /home/airflow/.local/lib/python3.7/site-packages/airflow/example_dags/example_branch_datetime_operator.py
[2022-07-19 19:29:56,999] {processor.py:651} INFO - DAG(s) dict_keys(['example_branch_datetime_operator', 'example_branch_datetime_operator_2']) retrieved from /home/airflow/.local/lib/python3.7/site-packages/airflow/example_dags/example_branch_datetime_operator.py
[2022-07-19 19:29:57,096] {logging_mixin.py:115} INFO - [2022-07-19 19:29:57,096] {dag.py:2420} INFO - Sync 2 DAGs
[2022-07-19 19:29:57,470] {logging_mixin.py:115} INFO - [2022-07-19 19:29:57,470] {dag.py:2972} INFO - Setting next_dagrun for example_branch_datetime_operator to 2022-07-18T00:00:00+00:00, run_after=2022-07-19T00:00:00+00:00
[2022-07-19 19:29:57,481] {logging_mixin.py:115} INFO - [2022-07-19 19:29:57,481] {dag.py:2972} INFO - Setting next_dagrun for example_branch_datetime_operator_2 to 2022-07-18T00:00:00+00:00, run_after=2022-07-19T00:00:00+00:00
[2022-07-19 19:29:57,944] {processor.py:161} INFO - Processing /home/airflow/.local/lib/python3.7/site-packages/airflow/example_dags/example_branch_datetime_operator.py took 0.994 seconds
[2022-07-19 19:30:36,885] {processor.py:153} INFO - Started process (PID=319) to work on /home/airflow/.local/lib/python3.7/site-packages/airflow/example_dags/example_branch_datetime_operator.py
[2022-07-19 19:30:36,887] {processor.py:641} INFO - Processing file /home/airflow/.local/lib/python3.7/site-packages/airflow/example_dags/example_branch_datetime_operator.py for tasks to queue
[2022-07-19 19:30:36,889] {logging_mixin.py:115} INFO - [2022-07-19 19:30:36,888] {dagbag.py:508} INFO - Filling up the DagBag from /home/airflow/.local/lib/python3.7/site-packages/airflow/example_dags/example_branch_datetime_operator.py
[2022-07-19 19:30:36,913] {processor.py:651} INFO - DAG(s) dict_keys(['example_branch_datetime_operator', 'example_branch_datetime_operator_2']) retrieved from /home/airflow/.local/lib/python3.7/site-packages/airflow/example_dags/example_branch_datetime_operator.py
[2022-07-19 19:30:36,983] {logging_mixin.py:115} INFO - [2022-07-19 19:30:36,982] {dag.py:2420} INFO - Sync 2 DAGs
[2022-07-19 19:30:37,281] {logging_mixin.py:115} INFO - [2022-07-19 19:30:37,280] {dag.py:2972} INFO - Setting next_dagrun for example_branch_datetime_operator to 2022-07-18T00:00:00+00:00, run_after=2022-07-19T00:00:00+00:00
[2022-07-19 19:30:37,286] {logging_mixin.py:115} INFO - [2022-07-19 19:30:37,285] {dag.py:2972} INFO - Setting next_dagrun for example_branch_datetime_operator_2 to 2022-07-18T00:00:00+00:00, run_after=2022-07-19T00:00:00+00:00
[2022-07-19 19:30:37,538] {processor.py:161} INFO - Processing /home/airflow/.local/lib/python3.7/site-packages/airflow/example_dags/example_branch_datetime_operator.py took 0.661 seconds
[2022-07-19 19:31:11,298] {processor.py:153} INFO - Started process (PID=371) to work on /home/airflow/.local/lib/python3.7/site-packages/airflow/example_dags/example_branch_datetime_operator.py
[2022-07-19 19:31:11,300] {processor.py:641} INFO - Processing file /home/airflow/.local/lib/python3.7/site-packages/airflow/example_dags/example_branch_datetime_operator.py for tasks to queue
[2022-07-19 19:31:11,302] {logging_mixin.py:115} INFO - [2022-07-19 19:31:11,302] {dagbag.py:508} INFO - Filling up the DagBag from /home/airflow/.local/lib/python3.7/site-packages/airflow/example_dags/example_branch_datetime_operator.py
[2022-07-19 19:31:11,343] {processor.py:651} INFO - DAG(s) dict_keys(['example_branch_datetime_operator', 'example_branch_datetime_operator_2']) retrieved from /home/airflow/.local/lib/python3.7/site-packages/airflow/example_dags/example_branch_datetime_operator.py
[2022-07-19 19:31:11,454] {logging_mixin.py:115} INFO - [2022-07-19 19:31:11,454] {dag.py:2420} INFO - Sync 2 DAGs
[2022-07-19 19:31:11,883] {logging_mixin.py:115} INFO - [2022-07-19 19:31:11,883] {dag.py:2972} INFO - Setting next_dagrun for example_branch_datetime_operator to 2022-07-18T00:00:00+00:00, run_after=2022-07-19T00:00:00+00:00
[2022-07-19 19:31:11,888] {logging_mixin.py:115} INFO - [2022-07-19 19:31:11,888] {dag.py:2972} INFO - Setting next_dagrun for example_branch_datetime_operator_2 to 2022-07-18T00:00:00+00:00, run_after=2022-07-19T00:00:00+00:00
[2022-07-19 19:31:12,252] {processor.py:161} INFO - Processing /home/airflow/.local/lib/python3.7/site-packages/airflow/example_dags/example_branch_datetime_operator.py took 0.962 seconds
[2022-07-19 19:31:43,372] {processor.py:153} INFO - Started process (PID=413) to work on /home/airflow/.local/lib/python3.7/site-packages/airflow/example_dags/example_branch_datetime_operator.py
[2022-07-19 19:31:43,402] {processor.py:641} INFO - Processing file /home/airflow/.local/lib/python3.7/site-packages/airflow/example_dags/example_branch_datetime_operator.py for tasks to queue
[2022-07-19 19:31:43,404] {logging_mixin.py:115} INFO - [2022-07-19 19:31:43,403] {dagbag.py:508} INFO - Filling up the DagBag from /home/airflow/.local/lib/python3.7/site-packages/airflow/example_dags/example_branch_datetime_operator.py
[2022-07-19 19:31:43,447] {processor.py:651} INFO - DAG(s) dict_keys(['example_branch_datetime_operator', 'example_branch_datetime_operator_2']) retrieved from /home/airflow/.local/lib/python3.7/site-packages/airflow/example_dags/example_branch_datetime_operator.py
[2022-07-19 19:31:43,551] {logging_mixin.py:115} INFO - [2022-07-19 19:31:43,551] {dag.py:2420} INFO - Sync 2 DAGs
[2022-07-19 19:31:43,872] {logging_mixin.py:115} INFO - [2022-07-19 19:31:43,872] {dag.py:2972} INFO - Setting next_dagrun for example_branch_datetime_operator to 2022-07-18T00:00:00+00:00, run_after=2022-07-19T00:00:00+00:00
[2022-07-19 19:31:43,879] {logging_mixin.py:115} INFO - [2022-07-19 19:31:43,879] {dag.py:2972} INFO - Setting next_dagrun for example_branch_datetime_operator_2 to 2022-07-18T00:00:00+00:00, run_after=2022-07-19T00:00:00+00:00
[2022-07-19 19:31:44,186] {processor.py:161} INFO - Processing /home/airflow/.local/lib/python3.7/site-packages/airflow/example_dags/example_branch_datetime_operator.py took 0.831 seconds
[2022-07-19 19:32:14,324] {processor.py:153} INFO - Started process (PID=465) to work on /home/airflow/.local/lib/python3.7/site-packages/airflow/example_dags/example_branch_datetime_operator.py
[2022-07-19 19:32:14,325] {processor.py:641} INFO - Processing file /home/airflow/.local/lib/python3.7/site-packages/airflow/example_dags/example_branch_datetime_operator.py for tasks to queue
[2022-07-19 19:32:14,327] {logging_mixin.py:115} INFO - [2022-07-19 19:32:14,327] {dagbag.py:508} INFO - Filling up the DagBag from /home/airflow/.local/lib/python3.7/site-packages/airflow/example_dags/example_branch_datetime_operator.py
[2022-07-19 19:32:14,351] {processor.py:651} INFO - DAG(s) dict_keys(['example_branch_datetime_operator', 'example_branch_datetime_operator_2']) retrieved from /home/airflow/.local/lib/python3.7/site-packages/airflow/example_dags/example_branch_datetime_operator.py
[2022-07-19 19:32:14,529] {logging_mixin.py:115} INFO - [2022-07-19 19:32:14,529] {dag.py:2420} INFO - Sync 2 DAGs
[2022-07-19 19:32:14,903] {logging_mixin.py:115} INFO - [2022-07-19 19:32:14,903] {dag.py:2972} INFO - Setting next_dagrun for example_branch_datetime_operator to 2022-07-18T00:00:00+00:00, run_after=2022-07-19T00:00:00+00:00
[2022-07-19 19:32:14,909] {logging_mixin.py:115} INFO - [2022-07-19 19:32:14,909] {dag.py:2972} INFO - Setting next_dagrun for example_branch_datetime_operator_2 to 2022-07-18T00:00:00+00:00, run_after=2022-07-19T00:00:00+00:00
[2022-07-19 19:32:15,222] {processor.py:161} INFO - Processing /home/airflow/.local/lib/python3.7/site-packages/airflow/example_dags/example_branch_datetime_operator.py took 0.907 seconds
[2022-07-19 19:32:52,897] {processor.py:153} INFO - Started process (PID=517) to work on /home/airflow/.local/lib/python3.7/site-packages/airflow/example_dags/example_branch_datetime_operator.py
[2022-07-19 19:32:52,909] {processor.py:641} INFO - Processing file /home/airflow/.local/lib/python3.7/site-packages/airflow/example_dags/example_branch_datetime_operator.py for tasks to queue
[2022-07-19 19:32:52,912] {logging_mixin.py:115} INFO - [2022-07-19 19:32:52,912] {dagbag.py:508} INFO - Filling up the DagBag from /home/airflow/.local/lib/python3.7/site-packages/airflow/example_dags/example_branch_datetime_operator.py
[2022-07-19 19:32:52,987] {processor.py:651} INFO - DAG(s) dict_keys(['example_branch_datetime_operator', 'example_branch_datetime_operator_2']) retrieved from /home/airflow/.local/lib/python3.7/site-packages/airflow/example_dags/example_branch_datetime_operator.py
[2022-07-19 19:32:53,187] {logging_mixin.py:115} INFO - [2022-07-19 19:32:53,186] {dag.py:2420} INFO - Sync 2 DAGs
[2022-07-19 19:32:53,984] {logging_mixin.py:115} INFO - [2022-07-19 19:32:53,984] {dag.py:2972} INFO - Setting next_dagrun for example_branch_datetime_operator to 2022-07-18T00:00:00+00:00, run_after=2022-07-19T00:00:00+00:00
[2022-07-19 19:32:54,000] {logging_mixin.py:115} INFO - [2022-07-19 19:32:54,000] {dag.py:2972} INFO - Setting next_dagrun for example_branch_datetime_operator_2 to 2022-07-18T00:00:00+00:00, run_after=2022-07-19T00:00:00+00:00
[2022-07-19 19:32:54,149] {processor.py:161} INFO - Processing /home/airflow/.local/lib/python3.7/site-packages/airflow/example_dags/example_branch_datetime_operator.py took 1.273 seconds
[2022-07-19 19:33:24,355] {processor.py:153} INFO - Started process (PID=560) to work on /home/airflow/.local/lib/python3.7/site-packages/airflow/example_dags/example_branch_datetime_operator.py
[2022-07-19 19:33:24,356] {processor.py:641} INFO - Processing file /home/airflow/.local/lib/python3.7/site-packages/airflow/example_dags/example_branch_datetime_operator.py for tasks to queue
[2022-07-19 19:33:24,357] {logging_mixin.py:115} INFO - [2022-07-19 19:33:24,357] {dagbag.py:508} INFO - Filling up the DagBag from /home/airflow/.local/lib/python3.7/site-packages/airflow/example_dags/example_branch_datetime_operator.py
[2022-07-19 19:33:24,386] {processor.py:651} INFO - DAG(s) dict_keys(['example_branch_datetime_operator', 'example_branch_datetime_operator_2']) retrieved from /home/airflow/.local/lib/python3.7/site-packages/airflow/example_dags/example_branch_datetime_operator.py
[2022-07-19 19:33:24,461] {logging_mixin.py:115} INFO - [2022-07-19 19:33:24,461] {dag.py:2420} INFO - Sync 2 DAGs
[2022-07-19 19:33:24,730] {logging_mixin.py:115} INFO - [2022-07-19 19:33:24,730] {dag.py:2972} INFO - Setting next_dagrun for example_branch_datetime_operator to 2022-07-18T00:00:00+00:00, run_after=2022-07-19T00:00:00+00:00
[2022-07-19 19:33:24,734] {logging_mixin.py:115} INFO - [2022-07-19 19:33:24,734] {dag.py:2972} INFO - Setting next_dagrun for example_branch_datetime_operator_2 to 2022-07-18T00:00:00+00:00, run_after=2022-07-19T00:00:00+00:00
[2022-07-19 19:33:24,889] {processor.py:161} INFO - Processing /home/airflow/.local/lib/python3.7/site-packages/airflow/example_dags/example_branch_datetime_operator.py took 0.541 seconds
[2022-07-19 19:34:14,718] {processor.py:153} INFO - Started process (PID=613) to work on /home/airflow/.local/lib/python3.7/site-packages/airflow/example_dags/example_branch_datetime_operator.py
[2022-07-19 19:34:14,720] {processor.py:641} INFO - Processing file /home/airflow/.local/lib/python3.7/site-packages/airflow/example_dags/example_branch_datetime_operator.py for tasks to queue
[2022-07-19 19:34:14,723] {logging_mixin.py:115} INFO - [2022-07-19 19:34:14,723] {dagbag.py:508} INFO - Filling up the DagBag from /home/airflow/.local/lib/python3.7/site-packages/airflow/example_dags/example_branch_datetime_operator.py
[2022-07-19 19:34:14,779] {processor.py:651} INFO - DAG(s) dict_keys(['example_branch_datetime_operator', 'example_branch_datetime_operator_2']) retrieved from /home/airflow/.local/lib/python3.7/site-packages/airflow/example_dags/example_branch_datetime_operator.py
[2022-07-19 19:34:14,935] {logging_mixin.py:115} INFO - [2022-07-19 19:34:14,935] {dag.py:2420} INFO - Sync 2 DAGs
[2022-07-19 19:34:15,334] {logging_mixin.py:115} INFO - [2022-07-19 19:34:15,334] {dag.py:2972} INFO - Setting next_dagrun for example_branch_datetime_operator to 2022-07-18T00:00:00+00:00, run_after=2022-07-19T00:00:00+00:00
[2022-07-19 19:34:15,342] {logging_mixin.py:115} INFO - [2022-07-19 19:34:15,342] {dag.py:2972} INFO - Setting next_dagrun for example_branch_datetime_operator_2 to 2022-07-18T00:00:00+00:00, run_after=2022-07-19T00:00:00+00:00
[2022-07-19 19:34:20,211] {processor.py:161} INFO - Processing /home/airflow/.local/lib/python3.7/site-packages/airflow/example_dags/example_branch_datetime_operator.py took 5.519 seconds
[2022-07-19 19:35:14,381] {processor.py:153} INFO - Started process (PID=674) to work on /home/airflow/.local/lib/python3.7/site-packages/airflow/example_dags/example_branch_datetime_operator.py
[2022-07-19 19:35:14,393] {processor.py:641} INFO - Processing file /home/airflow/.local/lib/python3.7/site-packages/airflow/example_dags/example_branch_datetime_operator.py for tasks to queue
[2022-07-19 19:35:14,419] {logging_mixin.py:115} INFO - [2022-07-19 19:35:14,419] {dagbag.py:508} INFO - Filling up the DagBag from /home/airflow/.local/lib/python3.7/site-packages/airflow/example_dags/example_branch_datetime_operator.py
[2022-07-19 19:35:14,637] {processor.py:651} INFO - DAG(s) dict_keys(['example_branch_datetime_operator', 'example_branch_datetime_operator_2']) retrieved from /home/airflow/.local/lib/python3.7/site-packages/airflow/example_dags/example_branch_datetime_operator.py
[2022-07-19 19:35:15,839] {logging_mixin.py:115} INFO - [2022-07-19 19:35:15,839] {dag.py:2420} INFO - Sync 2 DAGs
[2022-07-19 19:35:16,445] {logging_mixin.py:115} INFO - [2022-07-19 19:35:16,445] {dag.py:2972} INFO - Setting next_dagrun for example_branch_datetime_operator to 2022-07-18T00:00:00+00:00, run_after=2022-07-19T00:00:00+00:00
[2022-07-19 19:35:16,481] {logging_mixin.py:115} INFO - [2022-07-19 19:35:16,481] {dag.py:2972} INFO - Setting next_dagrun for example_branch_datetime_operator_2 to 2022-07-18T00:00:00+00:00, run_after=2022-07-19T00:00:00+00:00
[2022-07-19 19:35:18,418] {processor.py:161} INFO - Processing /home/airflow/.local/lib/python3.7/site-packages/airflow/example_dags/example_branch_datetime_operator.py took 4.070 seconds
