[2022-07-19 19:17:58,863] {processor.py:153} INFO - Started process (PID=97) to work on /home/airflow/.local/lib/python3.7/site-packages/airflow/example_dags/example_complex.py
[2022-07-19 19:17:58,864] {processor.py:641} INFO - Processing file /home/airflow/.local/lib/python3.7/site-packages/airflow/example_dags/example_complex.py for tasks to queue
[2022-07-19 19:17:58,865] {logging_mixin.py:115} INFO - [2022-07-19 19:17:58,865] {dagbag.py:508} INFO - Filling up the DagBag from /home/airflow/.local/lib/python3.7/site-packages/airflow/example_dags/example_complex.py
[2022-07-19 19:17:59,058] {processor.py:651} INFO - DAG(s) dict_keys(['example_complex']) retrieved from /home/airflow/.local/lib/python3.7/site-packages/airflow/example_dags/example_complex.py
[2022-07-19 19:17:59,917] {logging_mixin.py:115} INFO - [2022-07-19 19:17:59,917] {manager.py:508} INFO - Created Permission View: can delete on DAG:example_complex
[2022-07-19 19:18:00,205] {logging_mixin.py:115} INFO - [2022-07-19 19:18:00,205] {manager.py:508} INFO - Created Permission View: can edit on DAG:example_complex
[2022-07-19 19:18:00,535] {logging_mixin.py:115} INFO - [2022-07-19 19:18:00,535] {manager.py:508} INFO - Created Permission View: can read on DAG:example_complex
[2022-07-19 19:18:00,537] {logging_mixin.py:115} INFO - [2022-07-19 19:18:00,536] {dag.py:2420} INFO - Sync 1 DAGs
[2022-07-19 19:18:00,581] {logging_mixin.py:115} INFO - [2022-07-19 19:18:00,581] {dag.py:2439} INFO - Creating ORM DAG for example_complex
[2022-07-19 19:18:00,635] {logging_mixin.py:115} INFO - [2022-07-19 19:18:00,634] {dag.py:2972} INFO - Setting next_dagrun for example_complex to None, run_after=None
[2022-07-19 19:18:00,965] {processor.py:161} INFO - Processing /home/airflow/.local/lib/python3.7/site-packages/airflow/example_dags/example_complex.py took 2.112 seconds
[2022-07-19 19:18:31,790] {processor.py:153} INFO - Started process (PID=149) to work on /home/airflow/.local/lib/python3.7/site-packages/airflow/example_dags/example_complex.py
[2022-07-19 19:18:31,791] {processor.py:641} INFO - Processing file /home/airflow/.local/lib/python3.7/site-packages/airflow/example_dags/example_complex.py for tasks to queue
[2022-07-19 19:18:31,799] {logging_mixin.py:115} INFO - [2022-07-19 19:18:31,799] {dagbag.py:508} INFO - Filling up the DagBag from /home/airflow/.local/lib/python3.7/site-packages/airflow/example_dags/example_complex.py
[2022-07-19 19:18:32,000] {processor.py:651} INFO - DAG(s) dict_keys(['example_complex']) retrieved from /home/airflow/.local/lib/python3.7/site-packages/airflow/example_dags/example_complex.py
[2022-07-19 19:18:32,323] {logging_mixin.py:115} INFO - [2022-07-19 19:18:32,323] {dag.py:2420} INFO - Sync 1 DAGs
[2022-07-19 19:18:32,472] {logging_mixin.py:115} INFO - [2022-07-19 19:18:32,472] {dag.py:2972} INFO - Setting next_dagrun for example_complex to None, run_after=None
[2022-07-19 19:18:32,780] {processor.py:161} INFO - Processing /home/airflow/.local/lib/python3.7/site-packages/airflow/example_dags/example_complex.py took 1.044 seconds
[2022-07-19 19:19:03,172] {processor.py:153} INFO - Started process (PID=193) to work on /home/airflow/.local/lib/python3.7/site-packages/airflow/example_dags/example_complex.py
[2022-07-19 19:19:03,174] {processor.py:641} INFO - Processing file /home/airflow/.local/lib/python3.7/site-packages/airflow/example_dags/example_complex.py for tasks to queue
[2022-07-19 19:19:03,176] {logging_mixin.py:115} INFO - [2022-07-19 19:19:03,176] {dagbag.py:508} INFO - Filling up the DagBag from /home/airflow/.local/lib/python3.7/site-packages/airflow/example_dags/example_complex.py
[2022-07-19 19:19:03,233] {processor.py:651} INFO - DAG(s) dict_keys(['example_complex']) retrieved from /home/airflow/.local/lib/python3.7/site-packages/airflow/example_dags/example_complex.py
[2022-07-19 19:19:03,422] {logging_mixin.py:115} INFO - [2022-07-19 19:19:03,422] {dag.py:2420} INFO - Sync 1 DAGs
[2022-07-19 19:19:03,502] {logging_mixin.py:115} INFO - [2022-07-19 19:19:03,502] {dag.py:2972} INFO - Setting next_dagrun for example_complex to None, run_after=None
[2022-07-19 19:19:04,184] {processor.py:161} INFO - Processing /home/airflow/.local/lib/python3.7/site-packages/airflow/example_dags/example_complex.py took 1.024 seconds
[2022-07-19 19:19:34,321] {processor.py:153} INFO - Started process (PID=245) to work on /home/airflow/.local/lib/python3.7/site-packages/airflow/example_dags/example_complex.py
[2022-07-19 19:19:34,323] {processor.py:641} INFO - Processing file /home/airflow/.local/lib/python3.7/site-packages/airflow/example_dags/example_complex.py for tasks to queue
[2022-07-19 19:19:34,324] {logging_mixin.py:115} INFO - [2022-07-19 19:19:34,324] {dagbag.py:508} INFO - Filling up the DagBag from /home/airflow/.local/lib/python3.7/site-packages/airflow/example_dags/example_complex.py
[2022-07-19 19:19:34,359] {processor.py:651} INFO - DAG(s) dict_keys(['example_complex']) retrieved from /home/airflow/.local/lib/python3.7/site-packages/airflow/example_dags/example_complex.py
[2022-07-19 19:19:34,455] {logging_mixin.py:115} INFO - [2022-07-19 19:19:34,455] {dag.py:2420} INFO - Sync 1 DAGs
[2022-07-19 19:19:34,581] {logging_mixin.py:115} INFO - [2022-07-19 19:19:34,581] {dag.py:2972} INFO - Setting next_dagrun for example_complex to None, run_after=None
[2022-07-19 19:19:34,779] {processor.py:161} INFO - Processing /home/airflow/.local/lib/python3.7/site-packages/airflow/example_dags/example_complex.py took 0.464 seconds
[2022-07-19 19:20:12,769] {processor.py:153} INFO - Started process (PID=297) to work on /home/airflow/.local/lib/python3.7/site-packages/airflow/example_dags/example_complex.py
[2022-07-19 19:20:12,771] {processor.py:641} INFO - Processing file /home/airflow/.local/lib/python3.7/site-packages/airflow/example_dags/example_complex.py for tasks to queue
[2022-07-19 19:20:12,773] {logging_mixin.py:115} INFO - [2022-07-19 19:20:12,773] {dagbag.py:508} INFO - Filling up the DagBag from /home/airflow/.local/lib/python3.7/site-packages/airflow/example_dags/example_complex.py
[2022-07-19 19:20:12,866] {processor.py:651} INFO - DAG(s) dict_keys(['example_complex']) retrieved from /home/airflow/.local/lib/python3.7/site-packages/airflow/example_dags/example_complex.py
[2022-07-19 19:20:13,064] {logging_mixin.py:115} INFO - [2022-07-19 19:20:13,064] {dag.py:2420} INFO - Sync 1 DAGs
[2022-07-19 19:20:13,360] {logging_mixin.py:115} INFO - [2022-07-19 19:20:13,360] {dag.py:2972} INFO - Setting next_dagrun for example_complex to None, run_after=None
[2022-07-19 19:20:14,756] {processor.py:161} INFO - Processing /home/airflow/.local/lib/python3.7/site-packages/airflow/example_dags/example_complex.py took 2.011 seconds
[2022-07-19 19:20:45,736] {processor.py:153} INFO - Started process (PID=349) to work on /home/airflow/.local/lib/python3.7/site-packages/airflow/example_dags/example_complex.py
[2022-07-19 19:20:45,738] {processor.py:641} INFO - Processing file /home/airflow/.local/lib/python3.7/site-packages/airflow/example_dags/example_complex.py for tasks to queue
[2022-07-19 19:20:45,749] {logging_mixin.py:115} INFO - [2022-07-19 19:20:45,749] {dagbag.py:508} INFO - Filling up the DagBag from /home/airflow/.local/lib/python3.7/site-packages/airflow/example_dags/example_complex.py
[2022-07-19 19:20:45,815] {processor.py:651} INFO - DAG(s) dict_keys(['example_complex']) retrieved from /home/airflow/.local/lib/python3.7/site-packages/airflow/example_dags/example_complex.py
[2022-07-19 19:20:45,925] {logging_mixin.py:115} INFO - [2022-07-19 19:20:45,925] {dag.py:2420} INFO - Sync 1 DAGs
[2022-07-19 19:20:45,974] {logging_mixin.py:115} INFO - [2022-07-19 19:20:45,973] {dag.py:2972} INFO - Setting next_dagrun for example_complex to None, run_after=None
[2022-07-19 19:20:46,299] {processor.py:161} INFO - Processing /home/airflow/.local/lib/python3.7/site-packages/airflow/example_dags/example_complex.py took 0.574 seconds
[2022-07-19 19:21:16,767] {processor.py:153} INFO - Started process (PID=392) to work on /home/airflow/.local/lib/python3.7/site-packages/airflow/example_dags/example_complex.py
[2022-07-19 19:21:16,769] {processor.py:641} INFO - Processing file /home/airflow/.local/lib/python3.7/site-packages/airflow/example_dags/example_complex.py for tasks to queue
[2022-07-19 19:21:16,771] {logging_mixin.py:115} INFO - [2022-07-19 19:21:16,771] {dagbag.py:508} INFO - Filling up the DagBag from /home/airflow/.local/lib/python3.7/site-packages/airflow/example_dags/example_complex.py
[2022-07-19 19:21:16,867] {processor.py:651} INFO - DAG(s) dict_keys(['example_complex']) retrieved from /home/airflow/.local/lib/python3.7/site-packages/airflow/example_dags/example_complex.py
[2022-07-19 19:21:17,028] {logging_mixin.py:115} INFO - [2022-07-19 19:21:17,027] {dag.py:2420} INFO - Sync 1 DAGs
[2022-07-19 19:21:17,134] {logging_mixin.py:115} INFO - [2022-07-19 19:21:17,133] {dag.py:2972} INFO - Setting next_dagrun for example_complex to None, run_after=None
[2022-07-19 19:21:17,366] {processor.py:161} INFO - Processing /home/airflow/.local/lib/python3.7/site-packages/airflow/example_dags/example_complex.py took 0.619 seconds
[2022-07-19 19:21:52,016] {processor.py:153} INFO - Started process (PID=444) to work on /home/airflow/.local/lib/python3.7/site-packages/airflow/example_dags/example_complex.py
[2022-07-19 19:21:52,021] {processor.py:641} INFO - Processing file /home/airflow/.local/lib/python3.7/site-packages/airflow/example_dags/example_complex.py for tasks to queue
[2022-07-19 19:21:52,040] {logging_mixin.py:115} INFO - [2022-07-19 19:21:52,040] {dagbag.py:508} INFO - Filling up the DagBag from /home/airflow/.local/lib/python3.7/site-packages/airflow/example_dags/example_complex.py
[2022-07-19 19:21:52,114] {processor.py:651} INFO - DAG(s) dict_keys(['example_complex']) retrieved from /home/airflow/.local/lib/python3.7/site-packages/airflow/example_dags/example_complex.py
[2022-07-19 19:21:52,244] {logging_mixin.py:115} INFO - [2022-07-19 19:21:52,243] {dag.py:2420} INFO - Sync 1 DAGs
[2022-07-19 19:21:52,327] {logging_mixin.py:115} INFO - [2022-07-19 19:21:52,326] {dag.py:2972} INFO - Setting next_dagrun for example_complex to None, run_after=None
[2022-07-19 19:21:53,039] {processor.py:161} INFO - Processing /home/airflow/.local/lib/python3.7/site-packages/airflow/example_dags/example_complex.py took 1.064 seconds
[2022-07-19 19:22:25,457] {processor.py:153} INFO - Started process (PID=495) to work on /home/airflow/.local/lib/python3.7/site-packages/airflow/example_dags/example_complex.py
[2022-07-19 19:22:25,474] {processor.py:641} INFO - Processing file /home/airflow/.local/lib/python3.7/site-packages/airflow/example_dags/example_complex.py for tasks to queue
[2022-07-19 19:22:25,480] {logging_mixin.py:115} INFO - [2022-07-19 19:22:25,480] {dagbag.py:508} INFO - Filling up the DagBag from /home/airflow/.local/lib/python3.7/site-packages/airflow/example_dags/example_complex.py
[2022-07-19 19:22:25,644] {processor.py:651} INFO - DAG(s) dict_keys(['example_complex']) retrieved from /home/airflow/.local/lib/python3.7/site-packages/airflow/example_dags/example_complex.py
[2022-07-19 19:22:25,958] {logging_mixin.py:115} INFO - [2022-07-19 19:22:25,958] {dag.py:2420} INFO - Sync 1 DAGs
[2022-07-19 19:22:26,122] {logging_mixin.py:115} INFO - [2022-07-19 19:22:26,122] {dag.py:2972} INFO - Setting next_dagrun for example_complex to None, run_after=None
[2022-07-19 19:22:26,677] {processor.py:161} INFO - Processing /home/airflow/.local/lib/python3.7/site-packages/airflow/example_dags/example_complex.py took 1.269 seconds
[2022-07-19 19:22:56,871] {processor.py:153} INFO - Started process (PID=548) to work on /home/airflow/.local/lib/python3.7/site-packages/airflow/example_dags/example_complex.py
[2022-07-19 19:22:56,873] {processor.py:641} INFO - Processing file /home/airflow/.local/lib/python3.7/site-packages/airflow/example_dags/example_complex.py for tasks to queue
[2022-07-19 19:22:56,876] {logging_mixin.py:115} INFO - [2022-07-19 19:22:56,875] {dagbag.py:508} INFO - Filling up the DagBag from /home/airflow/.local/lib/python3.7/site-packages/airflow/example_dags/example_complex.py
[2022-07-19 19:22:56,926] {processor.py:651} INFO - DAG(s) dict_keys(['example_complex']) retrieved from /home/airflow/.local/lib/python3.7/site-packages/airflow/example_dags/example_complex.py
[2022-07-19 19:22:57,014] {logging_mixin.py:115} INFO - [2022-07-19 19:22:57,013] {dag.py:2420} INFO - Sync 1 DAGs
[2022-07-19 19:22:57,066] {logging_mixin.py:115} INFO - [2022-07-19 19:22:57,066] {dag.py:2972} INFO - Setting next_dagrun for example_complex to None, run_after=None
[2022-07-19 19:22:57,217] {processor.py:161} INFO - Processing /home/airflow/.local/lib/python3.7/site-packages/airflow/example_dags/example_complex.py took 0.355 seconds
[2022-07-19 19:23:29,258] {processor.py:153} INFO - Started process (PID=593) to work on /home/airflow/.local/lib/python3.7/site-packages/airflow/example_dags/example_complex.py
[2022-07-19 19:23:29,281] {processor.py:641} INFO - Processing file /home/airflow/.local/lib/python3.7/site-packages/airflow/example_dags/example_complex.py for tasks to queue
[2022-07-19 19:23:29,283] {logging_mixin.py:115} INFO - [2022-07-19 19:23:29,283] {dagbag.py:508} INFO - Filling up the DagBag from /home/airflow/.local/lib/python3.7/site-packages/airflow/example_dags/example_complex.py
[2022-07-19 19:27:09,379] {processor.py:153} INFO - Started process (PID=75) to work on /home/airflow/.local/lib/python3.7/site-packages/airflow/example_dags/example_complex.py
[2022-07-19 19:27:09,391] {processor.py:641} INFO - Processing file /home/airflow/.local/lib/python3.7/site-packages/airflow/example_dags/example_complex.py for tasks to queue
[2022-07-19 19:27:09,397] {logging_mixin.py:115} INFO - [2022-07-19 19:27:09,396] {dagbag.py:508} INFO - Filling up the DagBag from /home/airflow/.local/lib/python3.7/site-packages/airflow/example_dags/example_complex.py
[2022-07-19 19:27:09,796] {processor.py:651} INFO - DAG(s) dict_keys(['example_complex']) retrieved from /home/airflow/.local/lib/python3.7/site-packages/airflow/example_dags/example_complex.py
[2022-07-19 19:27:10,351] {logging_mixin.py:115} INFO - [2022-07-19 19:27:10,351] {dag.py:2420} INFO - Sync 1 DAGs
[2022-07-19 19:27:11,938] {logging_mixin.py:115} INFO - [2022-07-19 19:27:11,936] {dag.py:2972} INFO - Setting next_dagrun for example_complex to None, run_after=None
[2022-07-19 19:27:12,520] {processor.py:161} INFO - Processing /home/airflow/.local/lib/python3.7/site-packages/airflow/example_dags/example_complex.py took 3.165 seconds
[2022-07-19 19:28:31,138] {processor.py:153} INFO - Started process (PID=146) to work on /home/airflow/.local/lib/python3.7/site-packages/airflow/example_dags/example_complex.py
[2022-07-19 19:28:31,143] {processor.py:641} INFO - Processing file /home/airflow/.local/lib/python3.7/site-packages/airflow/example_dags/example_complex.py for tasks to queue
[2022-07-19 19:28:31,155] {logging_mixin.py:115} INFO - [2022-07-19 19:28:31,155] {dagbag.py:508} INFO - Filling up the DagBag from /home/airflow/.local/lib/python3.7/site-packages/airflow/example_dags/example_complex.py
[2022-07-19 19:28:31,276] {processor.py:651} INFO - DAG(s) dict_keys(['example_complex']) retrieved from /home/airflow/.local/lib/python3.7/site-packages/airflow/example_dags/example_complex.py
[2022-07-19 19:28:31,421] {logging_mixin.py:115} INFO - [2022-07-19 19:28:31,420] {dag.py:2420} INFO - Sync 1 DAGs
[2022-07-19 19:28:31,814] {logging_mixin.py:115} INFO - [2022-07-19 19:28:31,814] {dag.py:2972} INFO - Setting next_dagrun for example_complex to None, run_after=None
[2022-07-19 19:28:32,991] {processor.py:161} INFO - Processing /home/airflow/.local/lib/python3.7/site-packages/airflow/example_dags/example_complex.py took 1.867 seconds
[2022-07-19 19:29:11,227] {processor.py:153} INFO - Started process (PID=199) to work on /home/airflow/.local/lib/python3.7/site-packages/airflow/example_dags/example_complex.py
[2022-07-19 19:29:11,229] {processor.py:641} INFO - Processing file /home/airflow/.local/lib/python3.7/site-packages/airflow/example_dags/example_complex.py for tasks to queue
[2022-07-19 19:29:11,230] {logging_mixin.py:115} INFO - [2022-07-19 19:29:11,230] {dagbag.py:508} INFO - Filling up the DagBag from /home/airflow/.local/lib/python3.7/site-packages/airflow/example_dags/example_complex.py
[2022-07-19 19:29:11,623] {processor.py:651} INFO - DAG(s) dict_keys(['example_complex']) retrieved from /home/airflow/.local/lib/python3.7/site-packages/airflow/example_dags/example_complex.py
[2022-07-19 19:29:11,717] {logging_mixin.py:115} INFO - [2022-07-19 19:29:11,717] {dag.py:2420} INFO - Sync 1 DAGs
[2022-07-19 19:29:12,090] {logging_mixin.py:115} INFO - [2022-07-19 19:29:12,090] {dag.py:2972} INFO - Setting next_dagrun for example_complex to None, run_after=None
[2022-07-19 19:29:12,865] {processor.py:161} INFO - Processing /home/airflow/.local/lib/python3.7/site-packages/airflow/example_dags/example_complex.py took 1.644 seconds
[2022-07-19 19:29:43,374] {processor.py:153} INFO - Started process (PID=242) to work on /home/airflow/.local/lib/python3.7/site-packages/airflow/example_dags/example_complex.py
[2022-07-19 19:29:43,445] {processor.py:641} INFO - Processing file /home/airflow/.local/lib/python3.7/site-packages/airflow/example_dags/example_complex.py for tasks to queue
[2022-07-19 19:29:43,447] {logging_mixin.py:115} INFO - [2022-07-19 19:29:43,447] {dagbag.py:508} INFO - Filling up the DagBag from /home/airflow/.local/lib/python3.7/site-packages/airflow/example_dags/example_complex.py
[2022-07-19 19:29:43,517] {processor.py:651} INFO - DAG(s) dict_keys(['example_complex']) retrieved from /home/airflow/.local/lib/python3.7/site-packages/airflow/example_dags/example_complex.py
[2022-07-19 19:29:43,659] {logging_mixin.py:115} INFO - [2022-07-19 19:29:43,658] {dag.py:2420} INFO - Sync 1 DAGs
[2022-07-19 19:29:44,180] {logging_mixin.py:115} INFO - [2022-07-19 19:29:44,180] {dag.py:2972} INFO - Setting next_dagrun for example_complex to None, run_after=None
[2022-07-19 19:29:44,990] {processor.py:161} INFO - Processing /home/airflow/.local/lib/python3.7/site-packages/airflow/example_dags/example_complex.py took 1.627 seconds
[2022-07-19 19:30:16,095] {processor.py:153} INFO - Started process (PID=294) to work on /home/airflow/.local/lib/python3.7/site-packages/airflow/example_dags/example_complex.py
[2022-07-19 19:30:16,097] {processor.py:641} INFO - Processing file /home/airflow/.local/lib/python3.7/site-packages/airflow/example_dags/example_complex.py for tasks to queue
[2022-07-19 19:30:16,099] {logging_mixin.py:115} INFO - [2022-07-19 19:30:16,098] {dagbag.py:508} INFO - Filling up the DagBag from /home/airflow/.local/lib/python3.7/site-packages/airflow/example_dags/example_complex.py
[2022-07-19 19:30:16,150] {processor.py:651} INFO - DAG(s) dict_keys(['example_complex']) retrieved from /home/airflow/.local/lib/python3.7/site-packages/airflow/example_dags/example_complex.py
[2022-07-19 19:30:16,293] {logging_mixin.py:115} INFO - [2022-07-19 19:30:16,293] {dag.py:2420} INFO - Sync 1 DAGs
[2022-07-19 19:30:17,529] {logging_mixin.py:115} INFO - [2022-07-19 19:30:17,529] {dag.py:2972} INFO - Setting next_dagrun for example_complex to None, run_after=None
[2022-07-19 19:30:19,067] {processor.py:161} INFO - Processing /home/airflow/.local/lib/python3.7/site-packages/airflow/example_dags/example_complex.py took 2.980 seconds
[2022-07-19 19:30:49,680] {processor.py:153} INFO - Started process (PID=346) to work on /home/airflow/.local/lib/python3.7/site-packages/airflow/example_dags/example_complex.py
[2022-07-19 19:30:49,682] {processor.py:641} INFO - Processing file /home/airflow/.local/lib/python3.7/site-packages/airflow/example_dags/example_complex.py for tasks to queue
[2022-07-19 19:30:49,684] {logging_mixin.py:115} INFO - [2022-07-19 19:30:49,683] {dagbag.py:508} INFO - Filling up the DagBag from /home/airflow/.local/lib/python3.7/site-packages/airflow/example_dags/example_complex.py
[2022-07-19 19:30:49,724] {processor.py:651} INFO - DAG(s) dict_keys(['example_complex']) retrieved from /home/airflow/.local/lib/python3.7/site-packages/airflow/example_dags/example_complex.py
[2022-07-19 19:30:49,885] {logging_mixin.py:115} INFO - [2022-07-19 19:30:49,885] {dag.py:2420} INFO - Sync 1 DAGs
[2022-07-19 19:30:50,440] {logging_mixin.py:115} INFO - [2022-07-19 19:30:50,440] {dag.py:2972} INFO - Setting next_dagrun for example_complex to None, run_after=None
[2022-07-19 19:30:51,121] {processor.py:161} INFO - Processing /home/airflow/.local/lib/python3.7/site-packages/airflow/example_dags/example_complex.py took 1.439 seconds
[2022-07-19 19:31:21,511] {processor.py:153} INFO - Started process (PID=389) to work on /home/airflow/.local/lib/python3.7/site-packages/airflow/example_dags/example_complex.py
[2022-07-19 19:31:21,513] {processor.py:641} INFO - Processing file /home/airflow/.local/lib/python3.7/site-packages/airflow/example_dags/example_complex.py for tasks to queue
[2022-07-19 19:31:21,514] {logging_mixin.py:115} INFO - [2022-07-19 19:31:21,514] {dagbag.py:508} INFO - Filling up the DagBag from /home/airflow/.local/lib/python3.7/site-packages/airflow/example_dags/example_complex.py
[2022-07-19 19:31:21,541] {processor.py:651} INFO - DAG(s) dict_keys(['example_complex']) retrieved from /home/airflow/.local/lib/python3.7/site-packages/airflow/example_dags/example_complex.py
[2022-07-19 19:31:21,608] {logging_mixin.py:115} INFO - [2022-07-19 19:31:21,608] {dag.py:2420} INFO - Sync 1 DAGs
[2022-07-19 19:31:21,816] {logging_mixin.py:115} INFO - [2022-07-19 19:31:21,816] {dag.py:2972} INFO - Setting next_dagrun for example_complex to None, run_after=None
[2022-07-19 19:31:22,375] {processor.py:161} INFO - Processing /home/airflow/.local/lib/python3.7/site-packages/airflow/example_dags/example_complex.py took 0.873 seconds
[2022-07-19 19:31:57,728] {processor.py:153} INFO - Started process (PID=441) to work on /home/airflow/.local/lib/python3.7/site-packages/airflow/example_dags/example_complex.py
[2022-07-19 19:31:57,732] {processor.py:641} INFO - Processing file /home/airflow/.local/lib/python3.7/site-packages/airflow/example_dags/example_complex.py for tasks to queue
[2022-07-19 19:31:57,734] {logging_mixin.py:115} INFO - [2022-07-19 19:31:57,733] {dagbag.py:508} INFO - Filling up the DagBag from /home/airflow/.local/lib/python3.7/site-packages/airflow/example_dags/example_complex.py
[2022-07-19 19:31:57,776] {processor.py:651} INFO - DAG(s) dict_keys(['example_complex']) retrieved from /home/airflow/.local/lib/python3.7/site-packages/airflow/example_dags/example_complex.py
[2022-07-19 19:31:57,845] {logging_mixin.py:115} INFO - [2022-07-19 19:31:57,844] {dag.py:2420} INFO - Sync 1 DAGs
[2022-07-19 19:31:58,073] {logging_mixin.py:115} INFO - [2022-07-19 19:31:58,072] {dag.py:2972} INFO - Setting next_dagrun for example_complex to None, run_after=None
[2022-07-19 19:31:58,585] {processor.py:161} INFO - Processing /home/airflow/.local/lib/python3.7/site-packages/airflow/example_dags/example_complex.py took 0.865 seconds
[2022-07-19 19:32:36,229] {processor.py:153} INFO - Started process (PID=493) to work on /home/airflow/.local/lib/python3.7/site-packages/airflow/example_dags/example_complex.py
[2022-07-19 19:32:36,241] {processor.py:641} INFO - Processing file /home/airflow/.local/lib/python3.7/site-packages/airflow/example_dags/example_complex.py for tasks to queue
[2022-07-19 19:32:36,252] {logging_mixin.py:115} INFO - [2022-07-19 19:32:36,252] {dagbag.py:508} INFO - Filling up the DagBag from /home/airflow/.local/lib/python3.7/site-packages/airflow/example_dags/example_complex.py
[2022-07-19 19:32:36,556] {processor.py:651} INFO - DAG(s) dict_keys(['example_complex']) retrieved from /home/airflow/.local/lib/python3.7/site-packages/airflow/example_dags/example_complex.py
[2022-07-19 19:32:36,896] {logging_mixin.py:115} INFO - [2022-07-19 19:32:36,885] {dag.py:2420} INFO - Sync 1 DAGs
[2022-07-19 19:32:37,957] {logging_mixin.py:115} INFO - [2022-07-19 19:32:37,956] {dag.py:2972} INFO - Setting next_dagrun for example_complex to None, run_after=None
[2022-07-19 19:32:38,192] {processor.py:161} INFO - Processing /home/airflow/.local/lib/python3.7/site-packages/airflow/example_dags/example_complex.py took 1.988 seconds
[2022-07-19 19:33:09,469] {processor.py:153} INFO - Started process (PID=545) to work on /home/airflow/.local/lib/python3.7/site-packages/airflow/example_dags/example_complex.py
[2022-07-19 19:33:09,515] {processor.py:641} INFO - Processing file /home/airflow/.local/lib/python3.7/site-packages/airflow/example_dags/example_complex.py for tasks to queue
[2022-07-19 19:33:09,547] {logging_mixin.py:115} INFO - [2022-07-19 19:33:09,547] {dagbag.py:508} INFO - Filling up the DagBag from /home/airflow/.local/lib/python3.7/site-packages/airflow/example_dags/example_complex.py
[2022-07-19 19:33:09,759] {processor.py:651} INFO - DAG(s) dict_keys(['example_complex']) retrieved from /home/airflow/.local/lib/python3.7/site-packages/airflow/example_dags/example_complex.py
[2022-07-19 19:33:10,221] {logging_mixin.py:115} INFO - [2022-07-19 19:33:10,220] {dag.py:2420} INFO - Sync 1 DAGs
[2022-07-19 19:33:11,217] {logging_mixin.py:115} INFO - [2022-07-19 19:33:11,217] {dag.py:2972} INFO - Setting next_dagrun for example_complex to None, run_after=None
[2022-07-19 19:33:11,418] {processor.py:161} INFO - Processing /home/airflow/.local/lib/python3.7/site-packages/airflow/example_dags/example_complex.py took 1.972 seconds
[2022-07-19 19:33:43,984] {processor.py:153} INFO - Started process (PID=588) to work on /home/airflow/.local/lib/python3.7/site-packages/airflow/example_dags/example_complex.py
[2022-07-19 19:33:43,985] {processor.py:641} INFO - Processing file /home/airflow/.local/lib/python3.7/site-packages/airflow/example_dags/example_complex.py for tasks to queue
[2022-07-19 19:33:43,988] {logging_mixin.py:115} INFO - [2022-07-19 19:33:43,988] {dagbag.py:508} INFO - Filling up the DagBag from /home/airflow/.local/lib/python3.7/site-packages/airflow/example_dags/example_complex.py
[2022-07-19 19:33:44,039] {processor.py:651} INFO - DAG(s) dict_keys(['example_complex']) retrieved from /home/airflow/.local/lib/python3.7/site-packages/airflow/example_dags/example_complex.py
[2022-07-19 19:33:44,221] {logging_mixin.py:115} INFO - [2022-07-19 19:33:44,221] {dag.py:2420} INFO - Sync 1 DAGs
[2022-07-19 19:33:44,765] {logging_mixin.py:115} INFO - [2022-07-19 19:33:44,765] {dag.py:2972} INFO - Setting next_dagrun for example_complex to None, run_after=None
[2022-07-19 19:33:45,075] {processor.py:161} INFO - Processing /home/airflow/.local/lib/python3.7/site-packages/airflow/example_dags/example_complex.py took 1.098 seconds
[2022-07-19 19:34:33,715] {processor.py:153} INFO - Started process (PID=629) to work on /home/airflow/.local/lib/python3.7/site-packages/airflow/example_dags/example_complex.py
[2022-07-19 19:34:33,725] {processor.py:641} INFO - Processing file /home/airflow/.local/lib/python3.7/site-packages/airflow/example_dags/example_complex.py for tasks to queue
[2022-07-19 19:34:33,730] {logging_mixin.py:115} INFO - [2022-07-19 19:34:33,730] {dagbag.py:508} INFO - Filling up the DagBag from /home/airflow/.local/lib/python3.7/site-packages/airflow/example_dags/example_complex.py
[2022-07-19 19:34:33,967] {processor.py:651} INFO - DAG(s) dict_keys(['example_complex']) retrieved from /home/airflow/.local/lib/python3.7/site-packages/airflow/example_dags/example_complex.py
[2022-07-19 19:34:34,099] {logging_mixin.py:115} INFO - [2022-07-19 19:34:34,099] {dag.py:2420} INFO - Sync 1 DAGs
[2022-07-19 19:34:34,519] {logging_mixin.py:115} INFO - [2022-07-19 19:34:34,513] {dag.py:2972} INFO - Setting next_dagrun for example_complex to None, run_after=None
[2022-07-19 19:34:36,781] {processor.py:161} INFO - Processing /home/airflow/.local/lib/python3.7/site-packages/airflow/example_dags/example_complex.py took 3.086 seconds
[2022-07-19 19:35:25,413] {processor.py:153} INFO - Started process (PID=681) to work on /home/airflow/.local/lib/python3.7/site-packages/airflow/example_dags/example_complex.py
[2022-07-19 19:35:25,433] {processor.py:641} INFO - Processing file /home/airflow/.local/lib/python3.7/site-packages/airflow/example_dags/example_complex.py for tasks to queue
[2022-07-19 19:35:25,437] {logging_mixin.py:115} INFO - [2022-07-19 19:35:25,437] {dagbag.py:508} INFO - Filling up the DagBag from /home/airflow/.local/lib/python3.7/site-packages/airflow/example_dags/example_complex.py
[2022-07-19 19:35:25,510] {processor.py:651} INFO - DAG(s) dict_keys(['example_complex']) retrieved from /home/airflow/.local/lib/python3.7/site-packages/airflow/example_dags/example_complex.py
[2022-07-19 19:35:25,613] {logging_mixin.py:115} INFO - [2022-07-19 19:35:25,613] {dag.py:2420} INFO - Sync 1 DAGs
[2022-07-19 19:35:26,460] {logging_mixin.py:115} INFO - [2022-07-19 19:35:26,459] {dag.py:2972} INFO - Setting next_dagrun for example_complex to None, run_after=None
[2022-07-19 19:35:29,343] {processor.py:161} INFO - Processing /home/airflow/.local/lib/python3.7/site-packages/airflow/example_dags/example_complex.py took 4.212 seconds
