[2022-07-19 19:18:15,579] {processor.py:153} INFO - Started process (PID=122) to work on /home/airflow/.local/lib/python3.7/site-packages/airflow/example_dags/example_branch_python_dop_operator_3.py
[2022-07-19 19:18:15,581] {processor.py:641} INFO - Processing file /home/airflow/.local/lib/python3.7/site-packages/airflow/example_dags/example_branch_python_dop_operator_3.py for tasks to queue
[2022-07-19 19:18:15,584] {logging_mixin.py:115} INFO - [2022-07-19 19:18:15,584] {dagbag.py:508} INFO - Filling up the DagBag from /home/airflow/.local/lib/python3.7/site-packages/airflow/example_dags/example_branch_python_dop_operator_3.py
[2022-07-19 19:18:15,658] {processor.py:651} INFO - DAG(s) dict_keys(['example_branch_dop_operator_v3']) retrieved from /home/airflow/.local/lib/python3.7/site-packages/airflow/example_dags/example_branch_python_dop_operator_3.py
[2022-07-19 19:18:16,626] {logging_mixin.py:115} INFO - [2022-07-19 19:18:16,626] {manager.py:508} INFO - Created Permission View: can delete on DAG:example_branch_dop_operator_v3
[2022-07-19 19:18:16,817] {logging_mixin.py:115} INFO - [2022-07-19 19:18:16,816] {manager.py:508} INFO - Created Permission View: can edit on DAG:example_branch_dop_operator_v3
[2022-07-19 19:18:17,042] {logging_mixin.py:115} INFO - [2022-07-19 19:18:17,041] {manager.py:508} INFO - Created Permission View: can read on DAG:example_branch_dop_operator_v3
[2022-07-19 19:18:17,043] {logging_mixin.py:115} INFO - [2022-07-19 19:18:17,042] {dag.py:2420} INFO - Sync 1 DAGs
[2022-07-19 19:18:17,097] {logging_mixin.py:115} INFO - [2022-07-19 19:18:17,097] {dag.py:2439} INFO - Creating ORM DAG for example_branch_dop_operator_v3
[2022-07-19 19:18:17,214] {logging_mixin.py:115} INFO - [2022-07-19 19:18:17,214] {dag.py:2972} INFO - Setting next_dagrun for example_branch_dop_operator_v3 to 2022-07-19T19:17:00+00:00, run_after=2022-07-19T19:18:00+00:00
[2022-07-19 19:18:17,500] {processor.py:161} INFO - Processing /home/airflow/.local/lib/python3.7/site-packages/airflow/example_dags/example_branch_python_dop_operator_3.py took 1.937 seconds
[2022-07-19 19:18:48,462] {processor.py:153} INFO - Started process (PID=175) to work on /home/airflow/.local/lib/python3.7/site-packages/airflow/example_dags/example_branch_python_dop_operator_3.py
[2022-07-19 19:18:48,466] {processor.py:641} INFO - Processing file /home/airflow/.local/lib/python3.7/site-packages/airflow/example_dags/example_branch_python_dop_operator_3.py for tasks to queue
[2022-07-19 19:18:48,470] {logging_mixin.py:115} INFO - [2022-07-19 19:18:48,469] {dagbag.py:508} INFO - Filling up the DagBag from /home/airflow/.local/lib/python3.7/site-packages/airflow/example_dags/example_branch_python_dop_operator_3.py
[2022-07-19 19:18:48,538] {processor.py:651} INFO - DAG(s) dict_keys(['example_branch_dop_operator_v3']) retrieved from /home/airflow/.local/lib/python3.7/site-packages/airflow/example_dags/example_branch_python_dop_operator_3.py
[2022-07-19 19:18:48,669] {logging_mixin.py:115} INFO - [2022-07-19 19:18:48,668] {dag.py:2420} INFO - Sync 1 DAGs
[2022-07-19 19:18:48,800] {logging_mixin.py:115} INFO - [2022-07-19 19:18:48,800] {dag.py:2972} INFO - Setting next_dagrun for example_branch_dop_operator_v3 to 2022-07-19T19:17:00+00:00, run_after=2022-07-19T19:18:00+00:00
[2022-07-19 19:18:50,410] {processor.py:161} INFO - Processing /home/airflow/.local/lib/python3.7/site-packages/airflow/example_dags/example_branch_python_dop_operator_3.py took 1.972 seconds
[2022-07-19 19:19:20,705] {processor.py:153} INFO - Started process (PID=219) to work on /home/airflow/.local/lib/python3.7/site-packages/airflow/example_dags/example_branch_python_dop_operator_3.py
[2022-07-19 19:19:20,707] {processor.py:641} INFO - Processing file /home/airflow/.local/lib/python3.7/site-packages/airflow/example_dags/example_branch_python_dop_operator_3.py for tasks to queue
[2022-07-19 19:19:20,709] {logging_mixin.py:115} INFO - [2022-07-19 19:19:20,709] {dagbag.py:508} INFO - Filling up the DagBag from /home/airflow/.local/lib/python3.7/site-packages/airflow/example_dags/example_branch_python_dop_operator_3.py
[2022-07-19 19:19:20,740] {processor.py:651} INFO - DAG(s) dict_keys(['example_branch_dop_operator_v3']) retrieved from /home/airflow/.local/lib/python3.7/site-packages/airflow/example_dags/example_branch_python_dop_operator_3.py
[2022-07-19 19:19:20,812] {logging_mixin.py:115} INFO - [2022-07-19 19:19:20,812] {dag.py:2420} INFO - Sync 1 DAGs
[2022-07-19 19:19:21,010] {logging_mixin.py:115} INFO - [2022-07-19 19:19:21,010] {dag.py:2972} INFO - Setting next_dagrun for example_branch_dop_operator_v3 to 2022-07-19T19:18:00+00:00, run_after=2022-07-19T19:19:00+00:00
[2022-07-19 19:19:21,692] {processor.py:161} INFO - Processing /home/airflow/.local/lib/python3.7/site-packages/airflow/example_dags/example_branch_python_dop_operator_3.py took 0.996 seconds
[2022-07-19 19:19:54,344] {processor.py:153} INFO - Started process (PID=270) to work on /home/airflow/.local/lib/python3.7/site-packages/airflow/example_dags/example_branch_python_dop_operator_3.py
[2022-07-19 19:19:54,346] {processor.py:641} INFO - Processing file /home/airflow/.local/lib/python3.7/site-packages/airflow/example_dags/example_branch_python_dop_operator_3.py for tasks to queue
[2022-07-19 19:19:54,347] {logging_mixin.py:115} INFO - [2022-07-19 19:19:54,347] {dagbag.py:508} INFO - Filling up the DagBag from /home/airflow/.local/lib/python3.7/site-packages/airflow/example_dags/example_branch_python_dop_operator_3.py
[2022-07-19 19:19:54,458] {processor.py:651} INFO - DAG(s) dict_keys(['example_branch_dop_operator_v3']) retrieved from /home/airflow/.local/lib/python3.7/site-packages/airflow/example_dags/example_branch_python_dop_operator_3.py
[2022-07-19 19:19:54,950] {logging_mixin.py:115} INFO - [2022-07-19 19:19:54,949] {dag.py:2420} INFO - Sync 1 DAGs
[2022-07-19 19:19:55,047] {logging_mixin.py:115} INFO - [2022-07-19 19:19:55,047] {dag.py:2972} INFO - Setting next_dagrun for example_branch_dop_operator_v3 to 2022-07-19T19:18:00+00:00, run_after=2022-07-19T19:19:00+00:00
[2022-07-19 19:19:55,893] {processor.py:161} INFO - Processing /home/airflow/.local/lib/python3.7/site-packages/airflow/example_dags/example_branch_python_dop_operator_3.py took 1.561 seconds
[2022-07-19 19:20:30,349] {processor.py:153} INFO - Started process (PID=322) to work on /home/airflow/.local/lib/python3.7/site-packages/airflow/example_dags/example_branch_python_dop_operator_3.py
[2022-07-19 19:20:30,426] {processor.py:641} INFO - Processing file /home/airflow/.local/lib/python3.7/site-packages/airflow/example_dags/example_branch_python_dop_operator_3.py for tasks to queue
[2022-07-19 19:20:30,428] {logging_mixin.py:115} INFO - [2022-07-19 19:20:30,428] {dagbag.py:508} INFO - Filling up the DagBag from /home/airflow/.local/lib/python3.7/site-packages/airflow/example_dags/example_branch_python_dop_operator_3.py
[2022-07-19 19:20:30,505] {processor.py:651} INFO - DAG(s) dict_keys(['example_branch_dop_operator_v3']) retrieved from /home/airflow/.local/lib/python3.7/site-packages/airflow/example_dags/example_branch_python_dop_operator_3.py
[2022-07-19 19:20:30,606] {logging_mixin.py:115} INFO - [2022-07-19 19:20:30,605] {dag.py:2420} INFO - Sync 1 DAGs
[2022-07-19 19:20:30,897] {logging_mixin.py:115} INFO - [2022-07-19 19:20:30,897] {dag.py:2972} INFO - Setting next_dagrun for example_branch_dop_operator_v3 to 2022-07-19T19:19:00+00:00, run_after=2022-07-19T19:20:00+00:00
[2022-07-19 19:20:31,934] {processor.py:161} INFO - Processing /home/airflow/.local/lib/python3.7/site-packages/airflow/example_dags/example_branch_python_dop_operator_3.py took 1.595 seconds
[2022-07-19 19:21:03,461] {processor.py:153} INFO - Started process (PID=374) to work on /home/airflow/.local/lib/python3.7/site-packages/airflow/example_dags/example_branch_python_dop_operator_3.py
[2022-07-19 19:21:03,464] {processor.py:641} INFO - Processing file /home/airflow/.local/lib/python3.7/site-packages/airflow/example_dags/example_branch_python_dop_operator_3.py for tasks to queue
[2022-07-19 19:21:03,465] {logging_mixin.py:115} INFO - [2022-07-19 19:21:03,465] {dagbag.py:508} INFO - Filling up the DagBag from /home/airflow/.local/lib/python3.7/site-packages/airflow/example_dags/example_branch_python_dop_operator_3.py
[2022-07-19 19:21:03,519] {processor.py:651} INFO - DAG(s) dict_keys(['example_branch_dop_operator_v3']) retrieved from /home/airflow/.local/lib/python3.7/site-packages/airflow/example_dags/example_branch_python_dop_operator_3.py
[2022-07-19 19:21:03,717] {logging_mixin.py:115} INFO - [2022-07-19 19:21:03,717] {dag.py:2420} INFO - Sync 1 DAGs
[2022-07-19 19:21:03,885] {logging_mixin.py:115} INFO - [2022-07-19 19:21:03,885] {dag.py:2972} INFO - Setting next_dagrun for example_branch_dop_operator_v3 to 2022-07-19T19:20:00+00:00, run_after=2022-07-19T19:21:00+00:00
[2022-07-19 19:21:04,947] {processor.py:161} INFO - Processing /home/airflow/.local/lib/python3.7/site-packages/airflow/example_dags/example_branch_python_dop_operator_3.py took 1.503 seconds
[2022-07-19 19:21:35,446] {processor.py:153} INFO - Started process (PID=417) to work on /home/airflow/.local/lib/python3.7/site-packages/airflow/example_dags/example_branch_python_dop_operator_3.py
[2022-07-19 19:21:35,448] {processor.py:641} INFO - Processing file /home/airflow/.local/lib/python3.7/site-packages/airflow/example_dags/example_branch_python_dop_operator_3.py for tasks to queue
[2022-07-19 19:21:35,473] {logging_mixin.py:115} INFO - [2022-07-19 19:21:35,450] {dagbag.py:508} INFO - Filling up the DagBag from /home/airflow/.local/lib/python3.7/site-packages/airflow/example_dags/example_branch_python_dop_operator_3.py
[2022-07-19 19:21:35,555] {processor.py:651} INFO - DAG(s) dict_keys(['example_branch_dop_operator_v3']) retrieved from /home/airflow/.local/lib/python3.7/site-packages/airflow/example_dags/example_branch_python_dop_operator_3.py
[2022-07-19 19:21:35,710] {logging_mixin.py:115} INFO - [2022-07-19 19:21:35,710] {dag.py:2420} INFO - Sync 1 DAGs
[2022-07-19 19:21:35,872] {logging_mixin.py:115} INFO - [2022-07-19 19:21:35,866] {dag.py:2972} INFO - Setting next_dagrun for example_branch_dop_operator_v3 to 2022-07-19T19:20:00+00:00, run_after=2022-07-19T19:21:00+00:00
[2022-07-19 19:21:36,036] {processor.py:161} INFO - Processing /home/airflow/.local/lib/python3.7/site-packages/airflow/example_dags/example_branch_python_dop_operator_3.py took 0.632 seconds
[2022-07-19 19:22:06,502] {processor.py:153} INFO - Started process (PID=468) to work on /home/airflow/.local/lib/python3.7/site-packages/airflow/example_dags/example_branch_python_dop_operator_3.py
[2022-07-19 19:22:06,503] {processor.py:641} INFO - Processing file /home/airflow/.local/lib/python3.7/site-packages/airflow/example_dags/example_branch_python_dop_operator_3.py for tasks to queue
[2022-07-19 19:22:06,505] {logging_mixin.py:115} INFO - [2022-07-19 19:22:06,504] {dagbag.py:508} INFO - Filling up the DagBag from /home/airflow/.local/lib/python3.7/site-packages/airflow/example_dags/example_branch_python_dop_operator_3.py
[2022-07-19 19:22:06,535] {processor.py:651} INFO - DAG(s) dict_keys(['example_branch_dop_operator_v3']) retrieved from /home/airflow/.local/lib/python3.7/site-packages/airflow/example_dags/example_branch_python_dop_operator_3.py
[2022-07-19 19:22:06,604] {logging_mixin.py:115} INFO - [2022-07-19 19:22:06,604] {dag.py:2420} INFO - Sync 1 DAGs
[2022-07-19 19:22:06,696] {logging_mixin.py:115} INFO - [2022-07-19 19:22:06,696] {dag.py:2972} INFO - Setting next_dagrun for example_branch_dop_operator_v3 to 2022-07-19T19:21:00+00:00, run_after=2022-07-19T19:22:00+00:00
[2022-07-19 19:22:06,946] {processor.py:161} INFO - Processing /home/airflow/.local/lib/python3.7/site-packages/airflow/example_dags/example_branch_python_dop_operator_3.py took 0.452 seconds
[2022-07-19 19:22:39,090] {processor.py:153} INFO - Started process (PID=520) to work on /home/airflow/.local/lib/python3.7/site-packages/airflow/example_dags/example_branch_python_dop_operator_3.py
[2022-07-19 19:22:39,093] {processor.py:641} INFO - Processing file /home/airflow/.local/lib/python3.7/site-packages/airflow/example_dags/example_branch_python_dop_operator_3.py for tasks to queue
[2022-07-19 19:22:39,095] {logging_mixin.py:115} INFO - [2022-07-19 19:22:39,095] {dagbag.py:508} INFO - Filling up the DagBag from /home/airflow/.local/lib/python3.7/site-packages/airflow/example_dags/example_branch_python_dop_operator_3.py
[2022-07-19 19:22:39,143] {processor.py:651} INFO - DAG(s) dict_keys(['example_branch_dop_operator_v3']) retrieved from /home/airflow/.local/lib/python3.7/site-packages/airflow/example_dags/example_branch_python_dop_operator_3.py
[2022-07-19 19:22:39,255] {logging_mixin.py:115} INFO - [2022-07-19 19:22:39,255] {dag.py:2420} INFO - Sync 1 DAGs
[2022-07-19 19:22:39,361] {logging_mixin.py:115} INFO - [2022-07-19 19:22:39,361] {dag.py:2972} INFO - Setting next_dagrun for example_branch_dop_operator_v3 to 2022-07-19T19:21:00+00:00, run_after=2022-07-19T19:22:00+00:00
[2022-07-19 19:22:39,889] {processor.py:161} INFO - Processing /home/airflow/.local/lib/python3.7/site-packages/airflow/example_dags/example_branch_python_dop_operator_3.py took 0.823 seconds
[2022-07-19 19:23:11,102] {processor.py:153} INFO - Started process (PID=571) to work on /home/airflow/.local/lib/python3.7/site-packages/airflow/example_dags/example_branch_python_dop_operator_3.py
[2022-07-19 19:23:11,103] {processor.py:641} INFO - Processing file /home/airflow/.local/lib/python3.7/site-packages/airflow/example_dags/example_branch_python_dop_operator_3.py for tasks to queue
[2022-07-19 19:23:11,106] {logging_mixin.py:115} INFO - [2022-07-19 19:23:11,106] {dagbag.py:508} INFO - Filling up the DagBag from /home/airflow/.local/lib/python3.7/site-packages/airflow/example_dags/example_branch_python_dop_operator_3.py
[2022-07-19 19:23:11,196] {processor.py:651} INFO - DAG(s) dict_keys(['example_branch_dop_operator_v3']) retrieved from /home/airflow/.local/lib/python3.7/site-packages/airflow/example_dags/example_branch_python_dop_operator_3.py
[2022-07-19 19:23:11,776] {logging_mixin.py:115} INFO - [2022-07-19 19:23:11,775] {dag.py:2420} INFO - Sync 1 DAGs
[2022-07-19 19:23:12,217] {logging_mixin.py:115} INFO - [2022-07-19 19:23:12,206] {dag.py:2972} INFO - Setting next_dagrun for example_branch_dop_operator_v3 to 2022-07-19T19:22:00+00:00, run_after=2022-07-19T19:23:00+00:00
[2022-07-19 19:23:12,472] {processor.py:161} INFO - Processing /home/airflow/.local/lib/python3.7/site-packages/airflow/example_dags/example_branch_python_dop_operator_3.py took 1.382 seconds
[2022-07-19 19:28:05,308] {processor.py:153} INFO - Started process (PID=119) to work on /home/airflow/.local/lib/python3.7/site-packages/airflow/example_dags/example_branch_python_dop_operator_3.py
[2022-07-19 19:28:05,759] {processor.py:641} INFO - Processing file /home/airflow/.local/lib/python3.7/site-packages/airflow/example_dags/example_branch_python_dop_operator_3.py for tasks to queue
[2022-07-19 19:28:05,761] {logging_mixin.py:115} INFO - [2022-07-19 19:28:05,761] {dagbag.py:508} INFO - Filling up the DagBag from /home/airflow/.local/lib/python3.7/site-packages/airflow/example_dags/example_branch_python_dop_operator_3.py
[2022-07-19 19:28:05,906] {processor.py:651} INFO - DAG(s) dict_keys(['example_branch_dop_operator_v3']) retrieved from /home/airflow/.local/lib/python3.7/site-packages/airflow/example_dags/example_branch_python_dop_operator_3.py
[2022-07-19 19:28:06,259] {logging_mixin.py:115} INFO - [2022-07-19 19:28:06,259] {dag.py:2420} INFO - Sync 1 DAGs
[2022-07-19 19:28:07,827] {logging_mixin.py:115} INFO - [2022-07-19 19:28:07,827] {dag.py:2972} INFO - Setting next_dagrun for example_branch_dop_operator_v3 to 2022-07-19T19:27:00+00:00, run_after=2022-07-19T19:28:00+00:00
[2022-07-19 19:28:08,936] {processor.py:161} INFO - Processing /home/airflow/.local/lib/python3.7/site-packages/airflow/example_dags/example_branch_python_dop_operator_3.py took 3.640 seconds
[2022-07-19 19:28:53,905] {processor.py:153} INFO - Started process (PID=172) to work on /home/airflow/.local/lib/python3.7/site-packages/airflow/example_dags/example_branch_python_dop_operator_3.py
[2022-07-19 19:28:53,907] {processor.py:641} INFO - Processing file /home/airflow/.local/lib/python3.7/site-packages/airflow/example_dags/example_branch_python_dop_operator_3.py for tasks to queue
[2022-07-19 19:28:54,298] {logging_mixin.py:115} INFO - [2022-07-19 19:28:54,298] {dagbag.py:508} INFO - Filling up the DagBag from /home/airflow/.local/lib/python3.7/site-packages/airflow/example_dags/example_branch_python_dop_operator_3.py
[2022-07-19 19:28:54,324] {processor.py:651} INFO - DAG(s) dict_keys(['example_branch_dop_operator_v3']) retrieved from /home/airflow/.local/lib/python3.7/site-packages/airflow/example_dags/example_branch_python_dop_operator_3.py
[2022-07-19 19:28:54,383] {logging_mixin.py:115} INFO - [2022-07-19 19:28:54,382] {dag.py:2420} INFO - Sync 1 DAGs
[2022-07-19 19:28:54,876] {logging_mixin.py:115} INFO - [2022-07-19 19:28:54,876] {dag.py:2972} INFO - Setting next_dagrun for example_branch_dop_operator_v3 to 2022-07-19T19:27:00+00:00, run_after=2022-07-19T19:28:00+00:00
[2022-07-19 19:28:55,562] {processor.py:161} INFO - Processing /home/airflow/.local/lib/python3.7/site-packages/airflow/example_dags/example_branch_python_dop_operator_3.py took 1.664 seconds
[2022-07-19 19:29:26,763] {processor.py:153} INFO - Started process (PID=224) to work on /home/airflow/.local/lib/python3.7/site-packages/airflow/example_dags/example_branch_python_dop_operator_3.py
[2022-07-19 19:29:26,774] {processor.py:641} INFO - Processing file /home/airflow/.local/lib/python3.7/site-packages/airflow/example_dags/example_branch_python_dop_operator_3.py for tasks to queue
[2022-07-19 19:29:26,781] {logging_mixin.py:115} INFO - [2022-07-19 19:29:26,781] {dagbag.py:508} INFO - Filling up the DagBag from /home/airflow/.local/lib/python3.7/site-packages/airflow/example_dags/example_branch_python_dop_operator_3.py
[2022-07-19 19:29:26,822] {processor.py:651} INFO - DAG(s) dict_keys(['example_branch_dop_operator_v3']) retrieved from /home/airflow/.local/lib/python3.7/site-packages/airflow/example_dags/example_branch_python_dop_operator_3.py
[2022-07-19 19:29:26,919] {logging_mixin.py:115} INFO - [2022-07-19 19:29:26,919] {dag.py:2420} INFO - Sync 1 DAGs
[2022-07-19 19:29:27,367] {logging_mixin.py:115} INFO - [2022-07-19 19:29:27,366] {dag.py:2972} INFO - Setting next_dagrun for example_branch_dop_operator_v3 to 2022-07-19T19:28:00+00:00, run_after=2022-07-19T19:29:00+00:00
[2022-07-19 19:29:28,147] {processor.py:161} INFO - Processing /home/airflow/.local/lib/python3.7/site-packages/airflow/example_dags/example_branch_python_dop_operator_3.py took 1.396 seconds
[2022-07-19 19:29:58,988] {processor.py:153} INFO - Started process (PID=267) to work on /home/airflow/.local/lib/python3.7/site-packages/airflow/example_dags/example_branch_python_dop_operator_3.py
[2022-07-19 19:29:58,990] {processor.py:641} INFO - Processing file /home/airflow/.local/lib/python3.7/site-packages/airflow/example_dags/example_branch_python_dop_operator_3.py for tasks to queue
[2022-07-19 19:29:58,992] {logging_mixin.py:115} INFO - [2022-07-19 19:29:58,991] {dagbag.py:508} INFO - Filling up the DagBag from /home/airflow/.local/lib/python3.7/site-packages/airflow/example_dags/example_branch_python_dop_operator_3.py
[2022-07-19 19:29:59,026] {processor.py:651} INFO - DAG(s) dict_keys(['example_branch_dop_operator_v3']) retrieved from /home/airflow/.local/lib/python3.7/site-packages/airflow/example_dags/example_branch_python_dop_operator_3.py
[2022-07-19 19:29:59,211] {logging_mixin.py:115} INFO - [2022-07-19 19:29:59,211] {dag.py:2420} INFO - Sync 1 DAGs
[2022-07-19 19:29:59,768] {logging_mixin.py:115} INFO - [2022-07-19 19:29:59,768] {dag.py:2972} INFO - Setting next_dagrun for example_branch_dop_operator_v3 to 2022-07-19T19:28:00+00:00, run_after=2022-07-19T19:29:00+00:00
[2022-07-19 19:30:01,295] {processor.py:161} INFO - Processing /home/airflow/.local/lib/python3.7/site-packages/airflow/example_dags/example_branch_python_dop_operator_3.py took 2.319 seconds
[2022-07-19 19:30:37,884] {processor.py:153} INFO - Started process (PID=321) to work on /home/airflow/.local/lib/python3.7/site-packages/airflow/example_dags/example_branch_python_dop_operator_3.py
[2022-07-19 19:30:37,885] {processor.py:641} INFO - Processing file /home/airflow/.local/lib/python3.7/site-packages/airflow/example_dags/example_branch_python_dop_operator_3.py for tasks to queue
[2022-07-19 19:30:37,887] {logging_mixin.py:115} INFO - [2022-07-19 19:30:37,887] {dagbag.py:508} INFO - Filling up the DagBag from /home/airflow/.local/lib/python3.7/site-packages/airflow/example_dags/example_branch_python_dop_operator_3.py
[2022-07-19 19:30:37,921] {processor.py:651} INFO - DAG(s) dict_keys(['example_branch_dop_operator_v3']) retrieved from /home/airflow/.local/lib/python3.7/site-packages/airflow/example_dags/example_branch_python_dop_operator_3.py
[2022-07-19 19:30:37,982] {logging_mixin.py:115} INFO - [2022-07-19 19:30:37,982] {dag.py:2420} INFO - Sync 1 DAGs
[2022-07-19 19:30:38,271] {logging_mixin.py:115} INFO - [2022-07-19 19:30:38,271] {dag.py:2972} INFO - Setting next_dagrun for example_branch_dop_operator_v3 to 2022-07-19T19:29:00+00:00, run_after=2022-07-19T19:30:00+00:00
[2022-07-19 19:30:38,507] {processor.py:161} INFO - Processing /home/airflow/.local/lib/python3.7/site-packages/airflow/example_dags/example_branch_python_dop_operator_3.py took 0.632 seconds
[2022-07-19 19:31:12,569] {processor.py:153} INFO - Started process (PID=373) to work on /home/airflow/.local/lib/python3.7/site-packages/airflow/example_dags/example_branch_python_dop_operator_3.py
[2022-07-19 19:31:12,571] {processor.py:641} INFO - Processing file /home/airflow/.local/lib/python3.7/site-packages/airflow/example_dags/example_branch_python_dop_operator_3.py for tasks to queue
[2022-07-19 19:31:12,573] {logging_mixin.py:115} INFO - [2022-07-19 19:31:12,573] {dagbag.py:508} INFO - Filling up the DagBag from /home/airflow/.local/lib/python3.7/site-packages/airflow/example_dags/example_branch_python_dop_operator_3.py
[2022-07-19 19:31:12,612] {processor.py:651} INFO - DAG(s) dict_keys(['example_branch_dop_operator_v3']) retrieved from /home/airflow/.local/lib/python3.7/site-packages/airflow/example_dags/example_branch_python_dop_operator_3.py
[2022-07-19 19:31:12,714] {logging_mixin.py:115} INFO - [2022-07-19 19:31:12,713] {dag.py:2420} INFO - Sync 1 DAGs
[2022-07-19 19:31:13,080] {logging_mixin.py:115} INFO - [2022-07-19 19:31:13,079] {dag.py:2972} INFO - Setting next_dagrun for example_branch_dop_operator_v3 to 2022-07-19T19:30:00+00:00, run_after=2022-07-19T19:31:00+00:00
[2022-07-19 19:31:13,455] {processor.py:161} INFO - Processing /home/airflow/.local/lib/python3.7/site-packages/airflow/example_dags/example_branch_python_dop_operator_3.py took 0.897 seconds
[2022-07-19 19:31:44,280] {processor.py:153} INFO - Started process (PID=415) to work on /home/airflow/.local/lib/python3.7/site-packages/airflow/example_dags/example_branch_python_dop_operator_3.py
[2022-07-19 19:31:44,282] {processor.py:641} INFO - Processing file /home/airflow/.local/lib/python3.7/site-packages/airflow/example_dags/example_branch_python_dop_operator_3.py for tasks to queue
[2022-07-19 19:31:44,284] {logging_mixin.py:115} INFO - [2022-07-19 19:31:44,283] {dagbag.py:508} INFO - Filling up the DagBag from /home/airflow/.local/lib/python3.7/site-packages/airflow/example_dags/example_branch_python_dop_operator_3.py
[2022-07-19 19:31:44,334] {processor.py:651} INFO - DAG(s) dict_keys(['example_branch_dop_operator_v3']) retrieved from /home/airflow/.local/lib/python3.7/site-packages/airflow/example_dags/example_branch_python_dop_operator_3.py
[2022-07-19 19:31:44,667] {logging_mixin.py:115} INFO - [2022-07-19 19:31:44,667] {dag.py:2420} INFO - Sync 1 DAGs
[2022-07-19 19:31:45,549] {logging_mixin.py:115} INFO - [2022-07-19 19:31:45,548] {dag.py:2972} INFO - Setting next_dagrun for example_branch_dop_operator_v3 to 2022-07-19T19:30:00+00:00, run_after=2022-07-19T19:31:00+00:00
[2022-07-19 19:31:45,994] {processor.py:161} INFO - Processing /home/airflow/.local/lib/python3.7/site-packages/airflow/example_dags/example_branch_python_dop_operator_3.py took 1.723 seconds
[2022-07-19 19:32:16,176] {processor.py:153} INFO - Started process (PID=466) to work on /home/airflow/.local/lib/python3.7/site-packages/airflow/example_dags/example_branch_python_dop_operator_3.py
[2022-07-19 19:32:16,186] {processor.py:641} INFO - Processing file /home/airflow/.local/lib/python3.7/site-packages/airflow/example_dags/example_branch_python_dop_operator_3.py for tasks to queue
[2022-07-19 19:32:16,196] {logging_mixin.py:115} INFO - [2022-07-19 19:32:16,196] {dagbag.py:508} INFO - Filling up the DagBag from /home/airflow/.local/lib/python3.7/site-packages/airflow/example_dags/example_branch_python_dop_operator_3.py
[2022-07-19 19:32:16,240] {processor.py:651} INFO - DAG(s) dict_keys(['example_branch_dop_operator_v3']) retrieved from /home/airflow/.local/lib/python3.7/site-packages/airflow/example_dags/example_branch_python_dop_operator_3.py
[2022-07-19 19:32:16,323] {logging_mixin.py:115} INFO - [2022-07-19 19:32:16,323] {dag.py:2420} INFO - Sync 1 DAGs
[2022-07-19 19:32:16,641] {logging_mixin.py:115} INFO - [2022-07-19 19:32:16,641] {dag.py:2972} INFO - Setting next_dagrun for example_branch_dop_operator_v3 to 2022-07-19T19:31:00+00:00, run_after=2022-07-19T19:32:00+00:00
[2022-07-19 19:32:17,449] {processor.py:161} INFO - Processing /home/airflow/.local/lib/python3.7/site-packages/airflow/example_dags/example_branch_python_dop_operator_3.py took 1.285 seconds
[2022-07-19 19:32:56,346] {processor.py:153} INFO - Started process (PID=520) to work on /home/airflow/.local/lib/python3.7/site-packages/airflow/example_dags/example_branch_python_dop_operator_3.py
[2022-07-19 19:32:56,348] {processor.py:641} INFO - Processing file /home/airflow/.local/lib/python3.7/site-packages/airflow/example_dags/example_branch_python_dop_operator_3.py for tasks to queue
[2022-07-19 19:32:56,359] {logging_mixin.py:115} INFO - [2022-07-19 19:32:56,358] {dagbag.py:508} INFO - Filling up the DagBag from /home/airflow/.local/lib/python3.7/site-packages/airflow/example_dags/example_branch_python_dop_operator_3.py
[2022-07-19 19:32:56,506] {processor.py:651} INFO - DAG(s) dict_keys(['example_branch_dop_operator_v3']) retrieved from /home/airflow/.local/lib/python3.7/site-packages/airflow/example_dags/example_branch_python_dop_operator_3.py
[2022-07-19 19:32:56,668] {logging_mixin.py:115} INFO - [2022-07-19 19:32:56,668] {dag.py:2420} INFO - Sync 1 DAGs
[2022-07-19 19:32:57,173] {logging_mixin.py:115} INFO - [2022-07-19 19:32:57,173] {dag.py:2972} INFO - Setting next_dagrun for example_branch_dop_operator_v3 to 2022-07-19T19:31:00+00:00, run_after=2022-07-19T19:32:00+00:00
[2022-07-19 19:32:57,460] {processor.py:161} INFO - Processing /home/airflow/.local/lib/python3.7/site-packages/airflow/example_dags/example_branch_python_dop_operator_3.py took 1.162 seconds
[2022-07-19 19:33:28,605] {processor.py:153} INFO - Started process (PID=572) to work on /home/airflow/.local/lib/python3.7/site-packages/airflow/example_dags/example_branch_python_dop_operator_3.py
[2022-07-19 19:33:28,615] {processor.py:641} INFO - Processing file /home/airflow/.local/lib/python3.7/site-packages/airflow/example_dags/example_branch_python_dop_operator_3.py for tasks to queue
[2022-07-19 19:33:28,623] {logging_mixin.py:115} INFO - [2022-07-19 19:33:28,623] {dagbag.py:508} INFO - Filling up the DagBag from /home/airflow/.local/lib/python3.7/site-packages/airflow/example_dags/example_branch_python_dop_operator_3.py
[2022-07-19 19:33:28,706] {processor.py:651} INFO - DAG(s) dict_keys(['example_branch_dop_operator_v3']) retrieved from /home/airflow/.local/lib/python3.7/site-packages/airflow/example_dags/example_branch_python_dop_operator_3.py
[2022-07-19 19:33:28,860] {logging_mixin.py:115} INFO - [2022-07-19 19:33:28,860] {dag.py:2420} INFO - Sync 1 DAGs
[2022-07-19 19:33:30,267] {logging_mixin.py:115} INFO - [2022-07-19 19:33:30,267] {dag.py:2972} INFO - Setting next_dagrun for example_branch_dop_operator_v3 to 2022-07-19T19:32:00+00:00, run_after=2022-07-19T19:33:00+00:00
[2022-07-19 19:33:30,867] {processor.py:161} INFO - Processing /home/airflow/.local/lib/python3.7/site-packages/airflow/example_dags/example_branch_python_dop_operator_3.py took 2.278 seconds
[2022-07-19 19:34:45,385] {processor.py:153} INFO - Started process (PID=645) to work on /home/airflow/.local/lib/python3.7/site-packages/airflow/example_dags/example_branch_python_dop_operator_3.py
[2022-07-19 19:34:45,477] {processor.py:641} INFO - Processing file /home/airflow/.local/lib/python3.7/site-packages/airflow/example_dags/example_branch_python_dop_operator_3.py for tasks to queue
[2022-07-19 19:34:45,480] {logging_mixin.py:115} INFO - [2022-07-19 19:34:45,480] {dagbag.py:508} INFO - Filling up the DagBag from /home/airflow/.local/lib/python3.7/site-packages/airflow/example_dags/example_branch_python_dop_operator_3.py
[2022-07-19 19:34:45,698] {processor.py:651} INFO - DAG(s) dict_keys(['example_branch_dop_operator_v3']) retrieved from /home/airflow/.local/lib/python3.7/site-packages/airflow/example_dags/example_branch_python_dop_operator_3.py
[2022-07-19 19:34:45,967] {logging_mixin.py:115} INFO - [2022-07-19 19:34:45,967] {dag.py:2420} INFO - Sync 1 DAGs
[2022-07-19 19:34:46,973] {logging_mixin.py:115} INFO - [2022-07-19 19:34:46,973] {dag.py:2972} INFO - Setting next_dagrun for example_branch_dop_operator_v3 to 2022-07-19T19:33:00+00:00, run_after=2022-07-19T19:34:00+00:00
[2022-07-19 19:34:48,462] {processor.py:161} INFO - Processing /home/airflow/.local/lib/python3.7/site-packages/airflow/example_dags/example_branch_python_dop_operator_3.py took 3.126 seconds
