[2022-07-19 19:18:07,845] {processor.py:153} INFO - Started process (PID=106) to work on /home/airflow/.local/lib/python3.7/site-packages/airflow/example_dags/tutorial_taskflow_api_etl_virtualenv.py
[2022-07-19 19:18:07,858] {processor.py:641} INFO - Processing file /home/airflow/.local/lib/python3.7/site-packages/airflow/example_dags/tutorial_taskflow_api_etl_virtualenv.py for tasks to queue
[2022-07-19 19:18:07,860] {logging_mixin.py:115} INFO - [2022-07-19 19:18:07,860] {dagbag.py:508} INFO - Filling up the DagBag from /home/airflow/.local/lib/python3.7/site-packages/airflow/example_dags/tutorial_taskflow_api_etl_virtualenv.py
[2022-07-19 19:18:07,994] {processor.py:651} INFO - DAG(s) dict_keys(['tutorial_taskflow_api_etl_virtualenv']) retrieved from /home/airflow/.local/lib/python3.7/site-packages/airflow/example_dags/tutorial_taskflow_api_etl_virtualenv.py
[2022-07-19 19:18:09,039] {logging_mixin.py:115} INFO - [2022-07-19 19:18:09,039] {manager.py:508} INFO - Created Permission View: can delete on DAG:tutorial_taskflow_api_etl_virtualenv
[2022-07-19 19:18:09,329] {logging_mixin.py:115} INFO - [2022-07-19 19:18:09,329] {manager.py:508} INFO - Created Permission View: can edit on DAG:tutorial_taskflow_api_etl_virtualenv
[2022-07-19 19:18:09,574] {logging_mixin.py:115} INFO - [2022-07-19 19:18:09,574] {manager.py:508} INFO - Created Permission View: can read on DAG:tutorial_taskflow_api_etl_virtualenv
[2022-07-19 19:18:09,582] {logging_mixin.py:115} INFO - [2022-07-19 19:18:09,581] {dag.py:2420} INFO - Sync 1 DAGs
[2022-07-19 19:18:09,723] {logging_mixin.py:115} INFO - [2022-07-19 19:18:09,722] {dag.py:2439} INFO - Creating ORM DAG for tutorial_taskflow_api_etl_virtualenv
[2022-07-19 19:18:09,868] {logging_mixin.py:115} INFO - [2022-07-19 19:18:09,868] {dag.py:2972} INFO - Setting next_dagrun for tutorial_taskflow_api_etl_virtualenv to None, run_after=None
[2022-07-19 19:18:10,109] {processor.py:161} INFO - Processing /home/airflow/.local/lib/python3.7/site-packages/airflow/example_dags/tutorial_taskflow_api_etl_virtualenv.py took 2.273 seconds
[2022-07-19 19:18:40,530] {processor.py:153} INFO - Started process (PID=158) to work on /home/airflow/.local/lib/python3.7/site-packages/airflow/example_dags/tutorial_taskflow_api_etl_virtualenv.py
[2022-07-19 19:18:40,532] {processor.py:641} INFO - Processing file /home/airflow/.local/lib/python3.7/site-packages/airflow/example_dags/tutorial_taskflow_api_etl_virtualenv.py for tasks to queue
[2022-07-19 19:18:40,535] {logging_mixin.py:115} INFO - [2022-07-19 19:18:40,534] {dagbag.py:508} INFO - Filling up the DagBag from /home/airflow/.local/lib/python3.7/site-packages/airflow/example_dags/tutorial_taskflow_api_etl_virtualenv.py
[2022-07-19 19:18:40,591] {processor.py:651} INFO - DAG(s) dict_keys(['tutorial_taskflow_api_etl_virtualenv']) retrieved from /home/airflow/.local/lib/python3.7/site-packages/airflow/example_dags/tutorial_taskflow_api_etl_virtualenv.py
[2022-07-19 19:18:40,861] {logging_mixin.py:115} INFO - [2022-07-19 19:18:40,861] {dag.py:2420} INFO - Sync 1 DAGs
[2022-07-19 19:18:40,961] {logging_mixin.py:115} INFO - [2022-07-19 19:18:40,961] {dag.py:2972} INFO - Setting next_dagrun for tutorial_taskflow_api_etl_virtualenv to None, run_after=None
[2022-07-19 19:18:42,301] {processor.py:161} INFO - Processing /home/airflow/.local/lib/python3.7/site-packages/airflow/example_dags/tutorial_taskflow_api_etl_virtualenv.py took 1.779 seconds
[2022-07-19 19:19:13,207] {processor.py:153} INFO - Started process (PID=212) to work on /home/airflow/.local/lib/python3.7/site-packages/airflow/example_dags/tutorial_taskflow_api_etl_virtualenv.py
[2022-07-19 19:19:13,209] {processor.py:641} INFO - Processing file /home/airflow/.local/lib/python3.7/site-packages/airflow/example_dags/tutorial_taskflow_api_etl_virtualenv.py for tasks to queue
[2022-07-19 19:19:13,211] {logging_mixin.py:115} INFO - [2022-07-19 19:19:13,211] {dagbag.py:508} INFO - Filling up the DagBag from /home/airflow/.local/lib/python3.7/site-packages/airflow/example_dags/tutorial_taskflow_api_etl_virtualenv.py
[2022-07-19 19:19:13,264] {processor.py:651} INFO - DAG(s) dict_keys(['tutorial_taskflow_api_etl_virtualenv']) retrieved from /home/airflow/.local/lib/python3.7/site-packages/airflow/example_dags/tutorial_taskflow_api_etl_virtualenv.py
[2022-07-19 19:19:14,905] {logging_mixin.py:115} INFO - [2022-07-19 19:19:14,905] {dag.py:2420} INFO - Sync 1 DAGs
[2022-07-19 19:19:14,954] {logging_mixin.py:115} INFO - [2022-07-19 19:19:14,954] {dag.py:2972} INFO - Setting next_dagrun for tutorial_taskflow_api_etl_virtualenv to None, run_after=None
[2022-07-19 19:19:15,511] {processor.py:161} INFO - Processing /home/airflow/.local/lib/python3.7/site-packages/airflow/example_dags/tutorial_taskflow_api_etl_virtualenv.py took 2.313 seconds
[2022-07-19 19:19:45,988] {processor.py:153} INFO - Started process (PID=264) to work on /home/airflow/.local/lib/python3.7/site-packages/airflow/example_dags/tutorial_taskflow_api_etl_virtualenv.py
[2022-07-19 19:19:45,990] {processor.py:641} INFO - Processing file /home/airflow/.local/lib/python3.7/site-packages/airflow/example_dags/tutorial_taskflow_api_etl_virtualenv.py for tasks to queue
[2022-07-19 19:19:46,001] {logging_mixin.py:115} INFO - [2022-07-19 19:19:46,000] {dagbag.py:508} INFO - Filling up the DagBag from /home/airflow/.local/lib/python3.7/site-packages/airflow/example_dags/tutorial_taskflow_api_etl_virtualenv.py
[2022-07-19 19:19:46,085] {processor.py:651} INFO - DAG(s) dict_keys(['tutorial_taskflow_api_etl_virtualenv']) retrieved from /home/airflow/.local/lib/python3.7/site-packages/airflow/example_dags/tutorial_taskflow_api_etl_virtualenv.py
[2022-07-19 19:19:46,968] {logging_mixin.py:115} INFO - [2022-07-19 19:19:46,967] {dag.py:2420} INFO - Sync 1 DAGs
[2022-07-19 19:19:47,049] {logging_mixin.py:115} INFO - [2022-07-19 19:19:47,049] {dag.py:2972} INFO - Setting next_dagrun for tutorial_taskflow_api_etl_virtualenv to None, run_after=None
[2022-07-19 19:19:47,512] {processor.py:161} INFO - Processing /home/airflow/.local/lib/python3.7/site-packages/airflow/example_dags/tutorial_taskflow_api_etl_virtualenv.py took 1.531 seconds
[2022-07-19 19:20:22,280] {processor.py:153} INFO - Started process (PID=315) to work on /home/airflow/.local/lib/python3.7/site-packages/airflow/example_dags/tutorial_taskflow_api_etl_virtualenv.py
[2022-07-19 19:20:22,282] {processor.py:641} INFO - Processing file /home/airflow/.local/lib/python3.7/site-packages/airflow/example_dags/tutorial_taskflow_api_etl_virtualenv.py for tasks to queue
[2022-07-19 19:20:22,286] {logging_mixin.py:115} INFO - [2022-07-19 19:20:22,286] {dagbag.py:508} INFO - Filling up the DagBag from /home/airflow/.local/lib/python3.7/site-packages/airflow/example_dags/tutorial_taskflow_api_etl_virtualenv.py
[2022-07-19 19:20:22,338] {processor.py:651} INFO - DAG(s) dict_keys(['tutorial_taskflow_api_etl_virtualenv']) retrieved from /home/airflow/.local/lib/python3.7/site-packages/airflow/example_dags/tutorial_taskflow_api_etl_virtualenv.py
[2022-07-19 19:20:22,574] {logging_mixin.py:115} INFO - [2022-07-19 19:20:22,574] {dag.py:2420} INFO - Sync 1 DAGs
[2022-07-19 19:20:22,993] {logging_mixin.py:115} INFO - [2022-07-19 19:20:22,993] {dag.py:2972} INFO - Setting next_dagrun for tutorial_taskflow_api_etl_virtualenv to None, run_after=None
[2022-07-19 19:20:25,347] {processor.py:161} INFO - Processing /home/airflow/.local/lib/python3.7/site-packages/airflow/example_dags/tutorial_taskflow_api_etl_virtualenv.py took 2.237 seconds
[2022-07-19 19:20:55,538] {processor.py:153} INFO - Started process (PID=358) to work on /home/airflow/.local/lib/python3.7/site-packages/airflow/example_dags/tutorial_taskflow_api_etl_virtualenv.py
[2022-07-19 19:20:55,539] {processor.py:641} INFO - Processing file /home/airflow/.local/lib/python3.7/site-packages/airflow/example_dags/tutorial_taskflow_api_etl_virtualenv.py for tasks to queue
[2022-07-19 19:20:55,540] {logging_mixin.py:115} INFO - [2022-07-19 19:20:55,540] {dagbag.py:508} INFO - Filling up the DagBag from /home/airflow/.local/lib/python3.7/site-packages/airflow/example_dags/tutorial_taskflow_api_etl_virtualenv.py
[2022-07-19 19:20:55,590] {processor.py:651} INFO - DAG(s) dict_keys(['tutorial_taskflow_api_etl_virtualenv']) retrieved from /home/airflow/.local/lib/python3.7/site-packages/airflow/example_dags/tutorial_taskflow_api_etl_virtualenv.py
[2022-07-19 19:20:55,771] {logging_mixin.py:115} INFO - [2022-07-19 19:20:55,770] {dag.py:2420} INFO - Sync 1 DAGs
[2022-07-19 19:20:55,834] {logging_mixin.py:115} INFO - [2022-07-19 19:20:55,834] {dag.py:2972} INFO - Setting next_dagrun for tutorial_taskflow_api_etl_virtualenv to None, run_after=None
[2022-07-19 19:20:55,974] {processor.py:161} INFO - Processing /home/airflow/.local/lib/python3.7/site-packages/airflow/example_dags/tutorial_taskflow_api_etl_virtualenv.py took 0.443 seconds
[2022-07-19 19:21:26,137] {processor.py:153} INFO - Started process (PID=410) to work on /home/airflow/.local/lib/python3.7/site-packages/airflow/example_dags/tutorial_taskflow_api_etl_virtualenv.py
[2022-07-19 19:21:26,138] {processor.py:641} INFO - Processing file /home/airflow/.local/lib/python3.7/site-packages/airflow/example_dags/tutorial_taskflow_api_etl_virtualenv.py for tasks to queue
[2022-07-19 19:21:26,150] {logging_mixin.py:115} INFO - [2022-07-19 19:21:26,149] {dagbag.py:508} INFO - Filling up the DagBag from /home/airflow/.local/lib/python3.7/site-packages/airflow/example_dags/tutorial_taskflow_api_etl_virtualenv.py
[2022-07-19 19:21:26,254] {processor.py:651} INFO - DAG(s) dict_keys(['tutorial_taskflow_api_etl_virtualenv']) retrieved from /home/airflow/.local/lib/python3.7/site-packages/airflow/example_dags/tutorial_taskflow_api_etl_virtualenv.py
[2022-07-19 19:21:27,218] {logging_mixin.py:115} INFO - [2022-07-19 19:21:27,217] {dag.py:2420} INFO - Sync 1 DAGs
[2022-07-19 19:21:27,300] {logging_mixin.py:115} INFO - [2022-07-19 19:21:27,300] {dag.py:2972} INFO - Setting next_dagrun for tutorial_taskflow_api_etl_virtualenv to None, run_after=None
[2022-07-19 19:21:27,698] {processor.py:161} INFO - Processing /home/airflow/.local/lib/python3.7/site-packages/airflow/example_dags/tutorial_taskflow_api_etl_virtualenv.py took 1.595 seconds
[2022-07-19 19:21:57,905] {processor.py:153} INFO - Started process (PID=453) to work on /home/airflow/.local/lib/python3.7/site-packages/airflow/example_dags/tutorial_taskflow_api_etl_virtualenv.py
[2022-07-19 19:21:57,906] {processor.py:641} INFO - Processing file /home/airflow/.local/lib/python3.7/site-packages/airflow/example_dags/tutorial_taskflow_api_etl_virtualenv.py for tasks to queue
[2022-07-19 19:21:57,908] {logging_mixin.py:115} INFO - [2022-07-19 19:21:57,908] {dagbag.py:508} INFO - Filling up the DagBag from /home/airflow/.local/lib/python3.7/site-packages/airflow/example_dags/tutorial_taskflow_api_etl_virtualenv.py
[2022-07-19 19:21:57,943] {processor.py:651} INFO - DAG(s) dict_keys(['tutorial_taskflow_api_etl_virtualenv']) retrieved from /home/airflow/.local/lib/python3.7/site-packages/airflow/example_dags/tutorial_taskflow_api_etl_virtualenv.py
[2022-07-19 19:21:58,101] {logging_mixin.py:115} INFO - [2022-07-19 19:21:58,101] {dag.py:2420} INFO - Sync 1 DAGs
[2022-07-19 19:21:58,203] {logging_mixin.py:115} INFO - [2022-07-19 19:21:58,202] {dag.py:2972} INFO - Setting next_dagrun for tutorial_taskflow_api_etl_virtualenv to None, run_after=None
[2022-07-19 19:21:58,443] {processor.py:161} INFO - Processing /home/airflow/.local/lib/python3.7/site-packages/airflow/example_dags/tutorial_taskflow_api_etl_virtualenv.py took 0.546 seconds
[2022-07-19 19:22:34,960] {processor.py:153} INFO - Started process (PID=514) to work on /home/airflow/.local/lib/python3.7/site-packages/airflow/example_dags/tutorial_taskflow_api_etl_virtualenv.py
[2022-07-19 19:22:34,975] {processor.py:641} INFO - Processing file /home/airflow/.local/lib/python3.7/site-packages/airflow/example_dags/tutorial_taskflow_api_etl_virtualenv.py for tasks to queue
[2022-07-19 19:22:35,007] {logging_mixin.py:115} INFO - [2022-07-19 19:22:35,007] {dagbag.py:508} INFO - Filling up the DagBag from /home/airflow/.local/lib/python3.7/site-packages/airflow/example_dags/tutorial_taskflow_api_etl_virtualenv.py
[2022-07-19 19:22:35,164] {processor.py:651} INFO - DAG(s) dict_keys(['tutorial_taskflow_api_etl_virtualenv']) retrieved from /home/airflow/.local/lib/python3.7/site-packages/airflow/example_dags/tutorial_taskflow_api_etl_virtualenv.py
[2022-07-19 19:22:35,817] {logging_mixin.py:115} INFO - [2022-07-19 19:22:35,816] {dag.py:2420} INFO - Sync 1 DAGs
[2022-07-19 19:22:36,041] {logging_mixin.py:115} INFO - [2022-07-19 19:22:36,041] {dag.py:2972} INFO - Setting next_dagrun for tutorial_taskflow_api_etl_virtualenv to None, run_after=None
[2022-07-19 19:22:36,799] {processor.py:161} INFO - Processing /home/airflow/.local/lib/python3.7/site-packages/airflow/example_dags/tutorial_taskflow_api_etl_virtualenv.py took 1.861 seconds
[2022-07-19 19:23:07,128] {processor.py:153} INFO - Started process (PID=558) to work on /home/airflow/.local/lib/python3.7/site-packages/airflow/example_dags/tutorial_taskflow_api_etl_virtualenv.py
[2022-07-19 19:23:07,130] {processor.py:641} INFO - Processing file /home/airflow/.local/lib/python3.7/site-packages/airflow/example_dags/tutorial_taskflow_api_etl_virtualenv.py for tasks to queue
[2022-07-19 19:23:07,143] {logging_mixin.py:115} INFO - [2022-07-19 19:23:07,143] {dagbag.py:508} INFO - Filling up the DagBag from /home/airflow/.local/lib/python3.7/site-packages/airflow/example_dags/tutorial_taskflow_api_etl_virtualenv.py
[2022-07-19 19:23:07,284] {processor.py:651} INFO - DAG(s) dict_keys(['tutorial_taskflow_api_etl_virtualenv']) retrieved from /home/airflow/.local/lib/python3.7/site-packages/airflow/example_dags/tutorial_taskflow_api_etl_virtualenv.py
[2022-07-19 19:23:07,874] {logging_mixin.py:115} INFO - [2022-07-19 19:23:07,873] {dag.py:2420} INFO - Sync 1 DAGs
[2022-07-19 19:23:08,021] {logging_mixin.py:115} INFO - [2022-07-19 19:23:08,021] {dag.py:2972} INFO - Setting next_dagrun for tutorial_taskflow_api_etl_virtualenv to None, run_after=None
[2022-07-19 19:23:08,318] {processor.py:161} INFO - Processing /home/airflow/.local/lib/python3.7/site-packages/airflow/example_dags/tutorial_taskflow_api_etl_virtualenv.py took 1.211 seconds
[2022-07-19 19:27:42,990] {processor.py:153} INFO - Started process (PID=103) to work on /home/airflow/.local/lib/python3.7/site-packages/airflow/example_dags/tutorial_taskflow_api_etl_virtualenv.py
[2022-07-19 19:27:43,039] {processor.py:641} INFO - Processing file /home/airflow/.local/lib/python3.7/site-packages/airflow/example_dags/tutorial_taskflow_api_etl_virtualenv.py for tasks to queue
[2022-07-19 19:27:43,044] {logging_mixin.py:115} INFO - [2022-07-19 19:27:43,044] {dagbag.py:508} INFO - Filling up the DagBag from /home/airflow/.local/lib/python3.7/site-packages/airflow/example_dags/tutorial_taskflow_api_etl_virtualenv.py
[2022-07-19 19:27:43,341] {processor.py:651} INFO - DAG(s) dict_keys(['tutorial_taskflow_api_etl_virtualenv']) retrieved from /home/airflow/.local/lib/python3.7/site-packages/airflow/example_dags/tutorial_taskflow_api_etl_virtualenv.py
[2022-07-19 19:27:48,885] {logging_mixin.py:115} INFO - [2022-07-19 19:27:48,884] {dag.py:2420} INFO - Sync 1 DAGs
[2022-07-19 19:27:49,461] {logging_mixin.py:115} INFO - [2022-07-19 19:27:49,460] {dag.py:2972} INFO - Setting next_dagrun for tutorial_taskflow_api_etl_virtualenv to None, run_after=None
[2022-07-19 19:27:50,979] {processor.py:161} INFO - Processing /home/airflow/.local/lib/python3.7/site-packages/airflow/example_dags/tutorial_taskflow_api_etl_virtualenv.py took 8.051 seconds
[2022-07-19 19:28:45,795] {processor.py:153} INFO - Started process (PID=165) to work on /home/airflow/.local/lib/python3.7/site-packages/airflow/example_dags/tutorial_taskflow_api_etl_virtualenv.py
[2022-07-19 19:28:45,797] {processor.py:641} INFO - Processing file /home/airflow/.local/lib/python3.7/site-packages/airflow/example_dags/tutorial_taskflow_api_etl_virtualenv.py for tasks to queue
[2022-07-19 19:28:45,798] {logging_mixin.py:115} INFO - [2022-07-19 19:28:45,798] {dagbag.py:508} INFO - Filling up the DagBag from /home/airflow/.local/lib/python3.7/site-packages/airflow/example_dags/tutorial_taskflow_api_etl_virtualenv.py
[2022-07-19 19:28:45,841] {processor.py:651} INFO - DAG(s) dict_keys(['tutorial_taskflow_api_etl_virtualenv']) retrieved from /home/airflow/.local/lib/python3.7/site-packages/airflow/example_dags/tutorial_taskflow_api_etl_virtualenv.py
[2022-07-19 19:28:46,197] {logging_mixin.py:115} INFO - [2022-07-19 19:28:46,197] {dag.py:2420} INFO - Sync 1 DAGs
[2022-07-19 19:28:46,245] {logging_mixin.py:115} INFO - [2022-07-19 19:28:46,245] {dag.py:2972} INFO - Setting next_dagrun for tutorial_taskflow_api_etl_virtualenv to None, run_after=None
[2022-07-19 19:28:48,391] {processor.py:161} INFO - Processing /home/airflow/.local/lib/python3.7/site-packages/airflow/example_dags/tutorial_taskflow_api_etl_virtualenv.py took 2.603 seconds
[2022-07-19 19:29:19,087] {processor.py:153} INFO - Started process (PID=208) to work on /home/airflow/.local/lib/python3.7/site-packages/airflow/example_dags/tutorial_taskflow_api_etl_virtualenv.py
[2022-07-19 19:29:19,088] {processor.py:641} INFO - Processing file /home/airflow/.local/lib/python3.7/site-packages/airflow/example_dags/tutorial_taskflow_api_etl_virtualenv.py for tasks to queue
[2022-07-19 19:29:19,090] {logging_mixin.py:115} INFO - [2022-07-19 19:29:19,090] {dagbag.py:508} INFO - Filling up the DagBag from /home/airflow/.local/lib/python3.7/site-packages/airflow/example_dags/tutorial_taskflow_api_etl_virtualenv.py
[2022-07-19 19:29:19,133] {processor.py:651} INFO - DAG(s) dict_keys(['tutorial_taskflow_api_etl_virtualenv']) retrieved from /home/airflow/.local/lib/python3.7/site-packages/airflow/example_dags/tutorial_taskflow_api_etl_virtualenv.py
[2022-07-19 19:29:19,475] {logging_mixin.py:115} INFO - [2022-07-19 19:29:19,475] {dag.py:2420} INFO - Sync 1 DAGs
[2022-07-19 19:29:19,547] {logging_mixin.py:115} INFO - [2022-07-19 19:29:19,546] {dag.py:2972} INFO - Setting next_dagrun for tutorial_taskflow_api_etl_virtualenv to None, run_after=None
[2022-07-19 19:29:19,975] {processor.py:161} INFO - Processing /home/airflow/.local/lib/python3.7/site-packages/airflow/example_dags/tutorial_taskflow_api_etl_virtualenv.py took 0.895 seconds
[2022-07-19 19:29:50,293] {processor.py:153} INFO - Started process (PID=260) to work on /home/airflow/.local/lib/python3.7/site-packages/airflow/example_dags/tutorial_taskflow_api_etl_virtualenv.py
[2022-07-19 19:29:50,295] {processor.py:641} INFO - Processing file /home/airflow/.local/lib/python3.7/site-packages/airflow/example_dags/tutorial_taskflow_api_etl_virtualenv.py for tasks to queue
[2022-07-19 19:29:50,297] {logging_mixin.py:115} INFO - [2022-07-19 19:29:50,297] {dagbag.py:508} INFO - Filling up the DagBag from /home/airflow/.local/lib/python3.7/site-packages/airflow/example_dags/tutorial_taskflow_api_etl_virtualenv.py
[2022-07-19 19:29:50,359] {processor.py:651} INFO - DAG(s) dict_keys(['tutorial_taskflow_api_etl_virtualenv']) retrieved from /home/airflow/.local/lib/python3.7/site-packages/airflow/example_dags/tutorial_taskflow_api_etl_virtualenv.py
[2022-07-19 19:29:50,769] {logging_mixin.py:115} INFO - [2022-07-19 19:29:50,769] {dag.py:2420} INFO - Sync 1 DAGs
[2022-07-19 19:29:50,808] {logging_mixin.py:115} INFO - [2022-07-19 19:29:50,808] {dag.py:2972} INFO - Setting next_dagrun for tutorial_taskflow_api_etl_virtualenv to None, run_after=None
[2022-07-19 19:29:51,274] {processor.py:161} INFO - Processing /home/airflow/.local/lib/python3.7/site-packages/airflow/example_dags/tutorial_taskflow_api_etl_virtualenv.py took 0.989 seconds
[2022-07-19 19:30:30,454] {processor.py:153} INFO - Started process (PID=313) to work on /home/airflow/.local/lib/python3.7/site-packages/airflow/example_dags/tutorial_taskflow_api_etl_virtualenv.py
[2022-07-19 19:30:30,465] {processor.py:641} INFO - Processing file /home/airflow/.local/lib/python3.7/site-packages/airflow/example_dags/tutorial_taskflow_api_etl_virtualenv.py for tasks to queue
[2022-07-19 19:30:30,467] {logging_mixin.py:115} INFO - [2022-07-19 19:30:30,467] {dagbag.py:508} INFO - Filling up the DagBag from /home/airflow/.local/lib/python3.7/site-packages/airflow/example_dags/tutorial_taskflow_api_etl_virtualenv.py
[2022-07-19 19:30:30,593] {processor.py:651} INFO - DAG(s) dict_keys(['tutorial_taskflow_api_etl_virtualenv']) retrieved from /home/airflow/.local/lib/python3.7/site-packages/airflow/example_dags/tutorial_taskflow_api_etl_virtualenv.py
[2022-07-19 19:30:31,927] {logging_mixin.py:115} INFO - [2022-07-19 19:30:31,927] {dag.py:2420} INFO - Sync 1 DAGs
[2022-07-19 19:30:32,076] {logging_mixin.py:115} INFO - [2022-07-19 19:30:32,072] {dag.py:2972} INFO - Setting next_dagrun for tutorial_taskflow_api_etl_virtualenv to None, run_after=None
[2022-07-19 19:30:33,432] {processor.py:161} INFO - Processing /home/airflow/.local/lib/python3.7/site-packages/airflow/example_dags/tutorial_taskflow_api_etl_virtualenv.py took 2.995 seconds
[2022-07-19 19:31:03,955] {processor.py:153} INFO - Started process (PID=356) to work on /home/airflow/.local/lib/python3.7/site-packages/airflow/example_dags/tutorial_taskflow_api_etl_virtualenv.py
[2022-07-19 19:31:03,957] {processor.py:641} INFO - Processing file /home/airflow/.local/lib/python3.7/site-packages/airflow/example_dags/tutorial_taskflow_api_etl_virtualenv.py for tasks to queue
[2022-07-19 19:31:03,960] {logging_mixin.py:115} INFO - [2022-07-19 19:31:03,959] {dagbag.py:508} INFO - Filling up the DagBag from /home/airflow/.local/lib/python3.7/site-packages/airflow/example_dags/tutorial_taskflow_api_etl_virtualenv.py
[2022-07-19 19:31:04,101] {processor.py:651} INFO - DAG(s) dict_keys(['tutorial_taskflow_api_etl_virtualenv']) retrieved from /home/airflow/.local/lib/python3.7/site-packages/airflow/example_dags/tutorial_taskflow_api_etl_virtualenv.py
[2022-07-19 19:31:05,292] {logging_mixin.py:115} INFO - [2022-07-19 19:31:05,291] {dag.py:2420} INFO - Sync 1 DAGs
[2022-07-19 19:31:05,349] {logging_mixin.py:115} INFO - [2022-07-19 19:31:05,348] {dag.py:2972} INFO - Setting next_dagrun for tutorial_taskflow_api_etl_virtualenv to None, run_after=None
[2022-07-19 19:31:06,192] {processor.py:161} INFO - Processing /home/airflow/.local/lib/python3.7/site-packages/airflow/example_dags/tutorial_taskflow_api_etl_virtualenv.py took 2.255 seconds
[2022-07-19 19:31:36,675] {processor.py:153} INFO - Started process (PID=407) to work on /home/airflow/.local/lib/python3.7/site-packages/airflow/example_dags/tutorial_taskflow_api_etl_virtualenv.py
[2022-07-19 19:31:36,689] {processor.py:641} INFO - Processing file /home/airflow/.local/lib/python3.7/site-packages/airflow/example_dags/tutorial_taskflow_api_etl_virtualenv.py for tasks to queue
[2022-07-19 19:31:36,698] {logging_mixin.py:115} INFO - [2022-07-19 19:31:36,698] {dagbag.py:508} INFO - Filling up the DagBag from /home/airflow/.local/lib/python3.7/site-packages/airflow/example_dags/tutorial_taskflow_api_etl_virtualenv.py
[2022-07-19 19:31:36,836] {processor.py:651} INFO - DAG(s) dict_keys(['tutorial_taskflow_api_etl_virtualenv']) retrieved from /home/airflow/.local/lib/python3.7/site-packages/airflow/example_dags/tutorial_taskflow_api_etl_virtualenv.py
[2022-07-19 19:31:37,485] {logging_mixin.py:115} INFO - [2022-07-19 19:31:37,485] {dag.py:2420} INFO - Sync 1 DAGs
[2022-07-19 19:31:37,536] {logging_mixin.py:115} INFO - [2022-07-19 19:31:37,536] {dag.py:2972} INFO - Setting next_dagrun for tutorial_taskflow_api_etl_virtualenv to None, run_after=None
[2022-07-19 19:31:37,727] {processor.py:161} INFO - Processing /home/airflow/.local/lib/python3.7/site-packages/airflow/example_dags/tutorial_taskflow_api_etl_virtualenv.py took 1.061 seconds
[2022-07-19 19:32:08,618] {processor.py:153} INFO - Started process (PID=460) to work on /home/airflow/.local/lib/python3.7/site-packages/airflow/example_dags/tutorial_taskflow_api_etl_virtualenv.py
[2022-07-19 19:32:08,619] {processor.py:641} INFO - Processing file /home/airflow/.local/lib/python3.7/site-packages/airflow/example_dags/tutorial_taskflow_api_etl_virtualenv.py for tasks to queue
[2022-07-19 19:32:08,620] {logging_mixin.py:115} INFO - [2022-07-19 19:32:08,620] {dagbag.py:508} INFO - Filling up the DagBag from /home/airflow/.local/lib/python3.7/site-packages/airflow/example_dags/tutorial_taskflow_api_etl_virtualenv.py
[2022-07-19 19:32:08,682] {processor.py:651} INFO - DAG(s) dict_keys(['tutorial_taskflow_api_etl_virtualenv']) retrieved from /home/airflow/.local/lib/python3.7/site-packages/airflow/example_dags/tutorial_taskflow_api_etl_virtualenv.py
[2022-07-19 19:32:09,005] {logging_mixin.py:115} INFO - [2022-07-19 19:32:09,004] {dag.py:2420} INFO - Sync 1 DAGs
[2022-07-19 19:32:09,039] {logging_mixin.py:115} INFO - [2022-07-19 19:32:09,039] {dag.py:2972} INFO - Setting next_dagrun for tutorial_taskflow_api_etl_virtualenv to None, run_after=None
[2022-07-19 19:32:09,799] {processor.py:161} INFO - Processing /home/airflow/.local/lib/python3.7/site-packages/airflow/example_dags/tutorial_taskflow_api_etl_virtualenv.py took 1.191 seconds
[2022-07-19 19:32:48,500] {processor.py:153} INFO - Started process (PID=512) to work on /home/airflow/.local/lib/python3.7/site-packages/airflow/example_dags/tutorial_taskflow_api_etl_virtualenv.py
[2022-07-19 19:32:48,502] {processor.py:641} INFO - Processing file /home/airflow/.local/lib/python3.7/site-packages/airflow/example_dags/tutorial_taskflow_api_etl_virtualenv.py for tasks to queue
[2022-07-19 19:32:48,520] {logging_mixin.py:115} INFO - [2022-07-19 19:32:48,520] {dagbag.py:508} INFO - Filling up the DagBag from /home/airflow/.local/lib/python3.7/site-packages/airflow/example_dags/tutorial_taskflow_api_etl_virtualenv.py
[2022-07-19 19:32:48,658] {processor.py:651} INFO - DAG(s) dict_keys(['tutorial_taskflow_api_etl_virtualenv']) retrieved from /home/airflow/.local/lib/python3.7/site-packages/airflow/example_dags/tutorial_taskflow_api_etl_virtualenv.py
[2022-07-19 19:32:49,356] {logging_mixin.py:115} INFO - [2022-07-19 19:32:49,356] {dag.py:2420} INFO - Sync 1 DAGs
[2022-07-19 19:32:49,597] {logging_mixin.py:115} INFO - [2022-07-19 19:32:49,579] {dag.py:2972} INFO - Setting next_dagrun for tutorial_taskflow_api_etl_virtualenv to None, run_after=None
[2022-07-19 19:32:49,822] {processor.py:161} INFO - Processing /home/airflow/.local/lib/python3.7/site-packages/airflow/example_dags/tutorial_taskflow_api_etl_virtualenv.py took 1.365 seconds
[2022-07-19 19:33:20,205] {processor.py:153} INFO - Started process (PID=555) to work on /home/airflow/.local/lib/python3.7/site-packages/airflow/example_dags/tutorial_taskflow_api_etl_virtualenv.py
[2022-07-19 19:33:20,207] {processor.py:641} INFO - Processing file /home/airflow/.local/lib/python3.7/site-packages/airflow/example_dags/tutorial_taskflow_api_etl_virtualenv.py for tasks to queue
[2022-07-19 19:33:20,208] {logging_mixin.py:115} INFO - [2022-07-19 19:33:20,208] {dagbag.py:508} INFO - Filling up the DagBag from /home/airflow/.local/lib/python3.7/site-packages/airflow/example_dags/tutorial_taskflow_api_etl_virtualenv.py
[2022-07-19 19:33:20,253] {processor.py:651} INFO - DAG(s) dict_keys(['tutorial_taskflow_api_etl_virtualenv']) retrieved from /home/airflow/.local/lib/python3.7/site-packages/airflow/example_dags/tutorial_taskflow_api_etl_virtualenv.py
[2022-07-19 19:33:20,581] {logging_mixin.py:115} INFO - [2022-07-19 19:33:20,581] {dag.py:2420} INFO - Sync 1 DAGs
[2022-07-19 19:33:20,621] {logging_mixin.py:115} INFO - [2022-07-19 19:33:20,621] {dag.py:2972} INFO - Setting next_dagrun for tutorial_taskflow_api_etl_virtualenv to None, run_after=None
[2022-07-19 19:33:21,289] {processor.py:161} INFO - Processing /home/airflow/.local/lib/python3.7/site-packages/airflow/example_dags/tutorial_taskflow_api_etl_virtualenv.py took 1.090 seconds
[2022-07-19 19:34:02,387] {processor.py:153} INFO - Started process (PID=608) to work on /home/airflow/.local/lib/python3.7/site-packages/airflow/example_dags/tutorial_taskflow_api_etl_virtualenv.py
[2022-07-19 19:34:02,406] {processor.py:641} INFO - Processing file /home/airflow/.local/lib/python3.7/site-packages/airflow/example_dags/tutorial_taskflow_api_etl_virtualenv.py for tasks to queue
[2022-07-19 19:34:02,417] {logging_mixin.py:115} INFO - [2022-07-19 19:34:02,417] {dagbag.py:508} INFO - Filling up the DagBag from /home/airflow/.local/lib/python3.7/site-packages/airflow/example_dags/tutorial_taskflow_api_etl_virtualenv.py
[2022-07-19 19:34:02,663] {processor.py:651} INFO - DAG(s) dict_keys(['tutorial_taskflow_api_etl_virtualenv']) retrieved from /home/airflow/.local/lib/python3.7/site-packages/airflow/example_dags/tutorial_taskflow_api_etl_virtualenv.py
[2022-07-19 19:34:04,338] {logging_mixin.py:115} INFO - [2022-07-19 19:34:04,338] {dag.py:2420} INFO - Sync 1 DAGs
[2022-07-19 19:34:04,469] {logging_mixin.py:115} INFO - [2022-07-19 19:34:04,468] {dag.py:2972} INFO - Setting next_dagrun for tutorial_taskflow_api_etl_virtualenv to None, run_after=None
[2022-07-19 19:34:05,999] {processor.py:161} INFO - Processing /home/airflow/.local/lib/python3.7/site-packages/airflow/example_dags/tutorial_taskflow_api_etl_virtualenv.py took 3.661 seconds
[2022-07-19 19:35:04,149] {processor.py:153} INFO - Started process (PID=660) to work on /home/airflow/.local/lib/python3.7/site-packages/airflow/example_dags/tutorial_taskflow_api_etl_virtualenv.py
[2022-07-19 19:35:04,150] {processor.py:641} INFO - Processing file /home/airflow/.local/lib/python3.7/site-packages/airflow/example_dags/tutorial_taskflow_api_etl_virtualenv.py for tasks to queue
[2022-07-19 19:35:04,152] {logging_mixin.py:115} INFO - [2022-07-19 19:35:04,152] {dagbag.py:508} INFO - Filling up the DagBag from /home/airflow/.local/lib/python3.7/site-packages/airflow/example_dags/tutorial_taskflow_api_etl_virtualenv.py
[2022-07-19 19:35:04,192] {processor.py:651} INFO - DAG(s) dict_keys(['tutorial_taskflow_api_etl_virtualenv']) retrieved from /home/airflow/.local/lib/python3.7/site-packages/airflow/example_dags/tutorial_taskflow_api_etl_virtualenv.py
[2022-07-19 19:35:04,398] {logging_mixin.py:115} INFO - [2022-07-19 19:35:04,398] {dag.py:2420} INFO - Sync 1 DAGs
[2022-07-19 19:35:04,451] {logging_mixin.py:115} INFO - [2022-07-19 19:35:04,450] {dag.py:2972} INFO - Setting next_dagrun for tutorial_taskflow_api_etl_virtualenv to None, run_after=None
[2022-07-19 19:35:05,994] {processor.py:161} INFO - Processing /home/airflow/.local/lib/python3.7/site-packages/airflow/example_dags/tutorial_taskflow_api_etl_virtualenv.py took 1.853 seconds
