[2022-07-19 19:18:01,326] {processor.py:153} INFO - Started process (PID=100) to work on /home/airflow/.local/lib/python3.7/site-packages/airflow/example_dags/tutorial_taskflow_api_etl.py
[2022-07-19 19:18:01,327] {processor.py:641} INFO - Processing file /home/airflow/.local/lib/python3.7/site-packages/airflow/example_dags/tutorial_taskflow_api_etl.py for tasks to queue
[2022-07-19 19:18:01,329] {logging_mixin.py:115} INFO - [2022-07-19 19:18:01,328] {dagbag.py:508} INFO - Filling up the DagBag from /home/airflow/.local/lib/python3.7/site-packages/airflow/example_dags/tutorial_taskflow_api_etl.py
[2022-07-19 19:18:01,451] {processor.py:651} INFO - DAG(s) dict_keys(['tutorial_taskflow_api_etl']) retrieved from /home/airflow/.local/lib/python3.7/site-packages/airflow/example_dags/tutorial_taskflow_api_etl.py
[2022-07-19 19:18:01,991] {logging_mixin.py:115} INFO - [2022-07-19 19:18:01,990] {manager.py:508} INFO - Created Permission View: can delete on DAG:tutorial_taskflow_api_etl
[2022-07-19 19:18:02,520] {logging_mixin.py:115} INFO - [2022-07-19 19:18:02,520] {manager.py:508} INFO - Created Permission View: can edit on DAG:tutorial_taskflow_api_etl
[2022-07-19 19:18:02,804] {logging_mixin.py:115} INFO - [2022-07-19 19:18:02,804] {manager.py:508} INFO - Created Permission View: can read on DAG:tutorial_taskflow_api_etl
[2022-07-19 19:18:02,805] {logging_mixin.py:115} INFO - [2022-07-19 19:18:02,805] {dag.py:2420} INFO - Sync 1 DAGs
[2022-07-19 19:18:02,825] {logging_mixin.py:115} INFO - [2022-07-19 19:18:02,824] {dag.py:2439} INFO - Creating ORM DAG for tutorial_taskflow_api_etl
[2022-07-19 19:18:02,846] {logging_mixin.py:115} INFO - [2022-07-19 19:18:02,846] {dag.py:2972} INFO - Setting next_dagrun for tutorial_taskflow_api_etl to None, run_after=None
[2022-07-19 19:18:02,945] {processor.py:161} INFO - Processing /home/airflow/.local/lib/python3.7/site-packages/airflow/example_dags/tutorial_taskflow_api_etl.py took 1.626 seconds
[2022-07-19 19:18:33,249] {processor.py:153} INFO - Started process (PID=152) to work on /home/airflow/.local/lib/python3.7/site-packages/airflow/example_dags/tutorial_taskflow_api_etl.py
[2022-07-19 19:18:33,254] {processor.py:641} INFO - Processing file /home/airflow/.local/lib/python3.7/site-packages/airflow/example_dags/tutorial_taskflow_api_etl.py for tasks to queue
[2022-07-19 19:18:33,256] {logging_mixin.py:115} INFO - [2022-07-19 19:18:33,256] {dagbag.py:508} INFO - Filling up the DagBag from /home/airflow/.local/lib/python3.7/site-packages/airflow/example_dags/tutorial_taskflow_api_etl.py
[2022-07-19 19:18:33,321] {processor.py:651} INFO - DAG(s) dict_keys(['tutorial_taskflow_api_etl']) retrieved from /home/airflow/.local/lib/python3.7/site-packages/airflow/example_dags/tutorial_taskflow_api_etl.py
[2022-07-19 19:18:33,572] {logging_mixin.py:115} INFO - [2022-07-19 19:18:33,572] {dag.py:2420} INFO - Sync 1 DAGs
[2022-07-19 19:18:33,645] {logging_mixin.py:115} INFO - [2022-07-19 19:18:33,645] {dag.py:2972} INFO - Setting next_dagrun for tutorial_taskflow_api_etl to None, run_after=None
[2022-07-19 19:18:33,793] {processor.py:161} INFO - Processing /home/airflow/.local/lib/python3.7/site-packages/airflow/example_dags/tutorial_taskflow_api_etl.py took 0.556 seconds
[2022-07-19 19:19:04,244] {processor.py:153} INFO - Started process (PID=196) to work on /home/airflow/.local/lib/python3.7/site-packages/airflow/example_dags/tutorial_taskflow_api_etl.py
[2022-07-19 19:19:04,246] {processor.py:641} INFO - Processing file /home/airflow/.local/lib/python3.7/site-packages/airflow/example_dags/tutorial_taskflow_api_etl.py for tasks to queue
[2022-07-19 19:19:04,247] {logging_mixin.py:115} INFO - [2022-07-19 19:19:04,247] {dagbag.py:508} INFO - Filling up the DagBag from /home/airflow/.local/lib/python3.7/site-packages/airflow/example_dags/tutorial_taskflow_api_etl.py
[2022-07-19 19:19:04,303] {processor.py:651} INFO - DAG(s) dict_keys(['tutorial_taskflow_api_etl']) retrieved from /home/airflow/.local/lib/python3.7/site-packages/airflow/example_dags/tutorial_taskflow_api_etl.py
[2022-07-19 19:19:04,630] {logging_mixin.py:115} INFO - [2022-07-19 19:19:04,629] {dag.py:2420} INFO - Sync 1 DAGs
[2022-07-19 19:19:04,702] {logging_mixin.py:115} INFO - [2022-07-19 19:19:04,702] {dag.py:2972} INFO - Setting next_dagrun for tutorial_taskflow_api_etl to None, run_after=None
[2022-07-19 19:19:05,432] {processor.py:161} INFO - Processing /home/airflow/.local/lib/python3.7/site-packages/airflow/example_dags/tutorial_taskflow_api_etl.py took 1.197 seconds
[2022-07-19 19:19:35,861] {processor.py:153} INFO - Started process (PID=248) to work on /home/airflow/.local/lib/python3.7/site-packages/airflow/example_dags/tutorial_taskflow_api_etl.py
[2022-07-19 19:19:35,863] {processor.py:641} INFO - Processing file /home/airflow/.local/lib/python3.7/site-packages/airflow/example_dags/tutorial_taskflow_api_etl.py for tasks to queue
[2022-07-19 19:19:35,865] {logging_mixin.py:115} INFO - [2022-07-19 19:19:35,864] {dagbag.py:508} INFO - Filling up the DagBag from /home/airflow/.local/lib/python3.7/site-packages/airflow/example_dags/tutorial_taskflow_api_etl.py
[2022-07-19 19:19:35,907] {processor.py:651} INFO - DAG(s) dict_keys(['tutorial_taskflow_api_etl']) retrieved from /home/airflow/.local/lib/python3.7/site-packages/airflow/example_dags/tutorial_taskflow_api_etl.py
[2022-07-19 19:19:36,168] {logging_mixin.py:115} INFO - [2022-07-19 19:19:36,168] {dag.py:2420} INFO - Sync 1 DAGs
[2022-07-19 19:19:36,216] {logging_mixin.py:115} INFO - [2022-07-19 19:19:36,216] {dag.py:2972} INFO - Setting next_dagrun for tutorial_taskflow_api_etl to None, run_after=None
[2022-07-19 19:19:36,473] {processor.py:161} INFO - Processing /home/airflow/.local/lib/python3.7/site-packages/airflow/example_dags/tutorial_taskflow_api_etl.py took 0.619 seconds
[2022-07-19 19:20:17,896] {processor.py:153} INFO - Started process (PID=301) to work on /home/airflow/.local/lib/python3.7/site-packages/airflow/example_dags/tutorial_taskflow_api_etl.py
[2022-07-19 19:20:17,904] {processor.py:641} INFO - Processing file /home/airflow/.local/lib/python3.7/site-packages/airflow/example_dags/tutorial_taskflow_api_etl.py for tasks to queue
[2022-07-19 19:20:17,908] {logging_mixin.py:115} INFO - [2022-07-19 19:20:17,908] {dagbag.py:508} INFO - Filling up the DagBag from /home/airflow/.local/lib/python3.7/site-packages/airflow/example_dags/tutorial_taskflow_api_etl.py
[2022-07-19 19:20:17,965] {processor.py:651} INFO - DAG(s) dict_keys(['tutorial_taskflow_api_etl']) retrieved from /home/airflow/.local/lib/python3.7/site-packages/airflow/example_dags/tutorial_taskflow_api_etl.py
[2022-07-19 19:20:18,179] {logging_mixin.py:115} INFO - [2022-07-19 19:20:18,179] {dag.py:2420} INFO - Sync 1 DAGs
[2022-07-19 19:20:18,245] {logging_mixin.py:115} INFO - [2022-07-19 19:20:18,245] {dag.py:2972} INFO - Setting next_dagrun for tutorial_taskflow_api_etl to None, run_after=None
[2022-07-19 19:20:19,451] {processor.py:161} INFO - Processing /home/airflow/.local/lib/python3.7/site-packages/airflow/example_dags/tutorial_taskflow_api_etl.py took 1.577 seconds
[2022-07-19 19:20:50,570] {processor.py:153} INFO - Started process (PID=353) to work on /home/airflow/.local/lib/python3.7/site-packages/airflow/example_dags/tutorial_taskflow_api_etl.py
[2022-07-19 19:20:50,610] {processor.py:641} INFO - Processing file /home/airflow/.local/lib/python3.7/site-packages/airflow/example_dags/tutorial_taskflow_api_etl.py for tasks to queue
[2022-07-19 19:20:50,617] {logging_mixin.py:115} INFO - [2022-07-19 19:20:50,617] {dagbag.py:508} INFO - Filling up the DagBag from /home/airflow/.local/lib/python3.7/site-packages/airflow/example_dags/tutorial_taskflow_api_etl.py
[2022-07-19 19:20:50,784] {processor.py:651} INFO - DAG(s) dict_keys(['tutorial_taskflow_api_etl']) retrieved from /home/airflow/.local/lib/python3.7/site-packages/airflow/example_dags/tutorial_taskflow_api_etl.py
[2022-07-19 19:20:51,147] {logging_mixin.py:115} INFO - [2022-07-19 19:20:51,146] {dag.py:2420} INFO - Sync 1 DAGs
[2022-07-19 19:20:51,199] {logging_mixin.py:115} INFO - [2022-07-19 19:20:51,199] {dag.py:2972} INFO - Setting next_dagrun for tutorial_taskflow_api_etl to None, run_after=None
[2022-07-19 19:20:51,663] {processor.py:161} INFO - Processing /home/airflow/.local/lib/python3.7/site-packages/airflow/example_dags/tutorial_taskflow_api_etl.py took 1.134 seconds
[2022-07-19 19:21:22,468] {processor.py:153} INFO - Started process (PID=406) to work on /home/airflow/.local/lib/python3.7/site-packages/airflow/example_dags/tutorial_taskflow_api_etl.py
[2022-07-19 19:21:22,483] {processor.py:641} INFO - Processing file /home/airflow/.local/lib/python3.7/site-packages/airflow/example_dags/tutorial_taskflow_api_etl.py for tasks to queue
[2022-07-19 19:21:22,499] {logging_mixin.py:115} INFO - [2022-07-19 19:21:22,499] {dagbag.py:508} INFO - Filling up the DagBag from /home/airflow/.local/lib/python3.7/site-packages/airflow/example_dags/tutorial_taskflow_api_etl.py
[2022-07-19 19:21:22,787] {processor.py:651} INFO - DAG(s) dict_keys(['tutorial_taskflow_api_etl']) retrieved from /home/airflow/.local/lib/python3.7/site-packages/airflow/example_dags/tutorial_taskflow_api_etl.py
[2022-07-19 19:21:23,655] {logging_mixin.py:115} INFO - [2022-07-19 19:21:23,655] {dag.py:2420} INFO - Sync 1 DAGs
[2022-07-19 19:21:23,783] {logging_mixin.py:115} INFO - [2022-07-19 19:21:23,781] {dag.py:2972} INFO - Setting next_dagrun for tutorial_taskflow_api_etl to None, run_after=None
[2022-07-19 19:21:24,390] {processor.py:161} INFO - Processing /home/airflow/.local/lib/python3.7/site-packages/airflow/example_dags/tutorial_taskflow_api_etl.py took 1.946 seconds
[2022-07-19 19:21:55,358] {processor.py:153} INFO - Started process (PID=450) to work on /home/airflow/.local/lib/python3.7/site-packages/airflow/example_dags/tutorial_taskflow_api_etl.py
[2022-07-19 19:21:55,361] {processor.py:641} INFO - Processing file /home/airflow/.local/lib/python3.7/site-packages/airflow/example_dags/tutorial_taskflow_api_etl.py for tasks to queue
[2022-07-19 19:21:55,369] {logging_mixin.py:115} INFO - [2022-07-19 19:21:55,369] {dagbag.py:508} INFO - Filling up the DagBag from /home/airflow/.local/lib/python3.7/site-packages/airflow/example_dags/tutorial_taskflow_api_etl.py
[2022-07-19 19:21:55,418] {processor.py:651} INFO - DAG(s) dict_keys(['tutorial_taskflow_api_etl']) retrieved from /home/airflow/.local/lib/python3.7/site-packages/airflow/example_dags/tutorial_taskflow_api_etl.py
[2022-07-19 19:21:55,702] {logging_mixin.py:115} INFO - [2022-07-19 19:21:55,702] {dag.py:2420} INFO - Sync 1 DAGs
[2022-07-19 19:21:55,805] {logging_mixin.py:115} INFO - [2022-07-19 19:21:55,805] {dag.py:2972} INFO - Setting next_dagrun for tutorial_taskflow_api_etl to None, run_after=None
[2022-07-19 19:21:56,220] {processor.py:161} INFO - Processing /home/airflow/.local/lib/python3.7/site-packages/airflow/example_dags/tutorial_taskflow_api_etl.py took 0.877 seconds
[2022-07-19 19:22:27,965] {processor.py:153} INFO - Started process (PID=498) to work on /home/airflow/.local/lib/python3.7/site-packages/airflow/example_dags/tutorial_taskflow_api_etl.py
[2022-07-19 19:22:27,973] {processor.py:641} INFO - Processing file /home/airflow/.local/lib/python3.7/site-packages/airflow/example_dags/tutorial_taskflow_api_etl.py for tasks to queue
[2022-07-19 19:22:27,992] {logging_mixin.py:115} INFO - [2022-07-19 19:22:27,992] {dagbag.py:508} INFO - Filling up the DagBag from /home/airflow/.local/lib/python3.7/site-packages/airflow/example_dags/tutorial_taskflow_api_etl.py
[2022-07-19 19:22:28,344] {processor.py:651} INFO - DAG(s) dict_keys(['tutorial_taskflow_api_etl']) retrieved from /home/airflow/.local/lib/python3.7/site-packages/airflow/example_dags/tutorial_taskflow_api_etl.py
[2022-07-19 19:22:29,168] {logging_mixin.py:115} INFO - [2022-07-19 19:22:29,168] {dag.py:2420} INFO - Sync 1 DAGs
[2022-07-19 19:22:29,335] {logging_mixin.py:115} INFO - [2022-07-19 19:22:29,335] {dag.py:2972} INFO - Setting next_dagrun for tutorial_taskflow_api_etl to None, run_after=None
[2022-07-19 19:22:30,051] {processor.py:161} INFO - Processing /home/airflow/.local/lib/python3.7/site-packages/airflow/example_dags/tutorial_taskflow_api_etl.py took 2.119 seconds
[2022-07-19 19:23:00,751] {processor.py:153} INFO - Started process (PID=551) to work on /home/airflow/.local/lib/python3.7/site-packages/airflow/example_dags/tutorial_taskflow_api_etl.py
[2022-07-19 19:23:00,756] {processor.py:641} INFO - Processing file /home/airflow/.local/lib/python3.7/site-packages/airflow/example_dags/tutorial_taskflow_api_etl.py for tasks to queue
[2022-07-19 19:23:00,760] {logging_mixin.py:115} INFO - [2022-07-19 19:23:00,760] {dagbag.py:508} INFO - Filling up the DagBag from /home/airflow/.local/lib/python3.7/site-packages/airflow/example_dags/tutorial_taskflow_api_etl.py
[2022-07-19 19:23:00,882] {processor.py:651} INFO - DAG(s) dict_keys(['tutorial_taskflow_api_etl']) retrieved from /home/airflow/.local/lib/python3.7/site-packages/airflow/example_dags/tutorial_taskflow_api_etl.py
[2022-07-19 19:23:01,106] {logging_mixin.py:115} INFO - [2022-07-19 19:23:01,099] {dag.py:2420} INFO - Sync 1 DAGs
[2022-07-19 19:23:01,211] {logging_mixin.py:115} INFO - [2022-07-19 19:23:01,210] {dag.py:2972} INFO - Setting next_dagrun for tutorial_taskflow_api_etl to None, run_after=None
[2022-07-19 19:23:01,790] {processor.py:161} INFO - Processing /home/airflow/.local/lib/python3.7/site-packages/airflow/example_dags/tutorial_taskflow_api_etl.py took 1.051 seconds
[2022-07-19 19:27:18,572] {processor.py:153} INFO - Started process (PID=85) to work on /home/airflow/.local/lib/python3.7/site-packages/airflow/example_dags/tutorial_taskflow_api_etl.py
[2022-07-19 19:27:18,761] {processor.py:641} INFO - Processing file /home/airflow/.local/lib/python3.7/site-packages/airflow/example_dags/tutorial_taskflow_api_etl.py for tasks to queue
[2022-07-19 19:27:18,765] {logging_mixin.py:115} INFO - [2022-07-19 19:27:18,764] {dagbag.py:508} INFO - Filling up the DagBag from /home/airflow/.local/lib/python3.7/site-packages/airflow/example_dags/tutorial_taskflow_api_etl.py
[2022-07-19 19:27:20,159] {processor.py:651} INFO - DAG(s) dict_keys(['tutorial_taskflow_api_etl']) retrieved from /home/airflow/.local/lib/python3.7/site-packages/airflow/example_dags/tutorial_taskflow_api_etl.py
[2022-07-19 19:27:28,245] {logging_mixin.py:115} INFO - [2022-07-19 19:27:28,245] {dag.py:2420} INFO - Sync 1 DAGs
[2022-07-19 19:27:28,849] {logging_mixin.py:115} INFO - [2022-07-19 19:27:28,849] {dag.py:2972} INFO - Setting next_dagrun for tutorial_taskflow_api_etl to None, run_after=None
[2022-07-19 19:27:30,746] {processor.py:161} INFO - Processing /home/airflow/.local/lib/python3.7/site-packages/airflow/example_dags/tutorial_taskflow_api_etl.py took 12.207 seconds
[2022-07-19 19:28:34,351] {processor.py:153} INFO - Started process (PID=149) to work on /home/airflow/.local/lib/python3.7/site-packages/airflow/example_dags/tutorial_taskflow_api_etl.py
[2022-07-19 19:28:34,400] {processor.py:641} INFO - Processing file /home/airflow/.local/lib/python3.7/site-packages/airflow/example_dags/tutorial_taskflow_api_etl.py for tasks to queue
[2022-07-19 19:28:34,403] {logging_mixin.py:115} INFO - [2022-07-19 19:28:34,403] {dagbag.py:508} INFO - Filling up the DagBag from /home/airflow/.local/lib/python3.7/site-packages/airflow/example_dags/tutorial_taskflow_api_etl.py
[2022-07-19 19:28:34,501] {processor.py:651} INFO - DAG(s) dict_keys(['tutorial_taskflow_api_etl']) retrieved from /home/airflow/.local/lib/python3.7/site-packages/airflow/example_dags/tutorial_taskflow_api_etl.py
[2022-07-19 19:28:35,637] {logging_mixin.py:115} INFO - [2022-07-19 19:28:35,637] {dag.py:2420} INFO - Sync 1 DAGs
[2022-07-19 19:28:35,802] {logging_mixin.py:115} INFO - [2022-07-19 19:28:35,801] {dag.py:2972} INFO - Setting next_dagrun for tutorial_taskflow_api_etl to None, run_after=None
[2022-07-19 19:28:36,839] {processor.py:161} INFO - Processing /home/airflow/.local/lib/python3.7/site-packages/airflow/example_dags/tutorial_taskflow_api_etl.py took 2.498 seconds
[2022-07-19 19:29:13,914] {processor.py:153} INFO - Started process (PID=202) to work on /home/airflow/.local/lib/python3.7/site-packages/airflow/example_dags/tutorial_taskflow_api_etl.py
[2022-07-19 19:29:13,915] {processor.py:641} INFO - Processing file /home/airflow/.local/lib/python3.7/site-packages/airflow/example_dags/tutorial_taskflow_api_etl.py for tasks to queue
[2022-07-19 19:29:13,917] {logging_mixin.py:115} INFO - [2022-07-19 19:29:13,917] {dagbag.py:508} INFO - Filling up the DagBag from /home/airflow/.local/lib/python3.7/site-packages/airflow/example_dags/tutorial_taskflow_api_etl.py
[2022-07-19 19:29:13,957] {processor.py:651} INFO - DAG(s) dict_keys(['tutorial_taskflow_api_etl']) retrieved from /home/airflow/.local/lib/python3.7/site-packages/airflow/example_dags/tutorial_taskflow_api_etl.py
[2022-07-19 19:29:14,292] {logging_mixin.py:115} INFO - [2022-07-19 19:29:14,291] {dag.py:2420} INFO - Sync 1 DAGs
[2022-07-19 19:29:14,330] {logging_mixin.py:115} INFO - [2022-07-19 19:29:14,330] {dag.py:2972} INFO - Setting next_dagrun for tutorial_taskflow_api_etl to None, run_after=None
[2022-07-19 19:29:14,998] {processor.py:161} INFO - Processing /home/airflow/.local/lib/python3.7/site-packages/airflow/example_dags/tutorial_taskflow_api_etl.py took 1.095 seconds
[2022-07-19 19:29:45,496] {processor.py:153} INFO - Started process (PID=254) to work on /home/airflow/.local/lib/python3.7/site-packages/airflow/example_dags/tutorial_taskflow_api_etl.py
[2022-07-19 19:29:45,498] {processor.py:641} INFO - Processing file /home/airflow/.local/lib/python3.7/site-packages/airflow/example_dags/tutorial_taskflow_api_etl.py for tasks to queue
[2022-07-19 19:29:45,500] {logging_mixin.py:115} INFO - [2022-07-19 19:29:45,500] {dagbag.py:508} INFO - Filling up the DagBag from /home/airflow/.local/lib/python3.7/site-packages/airflow/example_dags/tutorial_taskflow_api_etl.py
[2022-07-19 19:29:45,605] {processor.py:651} INFO - DAG(s) dict_keys(['tutorial_taskflow_api_etl']) retrieved from /home/airflow/.local/lib/python3.7/site-packages/airflow/example_dags/tutorial_taskflow_api_etl.py
[2022-07-19 19:29:46,313] {logging_mixin.py:115} INFO - [2022-07-19 19:29:46,313] {dag.py:2420} INFO - Sync 1 DAGs
[2022-07-19 19:29:46,391] {logging_mixin.py:115} INFO - [2022-07-19 19:29:46,390] {dag.py:2972} INFO - Setting next_dagrun for tutorial_taskflow_api_etl to None, run_after=None
[2022-07-19 19:29:46,775] {processor.py:161} INFO - Processing /home/airflow/.local/lib/python3.7/site-packages/airflow/example_dags/tutorial_taskflow_api_etl.py took 1.291 seconds
[2022-07-19 19:30:21,191] {processor.py:153} INFO - Started process (PID=297) to work on /home/airflow/.local/lib/python3.7/site-packages/airflow/example_dags/tutorial_taskflow_api_etl.py
[2022-07-19 19:30:21,196] {processor.py:641} INFO - Processing file /home/airflow/.local/lib/python3.7/site-packages/airflow/example_dags/tutorial_taskflow_api_etl.py for tasks to queue
[2022-07-19 19:30:21,202] {logging_mixin.py:115} INFO - [2022-07-19 19:30:21,201] {dagbag.py:508} INFO - Filling up the DagBag from /home/airflow/.local/lib/python3.7/site-packages/airflow/example_dags/tutorial_taskflow_api_etl.py
[2022-07-19 19:30:21,611] {processor.py:651} INFO - DAG(s) dict_keys(['tutorial_taskflow_api_etl']) retrieved from /home/airflow/.local/lib/python3.7/site-packages/airflow/example_dags/tutorial_taskflow_api_etl.py
[2022-07-19 19:30:22,501] {logging_mixin.py:115} INFO - [2022-07-19 19:30:22,500] {dag.py:2420} INFO - Sync 1 DAGs
[2022-07-19 19:30:22,550] {logging_mixin.py:115} INFO - [2022-07-19 19:30:22,550] {dag.py:2972} INFO - Setting next_dagrun for tutorial_taskflow_api_etl to None, run_after=None
[2022-07-19 19:30:24,032] {processor.py:161} INFO - Processing /home/airflow/.local/lib/python3.7/site-packages/airflow/example_dags/tutorial_taskflow_api_etl.py took 2.861 seconds
[2022-07-19 19:30:54,405] {processor.py:153} INFO - Started process (PID=350) to work on /home/airflow/.local/lib/python3.7/site-packages/airflow/example_dags/tutorial_taskflow_api_etl.py
[2022-07-19 19:30:54,407] {processor.py:641} INFO - Processing file /home/airflow/.local/lib/python3.7/site-packages/airflow/example_dags/tutorial_taskflow_api_etl.py for tasks to queue
[2022-07-19 19:30:54,408] {logging_mixin.py:115} INFO - [2022-07-19 19:30:54,408] {dagbag.py:508} INFO - Filling up the DagBag from /home/airflow/.local/lib/python3.7/site-packages/airflow/example_dags/tutorial_taskflow_api_etl.py
[2022-07-19 19:30:54,466] {processor.py:651} INFO - DAG(s) dict_keys(['tutorial_taskflow_api_etl']) retrieved from /home/airflow/.local/lib/python3.7/site-packages/airflow/example_dags/tutorial_taskflow_api_etl.py
[2022-07-19 19:30:55,112] {logging_mixin.py:115} INFO - [2022-07-19 19:30:55,111] {dag.py:2420} INFO - Sync 1 DAGs
[2022-07-19 19:30:55,218] {logging_mixin.py:115} INFO - [2022-07-19 19:30:55,218] {dag.py:2972} INFO - Setting next_dagrun for tutorial_taskflow_api_etl to None, run_after=None
[2022-07-19 19:30:55,964] {processor.py:161} INFO - Processing /home/airflow/.local/lib/python3.7/site-packages/airflow/example_dags/tutorial_taskflow_api_etl.py took 1.567 seconds
[2022-07-19 19:31:26,514] {processor.py:153} INFO - Started process (PID=393) to work on /home/airflow/.local/lib/python3.7/site-packages/airflow/example_dags/tutorial_taskflow_api_etl.py
[2022-07-19 19:31:26,516] {processor.py:641} INFO - Processing file /home/airflow/.local/lib/python3.7/site-packages/airflow/example_dags/tutorial_taskflow_api_etl.py for tasks to queue
[2022-07-19 19:31:26,550] {logging_mixin.py:115} INFO - [2022-07-19 19:31:26,550] {dagbag.py:508} INFO - Filling up the DagBag from /home/airflow/.local/lib/python3.7/site-packages/airflow/example_dags/tutorial_taskflow_api_etl.py
[2022-07-19 19:31:26,804] {processor.py:651} INFO - DAG(s) dict_keys(['tutorial_taskflow_api_etl']) retrieved from /home/airflow/.local/lib/python3.7/site-packages/airflow/example_dags/tutorial_taskflow_api_etl.py
[2022-07-19 19:31:28,003] {logging_mixin.py:115} INFO - [2022-07-19 19:31:28,002] {dag.py:2420} INFO - Sync 1 DAGs
[2022-07-19 19:31:28,070] {logging_mixin.py:115} INFO - [2022-07-19 19:31:28,069] {dag.py:2972} INFO - Setting next_dagrun for tutorial_taskflow_api_etl to None, run_after=None
[2022-07-19 19:31:28,618] {processor.py:161} INFO - Processing /home/airflow/.local/lib/python3.7/site-packages/airflow/example_dags/tutorial_taskflow_api_etl.py took 2.134 seconds
[2022-07-19 19:31:59,311] {processor.py:153} INFO - Started process (PID=444) to work on /home/airflow/.local/lib/python3.7/site-packages/airflow/example_dags/tutorial_taskflow_api_etl.py
[2022-07-19 19:31:59,313] {processor.py:641} INFO - Processing file /home/airflow/.local/lib/python3.7/site-packages/airflow/example_dags/tutorial_taskflow_api_etl.py for tasks to queue
[2022-07-19 19:31:59,315] {logging_mixin.py:115} INFO - [2022-07-19 19:31:59,315] {dagbag.py:508} INFO - Filling up the DagBag from /home/airflow/.local/lib/python3.7/site-packages/airflow/example_dags/tutorial_taskflow_api_etl.py
[2022-07-19 19:31:59,371] {processor.py:651} INFO - DAG(s) dict_keys(['tutorial_taskflow_api_etl']) retrieved from /home/airflow/.local/lib/python3.7/site-packages/airflow/example_dags/tutorial_taskflow_api_etl.py
[2022-07-19 19:32:00,061] {logging_mixin.py:115} INFO - [2022-07-19 19:32:00,061] {dag.py:2420} INFO - Sync 1 DAGs
[2022-07-19 19:32:00,136] {logging_mixin.py:115} INFO - [2022-07-19 19:32:00,136] {dag.py:2972} INFO - Setting next_dagrun for tutorial_taskflow_api_etl to None, run_after=None
[2022-07-19 19:32:00,417] {processor.py:161} INFO - Processing /home/airflow/.local/lib/python3.7/site-packages/airflow/example_dags/tutorial_taskflow_api_etl.py took 1.115 seconds
[2022-07-19 19:32:39,742] {processor.py:153} INFO - Started process (PID=496) to work on /home/airflow/.local/lib/python3.7/site-packages/airflow/example_dags/tutorial_taskflow_api_etl.py
[2022-07-19 19:32:39,773] {processor.py:641} INFO - Processing file /home/airflow/.local/lib/python3.7/site-packages/airflow/example_dags/tutorial_taskflow_api_etl.py for tasks to queue
[2022-07-19 19:32:39,801] {logging_mixin.py:115} INFO - [2022-07-19 19:32:39,801] {dagbag.py:508} INFO - Filling up the DagBag from /home/airflow/.local/lib/python3.7/site-packages/airflow/example_dags/tutorial_taskflow_api_etl.py
[2022-07-19 19:32:40,084] {processor.py:651} INFO - DAG(s) dict_keys(['tutorial_taskflow_api_etl']) retrieved from /home/airflow/.local/lib/python3.7/site-packages/airflow/example_dags/tutorial_taskflow_api_etl.py
[2022-07-19 19:32:41,384] {logging_mixin.py:115} INFO - [2022-07-19 19:32:41,383] {dag.py:2420} INFO - Sync 1 DAGs
[2022-07-19 19:32:41,623] {logging_mixin.py:115} INFO - [2022-07-19 19:32:41,623] {dag.py:2972} INFO - Setting next_dagrun for tutorial_taskflow_api_etl to None, run_after=None
[2022-07-19 19:32:42,620] {processor.py:161} INFO - Processing /home/airflow/.local/lib/python3.7/site-packages/airflow/example_dags/tutorial_taskflow_api_etl.py took 2.910 seconds
[2022-07-19 19:33:13,425] {processor.py:153} INFO - Started process (PID=548) to work on /home/airflow/.local/lib/python3.7/site-packages/airflow/example_dags/tutorial_taskflow_api_etl.py
[2022-07-19 19:33:13,427] {processor.py:641} INFO - Processing file /home/airflow/.local/lib/python3.7/site-packages/airflow/example_dags/tutorial_taskflow_api_etl.py for tasks to queue
[2022-07-19 19:33:13,429] {logging_mixin.py:115} INFO - [2022-07-19 19:33:13,429] {dagbag.py:508} INFO - Filling up the DagBag from /home/airflow/.local/lib/python3.7/site-packages/airflow/example_dags/tutorial_taskflow_api_etl.py
[2022-07-19 19:33:13,540] {processor.py:651} INFO - DAG(s) dict_keys(['tutorial_taskflow_api_etl']) retrieved from /home/airflow/.local/lib/python3.7/site-packages/airflow/example_dags/tutorial_taskflow_api_etl.py
[2022-07-19 19:33:14,172] {logging_mixin.py:115} INFO - [2022-07-19 19:33:14,171] {dag.py:2420} INFO - Sync 1 DAGs
[2022-07-19 19:33:14,261] {logging_mixin.py:115} INFO - [2022-07-19 19:33:14,261] {dag.py:2972} INFO - Setting next_dagrun for tutorial_taskflow_api_etl to None, run_after=None
[2022-07-19 19:33:14,503] {processor.py:161} INFO - Processing /home/airflow/.local/lib/python3.7/site-packages/airflow/example_dags/tutorial_taskflow_api_etl.py took 1.099 seconds
[2022-07-19 19:33:45,342] {processor.py:153} INFO - Started process (PID=591) to work on /home/airflow/.local/lib/python3.7/site-packages/airflow/example_dags/tutorial_taskflow_api_etl.py
[2022-07-19 19:33:45,346] {processor.py:641} INFO - Processing file /home/airflow/.local/lib/python3.7/site-packages/airflow/example_dags/tutorial_taskflow_api_etl.py for tasks to queue
[2022-07-19 19:33:45,363] {logging_mixin.py:115} INFO - [2022-07-19 19:33:45,362] {dagbag.py:508} INFO - Filling up the DagBag from /home/airflow/.local/lib/python3.7/site-packages/airflow/example_dags/tutorial_taskflow_api_etl.py
[2022-07-19 19:33:45,557] {processor.py:651} INFO - DAG(s) dict_keys(['tutorial_taskflow_api_etl']) retrieved from /home/airflow/.local/lib/python3.7/site-packages/airflow/example_dags/tutorial_taskflow_api_etl.py
[2022-07-19 19:33:46,450] {logging_mixin.py:115} INFO - [2022-07-19 19:33:46,450] {dag.py:2420} INFO - Sync 1 DAGs
[2022-07-19 19:33:46,635] {logging_mixin.py:115} INFO - [2022-07-19 19:33:46,635] {dag.py:2972} INFO - Setting next_dagrun for tutorial_taskflow_api_etl to None, run_after=None
[2022-07-19 19:33:46,858] {processor.py:161} INFO - Processing /home/airflow/.local/lib/python3.7/site-packages/airflow/example_dags/tutorial_taskflow_api_etl.py took 1.534 seconds
[2022-07-19 19:34:37,568] {processor.py:153} INFO - Started process (PID=632) to work on /home/airflow/.local/lib/python3.7/site-packages/airflow/example_dags/tutorial_taskflow_api_etl.py
[2022-07-19 19:34:37,569] {processor.py:641} INFO - Processing file /home/airflow/.local/lib/python3.7/site-packages/airflow/example_dags/tutorial_taskflow_api_etl.py for tasks to queue
[2022-07-19 19:34:37,570] {logging_mixin.py:115} INFO - [2022-07-19 19:34:37,570] {dagbag.py:508} INFO - Filling up the DagBag from /home/airflow/.local/lib/python3.7/site-packages/airflow/example_dags/tutorial_taskflow_api_etl.py
[2022-07-19 19:34:37,607] {processor.py:651} INFO - DAG(s) dict_keys(['tutorial_taskflow_api_etl']) retrieved from /home/airflow/.local/lib/python3.7/site-packages/airflow/example_dags/tutorial_taskflow_api_etl.py
[2022-07-19 19:34:37,895] {logging_mixin.py:115} INFO - [2022-07-19 19:34:37,895] {dag.py:2420} INFO - Sync 1 DAGs
[2022-07-19 19:34:37,931] {logging_mixin.py:115} INFO - [2022-07-19 19:34:37,931] {dag.py:2972} INFO - Setting next_dagrun for tutorial_taskflow_api_etl to None, run_after=None
[2022-07-19 19:34:40,262] {processor.py:161} INFO - Processing /home/airflow/.local/lib/python3.7/site-packages/airflow/example_dags/tutorial_taskflow_api_etl.py took 2.700 seconds
