[2022-07-20 17:06:10,524] {processor.py:153} INFO - Started process (PID=161) to work on /home/airflow/.local/lib/python3.7/site-packages/airflow/example_dags/example_skip_dag.py
[2022-07-20 17:06:10,526] {processor.py:641} INFO - Processing file /home/airflow/.local/lib/python3.7/site-packages/airflow/example_dags/example_skip_dag.py for tasks to queue
[2022-07-20 17:06:10,529] {logging_mixin.py:115} INFO - [2022-07-20 17:06:10,528] {dagbag.py:508} INFO - Filling up the DagBag from /home/airflow/.local/lib/python3.7/site-packages/airflow/example_dags/example_skip_dag.py
[2022-07-20 17:06:13,763] {processor.py:651} INFO - DAG(s) dict_keys(['example_skip_dag']) retrieved from /home/airflow/.local/lib/python3.7/site-packages/airflow/example_dags/example_skip_dag.py
[2022-07-20 17:06:13,917] {logging_mixin.py:115} INFO - [2022-07-20 17:06:13,916] {dag.py:2420} INFO - Sync 1 DAGs
[2022-07-20 17:06:14,475] {logging_mixin.py:115} INFO - [2022-07-20 17:06:14,474] {dag.py:2972} INFO - Setting next_dagrun for example_skip_dag to 2022-07-19T17:06:14.474324+00:00, run_after=2022-07-20T17:06:14.474324+00:00
[2022-07-20 17:06:16,273] {processor.py:161} INFO - Processing /home/airflow/.local/lib/python3.7/site-packages/airflow/example_dags/example_skip_dag.py took 5.759 seconds
[2022-07-20 17:06:46,894] {processor.py:153} INFO - Started process (PID=213) to work on /home/airflow/.local/lib/python3.7/site-packages/airflow/example_dags/example_skip_dag.py
[2022-07-20 17:06:46,911] {processor.py:641} INFO - Processing file /home/airflow/.local/lib/python3.7/site-packages/airflow/example_dags/example_skip_dag.py for tasks to queue
[2022-07-20 17:06:46,927] {logging_mixin.py:115} INFO - [2022-07-20 17:06:46,927] {dagbag.py:508} INFO - Filling up the DagBag from /home/airflow/.local/lib/python3.7/site-packages/airflow/example_dags/example_skip_dag.py
[2022-07-20 17:06:46,993] {processor.py:651} INFO - DAG(s) dict_keys(['example_skip_dag']) retrieved from /home/airflow/.local/lib/python3.7/site-packages/airflow/example_dags/example_skip_dag.py
[2022-07-20 17:06:47,217] {logging_mixin.py:115} INFO - [2022-07-20 17:06:47,217] {dag.py:2420} INFO - Sync 1 DAGs
[2022-07-20 17:06:47,691] {logging_mixin.py:115} INFO - [2022-07-20 17:06:47,691] {dag.py:2972} INFO - Setting next_dagrun for example_skip_dag to 2022-07-19T17:06:47.691086+00:00, run_after=2022-07-20T17:06:47.691086+00:00
[2022-07-20 17:06:47,890] {processor.py:161} INFO - Processing /home/airflow/.local/lib/python3.7/site-packages/airflow/example_dags/example_skip_dag.py took 1.027 seconds
[2022-07-20 17:07:18,049] {processor.py:153} INFO - Started process (PID=264) to work on /home/airflow/.local/lib/python3.7/site-packages/airflow/example_dags/example_skip_dag.py
[2022-07-20 17:07:18,051] {processor.py:641} INFO - Processing file /home/airflow/.local/lib/python3.7/site-packages/airflow/example_dags/example_skip_dag.py for tasks to queue
[2022-07-20 17:07:18,052] {logging_mixin.py:115} INFO - [2022-07-20 17:07:18,052] {dagbag.py:508} INFO - Filling up the DagBag from /home/airflow/.local/lib/python3.7/site-packages/airflow/example_dags/example_skip_dag.py
[2022-07-20 17:07:18,064] {processor.py:651} INFO - DAG(s) dict_keys(['example_skip_dag']) retrieved from /home/airflow/.local/lib/python3.7/site-packages/airflow/example_dags/example_skip_dag.py
[2022-07-20 17:07:18,116] {logging_mixin.py:115} INFO - [2022-07-20 17:07:18,116] {dag.py:2420} INFO - Sync 1 DAGs
[2022-07-20 17:07:18,409] {logging_mixin.py:115} INFO - [2022-07-20 17:07:18,409] {dag.py:2972} INFO - Setting next_dagrun for example_skip_dag to 2022-07-19T17:07:18.408745+00:00, run_after=2022-07-20T17:07:18.408745+00:00
[2022-07-20 17:07:18,555] {processor.py:161} INFO - Processing /home/airflow/.local/lib/python3.7/site-packages/airflow/example_dags/example_skip_dag.py took 0.512 seconds
[2022-07-20 17:07:49,439] {processor.py:153} INFO - Started process (PID=317) to work on /home/airflow/.local/lib/python3.7/site-packages/airflow/example_dags/example_skip_dag.py
[2022-07-20 17:07:49,447] {processor.py:641} INFO - Processing file /home/airflow/.local/lib/python3.7/site-packages/airflow/example_dags/example_skip_dag.py for tasks to queue
[2022-07-20 17:07:49,451] {logging_mixin.py:115} INFO - [2022-07-20 17:07:49,451] {dagbag.py:508} INFO - Filling up the DagBag from /home/airflow/.local/lib/python3.7/site-packages/airflow/example_dags/example_skip_dag.py
[2022-07-20 17:07:49,477] {processor.py:651} INFO - DAG(s) dict_keys(['example_skip_dag']) retrieved from /home/airflow/.local/lib/python3.7/site-packages/airflow/example_dags/example_skip_dag.py
[2022-07-20 17:07:49,566] {logging_mixin.py:115} INFO - [2022-07-20 17:07:49,565] {dag.py:2420} INFO - Sync 1 DAGs
[2022-07-20 17:07:49,821] {logging_mixin.py:115} INFO - [2022-07-20 17:07:49,821] {dag.py:2972} INFO - Setting next_dagrun for example_skip_dag to 2022-07-19T17:07:49.821038+00:00, run_after=2022-07-20T17:07:49.821038+00:00
[2022-07-20 17:07:49,988] {processor.py:161} INFO - Processing /home/airflow/.local/lib/python3.7/site-packages/airflow/example_dags/example_skip_dag.py took 0.588 seconds
[2022-07-20 17:08:23,046] {processor.py:153} INFO - Started process (PID=370) to work on /home/airflow/.local/lib/python3.7/site-packages/airflow/example_dags/example_skip_dag.py
[2022-07-20 17:08:23,051] {processor.py:641} INFO - Processing file /home/airflow/.local/lib/python3.7/site-packages/airflow/example_dags/example_skip_dag.py for tasks to queue
[2022-07-20 17:08:23,053] {logging_mixin.py:115} INFO - [2022-07-20 17:08:23,053] {dagbag.py:508} INFO - Filling up the DagBag from /home/airflow/.local/lib/python3.7/site-packages/airflow/example_dags/example_skip_dag.py
[2022-07-20 17:08:23,090] {processor.py:651} INFO - DAG(s) dict_keys(['example_skip_dag']) retrieved from /home/airflow/.local/lib/python3.7/site-packages/airflow/example_dags/example_skip_dag.py
[2022-07-20 17:08:23,211] {logging_mixin.py:115} INFO - [2022-07-20 17:08:23,211] {dag.py:2420} INFO - Sync 1 DAGs
[2022-07-20 17:08:23,567] {logging_mixin.py:115} INFO - [2022-07-20 17:08:23,567] {dag.py:2972} INFO - Setting next_dagrun for example_skip_dag to 2022-07-19T17:08:23.566720+00:00, run_after=2022-07-20T17:08:23.566720+00:00
[2022-07-20 17:08:23,993] {processor.py:161} INFO - Processing /home/airflow/.local/lib/python3.7/site-packages/airflow/example_dags/example_skip_dag.py took 0.964 seconds
[2022-07-20 17:08:59,241] {processor.py:153} INFO - Started process (PID=421) to work on /home/airflow/.local/lib/python3.7/site-packages/airflow/example_dags/example_skip_dag.py
[2022-07-20 17:08:59,249] {processor.py:641} INFO - Processing file /home/airflow/.local/lib/python3.7/site-packages/airflow/example_dags/example_skip_dag.py for tasks to queue
[2022-07-20 17:08:59,262] {logging_mixin.py:115} INFO - [2022-07-20 17:08:59,262] {dagbag.py:508} INFO - Filling up the DagBag from /home/airflow/.local/lib/python3.7/site-packages/airflow/example_dags/example_skip_dag.py
[2022-07-20 17:08:59,290] {processor.py:651} INFO - DAG(s) dict_keys(['example_skip_dag']) retrieved from /home/airflow/.local/lib/python3.7/site-packages/airflow/example_dags/example_skip_dag.py
[2022-07-20 17:08:59,451] {logging_mixin.py:115} INFO - [2022-07-20 17:08:59,450] {dag.py:2420} INFO - Sync 1 DAGs
[2022-07-20 17:09:00,344] {logging_mixin.py:115} INFO - [2022-07-20 17:09:00,344] {dag.py:2972} INFO - Setting next_dagrun for example_skip_dag to 2022-07-19T17:09:00.343749+00:00, run_after=2022-07-20T17:09:00.343749+00:00
[2022-07-20 17:09:00,812] {processor.py:161} INFO - Processing /home/airflow/.local/lib/python3.7/site-packages/airflow/example_dags/example_skip_dag.py took 1.596 seconds
[2022-07-20 17:09:31,579] {processor.py:153} INFO - Started process (PID=472) to work on /home/airflow/.local/lib/python3.7/site-packages/airflow/example_dags/example_skip_dag.py
[2022-07-20 17:09:31,580] {processor.py:641} INFO - Processing file /home/airflow/.local/lib/python3.7/site-packages/airflow/example_dags/example_skip_dag.py for tasks to queue
[2022-07-20 17:09:31,583] {logging_mixin.py:115} INFO - [2022-07-20 17:09:31,582] {dagbag.py:508} INFO - Filling up the DagBag from /home/airflow/.local/lib/python3.7/site-packages/airflow/example_dags/example_skip_dag.py
[2022-07-20 17:09:31,596] {processor.py:651} INFO - DAG(s) dict_keys(['example_skip_dag']) retrieved from /home/airflow/.local/lib/python3.7/site-packages/airflow/example_dags/example_skip_dag.py
[2022-07-20 17:09:31,662] {logging_mixin.py:115} INFO - [2022-07-20 17:09:31,662] {dag.py:2420} INFO - Sync 1 DAGs
[2022-07-20 17:09:32,170] {logging_mixin.py:115} INFO - [2022-07-20 17:09:32,169] {dag.py:2972} INFO - Setting next_dagrun for example_skip_dag to 2022-07-19T17:09:32.169432+00:00, run_after=2022-07-20T17:09:32.169432+00:00
[2022-07-20 17:09:32,324] {processor.py:161} INFO - Processing /home/airflow/.local/lib/python3.7/site-packages/airflow/example_dags/example_skip_dag.py took 0.754 seconds
[2022-07-20 17:10:02,706] {processor.py:153} INFO - Started process (PID=525) to work on /home/airflow/.local/lib/python3.7/site-packages/airflow/example_dags/example_skip_dag.py
[2022-07-20 17:10:02,707] {processor.py:641} INFO - Processing file /home/airflow/.local/lib/python3.7/site-packages/airflow/example_dags/example_skip_dag.py for tasks to queue
[2022-07-20 17:10:02,709] {logging_mixin.py:115} INFO - [2022-07-20 17:10:02,709] {dagbag.py:508} INFO - Filling up the DagBag from /home/airflow/.local/lib/python3.7/site-packages/airflow/example_dags/example_skip_dag.py
[2022-07-20 17:10:02,726] {processor.py:651} INFO - DAG(s) dict_keys(['example_skip_dag']) retrieved from /home/airflow/.local/lib/python3.7/site-packages/airflow/example_dags/example_skip_dag.py
[2022-07-20 17:10:02,799] {logging_mixin.py:115} INFO - [2022-07-20 17:10:02,799] {dag.py:2420} INFO - Sync 1 DAGs
[2022-07-20 17:10:03,149] {logging_mixin.py:115} INFO - [2022-07-20 17:10:03,149] {dag.py:2972} INFO - Setting next_dagrun for example_skip_dag to 2022-07-19T17:10:03.148535+00:00, run_after=2022-07-20T17:10:03.148535+00:00
[2022-07-20 17:10:03,344] {processor.py:161} INFO - Processing /home/airflow/.local/lib/python3.7/site-packages/airflow/example_dags/example_skip_dag.py took 0.649 seconds
[2022-07-20 17:10:33,964] {processor.py:153} INFO - Started process (PID=576) to work on /home/airflow/.local/lib/python3.7/site-packages/airflow/example_dags/example_skip_dag.py
[2022-07-20 17:10:33,965] {processor.py:641} INFO - Processing file /home/airflow/.local/lib/python3.7/site-packages/airflow/example_dags/example_skip_dag.py for tasks to queue
[2022-07-20 17:10:33,967] {logging_mixin.py:115} INFO - [2022-07-20 17:10:33,967] {dagbag.py:508} INFO - Filling up the DagBag from /home/airflow/.local/lib/python3.7/site-packages/airflow/example_dags/example_skip_dag.py
[2022-07-20 17:10:33,984] {processor.py:651} INFO - DAG(s) dict_keys(['example_skip_dag']) retrieved from /home/airflow/.local/lib/python3.7/site-packages/airflow/example_dags/example_skip_dag.py
[2022-07-20 17:10:34,077] {logging_mixin.py:115} INFO - [2022-07-20 17:10:34,077] {dag.py:2420} INFO - Sync 1 DAGs
[2022-07-20 17:10:34,428] {logging_mixin.py:115} INFO - [2022-07-20 17:10:34,428] {dag.py:2972} INFO - Setting next_dagrun for example_skip_dag to 2022-07-19T17:10:34.428187+00:00, run_after=2022-07-20T17:10:34.428187+00:00
[2022-07-20 17:10:34,572] {processor.py:161} INFO - Processing /home/airflow/.local/lib/python3.7/site-packages/airflow/example_dags/example_skip_dag.py took 0.617 seconds
[2022-07-20 17:11:05,491] {processor.py:153} INFO - Started process (PID=628) to work on /home/airflow/.local/lib/python3.7/site-packages/airflow/example_dags/example_skip_dag.py
[2022-07-20 17:11:05,493] {processor.py:641} INFO - Processing file /home/airflow/.local/lib/python3.7/site-packages/airflow/example_dags/example_skip_dag.py for tasks to queue
[2022-07-20 17:11:05,495] {logging_mixin.py:115} INFO - [2022-07-20 17:11:05,494] {dagbag.py:508} INFO - Filling up the DagBag from /home/airflow/.local/lib/python3.7/site-packages/airflow/example_dags/example_skip_dag.py
[2022-07-20 17:11:05,512] {processor.py:651} INFO - DAG(s) dict_keys(['example_skip_dag']) retrieved from /home/airflow/.local/lib/python3.7/site-packages/airflow/example_dags/example_skip_dag.py
[2022-07-20 17:11:05,604] {logging_mixin.py:115} INFO - [2022-07-20 17:11:05,603] {dag.py:2420} INFO - Sync 1 DAGs
[2022-07-20 17:11:05,962] {logging_mixin.py:115} INFO - [2022-07-20 17:11:05,962] {dag.py:2972} INFO - Setting next_dagrun for example_skip_dag to 2022-07-19T17:11:05.961912+00:00, run_after=2022-07-20T17:11:05.961912+00:00
[2022-07-20 17:11:06,045] {processor.py:161} INFO - Processing /home/airflow/.local/lib/python3.7/site-packages/airflow/example_dags/example_skip_dag.py took 0.563 seconds
[2022-07-20 17:11:36,879] {processor.py:153} INFO - Started process (PID=680) to work on /home/airflow/.local/lib/python3.7/site-packages/airflow/example_dags/example_skip_dag.py
[2022-07-20 17:11:36,881] {processor.py:641} INFO - Processing file /home/airflow/.local/lib/python3.7/site-packages/airflow/example_dags/example_skip_dag.py for tasks to queue
[2022-07-20 17:11:36,889] {logging_mixin.py:115} INFO - [2022-07-20 17:11:36,889] {dagbag.py:508} INFO - Filling up the DagBag from /home/airflow/.local/lib/python3.7/site-packages/airflow/example_dags/example_skip_dag.py
[2022-07-20 17:11:36,953] {processor.py:651} INFO - DAG(s) dict_keys(['example_skip_dag']) retrieved from /home/airflow/.local/lib/python3.7/site-packages/airflow/example_dags/example_skip_dag.py
[2022-07-20 17:11:37,220] {logging_mixin.py:115} INFO - [2022-07-20 17:11:37,219] {dag.py:2420} INFO - Sync 1 DAGs
[2022-07-20 17:11:37,724] {logging_mixin.py:115} INFO - [2022-07-20 17:11:37,723] {dag.py:2972} INFO - Setting next_dagrun for example_skip_dag to 2022-07-19T17:11:37.723066+00:00, run_after=2022-07-20T17:11:37.723066+00:00
[2022-07-20 17:11:37,852] {processor.py:161} INFO - Processing /home/airflow/.local/lib/python3.7/site-packages/airflow/example_dags/example_skip_dag.py took 1.033 seconds
[2022-07-20 17:12:08,155] {processor.py:153} INFO - Started process (PID=733) to work on /home/airflow/.local/lib/python3.7/site-packages/airflow/example_dags/example_skip_dag.py
[2022-07-20 17:12:08,157] {processor.py:641} INFO - Processing file /home/airflow/.local/lib/python3.7/site-packages/airflow/example_dags/example_skip_dag.py for tasks to queue
[2022-07-20 17:12:08,164] {logging_mixin.py:115} INFO - [2022-07-20 17:12:08,164] {dagbag.py:508} INFO - Filling up the DagBag from /home/airflow/.local/lib/python3.7/site-packages/airflow/example_dags/example_skip_dag.py
[2022-07-20 17:12:08,215] {processor.py:651} INFO - DAG(s) dict_keys(['example_skip_dag']) retrieved from /home/airflow/.local/lib/python3.7/site-packages/airflow/example_dags/example_skip_dag.py
[2022-07-20 17:12:08,392] {logging_mixin.py:115} INFO - [2022-07-20 17:12:08,391] {dag.py:2420} INFO - Sync 1 DAGs
[2022-07-20 17:12:08,741] {logging_mixin.py:115} INFO - [2022-07-20 17:12:08,741] {dag.py:2972} INFO - Setting next_dagrun for example_skip_dag to 2022-07-19T17:12:08.740681+00:00, run_after=2022-07-20T17:12:08.740681+00:00
[2022-07-20 17:12:08,908] {processor.py:161} INFO - Processing /home/airflow/.local/lib/python3.7/site-packages/airflow/example_dags/example_skip_dag.py took 0.771 seconds
[2022-07-20 17:12:39,430] {processor.py:153} INFO - Started process (PID=785) to work on /home/airflow/.local/lib/python3.7/site-packages/airflow/example_dags/example_skip_dag.py
[2022-07-20 17:12:39,432] {processor.py:641} INFO - Processing file /home/airflow/.local/lib/python3.7/site-packages/airflow/example_dags/example_skip_dag.py for tasks to queue
[2022-07-20 17:12:39,433] {logging_mixin.py:115} INFO - [2022-07-20 17:12:39,433] {dagbag.py:508} INFO - Filling up the DagBag from /home/airflow/.local/lib/python3.7/site-packages/airflow/example_dags/example_skip_dag.py
[2022-07-20 17:12:39,451] {processor.py:651} INFO - DAG(s) dict_keys(['example_skip_dag']) retrieved from /home/airflow/.local/lib/python3.7/site-packages/airflow/example_dags/example_skip_dag.py
[2022-07-20 17:12:39,585] {logging_mixin.py:115} INFO - [2022-07-20 17:12:39,585] {dag.py:2420} INFO - Sync 1 DAGs
[2022-07-20 17:12:39,936] {logging_mixin.py:115} INFO - [2022-07-20 17:12:39,936] {dag.py:2972} INFO - Setting next_dagrun for example_skip_dag to 2022-07-19T17:12:39.936082+00:00, run_after=2022-07-20T17:12:39.936082+00:00
[2022-07-20 17:12:40,128] {processor.py:161} INFO - Processing /home/airflow/.local/lib/python3.7/site-packages/airflow/example_dags/example_skip_dag.py took 0.718 seconds
[2022-07-20 17:13:11,371] {processor.py:153} INFO - Started process (PID=837) to work on /home/airflow/.local/lib/python3.7/site-packages/airflow/example_dags/example_skip_dag.py
[2022-07-20 17:13:11,375] {processor.py:641} INFO - Processing file /home/airflow/.local/lib/python3.7/site-packages/airflow/example_dags/example_skip_dag.py for tasks to queue
[2022-07-20 17:13:11,387] {logging_mixin.py:115} INFO - [2022-07-20 17:13:11,387] {dagbag.py:508} INFO - Filling up the DagBag from /home/airflow/.local/lib/python3.7/site-packages/airflow/example_dags/example_skip_dag.py
[2022-07-20 17:13:11,436] {processor.py:651} INFO - DAG(s) dict_keys(['example_skip_dag']) retrieved from /home/airflow/.local/lib/python3.7/site-packages/airflow/example_dags/example_skip_dag.py
[2022-07-20 17:13:11,550] {logging_mixin.py:115} INFO - [2022-07-20 17:13:11,550] {dag.py:2420} INFO - Sync 1 DAGs
[2022-07-20 17:13:12,126] {logging_mixin.py:115} INFO - [2022-07-20 17:13:12,125] {dag.py:2972} INFO - Setting next_dagrun for example_skip_dag to 2022-07-19T17:13:12.125533+00:00, run_after=2022-07-20T17:13:12.125533+00:00
[2022-07-20 17:13:12,263] {processor.py:161} INFO - Processing /home/airflow/.local/lib/python3.7/site-packages/airflow/example_dags/example_skip_dag.py took 0.904 seconds
[2022-07-20 17:49:51,187] {processor.py:153} INFO - Started process (PID=118) to work on /home/airflow/.local/lib/python3.7/site-packages/airflow/example_dags/example_skip_dag.py
[2022-07-20 17:49:51,388] {processor.py:641} INFO - Processing file /home/airflow/.local/lib/python3.7/site-packages/airflow/example_dags/example_skip_dag.py for tasks to queue
[2022-07-20 17:49:51,390] {logging_mixin.py:115} INFO - [2022-07-20 17:49:51,389] {dagbag.py:508} INFO - Filling up the DagBag from /home/airflow/.local/lib/python3.7/site-packages/airflow/example_dags/example_skip_dag.py
[2022-07-20 17:49:51,413] {processor.py:651} INFO - DAG(s) dict_keys(['example_skip_dag']) retrieved from /home/airflow/.local/lib/python3.7/site-packages/airflow/example_dags/example_skip_dag.py
[2022-07-20 17:49:51,528] {logging_mixin.py:115} INFO - [2022-07-20 17:49:51,527] {dag.py:2420} INFO - Sync 1 DAGs
[2022-07-20 17:49:52,264] {logging_mixin.py:115} INFO - [2022-07-20 17:49:52,264] {dag.py:2972} INFO - Setting next_dagrun for example_skip_dag to 2022-07-19T17:49:52.263453+00:00, run_after=2022-07-20T17:49:52.263453+00:00
[2022-07-20 17:49:54,091] {processor.py:161} INFO - Processing /home/airflow/.local/lib/python3.7/site-packages/airflow/example_dags/example_skip_dag.py took 2.932 seconds
[2022-07-20 17:50:26,531] {processor.py:153} INFO - Started process (PID=171) to work on /home/airflow/.local/lib/python3.7/site-packages/airflow/example_dags/example_skip_dag.py
[2022-07-20 17:50:26,538] {processor.py:641} INFO - Processing file /home/airflow/.local/lib/python3.7/site-packages/airflow/example_dags/example_skip_dag.py for tasks to queue
[2022-07-20 17:50:26,540] {logging_mixin.py:115} INFO - [2022-07-20 17:50:26,539] {dagbag.py:508} INFO - Filling up the DagBag from /home/airflow/.local/lib/python3.7/site-packages/airflow/example_dags/example_skip_dag.py
[2022-07-20 17:50:26,566] {processor.py:651} INFO - DAG(s) dict_keys(['example_skip_dag']) retrieved from /home/airflow/.local/lib/python3.7/site-packages/airflow/example_dags/example_skip_dag.py
[2022-07-20 17:50:26,745] {logging_mixin.py:115} INFO - [2022-07-20 17:50:26,745] {dag.py:2420} INFO - Sync 1 DAGs
[2022-07-20 17:50:27,112] {logging_mixin.py:115} INFO - [2022-07-20 17:50:27,104] {dag.py:2972} INFO - Setting next_dagrun for example_skip_dag to 2022-07-19T17:50:27.090560+00:00, run_after=2022-07-20T17:50:27.090560+00:00
[2022-07-20 17:50:28,054] {processor.py:161} INFO - Processing /home/airflow/.local/lib/python3.7/site-packages/airflow/example_dags/example_skip_dag.py took 1.531 seconds
[2022-07-20 17:50:59,009] {processor.py:153} INFO - Started process (PID=223) to work on /home/airflow/.local/lib/python3.7/site-packages/airflow/example_dags/example_skip_dag.py
[2022-07-20 17:50:59,011] {processor.py:641} INFO - Processing file /home/airflow/.local/lib/python3.7/site-packages/airflow/example_dags/example_skip_dag.py for tasks to queue
[2022-07-20 17:50:59,012] {logging_mixin.py:115} INFO - [2022-07-20 17:50:59,012] {dagbag.py:508} INFO - Filling up the DagBag from /home/airflow/.local/lib/python3.7/site-packages/airflow/example_dags/example_skip_dag.py
[2022-07-20 17:50:59,031] {processor.py:651} INFO - DAG(s) dict_keys(['example_skip_dag']) retrieved from /home/airflow/.local/lib/python3.7/site-packages/airflow/example_dags/example_skip_dag.py
[2022-07-20 17:50:59,109] {logging_mixin.py:115} INFO - [2022-07-20 17:50:59,109] {dag.py:2420} INFO - Sync 1 DAGs
[2022-07-20 17:50:59,383] {logging_mixin.py:115} INFO - [2022-07-20 17:50:59,383] {dag.py:2972} INFO - Setting next_dagrun for example_skip_dag to 2022-07-19T17:50:59.382436+00:00, run_after=2022-07-20T17:50:59.382436+00:00
[2022-07-20 17:50:59,938] {processor.py:161} INFO - Processing /home/airflow/.local/lib/python3.7/site-packages/airflow/example_dags/example_skip_dag.py took 0.942 seconds
[2022-07-20 17:51:30,044] {processor.py:153} INFO - Started process (PID=266) to work on /home/airflow/.local/lib/python3.7/site-packages/airflow/example_dags/example_skip_dag.py
[2022-07-20 17:51:30,046] {processor.py:641} INFO - Processing file /home/airflow/.local/lib/python3.7/site-packages/airflow/example_dags/example_skip_dag.py for tasks to queue
[2022-07-20 17:51:30,047] {logging_mixin.py:115} INFO - [2022-07-20 17:51:30,047] {dagbag.py:508} INFO - Filling up the DagBag from /home/airflow/.local/lib/python3.7/site-packages/airflow/example_dags/example_skip_dag.py
[2022-07-20 17:51:30,058] {processor.py:651} INFO - DAG(s) dict_keys(['example_skip_dag']) retrieved from /home/airflow/.local/lib/python3.7/site-packages/airflow/example_dags/example_skip_dag.py
[2022-07-20 17:51:30,111] {logging_mixin.py:115} INFO - [2022-07-20 17:51:30,111] {dag.py:2420} INFO - Sync 1 DAGs
[2022-07-20 17:51:30,315] {logging_mixin.py:115} INFO - [2022-07-20 17:51:30,315] {dag.py:2972} INFO - Setting next_dagrun for example_skip_dag to 2022-07-19T17:51:30.315354+00:00, run_after=2022-07-20T17:51:30.315354+00:00
[2022-07-20 17:51:30,588] {processor.py:161} INFO - Processing /home/airflow/.local/lib/python3.7/site-packages/airflow/example_dags/example_skip_dag.py took 0.550 seconds
[2022-07-20 17:52:00,828] {processor.py:153} INFO - Started process (PID=319) to work on /home/airflow/.local/lib/python3.7/site-packages/airflow/example_dags/example_skip_dag.py
[2022-07-20 17:52:00,829] {processor.py:641} INFO - Processing file /home/airflow/.local/lib/python3.7/site-packages/airflow/example_dags/example_skip_dag.py for tasks to queue
[2022-07-20 17:52:00,831] {logging_mixin.py:115} INFO - [2022-07-20 17:52:00,830] {dagbag.py:508} INFO - Filling up the DagBag from /home/airflow/.local/lib/python3.7/site-packages/airflow/example_dags/example_skip_dag.py
[2022-07-20 17:52:00,843] {processor.py:651} INFO - DAG(s) dict_keys(['example_skip_dag']) retrieved from /home/airflow/.local/lib/python3.7/site-packages/airflow/example_dags/example_skip_dag.py
[2022-07-20 17:52:00,912] {logging_mixin.py:115} INFO - [2022-07-20 17:52:00,912] {dag.py:2420} INFO - Sync 1 DAGs
[2022-07-20 17:52:01,244] {logging_mixin.py:115} INFO - [2022-07-20 17:52:01,244] {dag.py:2972} INFO - Setting next_dagrun for example_skip_dag to 2022-07-19T17:52:01.243754+00:00, run_after=2022-07-20T17:52:01.243754+00:00
[2022-07-20 17:52:01,314] {processor.py:161} INFO - Processing /home/airflow/.local/lib/python3.7/site-packages/airflow/example_dags/example_skip_dag.py took 0.495 seconds
[2022-07-20 17:52:31,998] {processor.py:153} INFO - Started process (PID=377) to work on /home/airflow/.local/lib/python3.7/site-packages/airflow/example_dags/example_skip_dag.py
[2022-07-20 17:52:32,001] {processor.py:641} INFO - Processing file /home/airflow/.local/lib/python3.7/site-packages/airflow/example_dags/example_skip_dag.py for tasks to queue
[2022-07-20 17:52:32,005] {logging_mixin.py:115} INFO - [2022-07-20 17:52:32,004] {dagbag.py:508} INFO - Filling up the DagBag from /home/airflow/.local/lib/python3.7/site-packages/airflow/example_dags/example_skip_dag.py
[2022-07-20 17:52:32,140] {processor.py:651} INFO - DAG(s) dict_keys(['example_skip_dag']) retrieved from /home/airflow/.local/lib/python3.7/site-packages/airflow/example_dags/example_skip_dag.py
[2022-07-20 17:52:32,391] {logging_mixin.py:115} INFO - [2022-07-20 17:52:32,391] {dag.py:2420} INFO - Sync 1 DAGs
[2022-07-20 17:52:33,136] {logging_mixin.py:115} INFO - [2022-07-20 17:52:33,136] {dag.py:2972} INFO - Setting next_dagrun for example_skip_dag to 2022-07-19T17:52:33.135819+00:00, run_after=2022-07-20T17:52:33.135819+00:00
[2022-07-20 17:52:33,285] {processor.py:161} INFO - Processing /home/airflow/.local/lib/python3.7/site-packages/airflow/example_dags/example_skip_dag.py took 1.346 seconds
[2022-07-20 17:53:03,677] {processor.py:153} INFO - Started process (PID=430) to work on /home/airflow/.local/lib/python3.7/site-packages/airflow/example_dags/example_skip_dag.py
[2022-07-20 17:53:03,678] {processor.py:641} INFO - Processing file /home/airflow/.local/lib/python3.7/site-packages/airflow/example_dags/example_skip_dag.py for tasks to queue
[2022-07-20 17:53:03,680] {logging_mixin.py:115} INFO - [2022-07-20 17:53:03,679] {dagbag.py:508} INFO - Filling up the DagBag from /home/airflow/.local/lib/python3.7/site-packages/airflow/example_dags/example_skip_dag.py
[2022-07-20 17:53:03,702] {processor.py:651} INFO - DAG(s) dict_keys(['example_skip_dag']) retrieved from /home/airflow/.local/lib/python3.7/site-packages/airflow/example_dags/example_skip_dag.py
[2022-07-20 17:53:03,810] {logging_mixin.py:115} INFO - [2022-07-20 17:53:03,810] {dag.py:2420} INFO - Sync 1 DAGs
[2022-07-20 17:53:04,099] {logging_mixin.py:115} INFO - [2022-07-20 17:53:04,098] {dag.py:2972} INFO - Setting next_dagrun for example_skip_dag to 2022-07-19T17:53:04.098471+00:00, run_after=2022-07-20T17:53:04.098471+00:00
[2022-07-20 17:53:04,199] {processor.py:161} INFO - Processing /home/airflow/.local/lib/python3.7/site-packages/airflow/example_dags/example_skip_dag.py took 0.531 seconds
[2022-07-20 17:53:34,392] {processor.py:153} INFO - Started process (PID=483) to work on /home/airflow/.local/lib/python3.7/site-packages/airflow/example_dags/example_skip_dag.py
[2022-07-20 17:53:34,394] {processor.py:641} INFO - Processing file /home/airflow/.local/lib/python3.7/site-packages/airflow/example_dags/example_skip_dag.py for tasks to queue
[2022-07-20 17:53:34,396] {logging_mixin.py:115} INFO - [2022-07-20 17:53:34,396] {dagbag.py:508} INFO - Filling up the DagBag from /home/airflow/.local/lib/python3.7/site-packages/airflow/example_dags/example_skip_dag.py
[2022-07-20 17:53:34,410] {processor.py:651} INFO - DAG(s) dict_keys(['example_skip_dag']) retrieved from /home/airflow/.local/lib/python3.7/site-packages/airflow/example_dags/example_skip_dag.py
[2022-07-20 17:53:34,488] {logging_mixin.py:115} INFO - [2022-07-20 17:53:34,486] {dag.py:2420} INFO - Sync 1 DAGs
[2022-07-20 17:53:34,799] {logging_mixin.py:115} INFO - [2022-07-20 17:53:34,799] {dag.py:2972} INFO - Setting next_dagrun for example_skip_dag to 2022-07-19T17:53:34.799114+00:00, run_after=2022-07-20T17:53:34.799114+00:00
[2022-07-20 17:53:35,112] {processor.py:161} INFO - Processing /home/airflow/.local/lib/python3.7/site-packages/airflow/example_dags/example_skip_dag.py took 0.729 seconds
[2022-07-20 17:54:05,370] {processor.py:153} INFO - Started process (PID=534) to work on /home/airflow/.local/lib/python3.7/site-packages/airflow/example_dags/example_skip_dag.py
[2022-07-20 17:54:05,384] {processor.py:641} INFO - Processing file /home/airflow/.local/lib/python3.7/site-packages/airflow/example_dags/example_skip_dag.py for tasks to queue
[2022-07-20 17:54:05,386] {logging_mixin.py:115} INFO - [2022-07-20 17:54:05,386] {dagbag.py:508} INFO - Filling up the DagBag from /home/airflow/.local/lib/python3.7/site-packages/airflow/example_dags/example_skip_dag.py
[2022-07-20 17:54:05,408] {processor.py:651} INFO - DAG(s) dict_keys(['example_skip_dag']) retrieved from /home/airflow/.local/lib/python3.7/site-packages/airflow/example_dags/example_skip_dag.py
[2022-07-20 17:54:05,518] {logging_mixin.py:115} INFO - [2022-07-20 17:54:05,518] {dag.py:2420} INFO - Sync 1 DAGs
[2022-07-20 17:54:06,022] {logging_mixin.py:115} INFO - [2022-07-20 17:54:06,021] {dag.py:2972} INFO - Setting next_dagrun for example_skip_dag to 2022-07-19T17:54:06.021353+00:00, run_after=2022-07-20T17:54:06.021353+00:00
[2022-07-20 17:54:06,547] {processor.py:161} INFO - Processing /home/airflow/.local/lib/python3.7/site-packages/airflow/example_dags/example_skip_dag.py took 1.198 seconds
[2022-07-20 17:54:36,878] {processor.py:153} INFO - Started process (PID=584) to work on /home/airflow/.local/lib/python3.7/site-packages/airflow/example_dags/example_skip_dag.py
[2022-07-20 17:54:36,926] {processor.py:641} INFO - Processing file /home/airflow/.local/lib/python3.7/site-packages/airflow/example_dags/example_skip_dag.py for tasks to queue
[2022-07-20 17:54:36,928] {logging_mixin.py:115} INFO - [2022-07-20 17:54:36,928] {dagbag.py:508} INFO - Filling up the DagBag from /home/airflow/.local/lib/python3.7/site-packages/airflow/example_dags/example_skip_dag.py
[2022-07-20 17:54:36,941] {processor.py:651} INFO - DAG(s) dict_keys(['example_skip_dag']) retrieved from /home/airflow/.local/lib/python3.7/site-packages/airflow/example_dags/example_skip_dag.py
[2022-07-20 17:54:37,009] {logging_mixin.py:115} INFO - [2022-07-20 17:54:37,009] {dag.py:2420} INFO - Sync 1 DAGs
[2022-07-20 17:54:37,372] {logging_mixin.py:115} INFO - [2022-07-20 17:54:37,372] {dag.py:2972} INFO - Setting next_dagrun for example_skip_dag to 2022-07-19T17:54:37.372063+00:00, run_after=2022-07-20T17:54:37.372063+00:00
[2022-07-20 17:54:37,543] {processor.py:161} INFO - Processing /home/airflow/.local/lib/python3.7/site-packages/airflow/example_dags/example_skip_dag.py took 0.672 seconds
[2022-07-20 17:55:08,301] {processor.py:153} INFO - Started process (PID=638) to work on /home/airflow/.local/lib/python3.7/site-packages/airflow/example_dags/example_skip_dag.py
[2022-07-20 17:55:08,303] {processor.py:641} INFO - Processing file /home/airflow/.local/lib/python3.7/site-packages/airflow/example_dags/example_skip_dag.py for tasks to queue
[2022-07-20 17:55:08,306] {logging_mixin.py:115} INFO - [2022-07-20 17:55:08,306] {dagbag.py:508} INFO - Filling up the DagBag from /home/airflow/.local/lib/python3.7/site-packages/airflow/example_dags/example_skip_dag.py
[2022-07-20 17:55:08,326] {processor.py:651} INFO - DAG(s) dict_keys(['example_skip_dag']) retrieved from /home/airflow/.local/lib/python3.7/site-packages/airflow/example_dags/example_skip_dag.py
[2022-07-20 17:55:08,443] {logging_mixin.py:115} INFO - [2022-07-20 17:55:08,443] {dag.py:2420} INFO - Sync 1 DAGs
[2022-07-20 17:55:08,810] {logging_mixin.py:115} INFO - [2022-07-20 17:55:08,809] {dag.py:2972} INFO - Setting next_dagrun for example_skip_dag to 2022-07-19T17:55:08.809522+00:00, run_after=2022-07-20T17:55:08.809522+00:00
[2022-07-20 17:55:09,033] {processor.py:161} INFO - Processing /home/airflow/.local/lib/python3.7/site-packages/airflow/example_dags/example_skip_dag.py took 0.740 seconds
[2022-07-20 17:55:39,745] {processor.py:153} INFO - Started process (PID=691) to work on /home/airflow/.local/lib/python3.7/site-packages/airflow/example_dags/example_skip_dag.py
[2022-07-20 17:55:39,746] {processor.py:641} INFO - Processing file /home/airflow/.local/lib/python3.7/site-packages/airflow/example_dags/example_skip_dag.py for tasks to queue
[2022-07-20 17:55:39,747] {logging_mixin.py:115} INFO - [2022-07-20 17:55:39,747] {dagbag.py:508} INFO - Filling up the DagBag from /home/airflow/.local/lib/python3.7/site-packages/airflow/example_dags/example_skip_dag.py
[2022-07-20 17:55:39,761] {processor.py:651} INFO - DAG(s) dict_keys(['example_skip_dag']) retrieved from /home/airflow/.local/lib/python3.7/site-packages/airflow/example_dags/example_skip_dag.py
[2022-07-20 17:55:39,828] {logging_mixin.py:115} INFO - [2022-07-20 17:55:39,828] {dag.py:2420} INFO - Sync 1 DAGs
[2022-07-20 17:55:40,127] {logging_mixin.py:115} INFO - [2022-07-20 17:55:40,127] {dag.py:2972} INFO - Setting next_dagrun for example_skip_dag to 2022-07-19T17:55:40.127280+00:00, run_after=2022-07-20T17:55:40.127280+00:00
[2022-07-20 17:55:40,475] {processor.py:161} INFO - Processing /home/airflow/.local/lib/python3.7/site-packages/airflow/example_dags/example_skip_dag.py took 0.742 seconds
[2022-07-20 17:56:10,981] {processor.py:153} INFO - Started process (PID=743) to work on /home/airflow/.local/lib/python3.7/site-packages/airflow/example_dags/example_skip_dag.py
[2022-07-20 17:56:10,983] {processor.py:641} INFO - Processing file /home/airflow/.local/lib/python3.7/site-packages/airflow/example_dags/example_skip_dag.py for tasks to queue
[2022-07-20 17:56:10,986] {logging_mixin.py:115} INFO - [2022-07-20 17:56:10,986] {dagbag.py:508} INFO - Filling up the DagBag from /home/airflow/.local/lib/python3.7/site-packages/airflow/example_dags/example_skip_dag.py
[2022-07-20 17:56:11,017] {processor.py:651} INFO - DAG(s) dict_keys(['example_skip_dag']) retrieved from /home/airflow/.local/lib/python3.7/site-packages/airflow/example_dags/example_skip_dag.py
[2022-07-20 17:56:11,100] {logging_mixin.py:115} INFO - [2022-07-20 17:56:11,100] {dag.py:2420} INFO - Sync 1 DAGs
[2022-07-20 17:56:11,310] {logging_mixin.py:115} INFO - [2022-07-20 17:56:11,310] {dag.py:2972} INFO - Setting next_dagrun for example_skip_dag to 2022-07-19T17:56:11.309788+00:00, run_after=2022-07-20T17:56:11.309788+00:00
[2022-07-20 17:56:11,455] {processor.py:161} INFO - Processing /home/airflow/.local/lib/python3.7/site-packages/airflow/example_dags/example_skip_dag.py took 0.482 seconds
[2022-07-20 17:56:42,323] {processor.py:153} INFO - Started process (PID=796) to work on /home/airflow/.local/lib/python3.7/site-packages/airflow/example_dags/example_skip_dag.py
[2022-07-20 17:56:42,360] {processor.py:641} INFO - Processing file /home/airflow/.local/lib/python3.7/site-packages/airflow/example_dags/example_skip_dag.py for tasks to queue
[2022-07-20 17:56:42,381] {logging_mixin.py:115} INFO - [2022-07-20 17:56:42,380] {dagbag.py:508} INFO - Filling up the DagBag from /home/airflow/.local/lib/python3.7/site-packages/airflow/example_dags/example_skip_dag.py
[2022-07-20 17:56:42,485] {processor.py:651} INFO - DAG(s) dict_keys(['example_skip_dag']) retrieved from /home/airflow/.local/lib/python3.7/site-packages/airflow/example_dags/example_skip_dag.py
[2022-07-20 17:56:42,830] {logging_mixin.py:115} INFO - [2022-07-20 17:56:42,830] {dag.py:2420} INFO - Sync 1 DAGs
[2022-07-20 17:56:43,309] {logging_mixin.py:115} INFO - [2022-07-20 17:56:43,309] {dag.py:2972} INFO - Setting next_dagrun for example_skip_dag to 2022-07-19T17:56:43.308990+00:00, run_after=2022-07-20T17:56:43.308990+00:00
[2022-07-20 17:56:43,815] {processor.py:161} INFO - Processing /home/airflow/.local/lib/python3.7/site-packages/airflow/example_dags/example_skip_dag.py took 1.505 seconds
[2022-07-20 17:57:14,212] {processor.py:153} INFO - Started process (PID=839) to work on /home/airflow/.local/lib/python3.7/site-packages/airflow/example_dags/example_skip_dag.py
[2022-07-20 17:57:14,214] {processor.py:641} INFO - Processing file /home/airflow/.local/lib/python3.7/site-packages/airflow/example_dags/example_skip_dag.py for tasks to queue
[2022-07-20 17:57:14,215] {logging_mixin.py:115} INFO - [2022-07-20 17:57:14,215] {dagbag.py:508} INFO - Filling up the DagBag from /home/airflow/.local/lib/python3.7/site-packages/airflow/example_dags/example_skip_dag.py
[2022-07-20 17:57:14,229] {processor.py:651} INFO - DAG(s) dict_keys(['example_skip_dag']) retrieved from /home/airflow/.local/lib/python3.7/site-packages/airflow/example_dags/example_skip_dag.py
[2022-07-20 17:57:14,320] {logging_mixin.py:115} INFO - [2022-07-20 17:57:14,320] {dag.py:2420} INFO - Sync 1 DAGs
[2022-07-20 17:57:14,634] {logging_mixin.py:115} INFO - [2022-07-20 17:57:14,634] {dag.py:2972} INFO - Setting next_dagrun for example_skip_dag to 2022-07-19T17:57:14.633889+00:00, run_after=2022-07-20T17:57:14.633889+00:00
[2022-07-20 17:57:14,851] {processor.py:161} INFO - Processing /home/airflow/.local/lib/python3.7/site-packages/airflow/example_dags/example_skip_dag.py took 0.646 seconds
[2022-07-20 17:57:44,979] {processor.py:153} INFO - Started process (PID=891) to work on /home/airflow/.local/lib/python3.7/site-packages/airflow/example_dags/example_skip_dag.py
[2022-07-20 17:57:44,983] {processor.py:641} INFO - Processing file /home/airflow/.local/lib/python3.7/site-packages/airflow/example_dags/example_skip_dag.py for tasks to queue
[2022-07-20 17:57:44,986] {logging_mixin.py:115} INFO - [2022-07-20 17:57:44,986] {dagbag.py:508} INFO - Filling up the DagBag from /home/airflow/.local/lib/python3.7/site-packages/airflow/example_dags/example_skip_dag.py
[2022-07-20 17:57:45,014] {processor.py:651} INFO - DAG(s) dict_keys(['example_skip_dag']) retrieved from /home/airflow/.local/lib/python3.7/site-packages/airflow/example_dags/example_skip_dag.py
[2022-07-20 17:57:45,127] {logging_mixin.py:115} INFO - [2022-07-20 17:57:45,126] {dag.py:2420} INFO - Sync 1 DAGs
[2022-07-20 17:57:45,440] {logging_mixin.py:115} INFO - [2022-07-20 17:57:45,439] {dag.py:2972} INFO - Setting next_dagrun for example_skip_dag to 2022-07-19T17:57:45.439490+00:00, run_after=2022-07-20T17:57:45.439490+00:00
[2022-07-20 17:57:45,542] {processor.py:161} INFO - Processing /home/airflow/.local/lib/python3.7/site-packages/airflow/example_dags/example_skip_dag.py took 0.571 seconds
[2022-07-20 17:58:15,914] {processor.py:153} INFO - Started process (PID=944) to work on /home/airflow/.local/lib/python3.7/site-packages/airflow/example_dags/example_skip_dag.py
[2022-07-20 17:58:15,919] {processor.py:641} INFO - Processing file /home/airflow/.local/lib/python3.7/site-packages/airflow/example_dags/example_skip_dag.py for tasks to queue
[2022-07-20 17:58:15,921] {logging_mixin.py:115} INFO - [2022-07-20 17:58:15,921] {dagbag.py:508} INFO - Filling up the DagBag from /home/airflow/.local/lib/python3.7/site-packages/airflow/example_dags/example_skip_dag.py
[2022-07-20 17:58:15,944] {processor.py:651} INFO - DAG(s) dict_keys(['example_skip_dag']) retrieved from /home/airflow/.local/lib/python3.7/site-packages/airflow/example_dags/example_skip_dag.py
[2022-07-20 17:58:16,065] {logging_mixin.py:115} INFO - [2022-07-20 17:58:16,064] {dag.py:2420} INFO - Sync 1 DAGs
[2022-07-20 17:58:16,411] {logging_mixin.py:115} INFO - [2022-07-20 17:58:16,408] {dag.py:2972} INFO - Setting next_dagrun for example_skip_dag to 2022-07-19T17:58:16.408126+00:00, run_after=2022-07-20T17:58:16.408126+00:00
[2022-07-20 17:58:16,658] {processor.py:161} INFO - Processing /home/airflow/.local/lib/python3.7/site-packages/airflow/example_dags/example_skip_dag.py took 0.765 seconds
[2022-07-20 17:58:46,858] {processor.py:153} INFO - Started process (PID=987) to work on /home/airflow/.local/lib/python3.7/site-packages/airflow/example_dags/example_skip_dag.py
[2022-07-20 17:58:46,860] {processor.py:641} INFO - Processing file /home/airflow/.local/lib/python3.7/site-packages/airflow/example_dags/example_skip_dag.py for tasks to queue
[2022-07-20 17:58:46,862] {logging_mixin.py:115} INFO - [2022-07-20 17:58:46,862] {dagbag.py:508} INFO - Filling up the DagBag from /home/airflow/.local/lib/python3.7/site-packages/airflow/example_dags/example_skip_dag.py
[2022-07-20 17:58:46,879] {processor.py:651} INFO - DAG(s) dict_keys(['example_skip_dag']) retrieved from /home/airflow/.local/lib/python3.7/site-packages/airflow/example_dags/example_skip_dag.py
[2022-07-20 17:58:46,972] {logging_mixin.py:115} INFO - [2022-07-20 17:58:46,972] {dag.py:2420} INFO - Sync 1 DAGs
[2022-07-20 17:58:47,477] {logging_mixin.py:115} INFO - [2022-07-20 17:58:47,477] {dag.py:2972} INFO - Setting next_dagrun for example_skip_dag to 2022-07-19T17:58:47.476551+00:00, run_after=2022-07-20T17:58:47.476551+00:00
[2022-07-20 17:58:47,613] {processor.py:161} INFO - Processing /home/airflow/.local/lib/python3.7/site-packages/airflow/example_dags/example_skip_dag.py took 0.770 seconds
[2022-07-20 17:59:19,289] {processor.py:153} INFO - Started process (PID=1039) to work on /home/airflow/.local/lib/python3.7/site-packages/airflow/example_dags/example_skip_dag.py
[2022-07-20 17:59:19,291] {processor.py:641} INFO - Processing file /home/airflow/.local/lib/python3.7/site-packages/airflow/example_dags/example_skip_dag.py for tasks to queue
[2022-07-20 17:59:19,293] {logging_mixin.py:115} INFO - [2022-07-20 17:59:19,292] {dagbag.py:508} INFO - Filling up the DagBag from /home/airflow/.local/lib/python3.7/site-packages/airflow/example_dags/example_skip_dag.py
[2022-07-20 17:59:19,325] {processor.py:651} INFO - DAG(s) dict_keys(['example_skip_dag']) retrieved from /home/airflow/.local/lib/python3.7/site-packages/airflow/example_dags/example_skip_dag.py
[2022-07-20 17:59:19,419] {logging_mixin.py:115} INFO - [2022-07-20 17:59:19,419] {dag.py:2420} INFO - Sync 1 DAGs
[2022-07-20 17:59:19,744] {logging_mixin.py:115} INFO - [2022-07-20 17:59:19,744] {dag.py:2972} INFO - Setting next_dagrun for example_skip_dag to 2022-07-19T17:59:19.744124+00:00, run_after=2022-07-20T17:59:19.744124+00:00
[2022-07-20 17:59:19,833] {processor.py:161} INFO - Processing /home/airflow/.local/lib/python3.7/site-packages/airflow/example_dags/example_skip_dag.py took 0.555 seconds
[2022-07-20 17:59:50,791] {processor.py:153} INFO - Started process (PID=1092) to work on /home/airflow/.local/lib/python3.7/site-packages/airflow/example_dags/example_skip_dag.py
[2022-07-20 17:59:50,793] {processor.py:641} INFO - Processing file /home/airflow/.local/lib/python3.7/site-packages/airflow/example_dags/example_skip_dag.py for tasks to queue
[2022-07-20 17:59:50,794] {logging_mixin.py:115} INFO - [2022-07-20 17:59:50,794] {dagbag.py:508} INFO - Filling up the DagBag from /home/airflow/.local/lib/python3.7/site-packages/airflow/example_dags/example_skip_dag.py
[2022-07-20 17:59:50,804] {processor.py:651} INFO - DAG(s) dict_keys(['example_skip_dag']) retrieved from /home/airflow/.local/lib/python3.7/site-packages/airflow/example_dags/example_skip_dag.py
[2022-07-20 17:59:50,870] {logging_mixin.py:115} INFO - [2022-07-20 17:59:50,870] {dag.py:2420} INFO - Sync 1 DAGs
[2022-07-20 17:59:51,135] {logging_mixin.py:115} INFO - [2022-07-20 17:59:51,135] {dag.py:2972} INFO - Setting next_dagrun for example_skip_dag to 2022-07-19T17:59:51.134924+00:00, run_after=2022-07-20T17:59:51.134924+00:00
[2022-07-20 17:59:51,220] {processor.py:161} INFO - Processing /home/airflow/.local/lib/python3.7/site-packages/airflow/example_dags/example_skip_dag.py took 0.435 seconds
[2022-07-20 18:00:21,946] {processor.py:153} INFO - Started process (PID=1145) to work on /home/airflow/.local/lib/python3.7/site-packages/airflow/example_dags/example_skip_dag.py
[2022-07-20 18:00:21,947] {processor.py:641} INFO - Processing file /home/airflow/.local/lib/python3.7/site-packages/airflow/example_dags/example_skip_dag.py for tasks to queue
[2022-07-20 18:00:21,948] {logging_mixin.py:115} INFO - [2022-07-20 18:00:21,948] {dagbag.py:508} INFO - Filling up the DagBag from /home/airflow/.local/lib/python3.7/site-packages/airflow/example_dags/example_skip_dag.py
[2022-07-20 18:00:21,958] {processor.py:651} INFO - DAG(s) dict_keys(['example_skip_dag']) retrieved from /home/airflow/.local/lib/python3.7/site-packages/airflow/example_dags/example_skip_dag.py
[2022-07-20 18:00:22,016] {logging_mixin.py:115} INFO - [2022-07-20 18:00:22,016] {dag.py:2420} INFO - Sync 1 DAGs
[2022-07-20 18:00:22,503] {logging_mixin.py:115} INFO - [2022-07-20 18:00:22,503] {dag.py:2972} INFO - Setting next_dagrun for example_skip_dag to 2022-07-19T18:00:22.503177+00:00, run_after=2022-07-20T18:00:22.503177+00:00
[2022-07-20 18:00:22,735] {processor.py:161} INFO - Processing /home/airflow/.local/lib/python3.7/site-packages/airflow/example_dags/example_skip_dag.py took 0.797 seconds
[2022-07-20 18:00:53,771] {processor.py:153} INFO - Started process (PID=1196) to work on /home/airflow/.local/lib/python3.7/site-packages/airflow/example_dags/example_skip_dag.py
[2022-07-20 18:00:53,774] {processor.py:641} INFO - Processing file /home/airflow/.local/lib/python3.7/site-packages/airflow/example_dags/example_skip_dag.py for tasks to queue
[2022-07-20 18:00:53,798] {logging_mixin.py:115} INFO - [2022-07-20 18:00:53,797] {dagbag.py:508} INFO - Filling up the DagBag from /home/airflow/.local/lib/python3.7/site-packages/airflow/example_dags/example_skip_dag.py
[2022-07-20 18:00:53,829] {processor.py:651} INFO - DAG(s) dict_keys(['example_skip_dag']) retrieved from /home/airflow/.local/lib/python3.7/site-packages/airflow/example_dags/example_skip_dag.py
[2022-07-20 18:00:53,975] {logging_mixin.py:115} INFO - [2022-07-20 18:00:53,975] {dag.py:2420} INFO - Sync 1 DAGs
[2022-07-20 18:00:54,591] {logging_mixin.py:115} INFO - [2022-07-20 18:00:54,591] {dag.py:2972} INFO - Setting next_dagrun for example_skip_dag to 2022-07-19T18:00:54.590976+00:00, run_after=2022-07-20T18:00:54.590976+00:00
[2022-07-20 18:00:54,683] {processor.py:161} INFO - Processing /home/airflow/.local/lib/python3.7/site-packages/airflow/example_dags/example_skip_dag.py took 0.937 seconds
