[2022-07-20 17:05:55,988] {processor.py:153} INFO - Started process (PID=154) to work on /home/airflow/.local/lib/python3.7/site-packages/airflow/example_dags/example_branch_operator_decorator.py
[2022-07-20 17:05:56,001] {processor.py:641} INFO - Processing file /home/airflow/.local/lib/python3.7/site-packages/airflow/example_dags/example_branch_operator_decorator.py for tasks to queue
[2022-07-20 17:05:56,018] {logging_mixin.py:115} INFO - [2022-07-20 17:05:56,018] {dagbag.py:508} INFO - Filling up the DagBag from /home/airflow/.local/lib/python3.7/site-packages/airflow/example_dags/example_branch_operator_decorator.py
[2022-07-20 17:05:56,274] {processor.py:651} INFO - DAG(s) dict_keys(['example_branch_python_operator_decorator']) retrieved from /home/airflow/.local/lib/python3.7/site-packages/airflow/example_dags/example_branch_operator_decorator.py
[2022-07-20 17:05:59,572] {logging_mixin.py:115} INFO - [2022-07-20 17:05:59,571] {dag.py:2420} INFO - Sync 1 DAGs
[2022-07-20 17:05:59,942] {logging_mixin.py:115} INFO - [2022-07-20 17:05:59,941] {dag.py:2972} INFO - Setting next_dagrun for example_branch_python_operator_decorator to 2022-07-19T00:00:00+00:00, run_after=2022-07-20T00:00:00+00:00
[2022-07-20 17:06:00,348] {processor.py:161} INFO - Processing /home/airflow/.local/lib/python3.7/site-packages/airflow/example_dags/example_branch_operator_decorator.py took 4.398 seconds
[2022-07-20 17:06:35,004] {processor.py:153} INFO - Started process (PID=208) to work on /home/airflow/.local/lib/python3.7/site-packages/airflow/example_dags/example_branch_operator_decorator.py
[2022-07-20 17:06:35,006] {processor.py:641} INFO - Processing file /home/airflow/.local/lib/python3.7/site-packages/airflow/example_dags/example_branch_operator_decorator.py for tasks to queue
[2022-07-20 17:06:35,008] {logging_mixin.py:115} INFO - [2022-07-20 17:06:35,008] {dagbag.py:508} INFO - Filling up the DagBag from /home/airflow/.local/lib/python3.7/site-packages/airflow/example_dags/example_branch_operator_decorator.py
[2022-07-20 17:06:35,080] {processor.py:651} INFO - DAG(s) dict_keys(['example_branch_python_operator_decorator']) retrieved from /home/airflow/.local/lib/python3.7/site-packages/airflow/example_dags/example_branch_operator_decorator.py
[2022-07-20 17:06:35,421] {logging_mixin.py:115} INFO - [2022-07-20 17:06:35,421] {dag.py:2420} INFO - Sync 1 DAGs
[2022-07-20 17:06:35,484] {logging_mixin.py:115} INFO - [2022-07-20 17:06:35,484] {dag.py:2972} INFO - Setting next_dagrun for example_branch_python_operator_decorator to 2022-07-19T00:00:00+00:00, run_after=2022-07-20T00:00:00+00:00
[2022-07-20 17:06:35,624] {processor.py:161} INFO - Processing /home/airflow/.local/lib/python3.7/site-packages/airflow/example_dags/example_branch_operator_decorator.py took 0.629 seconds
[2022-07-20 17:07:08,985] {processor.py:153} INFO - Started process (PID=259) to work on /home/airflow/.local/lib/python3.7/site-packages/airflow/example_dags/example_branch_operator_decorator.py
[2022-07-20 17:07:09,009] {processor.py:641} INFO - Processing file /home/airflow/.local/lib/python3.7/site-packages/airflow/example_dags/example_branch_operator_decorator.py for tasks to queue
[2022-07-20 17:07:09,025] {logging_mixin.py:115} INFO - [2022-07-20 17:07:09,024] {dagbag.py:508} INFO - Filling up the DagBag from /home/airflow/.local/lib/python3.7/site-packages/airflow/example_dags/example_branch_operator_decorator.py
[2022-07-20 17:07:09,294] {processor.py:651} INFO - DAG(s) dict_keys(['example_branch_python_operator_decorator']) retrieved from /home/airflow/.local/lib/python3.7/site-packages/airflow/example_dags/example_branch_operator_decorator.py
[2022-07-20 17:07:09,919] {logging_mixin.py:115} INFO - [2022-07-20 17:07:09,919] {dag.py:2420} INFO - Sync 1 DAGs
[2022-07-20 17:07:10,023] {logging_mixin.py:115} INFO - [2022-07-20 17:07:10,023] {dag.py:2972} INFO - Setting next_dagrun for example_branch_python_operator_decorator to 2022-07-19T00:00:00+00:00, run_after=2022-07-20T00:00:00+00:00
[2022-07-20 17:07:10,331] {processor.py:161} INFO - Processing /home/airflow/.local/lib/python3.7/site-packages/airflow/example_dags/example_branch_operator_decorator.py took 1.396 seconds
[2022-07-20 17:07:40,976] {processor.py:153} INFO - Started process (PID=312) to work on /home/airflow/.local/lib/python3.7/site-packages/airflow/example_dags/example_branch_operator_decorator.py
[2022-07-20 17:07:40,977] {processor.py:641} INFO - Processing file /home/airflow/.local/lib/python3.7/site-packages/airflow/example_dags/example_branch_operator_decorator.py for tasks to queue
[2022-07-20 17:07:40,980] {logging_mixin.py:115} INFO - [2022-07-20 17:07:40,980] {dagbag.py:508} INFO - Filling up the DagBag from /home/airflow/.local/lib/python3.7/site-packages/airflow/example_dags/example_branch_operator_decorator.py
[2022-07-20 17:07:41,073] {processor.py:651} INFO - DAG(s) dict_keys(['example_branch_python_operator_decorator']) retrieved from /home/airflow/.local/lib/python3.7/site-packages/airflow/example_dags/example_branch_operator_decorator.py
[2022-07-20 17:07:41,350] {logging_mixin.py:115} INFO - [2022-07-20 17:07:41,349] {dag.py:2420} INFO - Sync 1 DAGs
[2022-07-20 17:07:41,406] {logging_mixin.py:115} INFO - [2022-07-20 17:07:41,406] {dag.py:2972} INFO - Setting next_dagrun for example_branch_python_operator_decorator to 2022-07-19T00:00:00+00:00, run_after=2022-07-20T00:00:00+00:00
[2022-07-20 17:07:41,762] {processor.py:161} INFO - Processing /home/airflow/.local/lib/python3.7/site-packages/airflow/example_dags/example_branch_operator_decorator.py took 0.794 seconds
[2022-07-20 17:08:16,426] {processor.py:153} INFO - Started process (PID=361) to work on /home/airflow/.local/lib/python3.7/site-packages/airflow/example_dags/example_branch_operator_decorator.py
[2022-07-20 17:08:16,428] {processor.py:641} INFO - Processing file /home/airflow/.local/lib/python3.7/site-packages/airflow/example_dags/example_branch_operator_decorator.py for tasks to queue
[2022-07-20 17:08:16,430] {logging_mixin.py:115} INFO - [2022-07-20 17:08:16,430] {dagbag.py:508} INFO - Filling up the DagBag from /home/airflow/.local/lib/python3.7/site-packages/airflow/example_dags/example_branch_operator_decorator.py
[2022-07-20 17:08:16,521] {processor.py:651} INFO - DAG(s) dict_keys(['example_branch_python_operator_decorator']) retrieved from /home/airflow/.local/lib/python3.7/site-packages/airflow/example_dags/example_branch_operator_decorator.py
[2022-07-20 17:08:16,916] {logging_mixin.py:115} INFO - [2022-07-20 17:08:16,916] {dag.py:2420} INFO - Sync 1 DAGs
[2022-07-20 17:08:17,206] {logging_mixin.py:115} INFO - [2022-07-20 17:08:17,205] {dag.py:2972} INFO - Setting next_dagrun for example_branch_python_operator_decorator to 2022-07-19T00:00:00+00:00, run_after=2022-07-20T00:00:00+00:00
[2022-07-20 17:08:18,076] {processor.py:161} INFO - Processing /home/airflow/.local/lib/python3.7/site-packages/airflow/example_dags/example_branch_operator_decorator.py took 1.664 seconds
[2022-07-20 17:08:51,931] {processor.py:153} INFO - Started process (PID=412) to work on /home/airflow/.local/lib/python3.7/site-packages/airflow/example_dags/example_branch_operator_decorator.py
[2022-07-20 17:08:51,953] {processor.py:641} INFO - Processing file /home/airflow/.local/lib/python3.7/site-packages/airflow/example_dags/example_branch_operator_decorator.py for tasks to queue
[2022-07-20 17:08:51,956] {logging_mixin.py:115} INFO - [2022-07-20 17:08:51,955] {dagbag.py:508} INFO - Filling up the DagBag from /home/airflow/.local/lib/python3.7/site-packages/airflow/example_dags/example_branch_operator_decorator.py
[2022-07-20 17:08:52,231] {processor.py:651} INFO - DAG(s) dict_keys(['example_branch_python_operator_decorator']) retrieved from /home/airflow/.local/lib/python3.7/site-packages/airflow/example_dags/example_branch_operator_decorator.py
[2022-07-20 17:08:52,911] {logging_mixin.py:115} INFO - [2022-07-20 17:08:52,911] {dag.py:2420} INFO - Sync 1 DAGs
[2022-07-20 17:08:53,009] {logging_mixin.py:115} INFO - [2022-07-20 17:08:53,009] {dag.py:2972} INFO - Setting next_dagrun for example_branch_python_operator_decorator to 2022-07-19T00:00:00+00:00, run_after=2022-07-20T00:00:00+00:00
[2022-07-20 17:08:53,447] {processor.py:161} INFO - Processing /home/airflow/.local/lib/python3.7/site-packages/airflow/example_dags/example_branch_operator_decorator.py took 1.526 seconds
[2022-07-20 17:09:23,880] {processor.py:153} INFO - Started process (PID=455) to work on /home/airflow/.local/lib/python3.7/site-packages/airflow/example_dags/example_branch_operator_decorator.py
[2022-07-20 17:09:23,892] {processor.py:641} INFO - Processing file /home/airflow/.local/lib/python3.7/site-packages/airflow/example_dags/example_branch_operator_decorator.py for tasks to queue
[2022-07-20 17:09:23,894] {logging_mixin.py:115} INFO - [2022-07-20 17:09:23,894] {dagbag.py:508} INFO - Filling up the DagBag from /home/airflow/.local/lib/python3.7/site-packages/airflow/example_dags/example_branch_operator_decorator.py
[2022-07-20 17:09:23,994] {processor.py:651} INFO - DAG(s) dict_keys(['example_branch_python_operator_decorator']) retrieved from /home/airflow/.local/lib/python3.7/site-packages/airflow/example_dags/example_branch_operator_decorator.py
[2022-07-20 17:09:24,275] {logging_mixin.py:115} INFO - [2022-07-20 17:09:24,275] {dag.py:2420} INFO - Sync 1 DAGs
[2022-07-20 17:09:24,361] {logging_mixin.py:115} INFO - [2022-07-20 17:09:24,360] {dag.py:2972} INFO - Setting next_dagrun for example_branch_python_operator_decorator to 2022-07-19T00:00:00+00:00, run_after=2022-07-20T00:00:00+00:00
[2022-07-20 17:09:24,488] {processor.py:161} INFO - Processing /home/airflow/.local/lib/python3.7/site-packages/airflow/example_dags/example_branch_operator_decorator.py took 0.617 seconds
[2022-07-20 17:09:55,229] {processor.py:153} INFO - Started process (PID=508) to work on /home/airflow/.local/lib/python3.7/site-packages/airflow/example_dags/example_branch_operator_decorator.py
[2022-07-20 17:09:55,231] {processor.py:641} INFO - Processing file /home/airflow/.local/lib/python3.7/site-packages/airflow/example_dags/example_branch_operator_decorator.py for tasks to queue
[2022-07-20 17:09:55,244] {logging_mixin.py:115} INFO - [2022-07-20 17:09:55,243] {dagbag.py:508} INFO - Filling up the DagBag from /home/airflow/.local/lib/python3.7/site-packages/airflow/example_dags/example_branch_operator_decorator.py
[2022-07-20 17:09:55,440] {processor.py:651} INFO - DAG(s) dict_keys(['example_branch_python_operator_decorator']) retrieved from /home/airflow/.local/lib/python3.7/site-packages/airflow/example_dags/example_branch_operator_decorator.py
[2022-07-20 17:09:56,188] {logging_mixin.py:115} INFO - [2022-07-20 17:09:56,188] {dag.py:2420} INFO - Sync 1 DAGs
[2022-07-20 17:09:56,324] {logging_mixin.py:115} INFO - [2022-07-20 17:09:56,324] {dag.py:2972} INFO - Setting next_dagrun for example_branch_python_operator_decorator to 2022-07-19T00:00:00+00:00, run_after=2022-07-20T00:00:00+00:00
[2022-07-20 17:09:56,447] {processor.py:161} INFO - Processing /home/airflow/.local/lib/python3.7/site-packages/airflow/example_dags/example_branch_operator_decorator.py took 1.237 seconds
[2022-07-20 17:10:26,622] {processor.py:153} INFO - Started process (PID=560) to work on /home/airflow/.local/lib/python3.7/site-packages/airflow/example_dags/example_branch_operator_decorator.py
[2022-07-20 17:10:26,624] {processor.py:641} INFO - Processing file /home/airflow/.local/lib/python3.7/site-packages/airflow/example_dags/example_branch_operator_decorator.py for tasks to queue
[2022-07-20 17:10:26,625] {logging_mixin.py:115} INFO - [2022-07-20 17:10:26,625] {dagbag.py:508} INFO - Filling up the DagBag from /home/airflow/.local/lib/python3.7/site-packages/airflow/example_dags/example_branch_operator_decorator.py
[2022-07-20 17:10:26,695] {processor.py:651} INFO - DAG(s) dict_keys(['example_branch_python_operator_decorator']) retrieved from /home/airflow/.local/lib/python3.7/site-packages/airflow/example_dags/example_branch_operator_decorator.py
[2022-07-20 17:10:27,465] {logging_mixin.py:115} INFO - [2022-07-20 17:10:27,465] {dag.py:2420} INFO - Sync 1 DAGs
[2022-07-20 17:10:27,542] {logging_mixin.py:115} INFO - [2022-07-20 17:10:27,542] {dag.py:2972} INFO - Setting next_dagrun for example_branch_python_operator_decorator to 2022-07-19T00:00:00+00:00, run_after=2022-07-20T00:00:00+00:00
[2022-07-20 17:10:27,718] {processor.py:161} INFO - Processing /home/airflow/.local/lib/python3.7/site-packages/airflow/example_dags/example_branch_operator_decorator.py took 1.104 seconds
[2022-07-20 17:10:58,358] {processor.py:153} INFO - Started process (PID=611) to work on /home/airflow/.local/lib/python3.7/site-packages/airflow/example_dags/example_branch_operator_decorator.py
[2022-07-20 17:10:58,360] {processor.py:641} INFO - Processing file /home/airflow/.local/lib/python3.7/site-packages/airflow/example_dags/example_branch_operator_decorator.py for tasks to queue
[2022-07-20 17:10:58,362] {logging_mixin.py:115} INFO - [2022-07-20 17:10:58,361] {dagbag.py:508} INFO - Filling up the DagBag from /home/airflow/.local/lib/python3.7/site-packages/airflow/example_dags/example_branch_operator_decorator.py
[2022-07-20 17:10:58,419] {processor.py:651} INFO - DAG(s) dict_keys(['example_branch_python_operator_decorator']) retrieved from /home/airflow/.local/lib/python3.7/site-packages/airflow/example_dags/example_branch_operator_decorator.py
[2022-07-20 17:10:58,649] {logging_mixin.py:115} INFO - [2022-07-20 17:10:58,649] {dag.py:2420} INFO - Sync 1 DAGs
[2022-07-20 17:10:58,703] {logging_mixin.py:115} INFO - [2022-07-20 17:10:58,703] {dag.py:2972} INFO - Setting next_dagrun for example_branch_python_operator_decorator to 2022-07-19T00:00:00+00:00, run_after=2022-07-20T00:00:00+00:00
[2022-07-20 17:10:58,775] {processor.py:161} INFO - Processing /home/airflow/.local/lib/python3.7/site-packages/airflow/example_dags/example_branch_operator_decorator.py took 0.430 seconds
[2022-07-20 17:11:29,092] {processor.py:153} INFO - Started process (PID=663) to work on /home/airflow/.local/lib/python3.7/site-packages/airflow/example_dags/example_branch_operator_decorator.py
[2022-07-20 17:11:29,094] {processor.py:641} INFO - Processing file /home/airflow/.local/lib/python3.7/site-packages/airflow/example_dags/example_branch_operator_decorator.py for tasks to queue
[2022-07-20 17:11:29,095] {logging_mixin.py:115} INFO - [2022-07-20 17:11:29,095] {dagbag.py:508} INFO - Filling up the DagBag from /home/airflow/.local/lib/python3.7/site-packages/airflow/example_dags/example_branch_operator_decorator.py
[2022-07-20 17:11:29,162] {processor.py:651} INFO - DAG(s) dict_keys(['example_branch_python_operator_decorator']) retrieved from /home/airflow/.local/lib/python3.7/site-packages/airflow/example_dags/example_branch_operator_decorator.py
[2022-07-20 17:11:29,412] {logging_mixin.py:115} INFO - [2022-07-20 17:11:29,412] {dag.py:2420} INFO - Sync 1 DAGs
[2022-07-20 17:11:29,453] {logging_mixin.py:115} INFO - [2022-07-20 17:11:29,453] {dag.py:2972} INFO - Setting next_dagrun for example_branch_python_operator_decorator to 2022-07-19T00:00:00+00:00, run_after=2022-07-20T00:00:00+00:00
[2022-07-20 17:11:29,560] {processor.py:161} INFO - Processing /home/airflow/.local/lib/python3.7/site-packages/airflow/example_dags/example_branch_operator_decorator.py took 0.478 seconds
[2022-07-20 17:11:59,843] {processor.py:153} INFO - Started process (PID=716) to work on /home/airflow/.local/lib/python3.7/site-packages/airflow/example_dags/example_branch_operator_decorator.py
[2022-07-20 17:11:59,845] {processor.py:641} INFO - Processing file /home/airflow/.local/lib/python3.7/site-packages/airflow/example_dags/example_branch_operator_decorator.py for tasks to queue
[2022-07-20 17:11:59,847] {logging_mixin.py:115} INFO - [2022-07-20 17:11:59,847] {dagbag.py:508} INFO - Filling up the DagBag from /home/airflow/.local/lib/python3.7/site-packages/airflow/example_dags/example_branch_operator_decorator.py
[2022-07-20 17:11:59,903] {processor.py:651} INFO - DAG(s) dict_keys(['example_branch_python_operator_decorator']) retrieved from /home/airflow/.local/lib/python3.7/site-packages/airflow/example_dags/example_branch_operator_decorator.py
[2022-07-20 17:12:00,169] {logging_mixin.py:115} INFO - [2022-07-20 17:12:00,169] {dag.py:2420} INFO - Sync 1 DAGs
[2022-07-20 17:12:00,221] {logging_mixin.py:115} INFO - [2022-07-20 17:12:00,220] {dag.py:2972} INFO - Setting next_dagrun for example_branch_python_operator_decorator to 2022-07-19T00:00:00+00:00, run_after=2022-07-20T00:00:00+00:00
[2022-07-20 17:12:00,467] {processor.py:161} INFO - Processing /home/airflow/.local/lib/python3.7/site-packages/airflow/example_dags/example_branch_operator_decorator.py took 0.633 seconds
[2022-07-20 17:12:32,439] {processor.py:153} INFO - Started process (PID=768) to work on /home/airflow/.local/lib/python3.7/site-packages/airflow/example_dags/example_branch_operator_decorator.py
[2022-07-20 17:12:32,443] {processor.py:641} INFO - Processing file /home/airflow/.local/lib/python3.7/site-packages/airflow/example_dags/example_branch_operator_decorator.py for tasks to queue
[2022-07-20 17:12:32,446] {logging_mixin.py:115} INFO - [2022-07-20 17:12:32,446] {dagbag.py:508} INFO - Filling up the DagBag from /home/airflow/.local/lib/python3.7/site-packages/airflow/example_dags/example_branch_operator_decorator.py
[2022-07-20 17:12:32,557] {processor.py:651} INFO - DAG(s) dict_keys(['example_branch_python_operator_decorator']) retrieved from /home/airflow/.local/lib/python3.7/site-packages/airflow/example_dags/example_branch_operator_decorator.py
[2022-07-20 17:12:32,793] {logging_mixin.py:115} INFO - [2022-07-20 17:12:32,793] {dag.py:2420} INFO - Sync 1 DAGs
[2022-07-20 17:12:32,849] {logging_mixin.py:115} INFO - [2022-07-20 17:12:32,849] {dag.py:2972} INFO - Setting next_dagrun for example_branch_python_operator_decorator to 2022-07-19T00:00:00+00:00, run_after=2022-07-20T00:00:00+00:00
[2022-07-20 17:12:33,609] {processor.py:161} INFO - Processing /home/airflow/.local/lib/python3.7/site-packages/airflow/example_dags/example_branch_operator_decorator.py took 1.187 seconds
[2022-07-20 17:13:03,826] {processor.py:153} INFO - Started process (PID=820) to work on /home/airflow/.local/lib/python3.7/site-packages/airflow/example_dags/example_branch_operator_decorator.py
[2022-07-20 17:13:03,828] {processor.py:641} INFO - Processing file /home/airflow/.local/lib/python3.7/site-packages/airflow/example_dags/example_branch_operator_decorator.py for tasks to queue
[2022-07-20 17:13:03,829] {logging_mixin.py:115} INFO - [2022-07-20 17:13:03,829] {dagbag.py:508} INFO - Filling up the DagBag from /home/airflow/.local/lib/python3.7/site-packages/airflow/example_dags/example_branch_operator_decorator.py
[2022-07-20 17:13:03,885] {processor.py:651} INFO - DAG(s) dict_keys(['example_branch_python_operator_decorator']) retrieved from /home/airflow/.local/lib/python3.7/site-packages/airflow/example_dags/example_branch_operator_decorator.py
[2022-07-20 17:13:04,353] {logging_mixin.py:115} INFO - [2022-07-20 17:13:04,353] {dag.py:2420} INFO - Sync 1 DAGs
[2022-07-20 17:13:04,620] {logging_mixin.py:115} INFO - [2022-07-20 17:13:04,619] {dag.py:2972} INFO - Setting next_dagrun for example_branch_python_operator_decorator to 2022-07-19T00:00:00+00:00, run_after=2022-07-20T00:00:00+00:00
[2022-07-20 17:13:04,721] {processor.py:161} INFO - Processing /home/airflow/.local/lib/python3.7/site-packages/airflow/example_dags/example_branch_operator_decorator.py took 0.904 seconds
[2022-07-20 17:49:46,164] {processor.py:153} INFO - Started process (PID=113) to work on /home/airflow/.local/lib/python3.7/site-packages/airflow/example_dags/example_branch_operator_decorator.py
[2022-07-20 17:49:46,402] {processor.py:641} INFO - Processing file /home/airflow/.local/lib/python3.7/site-packages/airflow/example_dags/example_branch_operator_decorator.py for tasks to queue
[2022-07-20 17:49:46,403] {logging_mixin.py:115} INFO - [2022-07-20 17:49:46,403] {dagbag.py:508} INFO - Filling up the DagBag from /home/airflow/.local/lib/python3.7/site-packages/airflow/example_dags/example_branch_operator_decorator.py
[2022-07-20 17:49:46,583] {processor.py:651} INFO - DAG(s) dict_keys(['example_branch_python_operator_decorator']) retrieved from /home/airflow/.local/lib/python3.7/site-packages/airflow/example_dags/example_branch_operator_decorator.py
[2022-07-20 17:49:47,278] {logging_mixin.py:115} INFO - [2022-07-20 17:49:47,278] {dag.py:2420} INFO - Sync 1 DAGs
[2022-07-20 17:49:47,593] {logging_mixin.py:115} INFO - [2022-07-20 17:49:47,592] {dag.py:2972} INFO - Setting next_dagrun for example_branch_python_operator_decorator to 2022-07-19T00:00:00+00:00, run_after=2022-07-20T00:00:00+00:00
[2022-07-20 17:49:47,851] {processor.py:161} INFO - Processing /home/airflow/.local/lib/python3.7/site-packages/airflow/example_dags/example_branch_operator_decorator.py took 1.715 seconds
[2022-07-20 17:50:19,285] {processor.py:153} INFO - Started process (PID=157) to work on /home/airflow/.local/lib/python3.7/site-packages/airflow/example_dags/example_branch_operator_decorator.py
[2022-07-20 17:50:19,405] {processor.py:641} INFO - Processing file /home/airflow/.local/lib/python3.7/site-packages/airflow/example_dags/example_branch_operator_decorator.py for tasks to queue
[2022-07-20 17:50:19,407] {logging_mixin.py:115} INFO - [2022-07-20 17:50:19,407] {dagbag.py:508} INFO - Filling up the DagBag from /home/airflow/.local/lib/python3.7/site-packages/airflow/example_dags/example_branch_operator_decorator.py
[2022-07-20 17:50:19,455] {processor.py:651} INFO - DAG(s) dict_keys(['example_branch_python_operator_decorator']) retrieved from /home/airflow/.local/lib/python3.7/site-packages/airflow/example_dags/example_branch_operator_decorator.py
[2022-07-20 17:50:19,691] {logging_mixin.py:115} INFO - [2022-07-20 17:50:19,691] {dag.py:2420} INFO - Sync 1 DAGs
[2022-07-20 17:50:19,739] {logging_mixin.py:115} INFO - [2022-07-20 17:50:19,739] {dag.py:2972} INFO - Setting next_dagrun for example_branch_python_operator_decorator to 2022-07-19T00:00:00+00:00, run_after=2022-07-20T00:00:00+00:00
[2022-07-20 17:50:22,119] {processor.py:161} INFO - Processing /home/airflow/.local/lib/python3.7/site-packages/airflow/example_dags/example_branch_operator_decorator.py took 2.841 seconds
[2022-07-20 17:50:52,786] {processor.py:153} INFO - Started process (PID=209) to work on /home/airflow/.local/lib/python3.7/site-packages/airflow/example_dags/example_branch_operator_decorator.py
[2022-07-20 17:50:52,788] {processor.py:641} INFO - Processing file /home/airflow/.local/lib/python3.7/site-packages/airflow/example_dags/example_branch_operator_decorator.py for tasks to queue
[2022-07-20 17:50:52,790] {logging_mixin.py:115} INFO - [2022-07-20 17:50:52,789] {dagbag.py:508} INFO - Filling up the DagBag from /home/airflow/.local/lib/python3.7/site-packages/airflow/example_dags/example_branch_operator_decorator.py
[2022-07-20 17:50:52,868] {processor.py:651} INFO - DAG(s) dict_keys(['example_branch_python_operator_decorator']) retrieved from /home/airflow/.local/lib/python3.7/site-packages/airflow/example_dags/example_branch_operator_decorator.py
[2022-07-20 17:50:53,250] {logging_mixin.py:115} INFO - [2022-07-20 17:50:53,250] {dag.py:2420} INFO - Sync 1 DAGs
[2022-07-20 17:50:53,316] {logging_mixin.py:115} INFO - [2022-07-20 17:50:53,316] {dag.py:2972} INFO - Setting next_dagrun for example_branch_python_operator_decorator to 2022-07-19T00:00:00+00:00, run_after=2022-07-20T00:00:00+00:00
[2022-07-20 17:50:53,850] {processor.py:161} INFO - Processing /home/airflow/.local/lib/python3.7/site-packages/airflow/example_dags/example_branch_operator_decorator.py took 1.073 seconds
[2022-07-20 17:51:24,295] {processor.py:153} INFO - Started process (PID=261) to work on /home/airflow/.local/lib/python3.7/site-packages/airflow/example_dags/example_branch_operator_decorator.py
[2022-07-20 17:51:24,297] {processor.py:641} INFO - Processing file /home/airflow/.local/lib/python3.7/site-packages/airflow/example_dags/example_branch_operator_decorator.py for tasks to queue
[2022-07-20 17:51:24,299] {logging_mixin.py:115} INFO - [2022-07-20 17:51:24,299] {dagbag.py:508} INFO - Filling up the DagBag from /home/airflow/.local/lib/python3.7/site-packages/airflow/example_dags/example_branch_operator_decorator.py
[2022-07-20 17:51:24,352] {processor.py:651} INFO - DAG(s) dict_keys(['example_branch_python_operator_decorator']) retrieved from /home/airflow/.local/lib/python3.7/site-packages/airflow/example_dags/example_branch_operator_decorator.py
[2022-07-20 17:51:24,614] {logging_mixin.py:115} INFO - [2022-07-20 17:51:24,613] {dag.py:2420} INFO - Sync 1 DAGs
[2022-07-20 17:51:24,661] {logging_mixin.py:115} INFO - [2022-07-20 17:51:24,661] {dag.py:2972} INFO - Setting next_dagrun for example_branch_python_operator_decorator to 2022-07-19T00:00:00+00:00, run_after=2022-07-20T00:00:00+00:00
[2022-07-20 17:51:25,146] {processor.py:161} INFO - Processing /home/airflow/.local/lib/python3.7/site-packages/airflow/example_dags/example_branch_operator_decorator.py took 0.865 seconds
[2022-07-20 17:51:55,336] {processor.py:153} INFO - Started process (PID=314) to work on /home/airflow/.local/lib/python3.7/site-packages/airflow/example_dags/example_branch_operator_decorator.py
[2022-07-20 17:51:55,338] {processor.py:641} INFO - Processing file /home/airflow/.local/lib/python3.7/site-packages/airflow/example_dags/example_branch_operator_decorator.py for tasks to queue
[2022-07-20 17:51:55,340] {logging_mixin.py:115} INFO - [2022-07-20 17:51:55,339] {dagbag.py:508} INFO - Filling up the DagBag from /home/airflow/.local/lib/python3.7/site-packages/airflow/example_dags/example_branch_operator_decorator.py
[2022-07-20 17:51:55,407] {processor.py:651} INFO - DAG(s) dict_keys(['example_branch_python_operator_decorator']) retrieved from /home/airflow/.local/lib/python3.7/site-packages/airflow/example_dags/example_branch_operator_decorator.py
[2022-07-20 17:51:55,819] {logging_mixin.py:115} INFO - [2022-07-20 17:51:55,819] {dag.py:2420} INFO - Sync 1 DAGs
[2022-07-20 17:51:55,884] {logging_mixin.py:115} INFO - [2022-07-20 17:51:55,883] {dag.py:2972} INFO - Setting next_dagrun for example_branch_python_operator_decorator to 2022-07-19T00:00:00+00:00, run_after=2022-07-20T00:00:00+00:00
[2022-07-20 17:51:56,003] {processor.py:161} INFO - Processing /home/airflow/.local/lib/python3.7/site-packages/airflow/example_dags/example_branch_operator_decorator.py took 0.677 seconds
[2022-07-20 17:52:26,643] {processor.py:153} INFO - Started process (PID=366) to work on /home/airflow/.local/lib/python3.7/site-packages/airflow/example_dags/example_branch_operator_decorator.py
[2022-07-20 17:52:26,646] {processor.py:641} INFO - Processing file /home/airflow/.local/lib/python3.7/site-packages/airflow/example_dags/example_branch_operator_decorator.py for tasks to queue
[2022-07-20 17:52:26,650] {logging_mixin.py:115} INFO - [2022-07-20 17:52:26,649] {dagbag.py:508} INFO - Filling up the DagBag from /home/airflow/.local/lib/python3.7/site-packages/airflow/example_dags/example_branch_operator_decorator.py
[2022-07-20 17:52:26,781] {processor.py:651} INFO - DAG(s) dict_keys(['example_branch_python_operator_decorator']) retrieved from /home/airflow/.local/lib/python3.7/site-packages/airflow/example_dags/example_branch_operator_decorator.py
[2022-07-20 17:52:27,449] {logging_mixin.py:115} INFO - [2022-07-20 17:52:27,448] {dag.py:2420} INFO - Sync 1 DAGs
[2022-07-20 17:52:27,532] {logging_mixin.py:115} INFO - [2022-07-20 17:52:27,532] {dag.py:2972} INFO - Setting next_dagrun for example_branch_python_operator_decorator to 2022-07-19T00:00:00+00:00, run_after=2022-07-20T00:00:00+00:00
[2022-07-20 17:52:27,739] {processor.py:161} INFO - Processing /home/airflow/.local/lib/python3.7/site-packages/airflow/example_dags/example_branch_operator_decorator.py took 1.110 seconds
[2022-07-20 17:52:58,608] {processor.py:153} INFO - Started process (PID=418) to work on /home/airflow/.local/lib/python3.7/site-packages/airflow/example_dags/example_branch_operator_decorator.py
[2022-07-20 17:52:58,615] {processor.py:641} INFO - Processing file /home/airflow/.local/lib/python3.7/site-packages/airflow/example_dags/example_branch_operator_decorator.py for tasks to queue
[2022-07-20 17:52:58,617] {logging_mixin.py:115} INFO - [2022-07-20 17:52:58,617] {dagbag.py:508} INFO - Filling up the DagBag from /home/airflow/.local/lib/python3.7/site-packages/airflow/example_dags/example_branch_operator_decorator.py
[2022-07-20 17:52:58,712] {processor.py:651} INFO - DAG(s) dict_keys(['example_branch_python_operator_decorator']) retrieved from /home/airflow/.local/lib/python3.7/site-packages/airflow/example_dags/example_branch_operator_decorator.py
[2022-07-20 17:52:59,019] {logging_mixin.py:115} INFO - [2022-07-20 17:52:59,019] {dag.py:2420} INFO - Sync 1 DAGs
[2022-07-20 17:52:59,061] {logging_mixin.py:115} INFO - [2022-07-20 17:52:59,061] {dag.py:2972} INFO - Setting next_dagrun for example_branch_python_operator_decorator to 2022-07-19T00:00:00+00:00, run_after=2022-07-20T00:00:00+00:00
[2022-07-20 17:52:59,166] {processor.py:161} INFO - Processing /home/airflow/.local/lib/python3.7/site-packages/airflow/example_dags/example_branch_operator_decorator.py took 0.573 seconds
[2022-07-20 17:53:29,426] {processor.py:153} INFO - Started process (PID=469) to work on /home/airflow/.local/lib/python3.7/site-packages/airflow/example_dags/example_branch_operator_decorator.py
[2022-07-20 17:53:29,432] {processor.py:641} INFO - Processing file /home/airflow/.local/lib/python3.7/site-packages/airflow/example_dags/example_branch_operator_decorator.py for tasks to queue
[2022-07-20 17:53:29,434] {logging_mixin.py:115} INFO - [2022-07-20 17:53:29,434] {dagbag.py:508} INFO - Filling up the DagBag from /home/airflow/.local/lib/python3.7/site-packages/airflow/example_dags/example_branch_operator_decorator.py
[2022-07-20 17:53:29,547] {processor.py:651} INFO - DAG(s) dict_keys(['example_branch_python_operator_decorator']) retrieved from /home/airflow/.local/lib/python3.7/site-packages/airflow/example_dags/example_branch_operator_decorator.py
[2022-07-20 17:53:29,992] {logging_mixin.py:115} INFO - [2022-07-20 17:53:29,992] {dag.py:2420} INFO - Sync 1 DAGs
[2022-07-20 17:53:30,064] {logging_mixin.py:115} INFO - [2022-07-20 17:53:30,063] {dag.py:2972} INFO - Setting next_dagrun for example_branch_python_operator_decorator to 2022-07-19T00:00:00+00:00, run_after=2022-07-20T00:00:00+00:00
[2022-07-20 17:53:30,290] {processor.py:161} INFO - Processing /home/airflow/.local/lib/python3.7/site-packages/airflow/example_dags/example_branch_operator_decorator.py took 0.875 seconds
[2022-07-20 17:54:01,416] {processor.py:153} INFO - Started process (PID=521) to work on /home/airflow/.local/lib/python3.7/site-packages/airflow/example_dags/example_branch_operator_decorator.py
[2022-07-20 17:54:01,417] {processor.py:641} INFO - Processing file /home/airflow/.local/lib/python3.7/site-packages/airflow/example_dags/example_branch_operator_decorator.py for tasks to queue
[2022-07-20 17:54:01,419] {logging_mixin.py:115} INFO - [2022-07-20 17:54:01,419] {dagbag.py:508} INFO - Filling up the DagBag from /home/airflow/.local/lib/python3.7/site-packages/airflow/example_dags/example_branch_operator_decorator.py
[2022-07-20 17:54:01,466] {processor.py:651} INFO - DAG(s) dict_keys(['example_branch_python_operator_decorator']) retrieved from /home/airflow/.local/lib/python3.7/site-packages/airflow/example_dags/example_branch_operator_decorator.py
[2022-07-20 17:54:01,710] {logging_mixin.py:115} INFO - [2022-07-20 17:54:01,710] {dag.py:2420} INFO - Sync 1 DAGs
[2022-07-20 17:54:01,768] {logging_mixin.py:115} INFO - [2022-07-20 17:54:01,768] {dag.py:2972} INFO - Setting next_dagrun for example_branch_python_operator_decorator to 2022-07-19T00:00:00+00:00, run_after=2022-07-20T00:00:00+00:00
[2022-07-20 17:54:02,084] {processor.py:161} INFO - Processing /home/airflow/.local/lib/python3.7/site-packages/airflow/example_dags/example_branch_operator_decorator.py took 0.675 seconds
[2022-07-20 17:54:32,493] {processor.py:153} INFO - Started process (PID=572) to work on /home/airflow/.local/lib/python3.7/site-packages/airflow/example_dags/example_branch_operator_decorator.py
[2022-07-20 17:54:32,498] {processor.py:641} INFO - Processing file /home/airflow/.local/lib/python3.7/site-packages/airflow/example_dags/example_branch_operator_decorator.py for tasks to queue
[2022-07-20 17:54:32,500] {logging_mixin.py:115} INFO - [2022-07-20 17:54:32,500] {dagbag.py:508} INFO - Filling up the DagBag from /home/airflow/.local/lib/python3.7/site-packages/airflow/example_dags/example_branch_operator_decorator.py
[2022-07-20 17:54:32,637] {processor.py:651} INFO - DAG(s) dict_keys(['example_branch_python_operator_decorator']) retrieved from /home/airflow/.local/lib/python3.7/site-packages/airflow/example_dags/example_branch_operator_decorator.py
[2022-07-20 17:54:32,898] {logging_mixin.py:115} INFO - [2022-07-20 17:54:32,898] {dag.py:2420} INFO - Sync 1 DAGs
[2022-07-20 17:54:32,954] {logging_mixin.py:115} INFO - [2022-07-20 17:54:32,954] {dag.py:2972} INFO - Setting next_dagrun for example_branch_python_operator_decorator to 2022-07-19T00:00:00+00:00, run_after=2022-07-20T00:00:00+00:00
[2022-07-20 17:54:33,028] {processor.py:161} INFO - Processing /home/airflow/.local/lib/python3.7/site-packages/airflow/example_dags/example_branch_operator_decorator.py took 0.554 seconds
[2022-07-20 17:55:03,964] {processor.py:153} INFO - Started process (PID=624) to work on /home/airflow/.local/lib/python3.7/site-packages/airflow/example_dags/example_branch_operator_decorator.py
[2022-07-20 17:55:03,965] {processor.py:641} INFO - Processing file /home/airflow/.local/lib/python3.7/site-packages/airflow/example_dags/example_branch_operator_decorator.py for tasks to queue
[2022-07-20 17:55:03,967] {logging_mixin.py:115} INFO - [2022-07-20 17:55:03,966] {dagbag.py:508} INFO - Filling up the DagBag from /home/airflow/.local/lib/python3.7/site-packages/airflow/example_dags/example_branch_operator_decorator.py
[2022-07-20 17:55:04,013] {processor.py:651} INFO - DAG(s) dict_keys(['example_branch_python_operator_decorator']) retrieved from /home/airflow/.local/lib/python3.7/site-packages/airflow/example_dags/example_branch_operator_decorator.py
[2022-07-20 17:55:04,230] {logging_mixin.py:115} INFO - [2022-07-20 17:55:04,229] {dag.py:2420} INFO - Sync 1 DAGs
[2022-07-20 17:55:04,268] {logging_mixin.py:115} INFO - [2022-07-20 17:55:04,268] {dag.py:2972} INFO - Setting next_dagrun for example_branch_python_operator_decorator to 2022-07-19T00:00:00+00:00, run_after=2022-07-20T00:00:00+00:00
[2022-07-20 17:55:04,389] {processor.py:161} INFO - Processing /home/airflow/.local/lib/python3.7/site-packages/airflow/example_dags/example_branch_operator_decorator.py took 0.432 seconds
[2022-07-20 17:55:35,359] {processor.py:153} INFO - Started process (PID=677) to work on /home/airflow/.local/lib/python3.7/site-packages/airflow/example_dags/example_branch_operator_decorator.py
[2022-07-20 17:55:35,361] {processor.py:641} INFO - Processing file /home/airflow/.local/lib/python3.7/site-packages/airflow/example_dags/example_branch_operator_decorator.py for tasks to queue
[2022-07-20 17:55:35,363] {logging_mixin.py:115} INFO - [2022-07-20 17:55:35,362] {dagbag.py:508} INFO - Filling up the DagBag from /home/airflow/.local/lib/python3.7/site-packages/airflow/example_dags/example_branch_operator_decorator.py
[2022-07-20 17:55:35,440] {processor.py:651} INFO - DAG(s) dict_keys(['example_branch_python_operator_decorator']) retrieved from /home/airflow/.local/lib/python3.7/site-packages/airflow/example_dags/example_branch_operator_decorator.py
[2022-07-20 17:55:35,830] {logging_mixin.py:115} INFO - [2022-07-20 17:55:35,829] {dag.py:2420} INFO - Sync 1 DAGs
[2022-07-20 17:55:35,931] {logging_mixin.py:115} INFO - [2022-07-20 17:55:35,927] {dag.py:2972} INFO - Setting next_dagrun for example_branch_python_operator_decorator to 2022-07-19T00:00:00+00:00, run_after=2022-07-20T00:00:00+00:00
[2022-07-20 17:55:36,244] {processor.py:161} INFO - Processing /home/airflow/.local/lib/python3.7/site-packages/airflow/example_dags/example_branch_operator_decorator.py took 0.892 seconds
[2022-07-20 17:56:06,449] {processor.py:153} INFO - Started process (PID=729) to work on /home/airflow/.local/lib/python3.7/site-packages/airflow/example_dags/example_branch_operator_decorator.py
[2022-07-20 17:56:06,450] {processor.py:641} INFO - Processing file /home/airflow/.local/lib/python3.7/site-packages/airflow/example_dags/example_branch_operator_decorator.py for tasks to queue
[2022-07-20 17:56:06,452] {logging_mixin.py:115} INFO - [2022-07-20 17:56:06,452] {dagbag.py:508} INFO - Filling up the DagBag from /home/airflow/.local/lib/python3.7/site-packages/airflow/example_dags/example_branch_operator_decorator.py
[2022-07-20 17:56:06,512] {processor.py:651} INFO - DAG(s) dict_keys(['example_branch_python_operator_decorator']) retrieved from /home/airflow/.local/lib/python3.7/site-packages/airflow/example_dags/example_branch_operator_decorator.py
[2022-07-20 17:56:06,818] {logging_mixin.py:115} INFO - [2022-07-20 17:56:06,818] {dag.py:2420} INFO - Sync 1 DAGs
[2022-07-20 17:56:06,864] {logging_mixin.py:115} INFO - [2022-07-20 17:56:06,863] {dag.py:2972} INFO - Setting next_dagrun for example_branch_python_operator_decorator to 2022-07-19T00:00:00+00:00, run_after=2022-07-20T00:00:00+00:00
[2022-07-20 17:56:07,049] {processor.py:161} INFO - Processing /home/airflow/.local/lib/python3.7/site-packages/airflow/example_dags/example_branch_operator_decorator.py took 0.609 seconds
[2022-07-20 17:56:38,027] {processor.py:153} INFO - Started process (PID=781) to work on /home/airflow/.local/lib/python3.7/site-packages/airflow/example_dags/example_branch_operator_decorator.py
[2022-07-20 17:56:38,030] {processor.py:641} INFO - Processing file /home/airflow/.local/lib/python3.7/site-packages/airflow/example_dags/example_branch_operator_decorator.py for tasks to queue
[2022-07-20 17:56:38,035] {logging_mixin.py:115} INFO - [2022-07-20 17:56:38,035] {dagbag.py:508} INFO - Filling up the DagBag from /home/airflow/.local/lib/python3.7/site-packages/airflow/example_dags/example_branch_operator_decorator.py
[2022-07-20 17:56:38,106] {processor.py:651} INFO - DAG(s) dict_keys(['example_branch_python_operator_decorator']) retrieved from /home/airflow/.local/lib/python3.7/site-packages/airflow/example_dags/example_branch_operator_decorator.py
[2022-07-20 17:56:38,658] {logging_mixin.py:115} INFO - [2022-07-20 17:56:38,658] {dag.py:2420} INFO - Sync 1 DAGs
[2022-07-20 17:56:38,852] {logging_mixin.py:115} INFO - [2022-07-20 17:56:38,852] {dag.py:2972} INFO - Setting next_dagrun for example_branch_python_operator_decorator to 2022-07-19T00:00:00+00:00, run_after=2022-07-20T00:00:00+00:00
[2022-07-20 17:56:39,411] {processor.py:161} INFO - Processing /home/airflow/.local/lib/python3.7/site-packages/airflow/example_dags/example_branch_operator_decorator.py took 1.408 seconds
[2022-07-20 17:57:09,830] {processor.py:153} INFO - Started process (PID=834) to work on /home/airflow/.local/lib/python3.7/site-packages/airflow/example_dags/example_branch_operator_decorator.py
[2022-07-20 17:57:09,832] {processor.py:641} INFO - Processing file /home/airflow/.local/lib/python3.7/site-packages/airflow/example_dags/example_branch_operator_decorator.py for tasks to queue
[2022-07-20 17:57:09,834] {logging_mixin.py:115} INFO - [2022-07-20 17:57:09,834] {dagbag.py:508} INFO - Filling up the DagBag from /home/airflow/.local/lib/python3.7/site-packages/airflow/example_dags/example_branch_operator_decorator.py
[2022-07-20 17:57:09,878] {processor.py:651} INFO - DAG(s) dict_keys(['example_branch_python_operator_decorator']) retrieved from /home/airflow/.local/lib/python3.7/site-packages/airflow/example_dags/example_branch_operator_decorator.py
[2022-07-20 17:57:10,115] {logging_mixin.py:115} INFO - [2022-07-20 17:57:10,115] {dag.py:2420} INFO - Sync 1 DAGs
[2022-07-20 17:57:10,155] {logging_mixin.py:115} INFO - [2022-07-20 17:57:10,155] {dag.py:2972} INFO - Setting next_dagrun for example_branch_python_operator_decorator to 2022-07-19T00:00:00+00:00, run_after=2022-07-20T00:00:00+00:00
[2022-07-20 17:57:10,805] {processor.py:161} INFO - Processing /home/airflow/.local/lib/python3.7/site-packages/airflow/example_dags/example_branch_operator_decorator.py took 0.983 seconds
[2022-07-20 17:57:41,028] {processor.py:153} INFO - Started process (PID=886) to work on /home/airflow/.local/lib/python3.7/site-packages/airflow/example_dags/example_branch_operator_decorator.py
[2022-07-20 17:57:41,034] {processor.py:641} INFO - Processing file /home/airflow/.local/lib/python3.7/site-packages/airflow/example_dags/example_branch_operator_decorator.py for tasks to queue
[2022-07-20 17:57:41,045] {logging_mixin.py:115} INFO - [2022-07-20 17:57:41,044] {dagbag.py:508} INFO - Filling up the DagBag from /home/airflow/.local/lib/python3.7/site-packages/airflow/example_dags/example_branch_operator_decorator.py
[2022-07-20 17:57:41,094] {processor.py:651} INFO - DAG(s) dict_keys(['example_branch_python_operator_decorator']) retrieved from /home/airflow/.local/lib/python3.7/site-packages/airflow/example_dags/example_branch_operator_decorator.py
[2022-07-20 17:57:41,379] {logging_mixin.py:115} INFO - [2022-07-20 17:57:41,379] {dag.py:2420} INFO - Sync 1 DAGs
[2022-07-20 17:57:41,428] {logging_mixin.py:115} INFO - [2022-07-20 17:57:41,428] {dag.py:2972} INFO - Setting next_dagrun for example_branch_python_operator_decorator to 2022-07-19T00:00:00+00:00, run_after=2022-07-20T00:00:00+00:00
[2022-07-20 17:57:41,499] {processor.py:161} INFO - Processing /home/airflow/.local/lib/python3.7/site-packages/airflow/example_dags/example_branch_operator_decorator.py took 0.484 seconds
[2022-07-20 17:58:12,137] {processor.py:153} INFO - Started process (PID=939) to work on /home/airflow/.local/lib/python3.7/site-packages/airflow/example_dags/example_branch_operator_decorator.py
[2022-07-20 17:58:12,144] {processor.py:641} INFO - Processing file /home/airflow/.local/lib/python3.7/site-packages/airflow/example_dags/example_branch_operator_decorator.py for tasks to queue
[2022-07-20 17:58:12,175] {logging_mixin.py:115} INFO - [2022-07-20 17:58:12,175] {dagbag.py:508} INFO - Filling up the DagBag from /home/airflow/.local/lib/python3.7/site-packages/airflow/example_dags/example_branch_operator_decorator.py
[2022-07-20 17:58:12,415] {processor.py:651} INFO - DAG(s) dict_keys(['example_branch_python_operator_decorator']) retrieved from /home/airflow/.local/lib/python3.7/site-packages/airflow/example_dags/example_branch_operator_decorator.py
[2022-07-20 17:58:12,942] {logging_mixin.py:115} INFO - [2022-07-20 17:58:12,942] {dag.py:2420} INFO - Sync 1 DAGs
[2022-07-20 17:58:13,046] {logging_mixin.py:115} INFO - [2022-07-20 17:58:13,045] {dag.py:2972} INFO - Setting next_dagrun for example_branch_python_operator_decorator to 2022-07-19T00:00:00+00:00, run_after=2022-07-20T00:00:00+00:00
[2022-07-20 17:58:13,264] {processor.py:161} INFO - Processing /home/airflow/.local/lib/python3.7/site-packages/airflow/example_dags/example_branch_operator_decorator.py took 1.161 seconds
[2022-07-20 17:58:43,971] {processor.py:153} INFO - Started process (PID=982) to work on /home/airflow/.local/lib/python3.7/site-packages/airflow/example_dags/example_branch_operator_decorator.py
[2022-07-20 17:58:43,973] {processor.py:641} INFO - Processing file /home/airflow/.local/lib/python3.7/site-packages/airflow/example_dags/example_branch_operator_decorator.py for tasks to queue
[2022-07-20 17:58:43,974] {logging_mixin.py:115} INFO - [2022-07-20 17:58:43,974] {dagbag.py:508} INFO - Filling up the DagBag from /home/airflow/.local/lib/python3.7/site-packages/airflow/example_dags/example_branch_operator_decorator.py
[2022-07-20 17:58:44,018] {processor.py:651} INFO - DAG(s) dict_keys(['example_branch_python_operator_decorator']) retrieved from /home/airflow/.local/lib/python3.7/site-packages/airflow/example_dags/example_branch_operator_decorator.py
[2022-07-20 17:58:44,253] {logging_mixin.py:115} INFO - [2022-07-20 17:58:44,253] {dag.py:2420} INFO - Sync 1 DAGs
[2022-07-20 17:58:44,307] {logging_mixin.py:115} INFO - [2022-07-20 17:58:44,307] {dag.py:2972} INFO - Setting next_dagrun for example_branch_python_operator_decorator to 2022-07-19T00:00:00+00:00, run_after=2022-07-20T00:00:00+00:00
[2022-07-20 17:58:44,408] {processor.py:161} INFO - Processing /home/airflow/.local/lib/python3.7/site-packages/airflow/example_dags/example_branch_operator_decorator.py took 0.444 seconds
[2022-07-20 17:59:14,551] {processor.py:153} INFO - Started process (PID=1034) to work on /home/airflow/.local/lib/python3.7/site-packages/airflow/example_dags/example_branch_operator_decorator.py
[2022-07-20 17:59:14,552] {processor.py:641} INFO - Processing file /home/airflow/.local/lib/python3.7/site-packages/airflow/example_dags/example_branch_operator_decorator.py for tasks to queue
[2022-07-20 17:59:14,554] {logging_mixin.py:115} INFO - [2022-07-20 17:59:14,554] {dagbag.py:508} INFO - Filling up the DagBag from /home/airflow/.local/lib/python3.7/site-packages/airflow/example_dags/example_branch_operator_decorator.py
[2022-07-20 17:59:14,598] {processor.py:651} INFO - DAG(s) dict_keys(['example_branch_python_operator_decorator']) retrieved from /home/airflow/.local/lib/python3.7/site-packages/airflow/example_dags/example_branch_operator_decorator.py
[2022-07-20 17:59:14,820] {logging_mixin.py:115} INFO - [2022-07-20 17:59:14,820] {dag.py:2420} INFO - Sync 1 DAGs
[2022-07-20 17:59:14,859] {logging_mixin.py:115} INFO - [2022-07-20 17:59:14,859] {dag.py:2972} INFO - Setting next_dagrun for example_branch_python_operator_decorator to 2022-07-19T00:00:00+00:00, run_after=2022-07-20T00:00:00+00:00
[2022-07-20 17:59:14,908] {processor.py:161} INFO - Processing /home/airflow/.local/lib/python3.7/site-packages/airflow/example_dags/example_branch_operator_decorator.py took 0.364 seconds
[2022-07-20 17:59:47,100] {processor.py:153} INFO - Started process (PID=1087) to work on /home/airflow/.local/lib/python3.7/site-packages/airflow/example_dags/example_branch_operator_decorator.py
[2022-07-20 17:59:47,102] {processor.py:641} INFO - Processing file /home/airflow/.local/lib/python3.7/site-packages/airflow/example_dags/example_branch_operator_decorator.py for tasks to queue
[2022-07-20 17:59:47,113] {logging_mixin.py:115} INFO - [2022-07-20 17:59:47,113] {dagbag.py:508} INFO - Filling up the DagBag from /home/airflow/.local/lib/python3.7/site-packages/airflow/example_dags/example_branch_operator_decorator.py
[2022-07-20 17:59:47,205] {processor.py:651} INFO - DAG(s) dict_keys(['example_branch_python_operator_decorator']) retrieved from /home/airflow/.local/lib/python3.7/site-packages/airflow/example_dags/example_branch_operator_decorator.py
[2022-07-20 17:59:47,515] {logging_mixin.py:115} INFO - [2022-07-20 17:59:47,515] {dag.py:2420} INFO - Sync 1 DAGs
[2022-07-20 17:59:47,552] {logging_mixin.py:115} INFO - [2022-07-20 17:59:47,552] {dag.py:2972} INFO - Setting next_dagrun for example_branch_python_operator_decorator to 2022-07-19T00:00:00+00:00, run_after=2022-07-20T00:00:00+00:00
[2022-07-20 17:59:47,619] {processor.py:161} INFO - Processing /home/airflow/.local/lib/python3.7/site-packages/airflow/example_dags/example_branch_operator_decorator.py took 0.529 seconds
[2022-07-20 18:00:20,283] {processor.py:153} INFO - Started process (PID=1140) to work on /home/airflow/.local/lib/python3.7/site-packages/airflow/example_dags/example_branch_operator_decorator.py
[2022-07-20 18:00:20,285] {processor.py:641} INFO - Processing file /home/airflow/.local/lib/python3.7/site-packages/airflow/example_dags/example_branch_operator_decorator.py for tasks to queue
[2022-07-20 18:00:20,287] {logging_mixin.py:115} INFO - [2022-07-20 18:00:20,287] {dagbag.py:508} INFO - Filling up the DagBag from /home/airflow/.local/lib/python3.7/site-packages/airflow/example_dags/example_branch_operator_decorator.py
[2022-07-20 18:00:20,398] {processor.py:651} INFO - DAG(s) dict_keys(['example_branch_python_operator_decorator']) retrieved from /home/airflow/.local/lib/python3.7/site-packages/airflow/example_dags/example_branch_operator_decorator.py
[2022-07-20 18:00:20,691] {logging_mixin.py:115} INFO - [2022-07-20 18:00:20,691] {dag.py:2420} INFO - Sync 1 DAGs
[2022-07-20 18:00:20,805] {logging_mixin.py:115} INFO - [2022-07-20 18:00:20,805] {dag.py:2972} INFO - Setting next_dagrun for example_branch_python_operator_decorator to 2022-07-19T00:00:00+00:00, run_after=2022-07-20T00:00:00+00:00
[2022-07-20 18:00:20,983] {processor.py:161} INFO - Processing /home/airflow/.local/lib/python3.7/site-packages/airflow/example_dags/example_branch_operator_decorator.py took 0.712 seconds
[2022-07-20 18:00:51,516] {processor.py:153} INFO - Started process (PID=1191) to work on /home/airflow/.local/lib/python3.7/site-packages/airflow/example_dags/example_branch_operator_decorator.py
[2022-07-20 18:00:51,519] {processor.py:641} INFO - Processing file /home/airflow/.local/lib/python3.7/site-packages/airflow/example_dags/example_branch_operator_decorator.py for tasks to queue
[2022-07-20 18:00:51,521] {logging_mixin.py:115} INFO - [2022-07-20 18:00:51,521] {dagbag.py:508} INFO - Filling up the DagBag from /home/airflow/.local/lib/python3.7/site-packages/airflow/example_dags/example_branch_operator_decorator.py
[2022-07-20 18:00:51,596] {processor.py:651} INFO - DAG(s) dict_keys(['example_branch_python_operator_decorator']) retrieved from /home/airflow/.local/lib/python3.7/site-packages/airflow/example_dags/example_branch_operator_decorator.py
[2022-07-20 18:00:51,965] {logging_mixin.py:115} INFO - [2022-07-20 18:00:51,964] {dag.py:2420} INFO - Sync 1 DAGs
[2022-07-20 18:00:52,074] {logging_mixin.py:115} INFO - [2022-07-20 18:00:52,073] {dag.py:2972} INFO - Setting next_dagrun for example_branch_python_operator_decorator to 2022-07-19T00:00:00+00:00, run_after=2022-07-20T00:00:00+00:00
[2022-07-20 18:00:52,160] {processor.py:161} INFO - Processing /home/airflow/.local/lib/python3.7/site-packages/airflow/example_dags/example_branch_operator_decorator.py took 0.682 seconds
