[2022-07-20 17:06:29,662] {processor.py:153} INFO - Started process (PID=189) to work on /home/airflow/.local/lib/python3.7/site-packages/airflow/example_dags/example_subdag_operator.py
[2022-07-20 17:06:29,664] {processor.py:641} INFO - Processing file /home/airflow/.local/lib/python3.7/site-packages/airflow/example_dags/example_subdag_operator.py for tasks to queue
[2022-07-20 17:06:29,667] {logging_mixin.py:115} INFO - [2022-07-20 17:06:29,667] {dagbag.py:508} INFO - Filling up the DagBag from /home/airflow/.local/lib/python3.7/site-packages/airflow/example_dags/example_subdag_operator.py
[2022-07-20 17:06:29,831] {processor.py:651} INFO - DAG(s) dict_keys(['example_subdag_operator.section-1', 'example_subdag_operator.section-2', 'example_subdag_operator']) retrieved from /home/airflow/.local/lib/python3.7/site-packages/airflow/example_dags/example_subdag_operator.py
[2022-07-20 17:06:30,382] {logging_mixin.py:115} INFO - [2022-07-20 17:06:30,382] {dag.py:2420} INFO - Sync 3 DAGs
[2022-07-20 17:06:30,464] {logging_mixin.py:115} INFO - [2022-07-20 17:06:30,463] {dag.py:2972} INFO - Setting next_dagrun for example_subdag_operator to 2022-01-01T00:00:00+00:00, run_after=2022-01-01T00:00:00+00:00
[2022-07-20 17:06:30,465] {logging_mixin.py:115} INFO - [2022-07-20 17:06:30,465] {dag.py:2972} INFO - Setting next_dagrun for example_subdag_operator.section-1 to None, run_after=None
[2022-07-20 17:06:30,467] {logging_mixin.py:115} INFO - [2022-07-20 17:06:30,467] {dag.py:2972} INFO - Setting next_dagrun for example_subdag_operator.section-2 to None, run_after=None
[2022-07-20 17:06:30,503] {logging_mixin.py:115} INFO - [2022-07-20 17:06:30,503] {dag.py:2420} INFO - Sync 2 DAGs
[2022-07-20 17:06:30,532] {logging_mixin.py:115} INFO - [2022-07-20 17:06:30,532] {dag.py:2972} INFO - Setting next_dagrun for example_subdag_operator.section-1 to None, run_after=None
[2022-07-20 17:06:30,533] {logging_mixin.py:115} INFO - [2022-07-20 17:06:30,533] {dag.py:2972} INFO - Setting next_dagrun for example_subdag_operator.section-2 to None, run_after=None
[2022-07-20 17:06:30,762] {processor.py:161} INFO - Processing /home/airflow/.local/lib/python3.7/site-packages/airflow/example_dags/example_subdag_operator.py took 1.113 seconds
[2022-07-20 17:07:03,120] {processor.py:153} INFO - Started process (PID=241) to work on /home/airflow/.local/lib/python3.7/site-packages/airflow/example_dags/example_subdag_operator.py
[2022-07-20 17:07:03,122] {processor.py:641} INFO - Processing file /home/airflow/.local/lib/python3.7/site-packages/airflow/example_dags/example_subdag_operator.py for tasks to queue
[2022-07-20 17:07:03,126] {logging_mixin.py:115} INFO - [2022-07-20 17:07:03,125] {dagbag.py:508} INFO - Filling up the DagBag from /home/airflow/.local/lib/python3.7/site-packages/airflow/example_dags/example_subdag_operator.py
[2022-07-20 17:07:03,298] {processor.py:651} INFO - DAG(s) dict_keys(['example_subdag_operator.section-1', 'example_subdag_operator.section-2', 'example_subdag_operator']) retrieved from /home/airflow/.local/lib/python3.7/site-packages/airflow/example_dags/example_subdag_operator.py
[2022-07-20 17:07:03,619] {logging_mixin.py:115} INFO - [2022-07-20 17:07:03,619] {dag.py:2420} INFO - Sync 3 DAGs
[2022-07-20 17:07:03,661] {logging_mixin.py:115} INFO - [2022-07-20 17:07:03,660] {dag.py:2972} INFO - Setting next_dagrun for example_subdag_operator to 2022-01-01T00:00:00+00:00, run_after=2022-01-01T00:00:00+00:00
[2022-07-20 17:07:03,662] {logging_mixin.py:115} INFO - [2022-07-20 17:07:03,662] {dag.py:2972} INFO - Setting next_dagrun for example_subdag_operator.section-1 to None, run_after=None
[2022-07-20 17:07:03,663] {logging_mixin.py:115} INFO - [2022-07-20 17:07:03,663] {dag.py:2972} INFO - Setting next_dagrun for example_subdag_operator.section-2 to None, run_after=None
[2022-07-20 17:07:03,681] {logging_mixin.py:115} INFO - [2022-07-20 17:07:03,681] {dag.py:2420} INFO - Sync 2 DAGs
[2022-07-20 17:07:03,694] {logging_mixin.py:115} INFO - [2022-07-20 17:07:03,694] {dag.py:2972} INFO - Setting next_dagrun for example_subdag_operator.section-1 to None, run_after=None
[2022-07-20 17:07:03,695] {logging_mixin.py:115} INFO - [2022-07-20 17:07:03,695] {dag.py:2972} INFO - Setting next_dagrun for example_subdag_operator.section-2 to None, run_after=None
[2022-07-20 17:07:03,854] {processor.py:161} INFO - Processing /home/airflow/.local/lib/python3.7/site-packages/airflow/example_dags/example_subdag_operator.py took 0.748 seconds
[2022-07-20 17:07:35,715] {processor.py:153} INFO - Started process (PID=293) to work on /home/airflow/.local/lib/python3.7/site-packages/airflow/example_dags/example_subdag_operator.py
[2022-07-20 17:07:35,716] {processor.py:641} INFO - Processing file /home/airflow/.local/lib/python3.7/site-packages/airflow/example_dags/example_subdag_operator.py for tasks to queue
[2022-07-20 17:07:35,717] {logging_mixin.py:115} INFO - [2022-07-20 17:07:35,717] {dagbag.py:508} INFO - Filling up the DagBag from /home/airflow/.local/lib/python3.7/site-packages/airflow/example_dags/example_subdag_operator.py
[2022-07-20 17:07:35,772] {processor.py:651} INFO - DAG(s) dict_keys(['example_subdag_operator.section-1', 'example_subdag_operator.section-2', 'example_subdag_operator']) retrieved from /home/airflow/.local/lib/python3.7/site-packages/airflow/example_dags/example_subdag_operator.py
[2022-07-20 17:07:36,175] {logging_mixin.py:115} INFO - [2022-07-20 17:07:36,174] {dag.py:2420} INFO - Sync 3 DAGs
[2022-07-20 17:07:36,235] {logging_mixin.py:115} INFO - [2022-07-20 17:07:36,235] {dag.py:2972} INFO - Setting next_dagrun for example_subdag_operator to 2022-01-01T00:00:00+00:00, run_after=2022-01-01T00:00:00+00:00
[2022-07-20 17:07:36,237] {logging_mixin.py:115} INFO - [2022-07-20 17:07:36,237] {dag.py:2972} INFO - Setting next_dagrun for example_subdag_operator.section-1 to None, run_after=None
[2022-07-20 17:07:36,239] {logging_mixin.py:115} INFO - [2022-07-20 17:07:36,238] {dag.py:2972} INFO - Setting next_dagrun for example_subdag_operator.section-2 to None, run_after=None
[2022-07-20 17:07:36,264] {logging_mixin.py:115} INFO - [2022-07-20 17:07:36,263] {dag.py:2420} INFO - Sync 2 DAGs
[2022-07-20 17:07:36,302] {logging_mixin.py:115} INFO - [2022-07-20 17:07:36,302] {dag.py:2972} INFO - Setting next_dagrun for example_subdag_operator.section-1 to None, run_after=None
[2022-07-20 17:07:36,304] {logging_mixin.py:115} INFO - [2022-07-20 17:07:36,304] {dag.py:2972} INFO - Setting next_dagrun for example_subdag_operator.section-2 to None, run_after=None
[2022-07-20 17:07:36,396] {processor.py:161} INFO - Processing /home/airflow/.local/lib/python3.7/site-packages/airflow/example_dags/example_subdag_operator.py took 0.690 seconds
[2022-07-20 17:08:18,716] {processor.py:153} INFO - Started process (PID=364) to work on /home/airflow/.local/lib/python3.7/site-packages/airflow/example_dags/example_subdag_operator.py
[2022-07-20 17:08:18,727] {processor.py:641} INFO - Processing file /home/airflow/.local/lib/python3.7/site-packages/airflow/example_dags/example_subdag_operator.py for tasks to queue
[2022-07-20 17:08:18,730] {logging_mixin.py:115} INFO - [2022-07-20 17:08:18,729] {dagbag.py:508} INFO - Filling up the DagBag from /home/airflow/.local/lib/python3.7/site-packages/airflow/example_dags/example_subdag_operator.py
[2022-07-20 17:08:18,826] {processor.py:651} INFO - DAG(s) dict_keys(['example_subdag_operator.section-1', 'example_subdag_operator.section-2', 'example_subdag_operator']) retrieved from /home/airflow/.local/lib/python3.7/site-packages/airflow/example_dags/example_subdag_operator.py
[2022-07-20 17:08:19,266] {logging_mixin.py:115} INFO - [2022-07-20 17:08:19,265] {dag.py:2420} INFO - Sync 3 DAGs
[2022-07-20 17:08:19,324] {logging_mixin.py:115} INFO - [2022-07-20 17:08:19,324] {dag.py:2972} INFO - Setting next_dagrun for example_subdag_operator to 2022-01-01T00:00:00+00:00, run_after=2022-01-01T00:00:00+00:00
[2022-07-20 17:08:19,326] {logging_mixin.py:115} INFO - [2022-07-20 17:08:19,326] {dag.py:2972} INFO - Setting next_dagrun for example_subdag_operator.section-1 to None, run_after=None
[2022-07-20 17:08:19,327] {logging_mixin.py:115} INFO - [2022-07-20 17:08:19,327] {dag.py:2972} INFO - Setting next_dagrun for example_subdag_operator.section-2 to None, run_after=None
[2022-07-20 17:08:19,345] {logging_mixin.py:115} INFO - [2022-07-20 17:08:19,345] {dag.py:2420} INFO - Sync 2 DAGs
[2022-07-20 17:08:19,360] {logging_mixin.py:115} INFO - [2022-07-20 17:08:19,360] {dag.py:2972} INFO - Setting next_dagrun for example_subdag_operator.section-1 to None, run_after=None
[2022-07-20 17:08:19,361] {logging_mixin.py:115} INFO - [2022-07-20 17:08:19,361] {dag.py:2972} INFO - Setting next_dagrun for example_subdag_operator.section-2 to None, run_after=None
[2022-07-20 17:08:19,712] {processor.py:161} INFO - Processing /home/airflow/.local/lib/python3.7/site-packages/airflow/example_dags/example_subdag_operator.py took 1.016 seconds
[2022-07-20 17:08:56,588] {processor.py:153} INFO - Started process (PID=417) to work on /home/airflow/.local/lib/python3.7/site-packages/airflow/example_dags/example_subdag_operator.py
[2022-07-20 17:08:56,612] {processor.py:641} INFO - Processing file /home/airflow/.local/lib/python3.7/site-packages/airflow/example_dags/example_subdag_operator.py for tasks to queue
[2022-07-20 17:08:56,615] {logging_mixin.py:115} INFO - [2022-07-20 17:08:56,615] {dagbag.py:508} INFO - Filling up the DagBag from /home/airflow/.local/lib/python3.7/site-packages/airflow/example_dags/example_subdag_operator.py
[2022-07-20 17:08:56,852] {processor.py:651} INFO - DAG(s) dict_keys(['example_subdag_operator.section-1', 'example_subdag_operator.section-2', 'example_subdag_operator']) retrieved from /home/airflow/.local/lib/python3.7/site-packages/airflow/example_dags/example_subdag_operator.py
[2022-07-20 17:08:57,644] {logging_mixin.py:115} INFO - [2022-07-20 17:08:57,644] {dag.py:2420} INFO - Sync 3 DAGs
[2022-07-20 17:08:57,764] {logging_mixin.py:115} INFO - [2022-07-20 17:08:57,764] {dag.py:2972} INFO - Setting next_dagrun for example_subdag_operator to 2022-01-01T00:00:00+00:00, run_after=2022-01-01T00:00:00+00:00
[2022-07-20 17:08:57,766] {logging_mixin.py:115} INFO - [2022-07-20 17:08:57,766] {dag.py:2972} INFO - Setting next_dagrun for example_subdag_operator.section-1 to None, run_after=None
[2022-07-20 17:08:57,768] {logging_mixin.py:115} INFO - [2022-07-20 17:08:57,767] {dag.py:2972} INFO - Setting next_dagrun for example_subdag_operator.section-2 to None, run_after=None
[2022-07-20 17:08:57,913] {logging_mixin.py:115} INFO - [2022-07-20 17:08:57,912] {dag.py:2420} INFO - Sync 2 DAGs
[2022-07-20 17:08:57,929] {logging_mixin.py:115} INFO - [2022-07-20 17:08:57,928] {dag.py:2972} INFO - Setting next_dagrun for example_subdag_operator.section-1 to None, run_after=None
[2022-07-20 17:08:57,929] {logging_mixin.py:115} INFO - [2022-07-20 17:08:57,929] {dag.py:2972} INFO - Setting next_dagrun for example_subdag_operator.section-2 to None, run_after=None
[2022-07-20 17:08:58,598] {processor.py:161} INFO - Processing /home/airflow/.local/lib/python3.7/site-packages/airflow/example_dags/example_subdag_operator.py took 2.022 seconds
[2022-07-20 17:09:28,742] {processor.py:153} INFO - Started process (PID=469) to work on /home/airflow/.local/lib/python3.7/site-packages/airflow/example_dags/example_subdag_operator.py
[2022-07-20 17:09:28,744] {processor.py:641} INFO - Processing file /home/airflow/.local/lib/python3.7/site-packages/airflow/example_dags/example_subdag_operator.py for tasks to queue
[2022-07-20 17:09:28,748] {logging_mixin.py:115} INFO - [2022-07-20 17:09:28,747] {dagbag.py:508} INFO - Filling up the DagBag from /home/airflow/.local/lib/python3.7/site-packages/airflow/example_dags/example_subdag_operator.py
[2022-07-20 17:09:28,837] {processor.py:651} INFO - DAG(s) dict_keys(['example_subdag_operator.section-1', 'example_subdag_operator.section-2', 'example_subdag_operator']) retrieved from /home/airflow/.local/lib/python3.7/site-packages/airflow/example_dags/example_subdag_operator.py
[2022-07-20 17:09:29,291] {logging_mixin.py:115} INFO - [2022-07-20 17:09:29,291] {dag.py:2420} INFO - Sync 3 DAGs
[2022-07-20 17:09:29,350] {logging_mixin.py:115} INFO - [2022-07-20 17:09:29,350] {dag.py:2972} INFO - Setting next_dagrun for example_subdag_operator to 2022-01-01T00:00:00+00:00, run_after=2022-01-01T00:00:00+00:00
[2022-07-20 17:09:29,351] {logging_mixin.py:115} INFO - [2022-07-20 17:09:29,351] {dag.py:2972} INFO - Setting next_dagrun for example_subdag_operator.section-1 to None, run_after=None
[2022-07-20 17:09:29,352] {logging_mixin.py:115} INFO - [2022-07-20 17:09:29,352] {dag.py:2972} INFO - Setting next_dagrun for example_subdag_operator.section-2 to None, run_after=None
[2022-07-20 17:09:29,369] {logging_mixin.py:115} INFO - [2022-07-20 17:09:29,369] {dag.py:2420} INFO - Sync 2 DAGs
[2022-07-20 17:09:29,380] {logging_mixin.py:115} INFO - [2022-07-20 17:09:29,380] {dag.py:2972} INFO - Setting next_dagrun for example_subdag_operator.section-1 to None, run_after=None
[2022-07-20 17:09:29,381] {logging_mixin.py:115} INFO - [2022-07-20 17:09:29,381] {dag.py:2972} INFO - Setting next_dagrun for example_subdag_operator.section-2 to None, run_after=None
[2022-07-20 17:09:29,481] {processor.py:161} INFO - Processing /home/airflow/.local/lib/python3.7/site-packages/airflow/example_dags/example_subdag_operator.py took 0.750 seconds
[2022-07-20 17:10:00,377] {processor.py:153} INFO - Started process (PID=522) to work on /home/airflow/.local/lib/python3.7/site-packages/airflow/example_dags/example_subdag_operator.py
[2022-07-20 17:10:00,379] {processor.py:641} INFO - Processing file /home/airflow/.local/lib/python3.7/site-packages/airflow/example_dags/example_subdag_operator.py for tasks to queue
[2022-07-20 17:10:00,382] {logging_mixin.py:115} INFO - [2022-07-20 17:10:00,381] {dagbag.py:508} INFO - Filling up the DagBag from /home/airflow/.local/lib/python3.7/site-packages/airflow/example_dags/example_subdag_operator.py
[2022-07-20 17:10:00,508] {processor.py:651} INFO - DAG(s) dict_keys(['example_subdag_operator.section-1', 'example_subdag_operator.section-2', 'example_subdag_operator']) retrieved from /home/airflow/.local/lib/python3.7/site-packages/airflow/example_dags/example_subdag_operator.py
[2022-07-20 17:10:00,991] {logging_mixin.py:115} INFO - [2022-07-20 17:10:00,991] {dag.py:2420} INFO - Sync 3 DAGs
[2022-07-20 17:10:01,049] {logging_mixin.py:115} INFO - [2022-07-20 17:10:01,048] {dag.py:2972} INFO - Setting next_dagrun for example_subdag_operator to 2022-01-01T00:00:00+00:00, run_after=2022-01-01T00:00:00+00:00
[2022-07-20 17:10:01,051] {logging_mixin.py:115} INFO - [2022-07-20 17:10:01,050] {dag.py:2972} INFO - Setting next_dagrun for example_subdag_operator.section-1 to None, run_after=None
[2022-07-20 17:10:01,052] {logging_mixin.py:115} INFO - [2022-07-20 17:10:01,052] {dag.py:2972} INFO - Setting next_dagrun for example_subdag_operator.section-2 to None, run_after=None
[2022-07-20 17:10:01,075] {logging_mixin.py:115} INFO - [2022-07-20 17:10:01,074] {dag.py:2420} INFO - Sync 2 DAGs
[2022-07-20 17:10:01,088] {logging_mixin.py:115} INFO - [2022-07-20 17:10:01,088] {dag.py:2972} INFO - Setting next_dagrun for example_subdag_operator.section-1 to None, run_after=None
[2022-07-20 17:10:01,089] {logging_mixin.py:115} INFO - [2022-07-20 17:10:01,089] {dag.py:2972} INFO - Setting next_dagrun for example_subdag_operator.section-2 to None, run_after=None
[2022-07-20 17:10:01,612] {processor.py:161} INFO - Processing /home/airflow/.local/lib/python3.7/site-packages/airflow/example_dags/example_subdag_operator.py took 1.250 seconds
[2022-07-20 17:10:31,725] {processor.py:153} INFO - Started process (PID=574) to work on /home/airflow/.local/lib/python3.7/site-packages/airflow/example_dags/example_subdag_operator.py
[2022-07-20 17:10:31,740] {processor.py:641} INFO - Processing file /home/airflow/.local/lib/python3.7/site-packages/airflow/example_dags/example_subdag_operator.py for tasks to queue
[2022-07-20 17:10:31,742] {logging_mixin.py:115} INFO - [2022-07-20 17:10:31,741] {dagbag.py:508} INFO - Filling up the DagBag from /home/airflow/.local/lib/python3.7/site-packages/airflow/example_dags/example_subdag_operator.py
[2022-07-20 17:10:31,967] {processor.py:651} INFO - DAG(s) dict_keys(['example_subdag_operator.section-1', 'example_subdag_operator.section-2', 'example_subdag_operator']) retrieved from /home/airflow/.local/lib/python3.7/site-packages/airflow/example_dags/example_subdag_operator.py
[2022-07-20 17:10:32,704] {logging_mixin.py:115} INFO - [2022-07-20 17:10:32,704] {dag.py:2420} INFO - Sync 3 DAGs
[2022-07-20 17:10:32,796] {logging_mixin.py:115} INFO - [2022-07-20 17:10:32,795] {dag.py:2972} INFO - Setting next_dagrun for example_subdag_operator to 2022-01-01T00:00:00+00:00, run_after=2022-01-01T00:00:00+00:00
[2022-07-20 17:10:32,797] {logging_mixin.py:115} INFO - [2022-07-20 17:10:32,797] {dag.py:2972} INFO - Setting next_dagrun for example_subdag_operator.section-1 to None, run_after=None
[2022-07-20 17:10:32,798] {logging_mixin.py:115} INFO - [2022-07-20 17:10:32,798] {dag.py:2972} INFO - Setting next_dagrun for example_subdag_operator.section-2 to None, run_after=None
[2022-07-20 17:10:32,817] {logging_mixin.py:115} INFO - [2022-07-20 17:10:32,817] {dag.py:2420} INFO - Sync 2 DAGs
[2022-07-20 17:10:32,837] {logging_mixin.py:115} INFO - [2022-07-20 17:10:32,836] {dag.py:2972} INFO - Setting next_dagrun for example_subdag_operator.section-1 to None, run_after=None
[2022-07-20 17:10:32,840] {logging_mixin.py:115} INFO - [2022-07-20 17:10:32,840] {dag.py:2972} INFO - Setting next_dagrun for example_subdag_operator.section-2 to None, run_after=None
[2022-07-20 17:10:32,929] {processor.py:161} INFO - Processing /home/airflow/.local/lib/python3.7/site-packages/airflow/example_dags/example_subdag_operator.py took 1.227 seconds
[2022-07-20 17:11:03,265] {processor.py:153} INFO - Started process (PID=625) to work on /home/airflow/.local/lib/python3.7/site-packages/airflow/example_dags/example_subdag_operator.py
[2022-07-20 17:11:03,268] {processor.py:641} INFO - Processing file /home/airflow/.local/lib/python3.7/site-packages/airflow/example_dags/example_subdag_operator.py for tasks to queue
[2022-07-20 17:11:03,273] {logging_mixin.py:115} INFO - [2022-07-20 17:11:03,272] {dagbag.py:508} INFO - Filling up the DagBag from /home/airflow/.local/lib/python3.7/site-packages/airflow/example_dags/example_subdag_operator.py
[2022-07-20 17:11:03,442] {processor.py:651} INFO - DAG(s) dict_keys(['example_subdag_operator.section-1', 'example_subdag_operator.section-2', 'example_subdag_operator']) retrieved from /home/airflow/.local/lib/python3.7/site-packages/airflow/example_dags/example_subdag_operator.py
[2022-07-20 17:11:04,172] {logging_mixin.py:115} INFO - [2022-07-20 17:11:04,172] {dag.py:2420} INFO - Sync 3 DAGs
[2022-07-20 17:11:04,264] {logging_mixin.py:115} INFO - [2022-07-20 17:11:04,264] {dag.py:2972} INFO - Setting next_dagrun for example_subdag_operator to 2022-01-01T00:00:00+00:00, run_after=2022-01-01T00:00:00+00:00
[2022-07-20 17:11:04,265] {logging_mixin.py:115} INFO - [2022-07-20 17:11:04,265] {dag.py:2972} INFO - Setting next_dagrun for example_subdag_operator.section-1 to None, run_after=None
[2022-07-20 17:11:04,267] {logging_mixin.py:115} INFO - [2022-07-20 17:11:04,266] {dag.py:2972} INFO - Setting next_dagrun for example_subdag_operator.section-2 to None, run_after=None
[2022-07-20 17:11:04,285] {logging_mixin.py:115} INFO - [2022-07-20 17:11:04,285] {dag.py:2420} INFO - Sync 2 DAGs
[2022-07-20 17:11:04,324] {logging_mixin.py:115} INFO - [2022-07-20 17:11:04,324] {dag.py:2972} INFO - Setting next_dagrun for example_subdag_operator.section-1 to None, run_after=None
[2022-07-20 17:11:04,326] {logging_mixin.py:115} INFO - [2022-07-20 17:11:04,326] {dag.py:2972} INFO - Setting next_dagrun for example_subdag_operator.section-2 to None, run_after=None
[2022-07-20 17:11:04,398] {processor.py:161} INFO - Processing /home/airflow/.local/lib/python3.7/site-packages/airflow/example_dags/example_subdag_operator.py took 1.149 seconds
[2022-07-20 17:11:34,731] {processor.py:153} INFO - Started process (PID=677) to work on /home/airflow/.local/lib/python3.7/site-packages/airflow/example_dags/example_subdag_operator.py
[2022-07-20 17:11:34,733] {processor.py:641} INFO - Processing file /home/airflow/.local/lib/python3.7/site-packages/airflow/example_dags/example_subdag_operator.py for tasks to queue
[2022-07-20 17:11:34,735] {logging_mixin.py:115} INFO - [2022-07-20 17:11:34,735] {dagbag.py:508} INFO - Filling up the DagBag from /home/airflow/.local/lib/python3.7/site-packages/airflow/example_dags/example_subdag_operator.py
[2022-07-20 17:11:34,857] {processor.py:651} INFO - DAG(s) dict_keys(['example_subdag_operator.section-1', 'example_subdag_operator.section-2', 'example_subdag_operator']) retrieved from /home/airflow/.local/lib/python3.7/site-packages/airflow/example_dags/example_subdag_operator.py
[2022-07-20 17:11:35,441] {logging_mixin.py:115} INFO - [2022-07-20 17:11:35,440] {dag.py:2420} INFO - Sync 3 DAGs
[2022-07-20 17:11:35,605] {logging_mixin.py:115} INFO - [2022-07-20 17:11:35,605] {dag.py:2972} INFO - Setting next_dagrun for example_subdag_operator to 2022-01-01T00:00:00+00:00, run_after=2022-01-01T00:00:00+00:00
[2022-07-20 17:11:35,606] {logging_mixin.py:115} INFO - [2022-07-20 17:11:35,606] {dag.py:2972} INFO - Setting next_dagrun for example_subdag_operator.section-1 to None, run_after=None
[2022-07-20 17:11:35,608] {logging_mixin.py:115} INFO - [2022-07-20 17:11:35,608] {dag.py:2972} INFO - Setting next_dagrun for example_subdag_operator.section-2 to None, run_after=None
[2022-07-20 17:11:35,640] {logging_mixin.py:115} INFO - [2022-07-20 17:11:35,640] {dag.py:2420} INFO - Sync 2 DAGs
[2022-07-20 17:11:35,659] {logging_mixin.py:115} INFO - [2022-07-20 17:11:35,659] {dag.py:2972} INFO - Setting next_dagrun for example_subdag_operator.section-1 to None, run_after=None
[2022-07-20 17:11:35,660] {logging_mixin.py:115} INFO - [2022-07-20 17:11:35,660] {dag.py:2972} INFO - Setting next_dagrun for example_subdag_operator.section-2 to None, run_after=None
[2022-07-20 17:11:35,773] {processor.py:161} INFO - Processing /home/airflow/.local/lib/python3.7/site-packages/airflow/example_dags/example_subdag_operator.py took 1.056 seconds
[2022-07-20 17:12:06,022] {processor.py:153} INFO - Started process (PID=731) to work on /home/airflow/.local/lib/python3.7/site-packages/airflow/example_dags/example_subdag_operator.py
[2022-07-20 17:12:06,026] {processor.py:641} INFO - Processing file /home/airflow/.local/lib/python3.7/site-packages/airflow/example_dags/example_subdag_operator.py for tasks to queue
[2022-07-20 17:12:06,031] {logging_mixin.py:115} INFO - [2022-07-20 17:12:06,030] {dagbag.py:508} INFO - Filling up the DagBag from /home/airflow/.local/lib/python3.7/site-packages/airflow/example_dags/example_subdag_operator.py
[2022-07-20 17:12:06,108] {processor.py:651} INFO - DAG(s) dict_keys(['example_subdag_operator.section-1', 'example_subdag_operator.section-2', 'example_subdag_operator']) retrieved from /home/airflow/.local/lib/python3.7/site-packages/airflow/example_dags/example_subdag_operator.py
[2022-07-20 17:12:06,380] {logging_mixin.py:115} INFO - [2022-07-20 17:12:06,380] {dag.py:2420} INFO - Sync 3 DAGs
[2022-07-20 17:12:06,435] {logging_mixin.py:115} INFO - [2022-07-20 17:12:06,435] {dag.py:2972} INFO - Setting next_dagrun for example_subdag_operator to 2022-01-01T00:00:00+00:00, run_after=2022-01-01T00:00:00+00:00
[2022-07-20 17:12:06,436] {logging_mixin.py:115} INFO - [2022-07-20 17:12:06,435] {dag.py:2972} INFO - Setting next_dagrun for example_subdag_operator.section-1 to None, run_after=None
[2022-07-20 17:12:06,436] {logging_mixin.py:115} INFO - [2022-07-20 17:12:06,436] {dag.py:2972} INFO - Setting next_dagrun for example_subdag_operator.section-2 to None, run_after=None
[2022-07-20 17:12:06,448] {logging_mixin.py:115} INFO - [2022-07-20 17:12:06,448] {dag.py:2420} INFO - Sync 2 DAGs
[2022-07-20 17:12:06,458] {logging_mixin.py:115} INFO - [2022-07-20 17:12:06,458] {dag.py:2972} INFO - Setting next_dagrun for example_subdag_operator.section-1 to None, run_after=None
[2022-07-20 17:12:06,459] {logging_mixin.py:115} INFO - [2022-07-20 17:12:06,459] {dag.py:2972} INFO - Setting next_dagrun for example_subdag_operator.section-2 to None, run_after=None
[2022-07-20 17:12:06,984] {processor.py:161} INFO - Processing /home/airflow/.local/lib/python3.7/site-packages/airflow/example_dags/example_subdag_operator.py took 0.973 seconds
[2022-07-20 17:12:37,724] {processor.py:153} INFO - Started process (PID=782) to work on /home/airflow/.local/lib/python3.7/site-packages/airflow/example_dags/example_subdag_operator.py
[2022-07-20 17:12:37,726] {processor.py:641} INFO - Processing file /home/airflow/.local/lib/python3.7/site-packages/airflow/example_dags/example_subdag_operator.py for tasks to queue
[2022-07-20 17:12:37,728] {logging_mixin.py:115} INFO - [2022-07-20 17:12:37,728] {dagbag.py:508} INFO - Filling up the DagBag from /home/airflow/.local/lib/python3.7/site-packages/airflow/example_dags/example_subdag_operator.py
[2022-07-20 17:12:37,797] {processor.py:651} INFO - DAG(s) dict_keys(['example_subdag_operator.section-1', 'example_subdag_operator.section-2', 'example_subdag_operator']) retrieved from /home/airflow/.local/lib/python3.7/site-packages/airflow/example_dags/example_subdag_operator.py
[2022-07-20 17:12:38,574] {logging_mixin.py:115} INFO - [2022-07-20 17:12:38,574] {dag.py:2420} INFO - Sync 3 DAGs
[2022-07-20 17:12:38,634] {logging_mixin.py:115} INFO - [2022-07-20 17:12:38,633] {dag.py:2972} INFO - Setting next_dagrun for example_subdag_operator to 2022-01-01T00:00:00+00:00, run_after=2022-01-01T00:00:00+00:00
[2022-07-20 17:12:38,635] {logging_mixin.py:115} INFO - [2022-07-20 17:12:38,635] {dag.py:2972} INFO - Setting next_dagrun for example_subdag_operator.section-1 to None, run_after=None
[2022-07-20 17:12:38,636] {logging_mixin.py:115} INFO - [2022-07-20 17:12:38,636] {dag.py:2972} INFO - Setting next_dagrun for example_subdag_operator.section-2 to None, run_after=None
[2022-07-20 17:12:38,663] {logging_mixin.py:115} INFO - [2022-07-20 17:12:38,663] {dag.py:2420} INFO - Sync 2 DAGs
[2022-07-20 17:12:38,683] {logging_mixin.py:115} INFO - [2022-07-20 17:12:38,683] {dag.py:2972} INFO - Setting next_dagrun for example_subdag_operator.section-1 to None, run_after=None
[2022-07-20 17:12:38,684] {logging_mixin.py:115} INFO - [2022-07-20 17:12:38,684] {dag.py:2972} INFO - Setting next_dagrun for example_subdag_operator.section-2 to None, run_after=None
[2022-07-20 17:12:38,890] {processor.py:161} INFO - Processing /home/airflow/.local/lib/python3.7/site-packages/airflow/example_dags/example_subdag_operator.py took 1.177 seconds
[2022-07-20 17:13:09,833] {processor.py:153} INFO - Started process (PID=834) to work on /home/airflow/.local/lib/python3.7/site-packages/airflow/example_dags/example_subdag_operator.py
[2022-07-20 17:13:09,835] {processor.py:641} INFO - Processing file /home/airflow/.local/lib/python3.7/site-packages/airflow/example_dags/example_subdag_operator.py for tasks to queue
[2022-07-20 17:13:09,845] {logging_mixin.py:115} INFO - [2022-07-20 17:13:09,845] {dagbag.py:508} INFO - Filling up the DagBag from /home/airflow/.local/lib/python3.7/site-packages/airflow/example_dags/example_subdag_operator.py
[2022-07-20 17:13:10,099] {processor.py:651} INFO - DAG(s) dict_keys(['example_subdag_operator.section-1', 'example_subdag_operator.section-2', 'example_subdag_operator']) retrieved from /home/airflow/.local/lib/python3.7/site-packages/airflow/example_dags/example_subdag_operator.py
[2022-07-20 17:13:10,643] {logging_mixin.py:115} INFO - [2022-07-20 17:13:10,643] {dag.py:2420} INFO - Sync 3 DAGs
[2022-07-20 17:13:10,695] {logging_mixin.py:115} INFO - [2022-07-20 17:13:10,695] {dag.py:2972} INFO - Setting next_dagrun for example_subdag_operator to 2022-01-01T00:00:00+00:00, run_after=2022-01-01T00:00:00+00:00
[2022-07-20 17:13:10,697] {logging_mixin.py:115} INFO - [2022-07-20 17:13:10,696] {dag.py:2972} INFO - Setting next_dagrun for example_subdag_operator.section-1 to None, run_after=None
[2022-07-20 17:13:10,698] {logging_mixin.py:115} INFO - [2022-07-20 17:13:10,698] {dag.py:2972} INFO - Setting next_dagrun for example_subdag_operator.section-2 to None, run_after=None
[2022-07-20 17:13:10,717] {logging_mixin.py:115} INFO - [2022-07-20 17:13:10,717] {dag.py:2420} INFO - Sync 2 DAGs
[2022-07-20 17:13:10,736] {logging_mixin.py:115} INFO - [2022-07-20 17:13:10,736] {dag.py:2972} INFO - Setting next_dagrun for example_subdag_operator.section-1 to None, run_after=None
[2022-07-20 17:13:10,737] {logging_mixin.py:115} INFO - [2022-07-20 17:13:10,737] {dag.py:2972} INFO - Setting next_dagrun for example_subdag_operator.section-2 to None, run_after=None
[2022-07-20 17:13:10,884] {processor.py:161} INFO - Processing /home/airflow/.local/lib/python3.7/site-packages/airflow/example_dags/example_subdag_operator.py took 1.088 seconds
[2022-07-20 17:50:11,589] {processor.py:153} INFO - Started process (PID=147) to work on /home/airflow/.local/lib/python3.7/site-packages/airflow/example_dags/example_subdag_operator.py
[2022-07-20 17:50:11,746] {processor.py:641} INFO - Processing file /home/airflow/.local/lib/python3.7/site-packages/airflow/example_dags/example_subdag_operator.py for tasks to queue
[2022-07-20 17:50:11,748] {logging_mixin.py:115} INFO - [2022-07-20 17:50:11,748] {dagbag.py:508} INFO - Filling up the DagBag from /home/airflow/.local/lib/python3.7/site-packages/airflow/example_dags/example_subdag_operator.py
[2022-07-20 17:50:11,814] {processor.py:651} INFO - DAG(s) dict_keys(['example_subdag_operator.section-1', 'example_subdag_operator.section-2', 'example_subdag_operator']) retrieved from /home/airflow/.local/lib/python3.7/site-packages/airflow/example_dags/example_subdag_operator.py
[2022-07-20 17:50:12,072] {logging_mixin.py:115} INFO - [2022-07-20 17:50:12,071] {dag.py:2420} INFO - Sync 3 DAGs
[2022-07-20 17:50:12,134] {logging_mixin.py:115} INFO - [2022-07-20 17:50:12,133] {dag.py:2972} INFO - Setting next_dagrun for example_subdag_operator to 2022-01-01T00:00:00+00:00, run_after=2022-01-01T00:00:00+00:00
[2022-07-20 17:50:12,135] {logging_mixin.py:115} INFO - [2022-07-20 17:50:12,135] {dag.py:2972} INFO - Setting next_dagrun for example_subdag_operator.section-1 to None, run_after=None
[2022-07-20 17:50:12,136] {logging_mixin.py:115} INFO - [2022-07-20 17:50:12,136] {dag.py:2972} INFO - Setting next_dagrun for example_subdag_operator.section-2 to None, run_after=None
[2022-07-20 17:50:12,152] {logging_mixin.py:115} INFO - [2022-07-20 17:50:12,152] {dag.py:2420} INFO - Sync 2 DAGs
[2022-07-20 17:50:12,168] {logging_mixin.py:115} INFO - [2022-07-20 17:50:12,168] {dag.py:2972} INFO - Setting next_dagrun for example_subdag_operator.section-1 to None, run_after=None
[2022-07-20 17:50:12,169] {logging_mixin.py:115} INFO - [2022-07-20 17:50:12,169] {dag.py:2972} INFO - Setting next_dagrun for example_subdag_operator.section-2 to None, run_after=None
[2022-07-20 17:50:12,603] {processor.py:161} INFO - Processing /home/airflow/.local/lib/python3.7/site-packages/airflow/example_dags/example_subdag_operator.py took 1.020 seconds
[2022-07-20 17:50:42,983] {processor.py:153} INFO - Started process (PID=197) to work on /home/airflow/.local/lib/python3.7/site-packages/airflow/example_dags/example_subdag_operator.py
[2022-07-20 17:50:42,985] {processor.py:641} INFO - Processing file /home/airflow/.local/lib/python3.7/site-packages/airflow/example_dags/example_subdag_operator.py for tasks to queue
[2022-07-20 17:50:42,986] {logging_mixin.py:115} INFO - [2022-07-20 17:50:42,986] {dagbag.py:508} INFO - Filling up the DagBag from /home/airflow/.local/lib/python3.7/site-packages/airflow/example_dags/example_subdag_operator.py
[2022-07-20 17:50:43,040] {processor.py:651} INFO - DAG(s) dict_keys(['example_subdag_operator.section-1', 'example_subdag_operator.section-2', 'example_subdag_operator']) retrieved from /home/airflow/.local/lib/python3.7/site-packages/airflow/example_dags/example_subdag_operator.py
[2022-07-20 17:50:43,319] {logging_mixin.py:115} INFO - [2022-07-20 17:50:43,319] {dag.py:2420} INFO - Sync 3 DAGs
[2022-07-20 17:50:43,366] {logging_mixin.py:115} INFO - [2022-07-20 17:50:43,366] {dag.py:2972} INFO - Setting next_dagrun for example_subdag_operator to 2022-01-01T00:00:00+00:00, run_after=2022-01-01T00:00:00+00:00
[2022-07-20 17:50:43,367] {logging_mixin.py:115} INFO - [2022-07-20 17:50:43,367] {dag.py:2972} INFO - Setting next_dagrun for example_subdag_operator.section-1 to None, run_after=None
[2022-07-20 17:50:43,510] {logging_mixin.py:115} INFO - [2022-07-20 17:50:43,510] {dag.py:2972} INFO - Setting next_dagrun for example_subdag_operator.section-2 to None, run_after=None
[2022-07-20 17:50:43,521] {logging_mixin.py:115} INFO - [2022-07-20 17:50:43,521] {dag.py:2420} INFO - Sync 2 DAGs
[2022-07-20 17:50:43,533] {logging_mixin.py:115} INFO - [2022-07-20 17:50:43,532] {dag.py:2972} INFO - Setting next_dagrun for example_subdag_operator.section-1 to None, run_after=None
[2022-07-20 17:50:43,533] {logging_mixin.py:115} INFO - [2022-07-20 17:50:43,533] {dag.py:2972} INFO - Setting next_dagrun for example_subdag_operator.section-2 to None, run_after=None
[2022-07-20 17:50:43,762] {processor.py:161} INFO - Processing /home/airflow/.local/lib/python3.7/site-packages/airflow/example_dags/example_subdag_operator.py took 0.788 seconds
[2022-07-20 17:51:14,499] {processor.py:153} INFO - Started process (PID=248) to work on /home/airflow/.local/lib/python3.7/site-packages/airflow/example_dags/example_subdag_operator.py
[2022-07-20 17:51:14,500] {processor.py:641} INFO - Processing file /home/airflow/.local/lib/python3.7/site-packages/airflow/example_dags/example_subdag_operator.py for tasks to queue
[2022-07-20 17:51:14,502] {logging_mixin.py:115} INFO - [2022-07-20 17:51:14,502] {dagbag.py:508} INFO - Filling up the DagBag from /home/airflow/.local/lib/python3.7/site-packages/airflow/example_dags/example_subdag_operator.py
[2022-07-20 17:51:14,557] {processor.py:651} INFO - DAG(s) dict_keys(['example_subdag_operator.section-1', 'example_subdag_operator.section-2', 'example_subdag_operator']) retrieved from /home/airflow/.local/lib/python3.7/site-packages/airflow/example_dags/example_subdag_operator.py
[2022-07-20 17:51:14,846] {logging_mixin.py:115} INFO - [2022-07-20 17:51:14,846] {dag.py:2420} INFO - Sync 3 DAGs
[2022-07-20 17:51:14,891] {logging_mixin.py:115} INFO - [2022-07-20 17:51:14,891] {dag.py:2972} INFO - Setting next_dagrun for example_subdag_operator to 2022-01-01T00:00:00+00:00, run_after=2022-01-01T00:00:00+00:00
[2022-07-20 17:51:14,892] {logging_mixin.py:115} INFO - [2022-07-20 17:51:14,892] {dag.py:2972} INFO - Setting next_dagrun for example_subdag_operator.section-1 to None, run_after=None
[2022-07-20 17:51:14,894] {logging_mixin.py:115} INFO - [2022-07-20 17:51:14,894] {dag.py:2972} INFO - Setting next_dagrun for example_subdag_operator.section-2 to None, run_after=None
[2022-07-20 17:51:14,910] {logging_mixin.py:115} INFO - [2022-07-20 17:51:14,910] {dag.py:2420} INFO - Sync 2 DAGs
[2022-07-20 17:51:14,922] {logging_mixin.py:115} INFO - [2022-07-20 17:51:14,922] {dag.py:2972} INFO - Setting next_dagrun for example_subdag_operator.section-1 to None, run_after=None
[2022-07-20 17:51:14,923] {logging_mixin.py:115} INFO - [2022-07-20 17:51:14,923] {dag.py:2972} INFO - Setting next_dagrun for example_subdag_operator.section-2 to None, run_after=None
[2022-07-20 17:51:15,642] {processor.py:161} INFO - Processing /home/airflow/.local/lib/python3.7/site-packages/airflow/example_dags/example_subdag_operator.py took 1.149 seconds
[2022-07-20 17:51:46,209] {processor.py:153} INFO - Started process (PID=294) to work on /home/airflow/.local/lib/python3.7/site-packages/airflow/example_dags/example_subdag_operator.py
[2022-07-20 17:51:46,211] {processor.py:641} INFO - Processing file /home/airflow/.local/lib/python3.7/site-packages/airflow/example_dags/example_subdag_operator.py for tasks to queue
[2022-07-20 17:51:46,212] {logging_mixin.py:115} INFO - [2022-07-20 17:51:46,212] {dagbag.py:508} INFO - Filling up the DagBag from /home/airflow/.local/lib/python3.7/site-packages/airflow/example_dags/example_subdag_operator.py
[2022-07-20 17:51:46,265] {processor.py:651} INFO - DAG(s) dict_keys(['example_subdag_operator.section-1', 'example_subdag_operator.section-2', 'example_subdag_operator']) retrieved from /home/airflow/.local/lib/python3.7/site-packages/airflow/example_dags/example_subdag_operator.py
[2022-07-20 17:51:46,546] {logging_mixin.py:115} INFO - [2022-07-20 17:51:46,546] {dag.py:2420} INFO - Sync 3 DAGs
[2022-07-20 17:51:46,597] {logging_mixin.py:115} INFO - [2022-07-20 17:51:46,597] {dag.py:2972} INFO - Setting next_dagrun for example_subdag_operator to 2022-01-01T00:00:00+00:00, run_after=2022-01-01T00:00:00+00:00
[2022-07-20 17:51:46,599] {logging_mixin.py:115} INFO - [2022-07-20 17:51:46,599] {dag.py:2972} INFO - Setting next_dagrun for example_subdag_operator.section-1 to None, run_after=None
[2022-07-20 17:51:46,600] {logging_mixin.py:115} INFO - [2022-07-20 17:51:46,600] {dag.py:2972} INFO - Setting next_dagrun for example_subdag_operator.section-2 to None, run_after=None
[2022-07-20 17:51:46,617] {logging_mixin.py:115} INFO - [2022-07-20 17:51:46,617] {dag.py:2420} INFO - Sync 2 DAGs
[2022-07-20 17:51:46,632] {logging_mixin.py:115} INFO - [2022-07-20 17:51:46,632] {dag.py:2972} INFO - Setting next_dagrun for example_subdag_operator.section-1 to None, run_after=None
[2022-07-20 17:51:46,633] {logging_mixin.py:115} INFO - [2022-07-20 17:51:46,633] {dag.py:2972} INFO - Setting next_dagrun for example_subdag_operator.section-2 to None, run_after=None
[2022-07-20 17:51:46,794] {processor.py:161} INFO - Processing /home/airflow/.local/lib/python3.7/site-packages/airflow/example_dags/example_subdag_operator.py took 0.591 seconds
[2022-07-20 17:52:17,129] {processor.py:153} INFO - Started process (PID=356) to work on /home/airflow/.local/lib/python3.7/site-packages/airflow/example_dags/example_subdag_operator.py
[2022-07-20 17:52:17,139] {processor.py:641} INFO - Processing file /home/airflow/.local/lib/python3.7/site-packages/airflow/example_dags/example_subdag_operator.py for tasks to queue
[2022-07-20 17:52:17,142] {logging_mixin.py:115} INFO - [2022-07-20 17:52:17,142] {dagbag.py:508} INFO - Filling up the DagBag from /home/airflow/.local/lib/python3.7/site-packages/airflow/example_dags/example_subdag_operator.py
[2022-07-20 17:52:17,325] {processor.py:651} INFO - DAG(s) dict_keys(['example_subdag_operator.section-1', 'example_subdag_operator.section-2', 'example_subdag_operator']) retrieved from /home/airflow/.local/lib/python3.7/site-packages/airflow/example_dags/example_subdag_operator.py
[2022-07-20 17:52:17,834] {logging_mixin.py:115} INFO - [2022-07-20 17:52:17,834] {dag.py:2420} INFO - Sync 3 DAGs
[2022-07-20 17:52:17,953] {logging_mixin.py:115} INFO - [2022-07-20 17:52:17,952] {dag.py:2972} INFO - Setting next_dagrun for example_subdag_operator to 2022-01-01T00:00:00+00:00, run_after=2022-01-01T00:00:00+00:00
[2022-07-20 17:52:17,965] {logging_mixin.py:115} INFO - [2022-07-20 17:52:17,965] {dag.py:2972} INFO - Setting next_dagrun for example_subdag_operator.section-1 to None, run_after=None
[2022-07-20 17:52:17,968] {logging_mixin.py:115} INFO - [2022-07-20 17:52:17,968] {dag.py:2972} INFO - Setting next_dagrun for example_subdag_operator.section-2 to None, run_after=None
[2022-07-20 17:52:17,997] {logging_mixin.py:115} INFO - [2022-07-20 17:52:17,997] {dag.py:2420} INFO - Sync 2 DAGs
[2022-07-20 17:52:18,022] {logging_mixin.py:115} INFO - [2022-07-20 17:52:18,022] {dag.py:2972} INFO - Setting next_dagrun for example_subdag_operator.section-1 to None, run_after=None
[2022-07-20 17:52:18,026] {logging_mixin.py:115} INFO - [2022-07-20 17:52:18,025] {dag.py:2972} INFO - Setting next_dagrun for example_subdag_operator.section-2 to None, run_after=None
[2022-07-20 17:52:18,299] {processor.py:161} INFO - Processing /home/airflow/.local/lib/python3.7/site-packages/airflow/example_dags/example_subdag_operator.py took 1.201 seconds
[2022-07-20 17:52:48,441] {processor.py:153} INFO - Started process (PID=398) to work on /home/airflow/.local/lib/python3.7/site-packages/airflow/example_dags/example_subdag_operator.py
[2022-07-20 17:52:48,442] {processor.py:641} INFO - Processing file /home/airflow/.local/lib/python3.7/site-packages/airflow/example_dags/example_subdag_operator.py for tasks to queue
[2022-07-20 17:52:48,443] {logging_mixin.py:115} INFO - [2022-07-20 17:52:48,443] {dagbag.py:508} INFO - Filling up the DagBag from /home/airflow/.local/lib/python3.7/site-packages/airflow/example_dags/example_subdag_operator.py
[2022-07-20 17:52:48,503] {processor.py:651} INFO - DAG(s) dict_keys(['example_subdag_operator.section-1', 'example_subdag_operator.section-2', 'example_subdag_operator']) retrieved from /home/airflow/.local/lib/python3.7/site-packages/airflow/example_dags/example_subdag_operator.py
[2022-07-20 17:52:48,848] {logging_mixin.py:115} INFO - [2022-07-20 17:52:48,848] {dag.py:2420} INFO - Sync 3 DAGs
[2022-07-20 17:52:48,884] {logging_mixin.py:115} INFO - [2022-07-20 17:52:48,884] {dag.py:2972} INFO - Setting next_dagrun for example_subdag_operator to 2022-01-01T00:00:00+00:00, run_after=2022-01-01T00:00:00+00:00
[2022-07-20 17:52:48,885] {logging_mixin.py:115} INFO - [2022-07-20 17:52:48,885] {dag.py:2972} INFO - Setting next_dagrun for example_subdag_operator.section-1 to None, run_after=None
[2022-07-20 17:52:48,885] {logging_mixin.py:115} INFO - [2022-07-20 17:52:48,885] {dag.py:2972} INFO - Setting next_dagrun for example_subdag_operator.section-2 to None, run_after=None
[2022-07-20 17:52:48,896] {logging_mixin.py:115} INFO - [2022-07-20 17:52:48,896] {dag.py:2420} INFO - Sync 2 DAGs
[2022-07-20 17:52:48,905] {logging_mixin.py:115} INFO - [2022-07-20 17:52:48,905] {dag.py:2972} INFO - Setting next_dagrun for example_subdag_operator.section-1 to None, run_after=None
[2022-07-20 17:52:48,906] {logging_mixin.py:115} INFO - [2022-07-20 17:52:48,906] {dag.py:2972} INFO - Setting next_dagrun for example_subdag_operator.section-2 to None, run_after=None
[2022-07-20 17:52:48,976] {processor.py:161} INFO - Processing /home/airflow/.local/lib/python3.7/site-packages/airflow/example_dags/example_subdag_operator.py took 0.541 seconds
[2022-07-20 17:53:19,125] {processor.py:153} INFO - Started process (PID=459) to work on /home/airflow/.local/lib/python3.7/site-packages/airflow/example_dags/example_subdag_operator.py
[2022-07-20 17:53:19,127] {processor.py:641} INFO - Processing file /home/airflow/.local/lib/python3.7/site-packages/airflow/example_dags/example_subdag_operator.py for tasks to queue
[2022-07-20 17:53:19,128] {logging_mixin.py:115} INFO - [2022-07-20 17:53:19,128] {dagbag.py:508} INFO - Filling up the DagBag from /home/airflow/.local/lib/python3.7/site-packages/airflow/example_dags/example_subdag_operator.py
[2022-07-20 17:53:19,182] {processor.py:651} INFO - DAG(s) dict_keys(['example_subdag_operator.section-1', 'example_subdag_operator.section-2', 'example_subdag_operator']) retrieved from /home/airflow/.local/lib/python3.7/site-packages/airflow/example_dags/example_subdag_operator.py
[2022-07-20 17:53:19,528] {logging_mixin.py:115} INFO - [2022-07-20 17:53:19,527] {dag.py:2420} INFO - Sync 3 DAGs
[2022-07-20 17:53:19,595] {logging_mixin.py:115} INFO - [2022-07-20 17:53:19,595] {dag.py:2972} INFO - Setting next_dagrun for example_subdag_operator to 2022-01-01T00:00:00+00:00, run_after=2022-01-01T00:00:00+00:00
[2022-07-20 17:53:19,596] {logging_mixin.py:115} INFO - [2022-07-20 17:53:19,596] {dag.py:2972} INFO - Setting next_dagrun for example_subdag_operator.section-1 to None, run_after=None
[2022-07-20 17:53:19,597] {logging_mixin.py:115} INFO - [2022-07-20 17:53:19,597] {dag.py:2972} INFO - Setting next_dagrun for example_subdag_operator.section-2 to None, run_after=None
[2022-07-20 17:53:19,615] {logging_mixin.py:115} INFO - [2022-07-20 17:53:19,615] {dag.py:2420} INFO - Sync 2 DAGs
[2022-07-20 17:53:19,638] {logging_mixin.py:115} INFO - [2022-07-20 17:53:19,637] {dag.py:2972} INFO - Setting next_dagrun for example_subdag_operator.section-1 to None, run_after=None
[2022-07-20 17:53:19,641] {logging_mixin.py:115} INFO - [2022-07-20 17:53:19,641] {dag.py:2972} INFO - Setting next_dagrun for example_subdag_operator.section-2 to None, run_after=None
[2022-07-20 17:53:19,834] {processor.py:161} INFO - Processing /home/airflow/.local/lib/python3.7/site-packages/airflow/example_dags/example_subdag_operator.py took 0.715 seconds
[2022-07-20 17:53:50,068] {processor.py:153} INFO - Started process (PID=511) to work on /home/airflow/.local/lib/python3.7/site-packages/airflow/example_dags/example_subdag_operator.py
[2022-07-20 17:53:50,070] {processor.py:641} INFO - Processing file /home/airflow/.local/lib/python3.7/site-packages/airflow/example_dags/example_subdag_operator.py for tasks to queue
[2022-07-20 17:53:50,071] {logging_mixin.py:115} INFO - [2022-07-20 17:53:50,071] {dagbag.py:508} INFO - Filling up the DagBag from /home/airflow/.local/lib/python3.7/site-packages/airflow/example_dags/example_subdag_operator.py
[2022-07-20 17:53:50,168] {processor.py:651} INFO - DAG(s) dict_keys(['example_subdag_operator.section-1', 'example_subdag_operator.section-2', 'example_subdag_operator']) retrieved from /home/airflow/.local/lib/python3.7/site-packages/airflow/example_dags/example_subdag_operator.py
[2022-07-20 17:53:50,511] {logging_mixin.py:115} INFO - [2022-07-20 17:53:50,511] {dag.py:2420} INFO - Sync 3 DAGs
[2022-07-20 17:53:50,557] {logging_mixin.py:115} INFO - [2022-07-20 17:53:50,557] {dag.py:2972} INFO - Setting next_dagrun for example_subdag_operator to 2022-01-01T00:00:00+00:00, run_after=2022-01-01T00:00:00+00:00
[2022-07-20 17:53:50,558] {logging_mixin.py:115} INFO - [2022-07-20 17:53:50,558] {dag.py:2972} INFO - Setting next_dagrun for example_subdag_operator.section-1 to None, run_after=None
[2022-07-20 17:53:50,559] {logging_mixin.py:115} INFO - [2022-07-20 17:53:50,559] {dag.py:2972} INFO - Setting next_dagrun for example_subdag_operator.section-2 to None, run_after=None
[2022-07-20 17:53:50,577] {logging_mixin.py:115} INFO - [2022-07-20 17:53:50,577] {dag.py:2420} INFO - Sync 2 DAGs
[2022-07-20 17:53:50,592] {logging_mixin.py:115} INFO - [2022-07-20 17:53:50,592] {dag.py:2972} INFO - Setting next_dagrun for example_subdag_operator.section-1 to None, run_after=None
[2022-07-20 17:53:50,594] {logging_mixin.py:115} INFO - [2022-07-20 17:53:50,593] {dag.py:2972} INFO - Setting next_dagrun for example_subdag_operator.section-2 to None, run_after=None
[2022-07-20 17:53:50,831] {processor.py:161} INFO - Processing /home/airflow/.local/lib/python3.7/site-packages/airflow/example_dags/example_subdag_operator.py took 0.773 seconds
[2022-07-20 17:54:22,370] {processor.py:153} INFO - Started process (PID=562) to work on /home/airflow/.local/lib/python3.7/site-packages/airflow/example_dags/example_subdag_operator.py
[2022-07-20 17:54:22,375] {processor.py:641} INFO - Processing file /home/airflow/.local/lib/python3.7/site-packages/airflow/example_dags/example_subdag_operator.py for tasks to queue
[2022-07-20 17:54:22,377] {logging_mixin.py:115} INFO - [2022-07-20 17:54:22,377] {dagbag.py:508} INFO - Filling up the DagBag from /home/airflow/.local/lib/python3.7/site-packages/airflow/example_dags/example_subdag_operator.py
[2022-07-20 17:54:22,504] {processor.py:651} INFO - DAG(s) dict_keys(['example_subdag_operator.section-1', 'example_subdag_operator.section-2', 'example_subdag_operator']) retrieved from /home/airflow/.local/lib/python3.7/site-packages/airflow/example_dags/example_subdag_operator.py
[2022-07-20 17:54:23,191] {logging_mixin.py:115} INFO - [2022-07-20 17:54:23,191] {dag.py:2420} INFO - Sync 3 DAGs
[2022-07-20 17:54:23,256] {logging_mixin.py:115} INFO - [2022-07-20 17:54:23,256] {dag.py:2972} INFO - Setting next_dagrun for example_subdag_operator to 2022-01-01T00:00:00+00:00, run_after=2022-01-01T00:00:00+00:00
[2022-07-20 17:54:23,257] {logging_mixin.py:115} INFO - [2022-07-20 17:54:23,257] {dag.py:2972} INFO - Setting next_dagrun for example_subdag_operator.section-1 to None, run_after=None
[2022-07-20 17:54:23,258] {logging_mixin.py:115} INFO - [2022-07-20 17:54:23,258] {dag.py:2972} INFO - Setting next_dagrun for example_subdag_operator.section-2 to None, run_after=None
[2022-07-20 17:54:23,277] {logging_mixin.py:115} INFO - [2022-07-20 17:54:23,277] {dag.py:2420} INFO - Sync 2 DAGs
[2022-07-20 17:54:23,296] {logging_mixin.py:115} INFO - [2022-07-20 17:54:23,296] {dag.py:2972} INFO - Setting next_dagrun for example_subdag_operator.section-1 to None, run_after=None
[2022-07-20 17:54:23,297] {logging_mixin.py:115} INFO - [2022-07-20 17:54:23,297] {dag.py:2972} INFO - Setting next_dagrun for example_subdag_operator.section-2 to None, run_after=None
[2022-07-20 17:54:23,546] {processor.py:161} INFO - Processing /home/airflow/.local/lib/python3.7/site-packages/airflow/example_dags/example_subdag_operator.py took 1.185 seconds
[2022-07-20 17:54:54,179] {processor.py:153} INFO - Started process (PID=614) to work on /home/airflow/.local/lib/python3.7/site-packages/airflow/example_dags/example_subdag_operator.py
[2022-07-20 17:54:54,181] {processor.py:641} INFO - Processing file /home/airflow/.local/lib/python3.7/site-packages/airflow/example_dags/example_subdag_operator.py for tasks to queue
[2022-07-20 17:54:54,184] {logging_mixin.py:115} INFO - [2022-07-20 17:54:54,182] {dagbag.py:508} INFO - Filling up the DagBag from /home/airflow/.local/lib/python3.7/site-packages/airflow/example_dags/example_subdag_operator.py
[2022-07-20 17:54:54,323] {processor.py:651} INFO - DAG(s) dict_keys(['example_subdag_operator.section-1', 'example_subdag_operator.section-2', 'example_subdag_operator']) retrieved from /home/airflow/.local/lib/python3.7/site-packages/airflow/example_dags/example_subdag_operator.py
[2022-07-20 17:54:54,868] {logging_mixin.py:115} INFO - [2022-07-20 17:54:54,868] {dag.py:2420} INFO - Sync 3 DAGs
[2022-07-20 17:54:54,929] {logging_mixin.py:115} INFO - [2022-07-20 17:54:54,928] {dag.py:2972} INFO - Setting next_dagrun for example_subdag_operator to 2022-01-01T00:00:00+00:00, run_after=2022-01-01T00:00:00+00:00
[2022-07-20 17:54:54,930] {logging_mixin.py:115} INFO - [2022-07-20 17:54:54,930] {dag.py:2972} INFO - Setting next_dagrun for example_subdag_operator.section-1 to None, run_after=None
[2022-07-20 17:54:54,931] {logging_mixin.py:115} INFO - [2022-07-20 17:54:54,931] {dag.py:2972} INFO - Setting next_dagrun for example_subdag_operator.section-2 to None, run_after=None
[2022-07-20 17:54:54,951] {logging_mixin.py:115} INFO - [2022-07-20 17:54:54,951] {dag.py:2420} INFO - Sync 2 DAGs
[2022-07-20 17:54:54,972] {logging_mixin.py:115} INFO - [2022-07-20 17:54:54,972] {dag.py:2972} INFO - Setting next_dagrun for example_subdag_operator.section-1 to None, run_after=None
[2022-07-20 17:54:54,974] {logging_mixin.py:115} INFO - [2022-07-20 17:54:54,974] {dag.py:2972} INFO - Setting next_dagrun for example_subdag_operator.section-2 to None, run_after=None
[2022-07-20 17:54:55,214] {processor.py:161} INFO - Processing /home/airflow/.local/lib/python3.7/site-packages/airflow/example_dags/example_subdag_operator.py took 1.045 seconds
[2022-07-20 17:55:25,463] {processor.py:153} INFO - Started process (PID=668) to work on /home/airflow/.local/lib/python3.7/site-packages/airflow/example_dags/example_subdag_operator.py
[2022-07-20 17:55:25,464] {processor.py:641} INFO - Processing file /home/airflow/.local/lib/python3.7/site-packages/airflow/example_dags/example_subdag_operator.py for tasks to queue
[2022-07-20 17:55:25,466] {logging_mixin.py:115} INFO - [2022-07-20 17:55:25,466] {dagbag.py:508} INFO - Filling up the DagBag from /home/airflow/.local/lib/python3.7/site-packages/airflow/example_dags/example_subdag_operator.py
[2022-07-20 17:55:25,546] {processor.py:651} INFO - DAG(s) dict_keys(['example_subdag_operator.section-1', 'example_subdag_operator.section-2', 'example_subdag_operator']) retrieved from /home/airflow/.local/lib/python3.7/site-packages/airflow/example_dags/example_subdag_operator.py
[2022-07-20 17:55:25,856] {logging_mixin.py:115} INFO - [2022-07-20 17:55:25,855] {dag.py:2420} INFO - Sync 3 DAGs
[2022-07-20 17:55:25,920] {logging_mixin.py:115} INFO - [2022-07-20 17:55:25,920] {dag.py:2972} INFO - Setting next_dagrun for example_subdag_operator to 2022-01-01T00:00:00+00:00, run_after=2022-01-01T00:00:00+00:00
[2022-07-20 17:55:25,921] {logging_mixin.py:115} INFO - [2022-07-20 17:55:25,921] {dag.py:2972} INFO - Setting next_dagrun for example_subdag_operator.section-1 to None, run_after=None
[2022-07-20 17:55:25,922] {logging_mixin.py:115} INFO - [2022-07-20 17:55:25,922] {dag.py:2972} INFO - Setting next_dagrun for example_subdag_operator.section-2 to None, run_after=None
[2022-07-20 17:55:25,935] {logging_mixin.py:115} INFO - [2022-07-20 17:55:25,935] {dag.py:2420} INFO - Sync 2 DAGs
[2022-07-20 17:55:25,946] {logging_mixin.py:115} INFO - [2022-07-20 17:55:25,945] {dag.py:2972} INFO - Setting next_dagrun for example_subdag_operator.section-1 to None, run_after=None
[2022-07-20 17:55:25,946] {logging_mixin.py:115} INFO - [2022-07-20 17:55:25,946] {dag.py:2972} INFO - Setting next_dagrun for example_subdag_operator.section-2 to None, run_after=None
[2022-07-20 17:55:26,390] {processor.py:161} INFO - Processing /home/airflow/.local/lib/python3.7/site-packages/airflow/example_dags/example_subdag_operator.py took 0.936 seconds
[2022-07-20 17:55:57,195] {processor.py:153} INFO - Started process (PID=719) to work on /home/airflow/.local/lib/python3.7/site-packages/airflow/example_dags/example_subdag_operator.py
[2022-07-20 17:55:57,197] {processor.py:641} INFO - Processing file /home/airflow/.local/lib/python3.7/site-packages/airflow/example_dags/example_subdag_operator.py for tasks to queue
[2022-07-20 17:55:57,200] {logging_mixin.py:115} INFO - [2022-07-20 17:55:57,199] {dagbag.py:508} INFO - Filling up the DagBag from /home/airflow/.local/lib/python3.7/site-packages/airflow/example_dags/example_subdag_operator.py
[2022-07-20 17:55:57,309] {processor.py:651} INFO - DAG(s) dict_keys(['example_subdag_operator.section-1', 'example_subdag_operator.section-2', 'example_subdag_operator']) retrieved from /home/airflow/.local/lib/python3.7/site-packages/airflow/example_dags/example_subdag_operator.py
[2022-07-20 17:55:57,664] {logging_mixin.py:115} INFO - [2022-07-20 17:55:57,659] {dag.py:2420} INFO - Sync 3 DAGs
[2022-07-20 17:55:57,727] {logging_mixin.py:115} INFO - [2022-07-20 17:55:57,727] {dag.py:2972} INFO - Setting next_dagrun for example_subdag_operator to 2022-01-01T00:00:00+00:00, run_after=2022-01-01T00:00:00+00:00
[2022-07-20 17:55:57,728] {logging_mixin.py:115} INFO - [2022-07-20 17:55:57,728] {dag.py:2972} INFO - Setting next_dagrun for example_subdag_operator.section-1 to None, run_after=None
[2022-07-20 17:55:57,728] {logging_mixin.py:115} INFO - [2022-07-20 17:55:57,728] {dag.py:2972} INFO - Setting next_dagrun for example_subdag_operator.section-2 to None, run_after=None
[2022-07-20 17:55:57,739] {logging_mixin.py:115} INFO - [2022-07-20 17:55:57,739] {dag.py:2420} INFO - Sync 2 DAGs
[2022-07-20 17:55:57,750] {logging_mixin.py:115} INFO - [2022-07-20 17:55:57,750] {dag.py:2972} INFO - Setting next_dagrun for example_subdag_operator.section-1 to None, run_after=None
[2022-07-20 17:55:57,750] {logging_mixin.py:115} INFO - [2022-07-20 17:55:57,750] {dag.py:2972} INFO - Setting next_dagrun for example_subdag_operator.section-2 to None, run_after=None
[2022-07-20 17:55:57,957] {processor.py:161} INFO - Processing /home/airflow/.local/lib/python3.7/site-packages/airflow/example_dags/example_subdag_operator.py took 0.776 seconds
[2022-07-20 17:56:28,625] {processor.py:153} INFO - Started process (PID=771) to work on /home/airflow/.local/lib/python3.7/site-packages/airflow/example_dags/example_subdag_operator.py
[2022-07-20 17:56:28,627] {processor.py:641} INFO - Processing file /home/airflow/.local/lib/python3.7/site-packages/airflow/example_dags/example_subdag_operator.py for tasks to queue
[2022-07-20 17:56:28,649] {logging_mixin.py:115} INFO - [2022-07-20 17:56:28,649] {dagbag.py:508} INFO - Filling up the DagBag from /home/airflow/.local/lib/python3.7/site-packages/airflow/example_dags/example_subdag_operator.py
[2022-07-20 17:56:28,776] {processor.py:651} INFO - DAG(s) dict_keys(['example_subdag_operator.section-1', 'example_subdag_operator.section-2', 'example_subdag_operator']) retrieved from /home/airflow/.local/lib/python3.7/site-packages/airflow/example_dags/example_subdag_operator.py
[2022-07-20 17:56:29,264] {logging_mixin.py:115} INFO - [2022-07-20 17:56:29,264] {dag.py:2420} INFO - Sync 3 DAGs
[2022-07-20 17:56:29,305] {logging_mixin.py:115} INFO - [2022-07-20 17:56:29,305] {dag.py:2972} INFO - Setting next_dagrun for example_subdag_operator to 2022-01-01T00:00:00+00:00, run_after=2022-01-01T00:00:00+00:00
[2022-07-20 17:56:29,306] {logging_mixin.py:115} INFO - [2022-07-20 17:56:29,306] {dag.py:2972} INFO - Setting next_dagrun for example_subdag_operator.section-1 to None, run_after=None
[2022-07-20 17:56:29,306] {logging_mixin.py:115} INFO - [2022-07-20 17:56:29,306] {dag.py:2972} INFO - Setting next_dagrun for example_subdag_operator.section-2 to None, run_after=None
[2022-07-20 17:56:29,317] {logging_mixin.py:115} INFO - [2022-07-20 17:56:29,317] {dag.py:2420} INFO - Sync 2 DAGs
[2022-07-20 17:56:29,329] {logging_mixin.py:115} INFO - [2022-07-20 17:56:29,328] {dag.py:2972} INFO - Setting next_dagrun for example_subdag_operator.section-1 to None, run_after=None
[2022-07-20 17:56:29,329] {logging_mixin.py:115} INFO - [2022-07-20 17:56:29,329] {dag.py:2972} INFO - Setting next_dagrun for example_subdag_operator.section-2 to None, run_after=None
[2022-07-20 17:56:29,624] {processor.py:161} INFO - Processing /home/airflow/.local/lib/python3.7/site-packages/airflow/example_dags/example_subdag_operator.py took 1.014 seconds
[2022-07-20 17:57:02,701] {processor.py:153} INFO - Started process (PID=824) to work on /home/airflow/.local/lib/python3.7/site-packages/airflow/example_dags/example_subdag_operator.py
[2022-07-20 17:57:02,703] {processor.py:641} INFO - Processing file /home/airflow/.local/lib/python3.7/site-packages/airflow/example_dags/example_subdag_operator.py for tasks to queue
[2022-07-20 17:57:02,706] {logging_mixin.py:115} INFO - [2022-07-20 17:57:02,705] {dagbag.py:508} INFO - Filling up the DagBag from /home/airflow/.local/lib/python3.7/site-packages/airflow/example_dags/example_subdag_operator.py
[2022-07-20 17:57:02,782] {processor.py:651} INFO - DAG(s) dict_keys(['example_subdag_operator.section-1', 'example_subdag_operator.section-2', 'example_subdag_operator']) retrieved from /home/airflow/.local/lib/python3.7/site-packages/airflow/example_dags/example_subdag_operator.py
[2022-07-20 17:57:03,116] {logging_mixin.py:115} INFO - [2022-07-20 17:57:03,116] {dag.py:2420} INFO - Sync 3 DAGs
[2022-07-20 17:57:03,175] {logging_mixin.py:115} INFO - [2022-07-20 17:57:03,175] {dag.py:2972} INFO - Setting next_dagrun for example_subdag_operator to 2022-01-01T00:00:00+00:00, run_after=2022-01-01T00:00:00+00:00
[2022-07-20 17:57:03,176] {logging_mixin.py:115} INFO - [2022-07-20 17:57:03,176] {dag.py:2972} INFO - Setting next_dagrun for example_subdag_operator.section-1 to None, run_after=None
[2022-07-20 17:57:03,177] {logging_mixin.py:115} INFO - [2022-07-20 17:57:03,177] {dag.py:2972} INFO - Setting next_dagrun for example_subdag_operator.section-2 to None, run_after=None
[2022-07-20 17:57:03,195] {logging_mixin.py:115} INFO - [2022-07-20 17:57:03,195] {dag.py:2420} INFO - Sync 2 DAGs
[2022-07-20 17:57:03,214] {logging_mixin.py:115} INFO - [2022-07-20 17:57:03,214] {dag.py:2972} INFO - Setting next_dagrun for example_subdag_operator.section-1 to None, run_after=None
[2022-07-20 17:57:03,215] {logging_mixin.py:115} INFO - [2022-07-20 17:57:03,215] {dag.py:2972} INFO - Setting next_dagrun for example_subdag_operator.section-2 to None, run_after=None
[2022-07-20 17:57:03,716] {processor.py:161} INFO - Processing /home/airflow/.local/lib/python3.7/site-packages/airflow/example_dags/example_subdag_operator.py took 1.033 seconds
[2022-07-20 17:57:33,826] {processor.py:153} INFO - Started process (PID=866) to work on /home/airflow/.local/lib/python3.7/site-packages/airflow/example_dags/example_subdag_operator.py
[2022-07-20 17:57:33,828] {processor.py:641} INFO - Processing file /home/airflow/.local/lib/python3.7/site-packages/airflow/example_dags/example_subdag_operator.py for tasks to queue
[2022-07-20 17:57:33,830] {logging_mixin.py:115} INFO - [2022-07-20 17:57:33,830] {dagbag.py:508} INFO - Filling up the DagBag from /home/airflow/.local/lib/python3.7/site-packages/airflow/example_dags/example_subdag_operator.py
[2022-07-20 17:57:33,925] {processor.py:651} INFO - DAG(s) dict_keys(['example_subdag_operator.section-1', 'example_subdag_operator.section-2', 'example_subdag_operator']) retrieved from /home/airflow/.local/lib/python3.7/site-packages/airflow/example_dags/example_subdag_operator.py
[2022-07-20 17:57:34,241] {logging_mixin.py:115} INFO - [2022-07-20 17:57:34,241] {dag.py:2420} INFO - Sync 3 DAGs
[2022-07-20 17:57:34,297] {logging_mixin.py:115} INFO - [2022-07-20 17:57:34,296] {dag.py:2972} INFO - Setting next_dagrun for example_subdag_operator to 2022-01-01T00:00:00+00:00, run_after=2022-01-01T00:00:00+00:00
[2022-07-20 17:57:34,298] {logging_mixin.py:115} INFO - [2022-07-20 17:57:34,298] {dag.py:2972} INFO - Setting next_dagrun for example_subdag_operator.section-1 to None, run_after=None
[2022-07-20 17:57:34,299] {logging_mixin.py:115} INFO - [2022-07-20 17:57:34,299] {dag.py:2972} INFO - Setting next_dagrun for example_subdag_operator.section-2 to None, run_after=None
[2022-07-20 17:57:34,313] {logging_mixin.py:115} INFO - [2022-07-20 17:57:34,312] {dag.py:2420} INFO - Sync 2 DAGs
[2022-07-20 17:57:34,324] {logging_mixin.py:115} INFO - [2022-07-20 17:57:34,324] {dag.py:2972} INFO - Setting next_dagrun for example_subdag_operator.section-1 to None, run_after=None
[2022-07-20 17:57:34,325] {logging_mixin.py:115} INFO - [2022-07-20 17:57:34,325] {dag.py:2972} INFO - Setting next_dagrun for example_subdag_operator.section-2 to None, run_after=None
[2022-07-20 17:57:36,368] {processor.py:161} INFO - Processing /home/airflow/.local/lib/python3.7/site-packages/airflow/example_dags/example_subdag_operator.py took 2.553 seconds
[2022-07-20 17:58:06,780] {processor.py:153} INFO - Started process (PID=919) to work on /home/airflow/.local/lib/python3.7/site-packages/airflow/example_dags/example_subdag_operator.py
[2022-07-20 17:58:06,781] {processor.py:641} INFO - Processing file /home/airflow/.local/lib/python3.7/site-packages/airflow/example_dags/example_subdag_operator.py for tasks to queue
[2022-07-20 17:58:06,783] {logging_mixin.py:115} INFO - [2022-07-20 17:58:06,783] {dagbag.py:508} INFO - Filling up the DagBag from /home/airflow/.local/lib/python3.7/site-packages/airflow/example_dags/example_subdag_operator.py
[2022-07-20 17:58:06,844] {processor.py:651} INFO - DAG(s) dict_keys(['example_subdag_operator.section-1', 'example_subdag_operator.section-2', 'example_subdag_operator']) retrieved from /home/airflow/.local/lib/python3.7/site-packages/airflow/example_dags/example_subdag_operator.py
[2022-07-20 17:58:07,487] {logging_mixin.py:115} INFO - [2022-07-20 17:58:07,487] {dag.py:2420} INFO - Sync 3 DAGs
[2022-07-20 17:58:07,521] {logging_mixin.py:115} INFO - [2022-07-20 17:58:07,521] {dag.py:2972} INFO - Setting next_dagrun for example_subdag_operator to 2022-01-01T00:00:00+00:00, run_after=2022-01-01T00:00:00+00:00
[2022-07-20 17:58:07,522] {logging_mixin.py:115} INFO - [2022-07-20 17:58:07,522] {dag.py:2972} INFO - Setting next_dagrun for example_subdag_operator.section-1 to None, run_after=None
[2022-07-20 17:58:07,523] {logging_mixin.py:115} INFO - [2022-07-20 17:58:07,523] {dag.py:2972} INFO - Setting next_dagrun for example_subdag_operator.section-2 to None, run_after=None
[2022-07-20 17:58:07,533] {logging_mixin.py:115} INFO - [2022-07-20 17:58:07,533] {dag.py:2420} INFO - Sync 2 DAGs
[2022-07-20 17:58:07,543] {logging_mixin.py:115} INFO - [2022-07-20 17:58:07,543] {dag.py:2972} INFO - Setting next_dagrun for example_subdag_operator.section-1 to None, run_after=None
[2022-07-20 17:58:07,544] {logging_mixin.py:115} INFO - [2022-07-20 17:58:07,544] {dag.py:2972} INFO - Setting next_dagrun for example_subdag_operator.section-2 to None, run_after=None
[2022-07-20 17:58:07,707] {processor.py:161} INFO - Processing /home/airflow/.local/lib/python3.7/site-packages/airflow/example_dags/example_subdag_operator.py took 0.935 seconds
[2022-07-20 17:58:38,542] {processor.py:153} INFO - Started process (PID=972) to work on /home/airflow/.local/lib/python3.7/site-packages/airflow/example_dags/example_subdag_operator.py
[2022-07-20 17:58:38,544] {processor.py:641} INFO - Processing file /home/airflow/.local/lib/python3.7/site-packages/airflow/example_dags/example_subdag_operator.py for tasks to queue
[2022-07-20 17:58:38,555] {logging_mixin.py:115} INFO - [2022-07-20 17:58:38,555] {dagbag.py:508} INFO - Filling up the DagBag from /home/airflow/.local/lib/python3.7/site-packages/airflow/example_dags/example_subdag_operator.py
[2022-07-20 17:58:38,767] {processor.py:651} INFO - DAG(s) dict_keys(['example_subdag_operator.section-1', 'example_subdag_operator.section-2', 'example_subdag_operator']) retrieved from /home/airflow/.local/lib/python3.7/site-packages/airflow/example_dags/example_subdag_operator.py
[2022-07-20 17:58:39,366] {logging_mixin.py:115} INFO - [2022-07-20 17:58:39,366] {dag.py:2420} INFO - Sync 3 DAGs
[2022-07-20 17:58:39,420] {logging_mixin.py:115} INFO - [2022-07-20 17:58:39,420] {dag.py:2972} INFO - Setting next_dagrun for example_subdag_operator to 2022-01-01T00:00:00+00:00, run_after=2022-01-01T00:00:00+00:00
[2022-07-20 17:58:39,421] {logging_mixin.py:115} INFO - [2022-07-20 17:58:39,421] {dag.py:2972} INFO - Setting next_dagrun for example_subdag_operator.section-1 to None, run_after=None
[2022-07-20 17:58:39,421] {logging_mixin.py:115} INFO - [2022-07-20 17:58:39,421] {dag.py:2972} INFO - Setting next_dagrun for example_subdag_operator.section-2 to None, run_after=None
[2022-07-20 17:58:39,433] {logging_mixin.py:115} INFO - [2022-07-20 17:58:39,433] {dag.py:2420} INFO - Sync 2 DAGs
[2022-07-20 17:58:39,445] {logging_mixin.py:115} INFO - [2022-07-20 17:58:39,445] {dag.py:2972} INFO - Setting next_dagrun for example_subdag_operator.section-1 to None, run_after=None
[2022-07-20 17:58:39,446] {logging_mixin.py:115} INFO - [2022-07-20 17:58:39,446] {dag.py:2972} INFO - Setting next_dagrun for example_subdag_operator.section-2 to None, run_after=None
[2022-07-20 17:58:39,588] {processor.py:161} INFO - Processing /home/airflow/.local/lib/python3.7/site-packages/airflow/example_dags/example_subdag_operator.py took 1.064 seconds
[2022-07-20 17:59:09,679] {processor.py:153} INFO - Started process (PID=1024) to work on /home/airflow/.local/lib/python3.7/site-packages/airflow/example_dags/example_subdag_operator.py
[2022-07-20 17:59:09,681] {processor.py:641} INFO - Processing file /home/airflow/.local/lib/python3.7/site-packages/airflow/example_dags/example_subdag_operator.py for tasks to queue
[2022-07-20 17:59:09,686] {logging_mixin.py:115} INFO - [2022-07-20 17:59:09,682] {dagbag.py:508} INFO - Filling up the DagBag from /home/airflow/.local/lib/python3.7/site-packages/airflow/example_dags/example_subdag_operator.py
[2022-07-20 17:59:09,759] {processor.py:651} INFO - DAG(s) dict_keys(['example_subdag_operator.section-1', 'example_subdag_operator.section-2', 'example_subdag_operator']) retrieved from /home/airflow/.local/lib/python3.7/site-packages/airflow/example_dags/example_subdag_operator.py
[2022-07-20 17:59:10,090] {logging_mixin.py:115} INFO - [2022-07-20 17:59:10,089] {dag.py:2420} INFO - Sync 3 DAGs
[2022-07-20 17:59:10,155] {logging_mixin.py:115} INFO - [2022-07-20 17:59:10,155] {dag.py:2972} INFO - Setting next_dagrun for example_subdag_operator to 2022-01-01T00:00:00+00:00, run_after=2022-01-01T00:00:00+00:00
[2022-07-20 17:59:10,156] {logging_mixin.py:115} INFO - [2022-07-20 17:59:10,156] {dag.py:2972} INFO - Setting next_dagrun for example_subdag_operator.section-1 to None, run_after=None
[2022-07-20 17:59:10,158] {logging_mixin.py:115} INFO - [2022-07-20 17:59:10,157] {dag.py:2972} INFO - Setting next_dagrun for example_subdag_operator.section-2 to None, run_after=None
[2022-07-20 17:59:10,173] {logging_mixin.py:115} INFO - [2022-07-20 17:59:10,173] {dag.py:2420} INFO - Sync 2 DAGs
[2022-07-20 17:59:10,186] {logging_mixin.py:115} INFO - [2022-07-20 17:59:10,185] {dag.py:2972} INFO - Setting next_dagrun for example_subdag_operator.section-1 to None, run_after=None
[2022-07-20 17:59:10,186] {logging_mixin.py:115} INFO - [2022-07-20 17:59:10,186] {dag.py:2972} INFO - Setting next_dagrun for example_subdag_operator.section-2 to None, run_after=None
[2022-07-20 17:59:10,311] {processor.py:161} INFO - Processing /home/airflow/.local/lib/python3.7/site-packages/airflow/example_dags/example_subdag_operator.py took 0.639 seconds
[2022-07-20 17:59:40,943] {processor.py:153} INFO - Started process (PID=1077) to work on /home/airflow/.local/lib/python3.7/site-packages/airflow/example_dags/example_subdag_operator.py
[2022-07-20 17:59:40,968] {processor.py:641} INFO - Processing file /home/airflow/.local/lib/python3.7/site-packages/airflow/example_dags/example_subdag_operator.py for tasks to queue
[2022-07-20 17:59:40,976] {logging_mixin.py:115} INFO - [2022-07-20 17:59:40,976] {dagbag.py:508} INFO - Filling up the DagBag from /home/airflow/.local/lib/python3.7/site-packages/airflow/example_dags/example_subdag_operator.py
[2022-07-20 17:59:41,215] {processor.py:651} INFO - DAG(s) dict_keys(['example_subdag_operator.section-1', 'example_subdag_operator.section-2', 'example_subdag_operator']) retrieved from /home/airflow/.local/lib/python3.7/site-packages/airflow/example_dags/example_subdag_operator.py
[2022-07-20 17:59:42,097] {logging_mixin.py:115} INFO - [2022-07-20 17:59:42,097] {dag.py:2420} INFO - Sync 3 DAGs
[2022-07-20 17:59:42,468] {logging_mixin.py:115} INFO - [2022-07-20 17:59:42,468] {dag.py:2972} INFO - Setting next_dagrun for example_subdag_operator to 2022-01-01T00:00:00+00:00, run_after=2022-01-01T00:00:00+00:00
[2022-07-20 17:59:42,484] {logging_mixin.py:115} INFO - [2022-07-20 17:59:42,484] {dag.py:2972} INFO - Setting next_dagrun for example_subdag_operator.section-1 to None, run_after=None
[2022-07-20 17:59:42,500] {logging_mixin.py:115} INFO - [2022-07-20 17:59:42,500] {dag.py:2972} INFO - Setting next_dagrun for example_subdag_operator.section-2 to None, run_after=None
[2022-07-20 17:59:42,619] {logging_mixin.py:115} INFO - [2022-07-20 17:59:42,619] {dag.py:2420} INFO - Sync 2 DAGs
[2022-07-20 17:59:42,659] {logging_mixin.py:115} INFO - [2022-07-20 17:59:42,658] {dag.py:2972} INFO - Setting next_dagrun for example_subdag_operator.section-1 to None, run_after=None
[2022-07-20 17:59:42,678] {logging_mixin.py:115} INFO - [2022-07-20 17:59:42,678] {dag.py:2972} INFO - Setting next_dagrun for example_subdag_operator.section-2 to None, run_after=None
[2022-07-20 17:59:42,754] {processor.py:161} INFO - Processing /home/airflow/.local/lib/python3.7/site-packages/airflow/example_dags/example_subdag_operator.py took 1.833 seconds
[2022-07-20 18:00:13,133] {processor.py:153} INFO - Started process (PID=1128) to work on /home/airflow/.local/lib/python3.7/site-packages/airflow/example_dags/example_subdag_operator.py
[2022-07-20 18:00:13,140] {processor.py:641} INFO - Processing file /home/airflow/.local/lib/python3.7/site-packages/airflow/example_dags/example_subdag_operator.py for tasks to queue
[2022-07-20 18:00:13,142] {logging_mixin.py:115} INFO - [2022-07-20 18:00:13,142] {dagbag.py:508} INFO - Filling up the DagBag from /home/airflow/.local/lib/python3.7/site-packages/airflow/example_dags/example_subdag_operator.py
[2022-07-20 18:00:13,354] {processor.py:651} INFO - DAG(s) dict_keys(['example_subdag_operator.section-1', 'example_subdag_operator.section-2', 'example_subdag_operator']) retrieved from /home/airflow/.local/lib/python3.7/site-packages/airflow/example_dags/example_subdag_operator.py
[2022-07-20 18:00:14,665] {logging_mixin.py:115} INFO - [2022-07-20 18:00:14,664] {dag.py:2420} INFO - Sync 3 DAGs
[2022-07-20 18:00:14,882] {logging_mixin.py:115} INFO - [2022-07-20 18:00:14,874] {dag.py:2972} INFO - Setting next_dagrun for example_subdag_operator to 2022-01-01T00:00:00+00:00, run_after=2022-01-01T00:00:00+00:00
[2022-07-20 18:00:14,890] {logging_mixin.py:115} INFO - [2022-07-20 18:00:14,890] {dag.py:2972} INFO - Setting next_dagrun for example_subdag_operator.section-1 to None, run_after=None
[2022-07-20 18:00:14,903] {logging_mixin.py:115} INFO - [2022-07-20 18:00:14,902] {dag.py:2972} INFO - Setting next_dagrun for example_subdag_operator.section-2 to None, run_after=None
[2022-07-20 18:00:14,995] {logging_mixin.py:115} INFO - [2022-07-20 18:00:14,995] {dag.py:2420} INFO - Sync 2 DAGs
[2022-07-20 18:00:15,108] {logging_mixin.py:115} INFO - [2022-07-20 18:00:15,108] {dag.py:2972} INFO - Setting next_dagrun for example_subdag_operator.section-1 to None, run_after=None
[2022-07-20 18:00:15,124] {logging_mixin.py:115} INFO - [2022-07-20 18:00:15,124] {dag.py:2972} INFO - Setting next_dagrun for example_subdag_operator.section-2 to None, run_after=None
[2022-07-20 18:00:15,250] {processor.py:161} INFO - Processing /home/airflow/.local/lib/python3.7/site-packages/airflow/example_dags/example_subdag_operator.py took 2.200 seconds
[2022-07-20 18:00:45,557] {processor.py:153} INFO - Started process (PID=1173) to work on /home/airflow/.local/lib/python3.7/site-packages/airflow/example_dags/example_subdag_operator.py
[2022-07-20 18:00:45,559] {processor.py:641} INFO - Processing file /home/airflow/.local/lib/python3.7/site-packages/airflow/example_dags/example_subdag_operator.py for tasks to queue
[2022-07-20 18:00:45,561] {logging_mixin.py:115} INFO - [2022-07-20 18:00:45,561] {dagbag.py:508} INFO - Filling up the DagBag from /home/airflow/.local/lib/python3.7/site-packages/airflow/example_dags/example_subdag_operator.py
[2022-07-20 18:00:45,642] {processor.py:651} INFO - DAG(s) dict_keys(['example_subdag_operator.section-1', 'example_subdag_operator.section-2', 'example_subdag_operator']) retrieved from /home/airflow/.local/lib/python3.7/site-packages/airflow/example_dags/example_subdag_operator.py
[2022-07-20 18:00:46,088] {logging_mixin.py:115} INFO - [2022-07-20 18:00:46,088] {dag.py:2420} INFO - Sync 3 DAGs
[2022-07-20 18:00:46,148] {logging_mixin.py:115} INFO - [2022-07-20 18:00:46,148] {dag.py:2972} INFO - Setting next_dagrun for example_subdag_operator to 2022-01-01T00:00:00+00:00, run_after=2022-01-01T00:00:00+00:00
[2022-07-20 18:00:46,149] {logging_mixin.py:115} INFO - [2022-07-20 18:00:46,149] {dag.py:2972} INFO - Setting next_dagrun for example_subdag_operator.section-1 to None, run_after=None
[2022-07-20 18:00:46,150] {logging_mixin.py:115} INFO - [2022-07-20 18:00:46,150] {dag.py:2972} INFO - Setting next_dagrun for example_subdag_operator.section-2 to None, run_after=None
[2022-07-20 18:00:46,165] {logging_mixin.py:115} INFO - [2022-07-20 18:00:46,164] {dag.py:2420} INFO - Sync 2 DAGs
[2022-07-20 18:00:46,181] {logging_mixin.py:115} INFO - [2022-07-20 18:00:46,181] {dag.py:2972} INFO - Setting next_dagrun for example_subdag_operator.section-1 to None, run_after=None
[2022-07-20 18:00:46,182] {logging_mixin.py:115} INFO - [2022-07-20 18:00:46,182] {dag.py:2972} INFO - Setting next_dagrun for example_subdag_operator.section-2 to None, run_after=None
[2022-07-20 18:00:46,240] {processor.py:161} INFO - Processing /home/airflow/.local/lib/python3.7/site-packages/airflow/example_dags/example_subdag_operator.py took 0.694 seconds
