[2022-07-20 17:05:49,703] {processor.py:153} INFO - Started process (PID=145) to work on /home/airflow/.local/lib/python3.7/site-packages/airflow/example_dags/example_xcom.py
[2022-07-20 17:05:49,710] {processor.py:641} INFO - Processing file /home/airflow/.local/lib/python3.7/site-packages/airflow/example_dags/example_xcom.py for tasks to queue
[2022-07-20 17:05:49,724] {logging_mixin.py:115} INFO - [2022-07-20 17:05:49,724] {dagbag.py:508} INFO - Filling up the DagBag from /home/airflow/.local/lib/python3.7/site-packages/airflow/example_dags/example_xcom.py
[2022-07-20 17:05:50,063] {processor.py:651} INFO - DAG(s) dict_keys(['example_xcom']) retrieved from /home/airflow/.local/lib/python3.7/site-packages/airflow/example_dags/example_xcom.py
[2022-07-20 17:05:53,347] {logging_mixin.py:115} INFO - [2022-07-20 17:05:53,347] {dag.py:2420} INFO - Sync 1 DAGs
[2022-07-20 17:05:53,823] {logging_mixin.py:115} INFO - [2022-07-20 17:05:53,822] {dag.py:2972} INFO - Setting next_dagrun for example_xcom to 2021-01-01T00:00:00+00:00, run_after=2021-01-01T00:00:00+00:00
[2022-07-20 17:05:54,521] {processor.py:161} INFO - Processing /home/airflow/.local/lib/python3.7/site-packages/airflow/example_dags/example_xcom.py took 4.857 seconds
[2022-07-20 17:06:32,869] {processor.py:153} INFO - Started process (PID=203) to work on /home/airflow/.local/lib/python3.7/site-packages/airflow/example_dags/example_xcom.py
[2022-07-20 17:06:32,871] {processor.py:641} INFO - Processing file /home/airflow/.local/lib/python3.7/site-packages/airflow/example_dags/example_xcom.py for tasks to queue
[2022-07-20 17:06:32,874] {logging_mixin.py:115} INFO - [2022-07-20 17:06:32,874] {dagbag.py:508} INFO - Filling up the DagBag from /home/airflow/.local/lib/python3.7/site-packages/airflow/example_dags/example_xcom.py
[2022-07-20 17:06:32,979] {processor.py:651} INFO - DAG(s) dict_keys(['example_xcom']) retrieved from /home/airflow/.local/lib/python3.7/site-packages/airflow/example_dags/example_xcom.py
[2022-07-20 17:06:33,729] {logging_mixin.py:115} INFO - [2022-07-20 17:06:33,729] {dag.py:2420} INFO - Sync 1 DAGs
[2022-07-20 17:06:33,837] {logging_mixin.py:115} INFO - [2022-07-20 17:06:33,836] {dag.py:2972} INFO - Setting next_dagrun for example_xcom to 2021-01-01T00:00:00+00:00, run_after=2021-01-01T00:00:00+00:00
[2022-07-20 17:06:33,978] {processor.py:161} INFO - Processing /home/airflow/.local/lib/python3.7/site-packages/airflow/example_dags/example_xcom.py took 1.125 seconds
[2022-07-20 17:07:05,466] {processor.py:153} INFO - Started process (PID=246) to work on /home/airflow/.local/lib/python3.7/site-packages/airflow/example_dags/example_xcom.py
[2022-07-20 17:07:05,481] {processor.py:641} INFO - Processing file /home/airflow/.local/lib/python3.7/site-packages/airflow/example_dags/example_xcom.py for tasks to queue
[2022-07-20 17:07:05,483] {logging_mixin.py:115} INFO - [2022-07-20 17:07:05,483] {dagbag.py:508} INFO - Filling up the DagBag from /home/airflow/.local/lib/python3.7/site-packages/airflow/example_dags/example_xcom.py
[2022-07-20 17:07:05,640] {processor.py:651} INFO - DAG(s) dict_keys(['example_xcom']) retrieved from /home/airflow/.local/lib/python3.7/site-packages/airflow/example_dags/example_xcom.py
[2022-07-20 17:07:06,264] {logging_mixin.py:115} INFO - [2022-07-20 17:07:06,264] {dag.py:2420} INFO - Sync 1 DAGs
[2022-07-20 17:07:06,354] {logging_mixin.py:115} INFO - [2022-07-20 17:07:06,354] {dag.py:2972} INFO - Setting next_dagrun for example_xcom to 2021-01-01T00:00:00+00:00, run_after=2021-01-01T00:00:00+00:00
[2022-07-20 17:07:06,619] {processor.py:161} INFO - Processing /home/airflow/.local/lib/python3.7/site-packages/airflow/example_dags/example_xcom.py took 1.175 seconds
[2022-07-20 17:07:37,429] {processor.py:153} INFO - Started process (PID=298) to work on /home/airflow/.local/lib/python3.7/site-packages/airflow/example_dags/example_xcom.py
[2022-07-20 17:07:37,431] {processor.py:641} INFO - Processing file /home/airflow/.local/lib/python3.7/site-packages/airflow/example_dags/example_xcom.py for tasks to queue
[2022-07-20 17:07:37,432] {logging_mixin.py:115} INFO - [2022-07-20 17:07:37,432] {dagbag.py:508} INFO - Filling up the DagBag from /home/airflow/.local/lib/python3.7/site-packages/airflow/example_dags/example_xcom.py
[2022-07-20 17:07:37,497] {processor.py:651} INFO - DAG(s) dict_keys(['example_xcom']) retrieved from /home/airflow/.local/lib/python3.7/site-packages/airflow/example_dags/example_xcom.py
[2022-07-20 17:07:37,838] {logging_mixin.py:115} INFO - [2022-07-20 17:07:37,838] {dag.py:2420} INFO - Sync 1 DAGs
[2022-07-20 17:07:37,914] {logging_mixin.py:115} INFO - [2022-07-20 17:07:37,914] {dag.py:2972} INFO - Setting next_dagrun for example_xcom to 2021-01-01T00:00:00+00:00, run_after=2021-01-01T00:00:00+00:00
[2022-07-20 17:07:38,082] {processor.py:161} INFO - Processing /home/airflow/.local/lib/python3.7/site-packages/airflow/example_dags/example_xcom.py took 0.664 seconds
[2022-07-20 17:08:14,559] {processor.py:153} INFO - Started process (PID=356) to work on /home/airflow/.local/lib/python3.7/site-packages/airflow/example_dags/example_xcom.py
[2022-07-20 17:08:14,572] {processor.py:641} INFO - Processing file /home/airflow/.local/lib/python3.7/site-packages/airflow/example_dags/example_xcom.py for tasks to queue
[2022-07-20 17:08:14,576] {logging_mixin.py:115} INFO - [2022-07-20 17:08:14,576] {dagbag.py:508} INFO - Filling up the DagBag from /home/airflow/.local/lib/python3.7/site-packages/airflow/example_dags/example_xcom.py
[2022-07-20 17:08:14,732] {processor.py:651} INFO - DAG(s) dict_keys(['example_xcom']) retrieved from /home/airflow/.local/lib/python3.7/site-packages/airflow/example_dags/example_xcom.py
[2022-07-20 17:08:15,204] {logging_mixin.py:115} INFO - [2022-07-20 17:08:15,204] {dag.py:2420} INFO - Sync 1 DAGs
[2022-07-20 17:08:15,289] {logging_mixin.py:115} INFO - [2022-07-20 17:08:15,289] {dag.py:2972} INFO - Setting next_dagrun for example_xcom to 2021-01-01T00:00:00+00:00, run_after=2021-01-01T00:00:00+00:00
[2022-07-20 17:08:15,680] {processor.py:161} INFO - Processing /home/airflow/.local/lib/python3.7/site-packages/airflow/example_dags/example_xcom.py took 1.138 seconds
[2022-07-20 17:08:49,351] {processor.py:153} INFO - Started process (PID=407) to work on /home/airflow/.local/lib/python3.7/site-packages/airflow/example_dags/example_xcom.py
[2022-07-20 17:08:49,354] {processor.py:641} INFO - Processing file /home/airflow/.local/lib/python3.7/site-packages/airflow/example_dags/example_xcom.py for tasks to queue
[2022-07-20 17:08:49,357] {logging_mixin.py:115} INFO - [2022-07-20 17:08:49,357] {dagbag.py:508} INFO - Filling up the DagBag from /home/airflow/.local/lib/python3.7/site-packages/airflow/example_dags/example_xcom.py
[2022-07-20 17:08:49,649] {processor.py:651} INFO - DAG(s) dict_keys(['example_xcom']) retrieved from /home/airflow/.local/lib/python3.7/site-packages/airflow/example_dags/example_xcom.py
[2022-07-20 17:08:50,401] {logging_mixin.py:115} INFO - [2022-07-20 17:08:50,400] {dag.py:2420} INFO - Sync 1 DAGs
[2022-07-20 17:08:50,709] {logging_mixin.py:115} INFO - [2022-07-20 17:08:50,708] {dag.py:2972} INFO - Setting next_dagrun for example_xcom to 2021-01-01T00:00:00+00:00, run_after=2021-01-01T00:00:00+00:00
[2022-07-20 17:08:51,129] {processor.py:161} INFO - Processing /home/airflow/.local/lib/python3.7/site-packages/airflow/example_dags/example_xcom.py took 1.810 seconds
[2022-07-20 17:09:21,400] {processor.py:153} INFO - Started process (PID=452) to work on /home/airflow/.local/lib/python3.7/site-packages/airflow/example_dags/example_xcom.py
[2022-07-20 17:09:21,401] {processor.py:641} INFO - Processing file /home/airflow/.local/lib/python3.7/site-packages/airflow/example_dags/example_xcom.py for tasks to queue
[2022-07-20 17:09:21,403] {logging_mixin.py:115} INFO - [2022-07-20 17:09:21,403] {dagbag.py:508} INFO - Filling up the DagBag from /home/airflow/.local/lib/python3.7/site-packages/airflow/example_dags/example_xcom.py
[2022-07-20 17:09:21,483] {processor.py:651} INFO - DAG(s) dict_keys(['example_xcom']) retrieved from /home/airflow/.local/lib/python3.7/site-packages/airflow/example_dags/example_xcom.py
[2022-07-20 17:09:22,091] {logging_mixin.py:115} INFO - [2022-07-20 17:09:22,090] {dag.py:2420} INFO - Sync 1 DAGs
[2022-07-20 17:09:22,250] {logging_mixin.py:115} INFO - [2022-07-20 17:09:22,250] {dag.py:2972} INFO - Setting next_dagrun for example_xcom to 2021-01-01T00:00:00+00:00, run_after=2021-01-01T00:00:00+00:00
[2022-07-20 17:09:22,428] {processor.py:161} INFO - Processing /home/airflow/.local/lib/python3.7/site-packages/airflow/example_dags/example_xcom.py took 1.043 seconds
[2022-07-20 17:09:52,786] {processor.py:153} INFO - Started process (PID=505) to work on /home/airflow/.local/lib/python3.7/site-packages/airflow/example_dags/example_xcom.py
[2022-07-20 17:09:52,790] {processor.py:641} INFO - Processing file /home/airflow/.local/lib/python3.7/site-packages/airflow/example_dags/example_xcom.py for tasks to queue
[2022-07-20 17:09:52,792] {logging_mixin.py:115} INFO - [2022-07-20 17:09:52,791] {dagbag.py:508} INFO - Filling up the DagBag from /home/airflow/.local/lib/python3.7/site-packages/airflow/example_dags/example_xcom.py
[2022-07-20 17:09:52,862] {processor.py:651} INFO - DAG(s) dict_keys(['example_xcom']) retrieved from /home/airflow/.local/lib/python3.7/site-packages/airflow/example_dags/example_xcom.py
[2022-07-20 17:09:53,726] {logging_mixin.py:115} INFO - [2022-07-20 17:09:53,725] {dag.py:2420} INFO - Sync 1 DAGs
[2022-07-20 17:09:53,910] {logging_mixin.py:115} INFO - [2022-07-20 17:09:53,910] {dag.py:2972} INFO - Setting next_dagrun for example_xcom to 2021-01-01T00:00:00+00:00, run_after=2021-01-01T00:00:00+00:00
[2022-07-20 17:09:54,132] {processor.py:161} INFO - Processing /home/airflow/.local/lib/python3.7/site-packages/airflow/example_dags/example_xcom.py took 1.357 seconds
[2022-07-20 17:10:25,176] {processor.py:153} INFO - Started process (PID=557) to work on /home/airflow/.local/lib/python3.7/site-packages/airflow/example_dags/example_xcom.py
[2022-07-20 17:10:25,179] {processor.py:641} INFO - Processing file /home/airflow/.local/lib/python3.7/site-packages/airflow/example_dags/example_xcom.py for tasks to queue
[2022-07-20 17:10:25,181] {logging_mixin.py:115} INFO - [2022-07-20 17:10:25,180] {dagbag.py:508} INFO - Filling up the DagBag from /home/airflow/.local/lib/python3.7/site-packages/airflow/example_dags/example_xcom.py
[2022-07-20 17:10:25,285] {processor.py:651} INFO - DAG(s) dict_keys(['example_xcom']) retrieved from /home/airflow/.local/lib/python3.7/site-packages/airflow/example_dags/example_xcom.py
[2022-07-20 17:10:25,857] {logging_mixin.py:115} INFO - [2022-07-20 17:10:25,856] {dag.py:2420} INFO - Sync 1 DAGs
[2022-07-20 17:10:25,956] {logging_mixin.py:115} INFO - [2022-07-20 17:10:25,956] {dag.py:2972} INFO - Setting next_dagrun for example_xcom to 2021-01-01T00:00:00+00:00, run_after=2021-01-01T00:00:00+00:00
[2022-07-20 17:10:26,159] {processor.py:161} INFO - Processing /home/airflow/.local/lib/python3.7/site-packages/airflow/example_dags/example_xcom.py took 0.992 seconds
[2022-07-20 17:10:56,538] {processor.py:153} INFO - Started process (PID=608) to work on /home/airflow/.local/lib/python3.7/site-packages/airflow/example_dags/example_xcom.py
[2022-07-20 17:10:56,539] {processor.py:641} INFO - Processing file /home/airflow/.local/lib/python3.7/site-packages/airflow/example_dags/example_xcom.py for tasks to queue
[2022-07-20 17:10:56,541] {logging_mixin.py:115} INFO - [2022-07-20 17:10:56,541] {dagbag.py:508} INFO - Filling up the DagBag from /home/airflow/.local/lib/python3.7/site-packages/airflow/example_dags/example_xcom.py
[2022-07-20 17:10:56,583] {processor.py:651} INFO - DAG(s) dict_keys(['example_xcom']) retrieved from /home/airflow/.local/lib/python3.7/site-packages/airflow/example_dags/example_xcom.py
[2022-07-20 17:10:57,120] {logging_mixin.py:115} INFO - [2022-07-20 17:10:57,120] {dag.py:2420} INFO - Sync 1 DAGs
[2022-07-20 17:10:57,162] {logging_mixin.py:115} INFO - [2022-07-20 17:10:57,162] {dag.py:2972} INFO - Setting next_dagrun for example_xcom to 2021-01-01T00:00:00+00:00, run_after=2021-01-01T00:00:00+00:00
[2022-07-20 17:10:57,228] {processor.py:161} INFO - Processing /home/airflow/.local/lib/python3.7/site-packages/airflow/example_dags/example_xcom.py took 0.697 seconds
[2022-07-20 17:11:28,007] {processor.py:153} INFO - Started process (PID=660) to work on /home/airflow/.local/lib/python3.7/site-packages/airflow/example_dags/example_xcom.py
[2022-07-20 17:11:28,010] {processor.py:641} INFO - Processing file /home/airflow/.local/lib/python3.7/site-packages/airflow/example_dags/example_xcom.py for tasks to queue
[2022-07-20 17:11:28,014] {logging_mixin.py:115} INFO - [2022-07-20 17:11:28,014] {dagbag.py:508} INFO - Filling up the DagBag from /home/airflow/.local/lib/python3.7/site-packages/airflow/example_dags/example_xcom.py
[2022-07-20 17:11:28,079] {processor.py:651} INFO - DAG(s) dict_keys(['example_xcom']) retrieved from /home/airflow/.local/lib/python3.7/site-packages/airflow/example_dags/example_xcom.py
[2022-07-20 17:11:28,400] {logging_mixin.py:115} INFO - [2022-07-20 17:11:28,400] {dag.py:2420} INFO - Sync 1 DAGs
[2022-07-20 17:11:28,447] {logging_mixin.py:115} INFO - [2022-07-20 17:11:28,446] {dag.py:2972} INFO - Setting next_dagrun for example_xcom to 2021-01-01T00:00:00+00:00, run_after=2021-01-01T00:00:00+00:00
[2022-07-20 17:11:28,548] {processor.py:161} INFO - Processing /home/airflow/.local/lib/python3.7/site-packages/airflow/example_dags/example_xcom.py took 0.551 seconds
[2022-07-20 17:11:59,244] {processor.py:153} INFO - Started process (PID=713) to work on /home/airflow/.local/lib/python3.7/site-packages/airflow/example_dags/example_xcom.py
[2022-07-20 17:11:59,245] {processor.py:641} INFO - Processing file /home/airflow/.local/lib/python3.7/site-packages/airflow/example_dags/example_xcom.py for tasks to queue
[2022-07-20 17:11:59,247] {logging_mixin.py:115} INFO - [2022-07-20 17:11:59,247] {dagbag.py:508} INFO - Filling up the DagBag from /home/airflow/.local/lib/python3.7/site-packages/airflow/example_dags/example_xcom.py
[2022-07-20 17:11:59,303] {processor.py:651} INFO - DAG(s) dict_keys(['example_xcom']) retrieved from /home/airflow/.local/lib/python3.7/site-packages/airflow/example_dags/example_xcom.py
[2022-07-20 17:11:59,688] {logging_mixin.py:115} INFO - [2022-07-20 17:11:59,688] {dag.py:2420} INFO - Sync 1 DAGs
[2022-07-20 17:11:59,724] {logging_mixin.py:115} INFO - [2022-07-20 17:11:59,724] {dag.py:2972} INFO - Setting next_dagrun for example_xcom to 2021-01-01T00:00:00+00:00, run_after=2021-01-01T00:00:00+00:00
[2022-07-20 17:11:59,788] {processor.py:161} INFO - Processing /home/airflow/.local/lib/python3.7/site-packages/airflow/example_dags/example_xcom.py took 0.552 seconds
[2022-07-20 17:12:31,054] {processor.py:153} INFO - Started process (PID=765) to work on /home/airflow/.local/lib/python3.7/site-packages/airflow/example_dags/example_xcom.py
[2022-07-20 17:12:31,055] {processor.py:641} INFO - Processing file /home/airflow/.local/lib/python3.7/site-packages/airflow/example_dags/example_xcom.py for tasks to queue
[2022-07-20 17:12:31,058] {logging_mixin.py:115} INFO - [2022-07-20 17:12:31,058] {dagbag.py:508} INFO - Filling up the DagBag from /home/airflow/.local/lib/python3.7/site-packages/airflow/example_dags/example_xcom.py
[2022-07-20 17:12:31,300] {processor.py:651} INFO - DAG(s) dict_keys(['example_xcom']) retrieved from /home/airflow/.local/lib/python3.7/site-packages/airflow/example_dags/example_xcom.py
[2022-07-20 17:12:31,668] {logging_mixin.py:115} INFO - [2022-07-20 17:12:31,668] {dag.py:2420} INFO - Sync 1 DAGs
[2022-07-20 17:12:31,703] {logging_mixin.py:115} INFO - [2022-07-20 17:12:31,703] {dag.py:2972} INFO - Setting next_dagrun for example_xcom to 2021-01-01T00:00:00+00:00, run_after=2021-01-01T00:00:00+00:00
[2022-07-20 17:12:32,153] {processor.py:161} INFO - Processing /home/airflow/.local/lib/python3.7/site-packages/airflow/example_dags/example_xcom.py took 1.117 seconds
[2022-07-20 17:13:02,306] {processor.py:153} INFO - Started process (PID=817) to work on /home/airflow/.local/lib/python3.7/site-packages/airflow/example_dags/example_xcom.py
[2022-07-20 17:13:02,307] {processor.py:641} INFO - Processing file /home/airflow/.local/lib/python3.7/site-packages/airflow/example_dags/example_xcom.py for tasks to queue
[2022-07-20 17:13:02,310] {logging_mixin.py:115} INFO - [2022-07-20 17:13:02,310] {dagbag.py:508} INFO - Filling up the DagBag from /home/airflow/.local/lib/python3.7/site-packages/airflow/example_dags/example_xcom.py
[2022-07-20 17:13:02,359] {processor.py:651} INFO - DAG(s) dict_keys(['example_xcom']) retrieved from /home/airflow/.local/lib/python3.7/site-packages/airflow/example_dags/example_xcom.py
[2022-07-20 17:13:02,722] {logging_mixin.py:115} INFO - [2022-07-20 17:13:02,722] {dag.py:2420} INFO - Sync 1 DAGs
[2022-07-20 17:13:02,763] {logging_mixin.py:115} INFO - [2022-07-20 17:13:02,762] {dag.py:2972} INFO - Setting next_dagrun for example_xcom to 2021-01-01T00:00:00+00:00, run_after=2021-01-01T00:00:00+00:00
[2022-07-20 17:13:02,830] {processor.py:161} INFO - Processing /home/airflow/.local/lib/python3.7/site-packages/airflow/example_dags/example_xcom.py took 0.533 seconds
[2022-07-20 17:49:44,391] {processor.py:153} INFO - Started process (PID=108) to work on /home/airflow/.local/lib/python3.7/site-packages/airflow/example_dags/example_xcom.py
[2022-07-20 17:49:44,558] {processor.py:641} INFO - Processing file /home/airflow/.local/lib/python3.7/site-packages/airflow/example_dags/example_xcom.py for tasks to queue
[2022-07-20 17:49:44,560] {logging_mixin.py:115} INFO - [2022-07-20 17:49:44,560] {dagbag.py:508} INFO - Filling up the DagBag from /home/airflow/.local/lib/python3.7/site-packages/airflow/example_dags/example_xcom.py
[2022-07-20 17:49:44,644] {processor.py:651} INFO - DAG(s) dict_keys(['example_xcom']) retrieved from /home/airflow/.local/lib/python3.7/site-packages/airflow/example_dags/example_xcom.py
[2022-07-20 17:49:45,650] {logging_mixin.py:115} INFO - [2022-07-20 17:49:45,650] {dag.py:2420} INFO - Sync 1 DAGs
[2022-07-20 17:49:45,736] {logging_mixin.py:115} INFO - [2022-07-20 17:49:45,736] {dag.py:2972} INFO - Setting next_dagrun for example_xcom to 2021-01-01T00:00:00+00:00, run_after=2021-01-01T00:00:00+00:00
[2022-07-20 17:49:45,882] {processor.py:161} INFO - Processing /home/airflow/.local/lib/python3.7/site-packages/airflow/example_dags/example_xcom.py took 1.500 seconds
[2022-07-20 17:50:16,730] {processor.py:153} INFO - Started process (PID=155) to work on /home/airflow/.local/lib/python3.7/site-packages/airflow/example_dags/example_xcom.py
[2022-07-20 17:50:16,857] {processor.py:641} INFO - Processing file /home/airflow/.local/lib/python3.7/site-packages/airflow/example_dags/example_xcom.py for tasks to queue
[2022-07-20 17:50:16,858] {logging_mixin.py:115} INFO - [2022-07-20 17:50:16,858] {dagbag.py:508} INFO - Filling up the DagBag from /home/airflow/.local/lib/python3.7/site-packages/airflow/example_dags/example_xcom.py
[2022-07-20 17:50:16,940] {processor.py:651} INFO - DAG(s) dict_keys(['example_xcom']) retrieved from /home/airflow/.local/lib/python3.7/site-packages/airflow/example_dags/example_xcom.py
[2022-07-20 17:50:17,456] {logging_mixin.py:115} INFO - [2022-07-20 17:50:17,456] {dag.py:2420} INFO - Sync 1 DAGs
[2022-07-20 17:50:17,488] {logging_mixin.py:115} INFO - [2022-07-20 17:50:17,488] {dag.py:2972} INFO - Setting next_dagrun for example_xcom to 2021-01-01T00:00:00+00:00, run_after=2021-01-01T00:00:00+00:00
[2022-07-20 17:50:19,249] {processor.py:161} INFO - Processing /home/airflow/.local/lib/python3.7/site-packages/airflow/example_dags/example_xcom.py took 2.537 seconds
[2022-07-20 17:50:49,833] {processor.py:153} INFO - Started process (PID=207) to work on /home/airflow/.local/lib/python3.7/site-packages/airflow/example_dags/example_xcom.py
[2022-07-20 17:50:49,836] {processor.py:641} INFO - Processing file /home/airflow/.local/lib/python3.7/site-packages/airflow/example_dags/example_xcom.py for tasks to queue
[2022-07-20 17:50:49,838] {logging_mixin.py:115} INFO - [2022-07-20 17:50:49,837] {dagbag.py:508} INFO - Filling up the DagBag from /home/airflow/.local/lib/python3.7/site-packages/airflow/example_dags/example_xcom.py
[2022-07-20 17:50:49,886] {processor.py:651} INFO - DAG(s) dict_keys(['example_xcom']) retrieved from /home/airflow/.local/lib/python3.7/site-packages/airflow/example_dags/example_xcom.py
[2022-07-20 17:50:50,412] {logging_mixin.py:115} INFO - [2022-07-20 17:50:50,412] {dag.py:2420} INFO - Sync 1 DAGs
[2022-07-20 17:50:50,458] {logging_mixin.py:115} INFO - [2022-07-20 17:50:50,458] {dag.py:2972} INFO - Setting next_dagrun for example_xcom to 2021-01-01T00:00:00+00:00, run_after=2021-01-01T00:00:00+00:00
[2022-07-20 17:50:50,715] {processor.py:161} INFO - Processing /home/airflow/.local/lib/python3.7/site-packages/airflow/example_dags/example_xcom.py took 0.889 seconds
[2022-07-20 17:51:20,914] {processor.py:153} INFO - Started process (PID=259) to work on /home/airflow/.local/lib/python3.7/site-packages/airflow/example_dags/example_xcom.py
[2022-07-20 17:51:20,916] {processor.py:641} INFO - Processing file /home/airflow/.local/lib/python3.7/site-packages/airflow/example_dags/example_xcom.py for tasks to queue
[2022-07-20 17:51:20,917] {logging_mixin.py:115} INFO - [2022-07-20 17:51:20,917] {dagbag.py:508} INFO - Filling up the DagBag from /home/airflow/.local/lib/python3.7/site-packages/airflow/example_dags/example_xcom.py
[2022-07-20 17:51:20,958] {processor.py:651} INFO - DAG(s) dict_keys(['example_xcom']) retrieved from /home/airflow/.local/lib/python3.7/site-packages/airflow/example_dags/example_xcom.py
[2022-07-20 17:51:21,219] {logging_mixin.py:115} INFO - [2022-07-20 17:51:21,218] {dag.py:2420} INFO - Sync 1 DAGs
[2022-07-20 17:51:21,255] {logging_mixin.py:115} INFO - [2022-07-20 17:51:21,255] {dag.py:2972} INFO - Setting next_dagrun for example_xcom to 2021-01-01T00:00:00+00:00, run_after=2021-01-01T00:00:00+00:00
[2022-07-20 17:51:22,208] {processor.py:161} INFO - Processing /home/airflow/.local/lib/python3.7/site-packages/airflow/example_dags/example_xcom.py took 1.300 seconds
[2022-07-20 17:51:52,542] {processor.py:153} INFO - Started process (PID=312) to work on /home/airflow/.local/lib/python3.7/site-packages/airflow/example_dags/example_xcom.py
[2022-07-20 17:51:52,543] {processor.py:641} INFO - Processing file /home/airflow/.local/lib/python3.7/site-packages/airflow/example_dags/example_xcom.py for tasks to queue
[2022-07-20 17:51:52,545] {logging_mixin.py:115} INFO - [2022-07-20 17:51:52,545] {dagbag.py:508} INFO - Filling up the DagBag from /home/airflow/.local/lib/python3.7/site-packages/airflow/example_dags/example_xcom.py
[2022-07-20 17:51:52,583] {processor.py:651} INFO - DAG(s) dict_keys(['example_xcom']) retrieved from /home/airflow/.local/lib/python3.7/site-packages/airflow/example_dags/example_xcom.py
[2022-07-20 17:51:52,870] {logging_mixin.py:115} INFO - [2022-07-20 17:51:52,870] {dag.py:2420} INFO - Sync 1 DAGs
[2022-07-20 17:51:52,923] {logging_mixin.py:115} INFO - [2022-07-20 17:51:52,922] {dag.py:2972} INFO - Setting next_dagrun for example_xcom to 2021-01-01T00:00:00+00:00, run_after=2021-01-01T00:00:00+00:00
[2022-07-20 17:51:53,029] {processor.py:161} INFO - Processing /home/airflow/.local/lib/python3.7/site-packages/airflow/example_dags/example_xcom.py took 0.494 seconds
[2022-07-20 17:52:23,657] {processor.py:153} INFO - Started process (PID=364) to work on /home/airflow/.local/lib/python3.7/site-packages/airflow/example_dags/example_xcom.py
[2022-07-20 17:52:23,677] {processor.py:641} INFO - Processing file /home/airflow/.local/lib/python3.7/site-packages/airflow/example_dags/example_xcom.py for tasks to queue
[2022-07-20 17:52:23,693] {logging_mixin.py:115} INFO - [2022-07-20 17:52:23,692] {dagbag.py:508} INFO - Filling up the DagBag from /home/airflow/.local/lib/python3.7/site-packages/airflow/example_dags/example_xcom.py
[2022-07-20 17:52:24,098] {processor.py:651} INFO - DAG(s) dict_keys(['example_xcom']) retrieved from /home/airflow/.local/lib/python3.7/site-packages/airflow/example_dags/example_xcom.py
[2022-07-20 17:52:25,205] {logging_mixin.py:115} INFO - [2022-07-20 17:52:25,205] {dag.py:2420} INFO - Sync 1 DAGs
[2022-07-20 17:52:25,316] {logging_mixin.py:115} INFO - [2022-07-20 17:52:25,316] {dag.py:2972} INFO - Setting next_dagrun for example_xcom to 2021-01-01T00:00:00+00:00, run_after=2021-01-01T00:00:00+00:00
[2022-07-20 17:52:25,417] {processor.py:161} INFO - Processing /home/airflow/.local/lib/python3.7/site-packages/airflow/example_dags/example_xcom.py took 1.815 seconds
[2022-07-20 17:52:55,507] {processor.py:153} INFO - Started process (PID=416) to work on /home/airflow/.local/lib/python3.7/site-packages/airflow/example_dags/example_xcom.py
[2022-07-20 17:52:55,508] {processor.py:641} INFO - Processing file /home/airflow/.local/lib/python3.7/site-packages/airflow/example_dags/example_xcom.py for tasks to queue
[2022-07-20 17:52:55,509] {logging_mixin.py:115} INFO - [2022-07-20 17:52:55,509] {dagbag.py:508} INFO - Filling up the DagBag from /home/airflow/.local/lib/python3.7/site-packages/airflow/example_dags/example_xcom.py
[2022-07-20 17:52:55,547] {processor.py:651} INFO - DAG(s) dict_keys(['example_xcom']) retrieved from /home/airflow/.local/lib/python3.7/site-packages/airflow/example_dags/example_xcom.py
[2022-07-20 17:52:55,818] {logging_mixin.py:115} INFO - [2022-07-20 17:52:55,818] {dag.py:2420} INFO - Sync 1 DAGs
[2022-07-20 17:52:55,849] {logging_mixin.py:115} INFO - [2022-07-20 17:52:55,849] {dag.py:2972} INFO - Setting next_dagrun for example_xcom to 2021-01-01T00:00:00+00:00, run_after=2021-01-01T00:00:00+00:00
[2022-07-20 17:52:56,026] {processor.py:161} INFO - Processing /home/airflow/.local/lib/python3.7/site-packages/airflow/example_dags/example_xcom.py took 0.526 seconds
[2022-07-20 17:53:26,719] {processor.py:153} INFO - Started process (PID=467) to work on /home/airflow/.local/lib/python3.7/site-packages/airflow/example_dags/example_xcom.py
[2022-07-20 17:53:26,721] {processor.py:641} INFO - Processing file /home/airflow/.local/lib/python3.7/site-packages/airflow/example_dags/example_xcom.py for tasks to queue
[2022-07-20 17:53:26,723] {logging_mixin.py:115} INFO - [2022-07-20 17:53:26,723] {dagbag.py:508} INFO - Filling up the DagBag from /home/airflow/.local/lib/python3.7/site-packages/airflow/example_dags/example_xcom.py
[2022-07-20 17:53:26,787] {processor.py:651} INFO - DAG(s) dict_keys(['example_xcom']) retrieved from /home/airflow/.local/lib/python3.7/site-packages/airflow/example_dags/example_xcom.py
[2022-07-20 17:53:27,193] {logging_mixin.py:115} INFO - [2022-07-20 17:53:27,193] {dag.py:2420} INFO - Sync 1 DAGs
[2022-07-20 17:53:27,293] {logging_mixin.py:115} INFO - [2022-07-20 17:53:27,292] {dag.py:2972} INFO - Setting next_dagrun for example_xcom to 2021-01-01T00:00:00+00:00, run_after=2021-01-01T00:00:00+00:00
[2022-07-20 17:53:28,323] {processor.py:161} INFO - Processing /home/airflow/.local/lib/python3.7/site-packages/airflow/example_dags/example_xcom.py took 1.612 seconds
[2022-07-20 17:53:58,910] {processor.py:153} INFO - Started process (PID=520) to work on /home/airflow/.local/lib/python3.7/site-packages/airflow/example_dags/example_xcom.py
[2022-07-20 17:53:58,912] {processor.py:641} INFO - Processing file /home/airflow/.local/lib/python3.7/site-packages/airflow/example_dags/example_xcom.py for tasks to queue
[2022-07-20 17:53:58,915] {logging_mixin.py:115} INFO - [2022-07-20 17:53:58,914] {dagbag.py:508} INFO - Filling up the DagBag from /home/airflow/.local/lib/python3.7/site-packages/airflow/example_dags/example_xcom.py
[2022-07-20 17:53:58,965] {processor.py:651} INFO - DAG(s) dict_keys(['example_xcom']) retrieved from /home/airflow/.local/lib/python3.7/site-packages/airflow/example_dags/example_xcom.py
[2022-07-20 17:53:59,380] {logging_mixin.py:115} INFO - [2022-07-20 17:53:59,379] {dag.py:2420} INFO - Sync 1 DAGs
[2022-07-20 17:53:59,430] {logging_mixin.py:115} INFO - [2022-07-20 17:53:59,430] {dag.py:2972} INFO - Setting next_dagrun for example_xcom to 2021-01-01T00:00:00+00:00, run_after=2021-01-01T00:00:00+00:00
[2022-07-20 17:54:01,325] {processor.py:161} INFO - Processing /home/airflow/.local/lib/python3.7/site-packages/airflow/example_dags/example_xcom.py took 2.424 seconds
[2022-07-20 17:54:31,537] {processor.py:153} INFO - Started process (PID=570) to work on /home/airflow/.local/lib/python3.7/site-packages/airflow/example_dags/example_xcom.py
[2022-07-20 17:54:31,538] {processor.py:641} INFO - Processing file /home/airflow/.local/lib/python3.7/site-packages/airflow/example_dags/example_xcom.py for tasks to queue
[2022-07-20 17:54:31,540] {logging_mixin.py:115} INFO - [2022-07-20 17:54:31,540] {dagbag.py:508} INFO - Filling up the DagBag from /home/airflow/.local/lib/python3.7/site-packages/airflow/example_dags/example_xcom.py
[2022-07-20 17:54:31,610] {processor.py:651} INFO - DAG(s) dict_keys(['example_xcom']) retrieved from /home/airflow/.local/lib/python3.7/site-packages/airflow/example_dags/example_xcom.py
[2022-07-20 17:54:32,187] {logging_mixin.py:115} INFO - [2022-07-20 17:54:32,187] {dag.py:2420} INFO - Sync 1 DAGs
[2022-07-20 17:54:32,308] {logging_mixin.py:115} INFO - [2022-07-20 17:54:32,308] {dag.py:2972} INFO - Setting next_dagrun for example_xcom to 2021-01-01T00:00:00+00:00, run_after=2021-01-01T00:00:00+00:00
[2022-07-20 17:54:32,536] {processor.py:161} INFO - Processing /home/airflow/.local/lib/python3.7/site-packages/airflow/example_dags/example_xcom.py took 1.009 seconds
[2022-07-20 17:55:03,363] {processor.py:153} INFO - Started process (PID=622) to work on /home/airflow/.local/lib/python3.7/site-packages/airflow/example_dags/example_xcom.py
[2022-07-20 17:55:03,364] {processor.py:641} INFO - Processing file /home/airflow/.local/lib/python3.7/site-packages/airflow/example_dags/example_xcom.py for tasks to queue
[2022-07-20 17:55:03,366] {logging_mixin.py:115} INFO - [2022-07-20 17:55:03,366] {dagbag.py:508} INFO - Filling up the DagBag from /home/airflow/.local/lib/python3.7/site-packages/airflow/example_dags/example_xcom.py
[2022-07-20 17:55:03,423] {processor.py:651} INFO - DAG(s) dict_keys(['example_xcom']) retrieved from /home/airflow/.local/lib/python3.7/site-packages/airflow/example_dags/example_xcom.py
[2022-07-20 17:55:03,857] {logging_mixin.py:115} INFO - [2022-07-20 17:55:03,857] {dag.py:2420} INFO - Sync 1 DAGs
[2022-07-20 17:55:03,915] {logging_mixin.py:115} INFO - [2022-07-20 17:55:03,915] {dag.py:2972} INFO - Setting next_dagrun for example_xcom to 2021-01-01T00:00:00+00:00, run_after=2021-01-01T00:00:00+00:00
[2022-07-20 17:55:04,147] {processor.py:161} INFO - Processing /home/airflow/.local/lib/python3.7/site-packages/airflow/example_dags/example_xcom.py took 0.790 seconds
[2022-07-20 17:55:34,240] {processor.py:153} INFO - Started process (PID=675) to work on /home/airflow/.local/lib/python3.7/site-packages/airflow/example_dags/example_xcom.py
[2022-07-20 17:55:34,241] {processor.py:641} INFO - Processing file /home/airflow/.local/lib/python3.7/site-packages/airflow/example_dags/example_xcom.py for tasks to queue
[2022-07-20 17:55:34,243] {logging_mixin.py:115} INFO - [2022-07-20 17:55:34,243] {dagbag.py:508} INFO - Filling up the DagBag from /home/airflow/.local/lib/python3.7/site-packages/airflow/example_dags/example_xcom.py
[2022-07-20 17:55:34,338] {processor.py:651} INFO - DAG(s) dict_keys(['example_xcom']) retrieved from /home/airflow/.local/lib/python3.7/site-packages/airflow/example_dags/example_xcom.py
[2022-07-20 17:55:34,826] {logging_mixin.py:115} INFO - [2022-07-20 17:55:34,826] {dag.py:2420} INFO - Sync 1 DAGs
[2022-07-20 17:55:34,864] {logging_mixin.py:115} INFO - [2022-07-20 17:55:34,864] {dag.py:2972} INFO - Setting next_dagrun for example_xcom to 2021-01-01T00:00:00+00:00, run_after=2021-01-01T00:00:00+00:00
[2022-07-20 17:55:35,293] {processor.py:161} INFO - Processing /home/airflow/.local/lib/python3.7/site-packages/airflow/example_dags/example_xcom.py took 1.066 seconds
[2022-07-20 17:56:05,862] {processor.py:153} INFO - Started process (PID=727) to work on /home/airflow/.local/lib/python3.7/site-packages/airflow/example_dags/example_xcom.py
[2022-07-20 17:56:05,863] {processor.py:641} INFO - Processing file /home/airflow/.local/lib/python3.7/site-packages/airflow/example_dags/example_xcom.py for tasks to queue
[2022-07-20 17:56:05,865] {logging_mixin.py:115} INFO - [2022-07-20 17:56:05,865] {dagbag.py:508} INFO - Filling up the DagBag from /home/airflow/.local/lib/python3.7/site-packages/airflow/example_dags/example_xcom.py
[2022-07-20 17:56:05,964] {processor.py:651} INFO - DAG(s) dict_keys(['example_xcom']) retrieved from /home/airflow/.local/lib/python3.7/site-packages/airflow/example_dags/example_xcom.py
[2022-07-20 17:56:06,347] {logging_mixin.py:115} INFO - [2022-07-20 17:56:06,347] {dag.py:2420} INFO - Sync 1 DAGs
[2022-07-20 17:56:06,379] {logging_mixin.py:115} INFO - [2022-07-20 17:56:06,379] {dag.py:2972} INFO - Setting next_dagrun for example_xcom to 2021-01-01T00:00:00+00:00, run_after=2021-01-01T00:00:00+00:00
[2022-07-20 17:56:06,524] {processor.py:161} INFO - Processing /home/airflow/.local/lib/python3.7/site-packages/airflow/example_dags/example_xcom.py took 0.676 seconds
[2022-07-20 17:56:36,850] {processor.py:153} INFO - Started process (PID=779) to work on /home/airflow/.local/lib/python3.7/site-packages/airflow/example_dags/example_xcom.py
[2022-07-20 17:56:36,852] {processor.py:641} INFO - Processing file /home/airflow/.local/lib/python3.7/site-packages/airflow/example_dags/example_xcom.py for tasks to queue
[2022-07-20 17:56:36,854] {logging_mixin.py:115} INFO - [2022-07-20 17:56:36,853] {dagbag.py:508} INFO - Filling up the DagBag from /home/airflow/.local/lib/python3.7/site-packages/airflow/example_dags/example_xcom.py
[2022-07-20 17:56:36,937] {processor.py:651} INFO - DAG(s) dict_keys(['example_xcom']) retrieved from /home/airflow/.local/lib/python3.7/site-packages/airflow/example_dags/example_xcom.py
[2022-07-20 17:56:37,803] {logging_mixin.py:115} INFO - [2022-07-20 17:56:37,802] {dag.py:2420} INFO - Sync 1 DAGs
[2022-07-20 17:56:38,000] {logging_mixin.py:115} INFO - [2022-07-20 17:56:38,000] {dag.py:2972} INFO - Setting next_dagrun for example_xcom to 2021-01-01T00:00:00+00:00, run_after=2021-01-01T00:00:00+00:00
[2022-07-20 17:56:38,249] {processor.py:161} INFO - Processing /home/airflow/.local/lib/python3.7/site-packages/airflow/example_dags/example_xcom.py took 1.412 seconds
[2022-07-20 17:57:08,603] {processor.py:153} INFO - Started process (PID=833) to work on /home/airflow/.local/lib/python3.7/site-packages/airflow/example_dags/example_xcom.py
[2022-07-20 17:57:08,604] {processor.py:641} INFO - Processing file /home/airflow/.local/lib/python3.7/site-packages/airflow/example_dags/example_xcom.py for tasks to queue
[2022-07-20 17:57:08,606] {logging_mixin.py:115} INFO - [2022-07-20 17:57:08,606] {dagbag.py:508} INFO - Filling up the DagBag from /home/airflow/.local/lib/python3.7/site-packages/airflow/example_dags/example_xcom.py
[2022-07-20 17:57:08,675] {processor.py:651} INFO - DAG(s) dict_keys(['example_xcom']) retrieved from /home/airflow/.local/lib/python3.7/site-packages/airflow/example_dags/example_xcom.py
[2022-07-20 17:57:09,357] {logging_mixin.py:115} INFO - [2022-07-20 17:57:09,356] {dag.py:2420} INFO - Sync 1 DAGs
[2022-07-20 17:57:09,419] {logging_mixin.py:115} INFO - [2022-07-20 17:57:09,418] {dag.py:2972} INFO - Setting next_dagrun for example_xcom to 2021-01-01T00:00:00+00:00, run_after=2021-01-01T00:00:00+00:00
[2022-07-20 17:57:09,778] {processor.py:161} INFO - Processing /home/airflow/.local/lib/python3.7/site-packages/airflow/example_dags/example_xcom.py took 1.187 seconds
[2022-07-20 17:57:39,941] {processor.py:153} INFO - Started process (PID=884) to work on /home/airflow/.local/lib/python3.7/site-packages/airflow/example_dags/example_xcom.py
[2022-07-20 17:57:39,944] {processor.py:641} INFO - Processing file /home/airflow/.local/lib/python3.7/site-packages/airflow/example_dags/example_xcom.py for tasks to queue
[2022-07-20 17:57:39,946] {logging_mixin.py:115} INFO - [2022-07-20 17:57:39,946] {dagbag.py:508} INFO - Filling up the DagBag from /home/airflow/.local/lib/python3.7/site-packages/airflow/example_dags/example_xcom.py
[2022-07-20 17:57:40,016] {processor.py:651} INFO - DAG(s) dict_keys(['example_xcom']) retrieved from /home/airflow/.local/lib/python3.7/site-packages/airflow/example_dags/example_xcom.py
[2022-07-20 17:57:40,444] {logging_mixin.py:115} INFO - [2022-07-20 17:57:40,444] {dag.py:2420} INFO - Sync 1 DAGs
[2022-07-20 17:57:40,536] {logging_mixin.py:115} INFO - [2022-07-20 17:57:40,536] {dag.py:2972} INFO - Setting next_dagrun for example_xcom to 2021-01-01T00:00:00+00:00, run_after=2021-01-01T00:00:00+00:00
[2022-07-20 17:57:40,675] {processor.py:161} INFO - Processing /home/airflow/.local/lib/python3.7/site-packages/airflow/example_dags/example_xcom.py took 0.745 seconds
[2022-07-20 17:58:11,002] {processor.py:153} INFO - Started process (PID=935) to work on /home/airflow/.local/lib/python3.7/site-packages/airflow/example_dags/example_xcom.py
[2022-07-20 17:58:11,005] {processor.py:641} INFO - Processing file /home/airflow/.local/lib/python3.7/site-packages/airflow/example_dags/example_xcom.py for tasks to queue
[2022-07-20 17:58:11,009] {logging_mixin.py:115} INFO - [2022-07-20 17:58:11,008] {dagbag.py:508} INFO - Filling up the DagBag from /home/airflow/.local/lib/python3.7/site-packages/airflow/example_dags/example_xcom.py
[2022-07-20 17:58:11,096] {processor.py:651} INFO - DAG(s) dict_keys(['example_xcom']) retrieved from /home/airflow/.local/lib/python3.7/site-packages/airflow/example_dags/example_xcom.py
[2022-07-20 17:58:11,777] {logging_mixin.py:115} INFO - [2022-07-20 17:58:11,770] {dag.py:2420} INFO - Sync 1 DAGs
[2022-07-20 17:58:11,858] {logging_mixin.py:115} INFO - [2022-07-20 17:58:11,857] {dag.py:2972} INFO - Setting next_dagrun for example_xcom to 2021-01-01T00:00:00+00:00, run_after=2021-01-01T00:00:00+00:00
[2022-07-20 17:58:11,997] {processor.py:161} INFO - Processing /home/airflow/.local/lib/python3.7/site-packages/airflow/example_dags/example_xcom.py took 1.008 seconds
[2022-07-20 17:58:42,282] {processor.py:153} INFO - Started process (PID=980) to work on /home/airflow/.local/lib/python3.7/site-packages/airflow/example_dags/example_xcom.py
[2022-07-20 17:58:42,284] {processor.py:641} INFO - Processing file /home/airflow/.local/lib/python3.7/site-packages/airflow/example_dags/example_xcom.py for tasks to queue
[2022-07-20 17:58:42,286] {logging_mixin.py:115} INFO - [2022-07-20 17:58:42,286] {dagbag.py:508} INFO - Filling up the DagBag from /home/airflow/.local/lib/python3.7/site-packages/airflow/example_dags/example_xcom.py
[2022-07-20 17:58:42,341] {processor.py:651} INFO - DAG(s) dict_keys(['example_xcom']) retrieved from /home/airflow/.local/lib/python3.7/site-packages/airflow/example_dags/example_xcom.py
[2022-07-20 17:58:42,743] {logging_mixin.py:115} INFO - [2022-07-20 17:58:42,743] {dag.py:2420} INFO - Sync 1 DAGs
[2022-07-20 17:58:42,818] {logging_mixin.py:115} INFO - [2022-07-20 17:58:42,818] {dag.py:2972} INFO - Setting next_dagrun for example_xcom to 2021-01-01T00:00:00+00:00, run_after=2021-01-01T00:00:00+00:00
[2022-07-20 17:58:42,977] {processor.py:161} INFO - Processing /home/airflow/.local/lib/python3.7/site-packages/airflow/example_dags/example_xcom.py took 0.706 seconds
[2022-07-20 17:59:13,133] {processor.py:153} INFO - Started process (PID=1032) to work on /home/airflow/.local/lib/python3.7/site-packages/airflow/example_dags/example_xcom.py
[2022-07-20 17:59:13,135] {processor.py:641} INFO - Processing file /home/airflow/.local/lib/python3.7/site-packages/airflow/example_dags/example_xcom.py for tasks to queue
[2022-07-20 17:59:13,136] {logging_mixin.py:115} INFO - [2022-07-20 17:59:13,136] {dagbag.py:508} INFO - Filling up the DagBag from /home/airflow/.local/lib/python3.7/site-packages/airflow/example_dags/example_xcom.py
[2022-07-20 17:59:13,173] {processor.py:651} INFO - DAG(s) dict_keys(['example_xcom']) retrieved from /home/airflow/.local/lib/python3.7/site-packages/airflow/example_dags/example_xcom.py
[2022-07-20 17:59:13,378] {logging_mixin.py:115} INFO - [2022-07-20 17:59:13,377] {dag.py:2420} INFO - Sync 1 DAGs
[2022-07-20 17:59:13,411] {logging_mixin.py:115} INFO - [2022-07-20 17:59:13,411] {dag.py:2972} INFO - Setting next_dagrun for example_xcom to 2021-01-01T00:00:00+00:00, run_after=2021-01-01T00:00:00+00:00
[2022-07-20 17:59:13,510] {processor.py:161} INFO - Processing /home/airflow/.local/lib/python3.7/site-packages/airflow/example_dags/example_xcom.py took 0.382 seconds
[2022-07-20 17:59:45,895] {processor.py:153} INFO - Started process (PID=1084) to work on /home/airflow/.local/lib/python3.7/site-packages/airflow/example_dags/example_xcom.py
[2022-07-20 17:59:45,897] {processor.py:641} INFO - Processing file /home/airflow/.local/lib/python3.7/site-packages/airflow/example_dags/example_xcom.py for tasks to queue
[2022-07-20 17:59:45,899] {logging_mixin.py:115} INFO - [2022-07-20 17:59:45,899] {dagbag.py:508} INFO - Filling up the DagBag from /home/airflow/.local/lib/python3.7/site-packages/airflow/example_dags/example_xcom.py
[2022-07-20 17:59:45,958] {processor.py:651} INFO - DAG(s) dict_keys(['example_xcom']) retrieved from /home/airflow/.local/lib/python3.7/site-packages/airflow/example_dags/example_xcom.py
[2022-07-20 17:59:46,486] {logging_mixin.py:115} INFO - [2022-07-20 17:59:46,486] {dag.py:2420} INFO - Sync 1 DAGs
[2022-07-20 17:59:46,563] {logging_mixin.py:115} INFO - [2022-07-20 17:59:46,563] {dag.py:2972} INFO - Setting next_dagrun for example_xcom to 2021-01-01T00:00:00+00:00, run_after=2021-01-01T00:00:00+00:00
[2022-07-20 17:59:46,718] {processor.py:161} INFO - Processing /home/airflow/.local/lib/python3.7/site-packages/airflow/example_dags/example_xcom.py took 0.844 seconds
[2022-07-20 18:00:16,800] {processor.py:153} INFO - Started process (PID=1135) to work on /home/airflow/.local/lib/python3.7/site-packages/airflow/example_dags/example_xcom.py
[2022-07-20 18:00:16,806] {processor.py:641} INFO - Processing file /home/airflow/.local/lib/python3.7/site-packages/airflow/example_dags/example_xcom.py for tasks to queue
[2022-07-20 18:00:16,808] {logging_mixin.py:115} INFO - [2022-07-20 18:00:16,807] {dagbag.py:508} INFO - Filling up the DagBag from /home/airflow/.local/lib/python3.7/site-packages/airflow/example_dags/example_xcom.py
[2022-07-20 18:00:16,881] {processor.py:651} INFO - DAG(s) dict_keys(['example_xcom']) retrieved from /home/airflow/.local/lib/python3.7/site-packages/airflow/example_dags/example_xcom.py
[2022-07-20 18:00:17,798] {logging_mixin.py:115} INFO - [2022-07-20 18:00:17,798] {dag.py:2420} INFO - Sync 1 DAGs
[2022-07-20 18:00:17,879] {logging_mixin.py:115} INFO - [2022-07-20 18:00:17,878] {dag.py:2972} INFO - Setting next_dagrun for example_xcom to 2021-01-01T00:00:00+00:00, run_after=2021-01-01T00:00:00+00:00
[2022-07-20 18:00:18,052] {processor.py:161} INFO - Processing /home/airflow/.local/lib/python3.7/site-packages/airflow/example_dags/example_xcom.py took 1.263 seconds
[2022-07-20 18:00:48,572] {processor.py:153} INFO - Started process (PID=1186) to work on /home/airflow/.local/lib/python3.7/site-packages/airflow/example_dags/example_xcom.py
[2022-07-20 18:00:48,604] {processor.py:641} INFO - Processing file /home/airflow/.local/lib/python3.7/site-packages/airflow/example_dags/example_xcom.py for tasks to queue
[2022-07-20 18:00:48,614] {logging_mixin.py:115} INFO - [2022-07-20 18:00:48,612] {dagbag.py:508} INFO - Filling up the DagBag from /home/airflow/.local/lib/python3.7/site-packages/airflow/example_dags/example_xcom.py
[2022-07-20 18:00:48,735] {processor.py:651} INFO - DAG(s) dict_keys(['example_xcom']) retrieved from /home/airflow/.local/lib/python3.7/site-packages/airflow/example_dags/example_xcom.py
[2022-07-20 18:00:49,677] {logging_mixin.py:115} INFO - [2022-07-20 18:00:49,677] {dag.py:2420} INFO - Sync 1 DAGs
[2022-07-20 18:00:49,740] {logging_mixin.py:115} INFO - [2022-07-20 18:00:49,740] {dag.py:2972} INFO - Setting next_dagrun for example_xcom to 2021-01-01T00:00:00+00:00, run_after=2021-01-01T00:00:00+00:00
[2022-07-20 18:00:49,932] {processor.py:161} INFO - Processing /home/airflow/.local/lib/python3.7/site-packages/airflow/example_dags/example_xcom.py took 1.371 seconds
