[2022-07-20 17:06:30,492] {processor.py:153} INFO - Started process (PID=190) to work on /home/airflow/.local/lib/python3.7/site-packages/airflow/example_dags/example_external_task_marker_dag.py
[2022-07-20 17:06:30,497] {processor.py:641} INFO - Processing file /home/airflow/.local/lib/python3.7/site-packages/airflow/example_dags/example_external_task_marker_dag.py for tasks to queue
[2022-07-20 17:06:30,500] {logging_mixin.py:115} INFO - [2022-07-20 17:06:30,499] {dagbag.py:508} INFO - Filling up the DagBag from /home/airflow/.local/lib/python3.7/site-packages/airflow/example_dags/example_external_task_marker_dag.py
[2022-07-20 17:06:30,541] {processor.py:651} INFO - DAG(s) dict_keys(['example_external_task_marker_parent', 'example_external_task_marker_child']) retrieved from /home/airflow/.local/lib/python3.7/site-packages/airflow/example_dags/example_external_task_marker_dag.py
[2022-07-20 17:06:30,674] {logging_mixin.py:115} INFO - [2022-07-20 17:06:30,674] {dag.py:2420} INFO - Sync 2 DAGs
[2022-07-20 17:06:31,060] {logging_mixin.py:115} INFO - [2022-07-20 17:06:31,060] {dag.py:2972} INFO - Setting next_dagrun for example_external_task_marker_child to None, run_after=None
[2022-07-20 17:06:31,061] {logging_mixin.py:115} INFO - [2022-07-20 17:06:31,061] {dag.py:2972} INFO - Setting next_dagrun for example_external_task_marker_parent to None, run_after=None
[2022-07-20 17:06:31,178] {processor.py:161} INFO - Processing /home/airflow/.local/lib/python3.7/site-packages/airflow/example_dags/example_external_task_marker_dag.py took 0.704 seconds
[2022-07-20 17:07:03,701] {processor.py:153} INFO - Started process (PID=242) to work on /home/airflow/.local/lib/python3.7/site-packages/airflow/example_dags/example_external_task_marker_dag.py
[2022-07-20 17:07:03,702] {processor.py:641} INFO - Processing file /home/airflow/.local/lib/python3.7/site-packages/airflow/example_dags/example_external_task_marker_dag.py for tasks to queue
[2022-07-20 17:07:03,704] {logging_mixin.py:115} INFO - [2022-07-20 17:07:03,704] {dagbag.py:508} INFO - Filling up the DagBag from /home/airflow/.local/lib/python3.7/site-packages/airflow/example_dags/example_external_task_marker_dag.py
[2022-07-20 17:07:03,714] {processor.py:651} INFO - DAG(s) dict_keys(['example_external_task_marker_parent', 'example_external_task_marker_child']) retrieved from /home/airflow/.local/lib/python3.7/site-packages/airflow/example_dags/example_external_task_marker_dag.py
[2022-07-20 17:07:03,813] {logging_mixin.py:115} INFO - [2022-07-20 17:07:03,813] {dag.py:2420} INFO - Sync 2 DAGs
[2022-07-20 17:07:04,216] {logging_mixin.py:115} INFO - [2022-07-20 17:07:04,216] {dag.py:2972} INFO - Setting next_dagrun for example_external_task_marker_child to None, run_after=None
[2022-07-20 17:07:04,217] {logging_mixin.py:115} INFO - [2022-07-20 17:07:04,217] {dag.py:2972} INFO - Setting next_dagrun for example_external_task_marker_parent to None, run_after=None
[2022-07-20 17:07:04,549] {processor.py:161} INFO - Processing /home/airflow/.local/lib/python3.7/site-packages/airflow/example_dags/example_external_task_marker_dag.py took 0.857 seconds
[2022-07-20 17:07:36,464] {processor.py:153} INFO - Started process (PID=296) to work on /home/airflow/.local/lib/python3.7/site-packages/airflow/example_dags/example_external_task_marker_dag.py
[2022-07-20 17:07:36,466] {processor.py:641} INFO - Processing file /home/airflow/.local/lib/python3.7/site-packages/airflow/example_dags/example_external_task_marker_dag.py for tasks to queue
[2022-07-20 17:07:36,468] {logging_mixin.py:115} INFO - [2022-07-20 17:07:36,468] {dagbag.py:508} INFO - Filling up the DagBag from /home/airflow/.local/lib/python3.7/site-packages/airflow/example_dags/example_external_task_marker_dag.py
[2022-07-20 17:07:36,483] {processor.py:651} INFO - DAG(s) dict_keys(['example_external_task_marker_parent', 'example_external_task_marker_child']) retrieved from /home/airflow/.local/lib/python3.7/site-packages/airflow/example_dags/example_external_task_marker_dag.py
[2022-07-20 17:07:36,636] {logging_mixin.py:115} INFO - [2022-07-20 17:07:36,636] {dag.py:2420} INFO - Sync 2 DAGs
[2022-07-20 17:07:37,193] {logging_mixin.py:115} INFO - [2022-07-20 17:07:37,191] {dag.py:2972} INFO - Setting next_dagrun for example_external_task_marker_child to None, run_after=None
[2022-07-20 17:07:37,195] {logging_mixin.py:115} INFO - [2022-07-20 17:07:37,195] {dag.py:2972} INFO - Setting next_dagrun for example_external_task_marker_parent to None, run_after=None
[2022-07-20 17:07:37,324] {processor.py:161} INFO - Processing /home/airflow/.local/lib/python3.7/site-packages/airflow/example_dags/example_external_task_marker_dag.py took 0.871 seconds
[2022-07-20 17:08:19,459] {processor.py:153} INFO - Started process (PID=365) to work on /home/airflow/.local/lib/python3.7/site-packages/airflow/example_dags/example_external_task_marker_dag.py
[2022-07-20 17:08:19,461] {processor.py:641} INFO - Processing file /home/airflow/.local/lib/python3.7/site-packages/airflow/example_dags/example_external_task_marker_dag.py for tasks to queue
[2022-07-20 17:08:19,463] {logging_mixin.py:115} INFO - [2022-07-20 17:08:19,463] {dagbag.py:508} INFO - Filling up the DagBag from /home/airflow/.local/lib/python3.7/site-packages/airflow/example_dags/example_external_task_marker_dag.py
[2022-07-20 17:08:19,474] {processor.py:651} INFO - DAG(s) dict_keys(['example_external_task_marker_parent', 'example_external_task_marker_child']) retrieved from /home/airflow/.local/lib/python3.7/site-packages/airflow/example_dags/example_external_task_marker_dag.py
[2022-07-20 17:08:19,623] {logging_mixin.py:115} INFO - [2022-07-20 17:08:19,623] {dag.py:2420} INFO - Sync 2 DAGs
[2022-07-20 17:08:20,008] {logging_mixin.py:115} INFO - [2022-07-20 17:08:20,008] {dag.py:2972} INFO - Setting next_dagrun for example_external_task_marker_child to None, run_after=None
[2022-07-20 17:08:20,010] {logging_mixin.py:115} INFO - [2022-07-20 17:08:20,010] {dag.py:2972} INFO - Setting next_dagrun for example_external_task_marker_parent to None, run_after=None
[2022-07-20 17:08:20,951] {processor.py:161} INFO - Processing /home/airflow/.local/lib/python3.7/site-packages/airflow/example_dags/example_external_task_marker_dag.py took 1.503 seconds
[2022-07-20 17:08:56,692] {processor.py:153} INFO - Started process (PID=418) to work on /home/airflow/.local/lib/python3.7/site-packages/airflow/example_dags/example_external_task_marker_dag.py
[2022-07-20 17:08:56,702] {processor.py:641} INFO - Processing file /home/airflow/.local/lib/python3.7/site-packages/airflow/example_dags/example_external_task_marker_dag.py for tasks to queue
[2022-07-20 17:08:56,705] {logging_mixin.py:115} INFO - [2022-07-20 17:08:56,704] {dagbag.py:508} INFO - Filling up the DagBag from /home/airflow/.local/lib/python3.7/site-packages/airflow/example_dags/example_external_task_marker_dag.py
[2022-07-20 17:08:56,752] {processor.py:651} INFO - DAG(s) dict_keys(['example_external_task_marker_parent', 'example_external_task_marker_child']) retrieved from /home/airflow/.local/lib/python3.7/site-packages/airflow/example_dags/example_external_task_marker_dag.py
[2022-07-20 17:08:57,215] {logging_mixin.py:115} INFO - [2022-07-20 17:08:57,215] {dag.py:2420} INFO - Sync 2 DAGs
[2022-07-20 17:08:57,843] {logging_mixin.py:115} INFO - [2022-07-20 17:08:57,842] {dag.py:2972} INFO - Setting next_dagrun for example_external_task_marker_child to None, run_after=None
[2022-07-20 17:08:57,907] {logging_mixin.py:115} INFO - [2022-07-20 17:08:57,907] {dag.py:2972} INFO - Setting next_dagrun for example_external_task_marker_parent to None, run_after=None
[2022-07-20 17:08:58,595] {processor.py:161} INFO - Processing /home/airflow/.local/lib/python3.7/site-packages/airflow/example_dags/example_external_task_marker_dag.py took 1.919 seconds
[2022-07-20 17:09:28,747] {processor.py:153} INFO - Started process (PID=470) to work on /home/airflow/.local/lib/python3.7/site-packages/airflow/example_dags/example_external_task_marker_dag.py
[2022-07-20 17:09:28,749] {processor.py:641} INFO - Processing file /home/airflow/.local/lib/python3.7/site-packages/airflow/example_dags/example_external_task_marker_dag.py for tasks to queue
[2022-07-20 17:09:28,751] {logging_mixin.py:115} INFO - [2022-07-20 17:09:28,751] {dagbag.py:508} INFO - Filling up the DagBag from /home/airflow/.local/lib/python3.7/site-packages/airflow/example_dags/example_external_task_marker_dag.py
[2022-07-20 17:09:28,764] {processor.py:651} INFO - DAG(s) dict_keys(['example_external_task_marker_parent', 'example_external_task_marker_child']) retrieved from /home/airflow/.local/lib/python3.7/site-packages/airflow/example_dags/example_external_task_marker_dag.py
[2022-07-20 17:09:28,972] {logging_mixin.py:115} INFO - [2022-07-20 17:09:28,972] {dag.py:2420} INFO - Sync 2 DAGs
[2022-07-20 17:09:29,337] {logging_mixin.py:115} INFO - [2022-07-20 17:09:29,337] {dag.py:2972} INFO - Setting next_dagrun for example_external_task_marker_child to None, run_after=None
[2022-07-20 17:09:29,338] {logging_mixin.py:115} INFO - [2022-07-20 17:09:29,338] {dag.py:2972} INFO - Setting next_dagrun for example_external_task_marker_parent to None, run_after=None
[2022-07-20 17:09:29,475] {processor.py:161} INFO - Processing /home/airflow/.local/lib/python3.7/site-packages/airflow/example_dags/example_external_task_marker_dag.py took 0.741 seconds
[2022-07-20 17:10:00,377] {processor.py:153} INFO - Started process (PID=523) to work on /home/airflow/.local/lib/python3.7/site-packages/airflow/example_dags/example_external_task_marker_dag.py
[2022-07-20 17:10:00,380] {processor.py:641} INFO - Processing file /home/airflow/.local/lib/python3.7/site-packages/airflow/example_dags/example_external_task_marker_dag.py for tasks to queue
[2022-07-20 17:10:00,382] {logging_mixin.py:115} INFO - [2022-07-20 17:10:00,382] {dagbag.py:508} INFO - Filling up the DagBag from /home/airflow/.local/lib/python3.7/site-packages/airflow/example_dags/example_external_task_marker_dag.py
[2022-07-20 17:10:00,397] {processor.py:651} INFO - DAG(s) dict_keys(['example_external_task_marker_parent', 'example_external_task_marker_child']) retrieved from /home/airflow/.local/lib/python3.7/site-packages/airflow/example_dags/example_external_task_marker_dag.py
[2022-07-20 17:10:00,582] {logging_mixin.py:115} INFO - [2022-07-20 17:10:00,581] {dag.py:2420} INFO - Sync 2 DAGs
[2022-07-20 17:10:00,991] {logging_mixin.py:115} INFO - [2022-07-20 17:10:00,990] {dag.py:2972} INFO - Setting next_dagrun for example_external_task_marker_child to None, run_after=None
[2022-07-20 17:10:00,992] {logging_mixin.py:115} INFO - [2022-07-20 17:10:00,992] {dag.py:2972} INFO - Setting next_dagrun for example_external_task_marker_parent to None, run_after=None
[2022-07-20 17:10:01,487] {processor.py:161} INFO - Processing /home/airflow/.local/lib/python3.7/site-packages/airflow/example_dags/example_external_task_marker_dag.py took 1.125 seconds
[2022-07-20 17:10:31,685] {processor.py:153} INFO - Started process (PID=573) to work on /home/airflow/.local/lib/python3.7/site-packages/airflow/example_dags/example_external_task_marker_dag.py
[2022-07-20 17:10:31,687] {processor.py:641} INFO - Processing file /home/airflow/.local/lib/python3.7/site-packages/airflow/example_dags/example_external_task_marker_dag.py for tasks to queue
[2022-07-20 17:10:31,689] {logging_mixin.py:115} INFO - [2022-07-20 17:10:31,689] {dagbag.py:508} INFO - Filling up the DagBag from /home/airflow/.local/lib/python3.7/site-packages/airflow/example_dags/example_external_task_marker_dag.py
[2022-07-20 17:10:31,707] {processor.py:651} INFO - DAG(s) dict_keys(['example_external_task_marker_parent', 'example_external_task_marker_child']) retrieved from /home/airflow/.local/lib/python3.7/site-packages/airflow/example_dags/example_external_task_marker_dag.py
[2022-07-20 17:10:32,038] {logging_mixin.py:115} INFO - [2022-07-20 17:10:32,038] {dag.py:2420} INFO - Sync 2 DAGs
[2022-07-20 17:10:32,590] {logging_mixin.py:115} INFO - [2022-07-20 17:10:32,590] {dag.py:2972} INFO - Setting next_dagrun for example_external_task_marker_child to None, run_after=None
[2022-07-20 17:10:32,598] {logging_mixin.py:115} INFO - [2022-07-20 17:10:32,597] {dag.py:2972} INFO - Setting next_dagrun for example_external_task_marker_parent to None, run_after=None
[2022-07-20 17:10:32,720] {processor.py:161} INFO - Processing /home/airflow/.local/lib/python3.7/site-packages/airflow/example_dags/example_external_task_marker_dag.py took 1.045 seconds
[2022-07-20 17:11:03,288] {processor.py:153} INFO - Started process (PID=626) to work on /home/airflow/.local/lib/python3.7/site-packages/airflow/example_dags/example_external_task_marker_dag.py
[2022-07-20 17:11:03,305] {processor.py:641} INFO - Processing file /home/airflow/.local/lib/python3.7/site-packages/airflow/example_dags/example_external_task_marker_dag.py for tasks to queue
[2022-07-20 17:11:03,321] {logging_mixin.py:115} INFO - [2022-07-20 17:11:03,321] {dagbag.py:508} INFO - Filling up the DagBag from /home/airflow/.local/lib/python3.7/site-packages/airflow/example_dags/example_external_task_marker_dag.py
[2022-07-20 17:11:03,359] {processor.py:651} INFO - DAG(s) dict_keys(['example_external_task_marker_parent', 'example_external_task_marker_child']) retrieved from /home/airflow/.local/lib/python3.7/site-packages/airflow/example_dags/example_external_task_marker_dag.py
[2022-07-20 17:11:03,679] {logging_mixin.py:115} INFO - [2022-07-20 17:11:03,679] {dag.py:2420} INFO - Sync 2 DAGs
[2022-07-20 17:11:04,229] {logging_mixin.py:115} INFO - [2022-07-20 17:11:04,229] {dag.py:2972} INFO - Setting next_dagrun for example_external_task_marker_child to None, run_after=None
[2022-07-20 17:11:04,231] {logging_mixin.py:115} INFO - [2022-07-20 17:11:04,231] {dag.py:2972} INFO - Setting next_dagrun for example_external_task_marker_parent to None, run_after=None
[2022-07-20 17:11:04,312] {processor.py:161} INFO - Processing /home/airflow/.local/lib/python3.7/site-packages/airflow/example_dags/example_external_task_marker_dag.py took 1.058 seconds
[2022-07-20 17:11:34,733] {processor.py:153} INFO - Started process (PID=678) to work on /home/airflow/.local/lib/python3.7/site-packages/airflow/example_dags/example_external_task_marker_dag.py
[2022-07-20 17:11:34,735] {processor.py:641} INFO - Processing file /home/airflow/.local/lib/python3.7/site-packages/airflow/example_dags/example_external_task_marker_dag.py for tasks to queue
[2022-07-20 17:11:34,736] {logging_mixin.py:115} INFO - [2022-07-20 17:11:34,736] {dagbag.py:508} INFO - Filling up the DagBag from /home/airflow/.local/lib/python3.7/site-packages/airflow/example_dags/example_external_task_marker_dag.py
[2022-07-20 17:11:34,766] {processor.py:651} INFO - DAG(s) dict_keys(['example_external_task_marker_parent', 'example_external_task_marker_child']) retrieved from /home/airflow/.local/lib/python3.7/site-packages/airflow/example_dags/example_external_task_marker_dag.py
[2022-07-20 17:11:34,935] {logging_mixin.py:115} INFO - [2022-07-20 17:11:34,935] {dag.py:2420} INFO - Sync 2 DAGs
[2022-07-20 17:11:35,352] {logging_mixin.py:115} INFO - [2022-07-20 17:11:35,352] {dag.py:2972} INFO - Setting next_dagrun for example_external_task_marker_child to None, run_after=None
[2022-07-20 17:11:35,369] {logging_mixin.py:115} INFO - [2022-07-20 17:11:35,368] {dag.py:2972} INFO - Setting next_dagrun for example_external_task_marker_parent to None, run_after=None
[2022-07-20 17:11:35,452] {processor.py:161} INFO - Processing /home/airflow/.local/lib/python3.7/site-packages/airflow/example_dags/example_external_task_marker_dag.py took 0.731 seconds
[2022-07-20 17:12:05,563] {processor.py:153} INFO - Started process (PID=730) to work on /home/airflow/.local/lib/python3.7/site-packages/airflow/example_dags/example_external_task_marker_dag.py
[2022-07-20 17:12:05,565] {processor.py:641} INFO - Processing file /home/airflow/.local/lib/python3.7/site-packages/airflow/example_dags/example_external_task_marker_dag.py for tasks to queue
[2022-07-20 17:12:05,567] {logging_mixin.py:115} INFO - [2022-07-20 17:12:05,567] {dagbag.py:508} INFO - Filling up the DagBag from /home/airflow/.local/lib/python3.7/site-packages/airflow/example_dags/example_external_task_marker_dag.py
[2022-07-20 17:12:05,579] {processor.py:651} INFO - DAG(s) dict_keys(['example_external_task_marker_parent', 'example_external_task_marker_child']) retrieved from /home/airflow/.local/lib/python3.7/site-packages/airflow/example_dags/example_external_task_marker_dag.py
[2022-07-20 17:12:05,719] {logging_mixin.py:115} INFO - [2022-07-20 17:12:05,718] {dag.py:2420} INFO - Sync 2 DAGs
[2022-07-20 17:12:06,001] {logging_mixin.py:115} INFO - [2022-07-20 17:12:06,000] {dag.py:2972} INFO - Setting next_dagrun for example_external_task_marker_child to None, run_after=None
[2022-07-20 17:12:06,004] {logging_mixin.py:115} INFO - [2022-07-20 17:12:06,002] {dag.py:2972} INFO - Setting next_dagrun for example_external_task_marker_parent to None, run_after=None
[2022-07-20 17:12:06,987] {processor.py:161} INFO - Processing /home/airflow/.local/lib/python3.7/site-packages/airflow/example_dags/example_external_task_marker_dag.py took 1.435 seconds
[2022-07-20 17:12:37,727] {processor.py:153} INFO - Started process (PID=783) to work on /home/airflow/.local/lib/python3.7/site-packages/airflow/example_dags/example_external_task_marker_dag.py
[2022-07-20 17:12:37,728] {processor.py:641} INFO - Processing file /home/airflow/.local/lib/python3.7/site-packages/airflow/example_dags/example_external_task_marker_dag.py for tasks to queue
[2022-07-20 17:12:37,730] {logging_mixin.py:115} INFO - [2022-07-20 17:12:37,730] {dagbag.py:508} INFO - Filling up the DagBag from /home/airflow/.local/lib/python3.7/site-packages/airflow/example_dags/example_external_task_marker_dag.py
[2022-07-20 17:12:37,743] {processor.py:651} INFO - DAG(s) dict_keys(['example_external_task_marker_parent', 'example_external_task_marker_child']) retrieved from /home/airflow/.local/lib/python3.7/site-packages/airflow/example_dags/example_external_task_marker_dag.py
[2022-07-20 17:12:37,915] {logging_mixin.py:115} INFO - [2022-07-20 17:12:37,915] {dag.py:2420} INFO - Sync 2 DAGs
[2022-07-20 17:12:38,721] {logging_mixin.py:115} INFO - [2022-07-20 17:12:38,720] {dag.py:2972} INFO - Setting next_dagrun for example_external_task_marker_child to None, run_after=None
[2022-07-20 17:12:38,723] {logging_mixin.py:115} INFO - [2022-07-20 17:12:38,723] {dag.py:2972} INFO - Setting next_dagrun for example_external_task_marker_parent to None, run_after=None
[2022-07-20 17:12:38,882] {processor.py:161} INFO - Processing /home/airflow/.local/lib/python3.7/site-packages/airflow/example_dags/example_external_task_marker_dag.py took 1.166 seconds
[2022-07-20 17:13:09,862] {processor.py:153} INFO - Started process (PID=835) to work on /home/airflow/.local/lib/python3.7/site-packages/airflow/example_dags/example_external_task_marker_dag.py
[2022-07-20 17:13:09,883] {processor.py:641} INFO - Processing file /home/airflow/.local/lib/python3.7/site-packages/airflow/example_dags/example_external_task_marker_dag.py for tasks to queue
[2022-07-20 17:13:09,886] {logging_mixin.py:115} INFO - [2022-07-20 17:13:09,885] {dagbag.py:508} INFO - Filling up the DagBag from /home/airflow/.local/lib/python3.7/site-packages/airflow/example_dags/example_external_task_marker_dag.py
[2022-07-20 17:13:09,907] {processor.py:651} INFO - DAG(s) dict_keys(['example_external_task_marker_parent', 'example_external_task_marker_child']) retrieved from /home/airflow/.local/lib/python3.7/site-packages/airflow/example_dags/example_external_task_marker_dag.py
[2022-07-20 17:13:10,178] {logging_mixin.py:115} INFO - [2022-07-20 17:13:10,177] {dag.py:2420} INFO - Sync 2 DAGs
[2022-07-20 17:13:10,596] {logging_mixin.py:115} INFO - [2022-07-20 17:13:10,596] {dag.py:2972} INFO - Setting next_dagrun for example_external_task_marker_child to None, run_after=None
[2022-07-20 17:13:10,598] {logging_mixin.py:115} INFO - [2022-07-20 17:13:10,598] {dag.py:2972} INFO - Setting next_dagrun for example_external_task_marker_parent to None, run_after=None
[2022-07-20 17:13:10,711] {processor.py:161} INFO - Processing /home/airflow/.local/lib/python3.7/site-packages/airflow/example_dags/example_external_task_marker_dag.py took 0.859 seconds
[2022-07-20 17:50:12,013] {processor.py:153} INFO - Started process (PID=148) to work on /home/airflow/.local/lib/python3.7/site-packages/airflow/example_dags/example_external_task_marker_dag.py
[2022-07-20 17:50:12,258] {processor.py:641} INFO - Processing file /home/airflow/.local/lib/python3.7/site-packages/airflow/example_dags/example_external_task_marker_dag.py for tasks to queue
[2022-07-20 17:50:12,260] {logging_mixin.py:115} INFO - [2022-07-20 17:50:12,259] {dagbag.py:508} INFO - Filling up the DagBag from /home/airflow/.local/lib/python3.7/site-packages/airflow/example_dags/example_external_task_marker_dag.py
[2022-07-20 17:50:12,276] {processor.py:651} INFO - DAG(s) dict_keys(['example_external_task_marker_parent', 'example_external_task_marker_child']) retrieved from /home/airflow/.local/lib/python3.7/site-packages/airflow/example_dags/example_external_task_marker_dag.py
[2022-07-20 17:50:12,405] {logging_mixin.py:115} INFO - [2022-07-20 17:50:12,405] {dag.py:2420} INFO - Sync 2 DAGs
[2022-07-20 17:50:12,805] {logging_mixin.py:115} INFO - [2022-07-20 17:50:12,805] {dag.py:2972} INFO - Setting next_dagrun for example_external_task_marker_child to None, run_after=None
[2022-07-20 17:50:12,807] {logging_mixin.py:115} INFO - [2022-07-20 17:50:12,806] {dag.py:2972} INFO - Setting next_dagrun for example_external_task_marker_parent to None, run_after=None
[2022-07-20 17:50:13,896] {processor.py:161} INFO - Processing /home/airflow/.local/lib/python3.7/site-packages/airflow/example_dags/example_external_task_marker_dag.py took 1.891 seconds
[2022-07-20 17:50:44,345] {processor.py:153} INFO - Started process (PID=200) to work on /home/airflow/.local/lib/python3.7/site-packages/airflow/example_dags/example_external_task_marker_dag.py
[2022-07-20 17:50:44,346] {processor.py:641} INFO - Processing file /home/airflow/.local/lib/python3.7/site-packages/airflow/example_dags/example_external_task_marker_dag.py for tasks to queue
[2022-07-20 17:50:44,348] {logging_mixin.py:115} INFO - [2022-07-20 17:50:44,348] {dagbag.py:508} INFO - Filling up the DagBag from /home/airflow/.local/lib/python3.7/site-packages/airflow/example_dags/example_external_task_marker_dag.py
[2022-07-20 17:50:44,361] {processor.py:651} INFO - DAG(s) dict_keys(['example_external_task_marker_parent', 'example_external_task_marker_child']) retrieved from /home/airflow/.local/lib/python3.7/site-packages/airflow/example_dags/example_external_task_marker_dag.py
[2022-07-20 17:50:44,551] {logging_mixin.py:115} INFO - [2022-07-20 17:50:44,551] {dag.py:2420} INFO - Sync 2 DAGs
[2022-07-20 17:50:44,803] {logging_mixin.py:115} INFO - [2022-07-20 17:50:44,803] {dag.py:2972} INFO - Setting next_dagrun for example_external_task_marker_child to None, run_after=None
[2022-07-20 17:50:44,804] {logging_mixin.py:115} INFO - [2022-07-20 17:50:44,804] {dag.py:2972} INFO - Setting next_dagrun for example_external_task_marker_parent to None, run_after=None
[2022-07-20 17:50:45,628] {processor.py:161} INFO - Processing /home/airflow/.local/lib/python3.7/site-packages/airflow/example_dags/example_external_task_marker_dag.py took 1.293 seconds
[2022-07-20 17:51:15,722] {processor.py:153} INFO - Started process (PID=252) to work on /home/airflow/.local/lib/python3.7/site-packages/airflow/example_dags/example_external_task_marker_dag.py
[2022-07-20 17:51:15,724] {processor.py:641} INFO - Processing file /home/airflow/.local/lib/python3.7/site-packages/airflow/example_dags/example_external_task_marker_dag.py for tasks to queue
[2022-07-20 17:51:15,727] {logging_mixin.py:115} INFO - [2022-07-20 17:51:15,727] {dagbag.py:508} INFO - Filling up the DagBag from /home/airflow/.local/lib/python3.7/site-packages/airflow/example_dags/example_external_task_marker_dag.py
[2022-07-20 17:51:15,751] {processor.py:651} INFO - DAG(s) dict_keys(['example_external_task_marker_parent', 'example_external_task_marker_child']) retrieved from /home/airflow/.local/lib/python3.7/site-packages/airflow/example_dags/example_external_task_marker_dag.py
[2022-07-20 17:51:15,935] {logging_mixin.py:115} INFO - [2022-07-20 17:51:15,935] {dag.py:2420} INFO - Sync 2 DAGs
[2022-07-20 17:51:16,315] {logging_mixin.py:115} INFO - [2022-07-20 17:51:16,315] {dag.py:2972} INFO - Setting next_dagrun for example_external_task_marker_child to None, run_after=None
[2022-07-20 17:51:16,316] {logging_mixin.py:115} INFO - [2022-07-20 17:51:16,316] {dag.py:2972} INFO - Setting next_dagrun for example_external_task_marker_parent to None, run_after=None
[2022-07-20 17:51:17,275] {processor.py:161} INFO - Processing /home/airflow/.local/lib/python3.7/site-packages/airflow/example_dags/example_external_task_marker_dag.py took 1.563 seconds
[2022-07-20 17:51:47,619] {processor.py:153} INFO - Started process (PID=305) to work on /home/airflow/.local/lib/python3.7/site-packages/airflow/example_dags/example_external_task_marker_dag.py
[2022-07-20 17:51:47,626] {processor.py:641} INFO - Processing file /home/airflow/.local/lib/python3.7/site-packages/airflow/example_dags/example_external_task_marker_dag.py for tasks to queue
[2022-07-20 17:51:47,629] {logging_mixin.py:115} INFO - [2022-07-20 17:51:47,629] {dagbag.py:508} INFO - Filling up the DagBag from /home/airflow/.local/lib/python3.7/site-packages/airflow/example_dags/example_external_task_marker_dag.py
[2022-07-20 17:51:47,653] {processor.py:651} INFO - DAG(s) dict_keys(['example_external_task_marker_parent', 'example_external_task_marker_child']) retrieved from /home/airflow/.local/lib/python3.7/site-packages/airflow/example_dags/example_external_task_marker_dag.py
[2022-07-20 17:51:47,973] {logging_mixin.py:115} INFO - [2022-07-20 17:51:47,973] {dag.py:2420} INFO - Sync 2 DAGs
[2022-07-20 17:51:48,359] {logging_mixin.py:115} INFO - [2022-07-20 17:51:48,359] {dag.py:2972} INFO - Setting next_dagrun for example_external_task_marker_child to None, run_after=None
[2022-07-20 17:51:48,360] {logging_mixin.py:115} INFO - [2022-07-20 17:51:48,360] {dag.py:2972} INFO - Setting next_dagrun for example_external_task_marker_parent to None, run_after=None
[2022-07-20 17:51:48,490] {processor.py:161} INFO - Processing /home/airflow/.local/lib/python3.7/site-packages/airflow/example_dags/example_external_task_marker_dag.py took 0.885 seconds
[2022-07-20 17:52:19,090] {processor.py:153} INFO - Started process (PID=357) to work on /home/airflow/.local/lib/python3.7/site-packages/airflow/example_dags/example_external_task_marker_dag.py
[2022-07-20 17:52:19,091] {processor.py:641} INFO - Processing file /home/airflow/.local/lib/python3.7/site-packages/airflow/example_dags/example_external_task_marker_dag.py for tasks to queue
[2022-07-20 17:52:19,093] {logging_mixin.py:115} INFO - [2022-07-20 17:52:19,093] {dagbag.py:508} INFO - Filling up the DagBag from /home/airflow/.local/lib/python3.7/site-packages/airflow/example_dags/example_external_task_marker_dag.py
[2022-07-20 17:52:19,105] {processor.py:651} INFO - DAG(s) dict_keys(['example_external_task_marker_parent', 'example_external_task_marker_child']) retrieved from /home/airflow/.local/lib/python3.7/site-packages/airflow/example_dags/example_external_task_marker_dag.py
[2022-07-20 17:52:19,332] {logging_mixin.py:115} INFO - [2022-07-20 17:52:19,332] {dag.py:2420} INFO - Sync 2 DAGs
[2022-07-20 17:52:19,659] {logging_mixin.py:115} INFO - [2022-07-20 17:52:19,658] {dag.py:2972} INFO - Setting next_dagrun for example_external_task_marker_child to None, run_after=None
[2022-07-20 17:52:19,660] {logging_mixin.py:115} INFO - [2022-07-20 17:52:19,660] {dag.py:2972} INFO - Setting next_dagrun for example_external_task_marker_parent to None, run_after=None
[2022-07-20 17:52:19,920] {processor.py:161} INFO - Processing /home/airflow/.local/lib/python3.7/site-packages/airflow/example_dags/example_external_task_marker_dag.py took 0.839 seconds
[2022-07-20 17:52:50,031] {processor.py:153} INFO - Started process (PID=407) to work on /home/airflow/.local/lib/python3.7/site-packages/airflow/example_dags/example_external_task_marker_dag.py
[2022-07-20 17:52:50,033] {processor.py:641} INFO - Processing file /home/airflow/.local/lib/python3.7/site-packages/airflow/example_dags/example_external_task_marker_dag.py for tasks to queue
[2022-07-20 17:52:50,034] {logging_mixin.py:115} INFO - [2022-07-20 17:52:50,034] {dagbag.py:508} INFO - Filling up the DagBag from /home/airflow/.local/lib/python3.7/site-packages/airflow/example_dags/example_external_task_marker_dag.py
[2022-07-20 17:52:50,415] {processor.py:651} INFO - DAG(s) dict_keys(['example_external_task_marker_parent', 'example_external_task_marker_child']) retrieved from /home/airflow/.local/lib/python3.7/site-packages/airflow/example_dags/example_external_task_marker_dag.py
[2022-07-20 17:52:50,544] {logging_mixin.py:115} INFO - [2022-07-20 17:52:50,544] {dag.py:2420} INFO - Sync 2 DAGs
[2022-07-20 17:52:50,889] {logging_mixin.py:115} INFO - [2022-07-20 17:52:50,889] {dag.py:2972} INFO - Setting next_dagrun for example_external_task_marker_child to None, run_after=None
[2022-07-20 17:52:50,891] {logging_mixin.py:115} INFO - [2022-07-20 17:52:50,890] {dag.py:2972} INFO - Setting next_dagrun for example_external_task_marker_parent to None, run_after=None
[2022-07-20 17:52:51,257] {processor.py:161} INFO - Processing /home/airflow/.local/lib/python3.7/site-packages/airflow/example_dags/example_external_task_marker_dag.py took 1.232 seconds
[2022-07-20 17:53:21,692] {processor.py:153} INFO - Started process (PID=460) to work on /home/airflow/.local/lib/python3.7/site-packages/airflow/example_dags/example_external_task_marker_dag.py
[2022-07-20 17:53:21,696] {processor.py:641} INFO - Processing file /home/airflow/.local/lib/python3.7/site-packages/airflow/example_dags/example_external_task_marker_dag.py for tasks to queue
[2022-07-20 17:53:21,699] {logging_mixin.py:115} INFO - [2022-07-20 17:53:21,699] {dagbag.py:508} INFO - Filling up the DagBag from /home/airflow/.local/lib/python3.7/site-packages/airflow/example_dags/example_external_task_marker_dag.py
[2022-07-20 17:53:21,713] {processor.py:651} INFO - DAG(s) dict_keys(['example_external_task_marker_parent', 'example_external_task_marker_child']) retrieved from /home/airflow/.local/lib/python3.7/site-packages/airflow/example_dags/example_external_task_marker_dag.py
[2022-07-20 17:53:21,854] {logging_mixin.py:115} INFO - [2022-07-20 17:53:21,854] {dag.py:2420} INFO - Sync 2 DAGs
[2022-07-20 17:53:22,261] {logging_mixin.py:115} INFO - [2022-07-20 17:53:22,261] {dag.py:2972} INFO - Setting next_dagrun for example_external_task_marker_child to None, run_after=None
[2022-07-20 17:53:22,262] {logging_mixin.py:115} INFO - [2022-07-20 17:53:22,262] {dag.py:2972} INFO - Setting next_dagrun for example_external_task_marker_parent to None, run_after=None
[2022-07-20 17:53:22,357] {processor.py:161} INFO - Processing /home/airflow/.local/lib/python3.7/site-packages/airflow/example_dags/example_external_task_marker_dag.py took 0.675 seconds
[2022-07-20 17:53:52,519] {processor.py:153} INFO - Started process (PID=512) to work on /home/airflow/.local/lib/python3.7/site-packages/airflow/example_dags/example_external_task_marker_dag.py
[2022-07-20 17:53:52,520] {processor.py:641} INFO - Processing file /home/airflow/.local/lib/python3.7/site-packages/airflow/example_dags/example_external_task_marker_dag.py for tasks to queue
[2022-07-20 17:53:52,522] {logging_mixin.py:115} INFO - [2022-07-20 17:53:52,522] {dagbag.py:508} INFO - Filling up the DagBag from /home/airflow/.local/lib/python3.7/site-packages/airflow/example_dags/example_external_task_marker_dag.py
[2022-07-20 17:53:52,534] {processor.py:651} INFO - DAG(s) dict_keys(['example_external_task_marker_parent', 'example_external_task_marker_child']) retrieved from /home/airflow/.local/lib/python3.7/site-packages/airflow/example_dags/example_external_task_marker_dag.py
[2022-07-20 17:53:52,643] {logging_mixin.py:115} INFO - [2022-07-20 17:53:52,642] {dag.py:2420} INFO - Sync 2 DAGs
[2022-07-20 17:53:52,883] {logging_mixin.py:115} INFO - [2022-07-20 17:53:52,883] {dag.py:2972} INFO - Setting next_dagrun for example_external_task_marker_child to None, run_after=None
[2022-07-20 17:53:52,884] {logging_mixin.py:115} INFO - [2022-07-20 17:53:52,884] {dag.py:2972} INFO - Setting next_dagrun for example_external_task_marker_parent to None, run_after=None
[2022-07-20 17:53:52,980] {processor.py:161} INFO - Processing /home/airflow/.local/lib/python3.7/site-packages/airflow/example_dags/example_external_task_marker_dag.py took 0.472 seconds
[2022-07-20 17:54:23,236] {processor.py:153} INFO - Started process (PID=563) to work on /home/airflow/.local/lib/python3.7/site-packages/airflow/example_dags/example_external_task_marker_dag.py
[2022-07-20 17:54:23,238] {processor.py:641} INFO - Processing file /home/airflow/.local/lib/python3.7/site-packages/airflow/example_dags/example_external_task_marker_dag.py for tasks to queue
[2022-07-20 17:54:23,239] {logging_mixin.py:115} INFO - [2022-07-20 17:54:23,239] {dagbag.py:508} INFO - Filling up the DagBag from /home/airflow/.local/lib/python3.7/site-packages/airflow/example_dags/example_external_task_marker_dag.py
[2022-07-20 17:54:23,255] {processor.py:651} INFO - DAG(s) dict_keys(['example_external_task_marker_parent', 'example_external_task_marker_child']) retrieved from /home/airflow/.local/lib/python3.7/site-packages/airflow/example_dags/example_external_task_marker_dag.py
[2022-07-20 17:54:23,422] {logging_mixin.py:115} INFO - [2022-07-20 17:54:23,421] {dag.py:2420} INFO - Sync 2 DAGs
[2022-07-20 17:54:23,726] {logging_mixin.py:115} INFO - [2022-07-20 17:54:23,726] {dag.py:2972} INFO - Setting next_dagrun for example_external_task_marker_child to None, run_after=None
[2022-07-20 17:54:23,727] {logging_mixin.py:115} INFO - [2022-07-20 17:54:23,727] {dag.py:2972} INFO - Setting next_dagrun for example_external_task_marker_parent to None, run_after=None
[2022-07-20 17:54:23,961] {processor.py:161} INFO - Processing /home/airflow/.local/lib/python3.7/site-packages/airflow/example_dags/example_external_task_marker_dag.py took 0.734 seconds
[2022-07-20 17:54:54,185] {processor.py:153} INFO - Started process (PID=615) to work on /home/airflow/.local/lib/python3.7/site-packages/airflow/example_dags/example_external_task_marker_dag.py
[2022-07-20 17:54:54,187] {processor.py:641} INFO - Processing file /home/airflow/.local/lib/python3.7/site-packages/airflow/example_dags/example_external_task_marker_dag.py for tasks to queue
[2022-07-20 17:54:54,189] {logging_mixin.py:115} INFO - [2022-07-20 17:54:54,189] {dagbag.py:508} INFO - Filling up the DagBag from /home/airflow/.local/lib/python3.7/site-packages/airflow/example_dags/example_external_task_marker_dag.py
[2022-07-20 17:54:54,223] {processor.py:651} INFO - DAG(s) dict_keys(['example_external_task_marker_parent', 'example_external_task_marker_child']) retrieved from /home/airflow/.local/lib/python3.7/site-packages/airflow/example_dags/example_external_task_marker_dag.py
[2022-07-20 17:54:54,441] {logging_mixin.py:115} INFO - [2022-07-20 17:54:54,441] {dag.py:2420} INFO - Sync 2 DAGs
[2022-07-20 17:54:54,908] {logging_mixin.py:115} INFO - [2022-07-20 17:54:54,908] {dag.py:2972} INFO - Setting next_dagrun for example_external_task_marker_child to None, run_after=None
[2022-07-20 17:54:54,909] {logging_mixin.py:115} INFO - [2022-07-20 17:54:54,909] {dag.py:2972} INFO - Setting next_dagrun for example_external_task_marker_parent to None, run_after=None
[2022-07-20 17:54:55,076] {processor.py:161} INFO - Processing /home/airflow/.local/lib/python3.7/site-packages/airflow/example_dags/example_external_task_marker_dag.py took 0.908 seconds
[2022-07-20 17:55:25,205] {processor.py:153} INFO - Started process (PID=667) to work on /home/airflow/.local/lib/python3.7/site-packages/airflow/example_dags/example_external_task_marker_dag.py
[2022-07-20 17:55:25,206] {processor.py:641} INFO - Processing file /home/airflow/.local/lib/python3.7/site-packages/airflow/example_dags/example_external_task_marker_dag.py for tasks to queue
[2022-07-20 17:55:25,208] {logging_mixin.py:115} INFO - [2022-07-20 17:55:25,208] {dagbag.py:508} INFO - Filling up the DagBag from /home/airflow/.local/lib/python3.7/site-packages/airflow/example_dags/example_external_task_marker_dag.py
[2022-07-20 17:55:25,216] {processor.py:651} INFO - DAG(s) dict_keys(['example_external_task_marker_parent', 'example_external_task_marker_child']) retrieved from /home/airflow/.local/lib/python3.7/site-packages/airflow/example_dags/example_external_task_marker_dag.py
[2022-07-20 17:55:25,490] {logging_mixin.py:115} INFO - [2022-07-20 17:55:25,490] {dag.py:2420} INFO - Sync 2 DAGs
[2022-07-20 17:55:25,763] {logging_mixin.py:115} INFO - [2022-07-20 17:55:25,763] {dag.py:2972} INFO - Setting next_dagrun for example_external_task_marker_child to None, run_after=None
[2022-07-20 17:55:25,764] {logging_mixin.py:115} INFO - [2022-07-20 17:55:25,764] {dag.py:2972} INFO - Setting next_dagrun for example_external_task_marker_parent to None, run_after=None
[2022-07-20 17:55:26,390] {processor.py:161} INFO - Processing /home/airflow/.local/lib/python3.7/site-packages/airflow/example_dags/example_external_task_marker_dag.py took 1.191 seconds
[2022-07-20 17:55:57,193] {processor.py:153} INFO - Started process (PID=720) to work on /home/airflow/.local/lib/python3.7/site-packages/airflow/example_dags/example_external_task_marker_dag.py
[2022-07-20 17:55:57,195] {processor.py:641} INFO - Processing file /home/airflow/.local/lib/python3.7/site-packages/airflow/example_dags/example_external_task_marker_dag.py for tasks to queue
[2022-07-20 17:55:57,198] {logging_mixin.py:115} INFO - [2022-07-20 17:55:57,198] {dagbag.py:508} INFO - Filling up the DagBag from /home/airflow/.local/lib/python3.7/site-packages/airflow/example_dags/example_external_task_marker_dag.py
[2022-07-20 17:55:57,223] {processor.py:651} INFO - DAG(s) dict_keys(['example_external_task_marker_parent', 'example_external_task_marker_child']) retrieved from /home/airflow/.local/lib/python3.7/site-packages/airflow/example_dags/example_external_task_marker_dag.py
[2022-07-20 17:55:57,417] {logging_mixin.py:115} INFO - [2022-07-20 17:55:57,417] {dag.py:2420} INFO - Sync 2 DAGs
[2022-07-20 17:55:57,694] {logging_mixin.py:115} INFO - [2022-07-20 17:55:57,693] {dag.py:2972} INFO - Setting next_dagrun for example_external_task_marker_child to None, run_after=None
[2022-07-20 17:55:57,695] {logging_mixin.py:115} INFO - [2022-07-20 17:55:57,695] {dag.py:2972} INFO - Setting next_dagrun for example_external_task_marker_parent to None, run_after=None
[2022-07-20 17:55:57,816] {processor.py:161} INFO - Processing /home/airflow/.local/lib/python3.7/site-packages/airflow/example_dags/example_external_task_marker_dag.py took 0.634 seconds
[2022-07-20 17:56:28,656] {processor.py:153} INFO - Started process (PID=772) to work on /home/airflow/.local/lib/python3.7/site-packages/airflow/example_dags/example_external_task_marker_dag.py
[2022-07-20 17:56:28,659] {processor.py:641} INFO - Processing file /home/airflow/.local/lib/python3.7/site-packages/airflow/example_dags/example_external_task_marker_dag.py for tasks to queue
[2022-07-20 17:56:28,661] {logging_mixin.py:115} INFO - [2022-07-20 17:56:28,661] {dagbag.py:508} INFO - Filling up the DagBag from /home/airflow/.local/lib/python3.7/site-packages/airflow/example_dags/example_external_task_marker_dag.py
[2022-07-20 17:56:28,698] {processor.py:651} INFO - DAG(s) dict_keys(['example_external_task_marker_parent', 'example_external_task_marker_child']) retrieved from /home/airflow/.local/lib/python3.7/site-packages/airflow/example_dags/example_external_task_marker_dag.py
[2022-07-20 17:56:28,925] {logging_mixin.py:115} INFO - [2022-07-20 17:56:28,925] {dag.py:2420} INFO - Sync 2 DAGs
[2022-07-20 17:56:29,278] {logging_mixin.py:115} INFO - [2022-07-20 17:56:29,277] {dag.py:2972} INFO - Setting next_dagrun for example_external_task_marker_child to None, run_after=None
[2022-07-20 17:56:29,279] {logging_mixin.py:115} INFO - [2022-07-20 17:56:29,278] {dag.py:2972} INFO - Setting next_dagrun for example_external_task_marker_parent to None, run_after=None
[2022-07-20 17:56:29,520] {processor.py:161} INFO - Processing /home/airflow/.local/lib/python3.7/site-packages/airflow/example_dags/example_external_task_marker_dag.py took 0.896 seconds
[2022-07-20 17:57:03,754] {processor.py:153} INFO - Started process (PID=825) to work on /home/airflow/.local/lib/python3.7/site-packages/airflow/example_dags/example_external_task_marker_dag.py
[2022-07-20 17:57:04,432] {processor.py:641} INFO - Processing file /home/airflow/.local/lib/python3.7/site-packages/airflow/example_dags/example_external_task_marker_dag.py for tasks to queue
[2022-07-20 17:57:04,434] {logging_mixin.py:115} INFO - [2022-07-20 17:57:04,434] {dagbag.py:508} INFO - Filling up the DagBag from /home/airflow/.local/lib/python3.7/site-packages/airflow/example_dags/example_external_task_marker_dag.py
[2022-07-20 17:57:04,445] {processor.py:651} INFO - DAG(s) dict_keys(['example_external_task_marker_parent', 'example_external_task_marker_child']) retrieved from /home/airflow/.local/lib/python3.7/site-packages/airflow/example_dags/example_external_task_marker_dag.py
[2022-07-20 17:57:04,540] {logging_mixin.py:115} INFO - [2022-07-20 17:57:04,540] {dag.py:2420} INFO - Sync 2 DAGs
[2022-07-20 17:57:04,755] {logging_mixin.py:115} INFO - [2022-07-20 17:57:04,755] {dag.py:2972} INFO - Setting next_dagrun for example_external_task_marker_child to None, run_after=None
[2022-07-20 17:57:04,756] {logging_mixin.py:115} INFO - [2022-07-20 17:57:04,756] {dag.py:2972} INFO - Setting next_dagrun for example_external_task_marker_parent to None, run_after=None
[2022-07-20 17:57:05,372] {processor.py:161} INFO - Processing /home/airflow/.local/lib/python3.7/site-packages/airflow/example_dags/example_external_task_marker_dag.py took 1.626 seconds
[2022-07-20 17:57:36,571] {processor.py:153} INFO - Started process (PID=877) to work on /home/airflow/.local/lib/python3.7/site-packages/airflow/example_dags/example_external_task_marker_dag.py
[2022-07-20 17:57:36,577] {processor.py:641} INFO - Processing file /home/airflow/.local/lib/python3.7/site-packages/airflow/example_dags/example_external_task_marker_dag.py for tasks to queue
[2022-07-20 17:57:36,581] {logging_mixin.py:115} INFO - [2022-07-20 17:57:36,580] {dagbag.py:508} INFO - Filling up the DagBag from /home/airflow/.local/lib/python3.7/site-packages/airflow/example_dags/example_external_task_marker_dag.py
[2022-07-20 17:57:36,641] {processor.py:651} INFO - DAG(s) dict_keys(['example_external_task_marker_parent', 'example_external_task_marker_child']) retrieved from /home/airflow/.local/lib/python3.7/site-packages/airflow/example_dags/example_external_task_marker_dag.py
[2022-07-20 17:57:36,934] {logging_mixin.py:115} INFO - [2022-07-20 17:57:36,933] {dag.py:2420} INFO - Sync 2 DAGs
[2022-07-20 17:57:37,539] {logging_mixin.py:115} INFO - [2022-07-20 17:57:37,539] {dag.py:2972} INFO - Setting next_dagrun for example_external_task_marker_child to None, run_after=None
[2022-07-20 17:57:37,543] {logging_mixin.py:115} INFO - [2022-07-20 17:57:37,543] {dag.py:2972} INFO - Setting next_dagrun for example_external_task_marker_parent to None, run_after=None
[2022-07-20 17:57:37,729] {processor.py:161} INFO - Processing /home/airflow/.local/lib/python3.7/site-packages/airflow/example_dags/example_external_task_marker_dag.py took 1.199 seconds
[2022-07-20 17:58:08,490] {processor.py:153} INFO - Started process (PID=920) to work on /home/airflow/.local/lib/python3.7/site-packages/airflow/example_dags/example_external_task_marker_dag.py
[2022-07-20 17:58:08,492] {processor.py:641} INFO - Processing file /home/airflow/.local/lib/python3.7/site-packages/airflow/example_dags/example_external_task_marker_dag.py for tasks to queue
[2022-07-20 17:58:08,493] {logging_mixin.py:115} INFO - [2022-07-20 17:58:08,493] {dagbag.py:508} INFO - Filling up the DagBag from /home/airflow/.local/lib/python3.7/site-packages/airflow/example_dags/example_external_task_marker_dag.py
[2022-07-20 17:58:08,505] {processor.py:651} INFO - DAG(s) dict_keys(['example_external_task_marker_parent', 'example_external_task_marker_child']) retrieved from /home/airflow/.local/lib/python3.7/site-packages/airflow/example_dags/example_external_task_marker_dag.py
[2022-07-20 17:58:08,644] {logging_mixin.py:115} INFO - [2022-07-20 17:58:08,644] {dag.py:2420} INFO - Sync 2 DAGs
[2022-07-20 17:58:09,020] {logging_mixin.py:115} INFO - [2022-07-20 17:58:09,020] {dag.py:2972} INFO - Setting next_dagrun for example_external_task_marker_child to None, run_after=None
[2022-07-20 17:58:09,021] {logging_mixin.py:115} INFO - [2022-07-20 17:58:09,020] {dag.py:2972} INFO - Setting next_dagrun for example_external_task_marker_parent to None, run_after=None
[2022-07-20 17:58:09,376] {processor.py:161} INFO - Processing /home/airflow/.local/lib/python3.7/site-packages/airflow/example_dags/example_external_task_marker_dag.py took 0.892 seconds
[2022-07-20 17:58:39,510] {processor.py:153} INFO - Started process (PID=973) to work on /home/airflow/.local/lib/python3.7/site-packages/airflow/example_dags/example_external_task_marker_dag.py
[2022-07-20 17:58:39,511] {processor.py:641} INFO - Processing file /home/airflow/.local/lib/python3.7/site-packages/airflow/example_dags/example_external_task_marker_dag.py for tasks to queue
[2022-07-20 17:58:39,513] {logging_mixin.py:115} INFO - [2022-07-20 17:58:39,513] {dagbag.py:508} INFO - Filling up the DagBag from /home/airflow/.local/lib/python3.7/site-packages/airflow/example_dags/example_external_task_marker_dag.py
[2022-07-20 17:58:39,524] {processor.py:651} INFO - DAG(s) dict_keys(['example_external_task_marker_parent', 'example_external_task_marker_child']) retrieved from /home/airflow/.local/lib/python3.7/site-packages/airflow/example_dags/example_external_task_marker_dag.py
[2022-07-20 17:58:39,653] {logging_mixin.py:115} INFO - [2022-07-20 17:58:39,652] {dag.py:2420} INFO - Sync 2 DAGs
[2022-07-20 17:58:39,971] {logging_mixin.py:115} INFO - [2022-07-20 17:58:39,970] {dag.py:2972} INFO - Setting next_dagrun for example_external_task_marker_child to None, run_after=None
[2022-07-20 17:58:39,972] {logging_mixin.py:115} INFO - [2022-07-20 17:58:39,972] {dag.py:2972} INFO - Setting next_dagrun for example_external_task_marker_parent to None, run_after=None
[2022-07-20 17:58:40,094] {processor.py:161} INFO - Processing /home/airflow/.local/lib/python3.7/site-packages/airflow/example_dags/example_external_task_marker_dag.py took 0.592 seconds
[2022-07-20 17:59:10,392] {processor.py:153} INFO - Started process (PID=1025) to work on /home/airflow/.local/lib/python3.7/site-packages/airflow/example_dags/example_external_task_marker_dag.py
[2022-07-20 17:59:10,394] {processor.py:641} INFO - Processing file /home/airflow/.local/lib/python3.7/site-packages/airflow/example_dags/example_external_task_marker_dag.py for tasks to queue
[2022-07-20 17:59:10,395] {logging_mixin.py:115} INFO - [2022-07-20 17:59:10,395] {dagbag.py:508} INFO - Filling up the DagBag from /home/airflow/.local/lib/python3.7/site-packages/airflow/example_dags/example_external_task_marker_dag.py
[2022-07-20 17:59:10,405] {processor.py:651} INFO - DAG(s) dict_keys(['example_external_task_marker_parent', 'example_external_task_marker_child']) retrieved from /home/airflow/.local/lib/python3.7/site-packages/airflow/example_dags/example_external_task_marker_dag.py
[2022-07-20 17:59:10,545] {logging_mixin.py:115} INFO - [2022-07-20 17:59:10,544] {dag.py:2420} INFO - Sync 2 DAGs
[2022-07-20 17:59:10,810] {logging_mixin.py:115} INFO - [2022-07-20 17:59:10,810] {dag.py:2972} INFO - Setting next_dagrun for example_external_task_marker_child to None, run_after=None
[2022-07-20 17:59:10,817] {logging_mixin.py:115} INFO - [2022-07-20 17:59:10,817] {dag.py:2972} INFO - Setting next_dagrun for example_external_task_marker_parent to None, run_after=None
[2022-07-20 17:59:10,892] {processor.py:161} INFO - Processing /home/airflow/.local/lib/python3.7/site-packages/airflow/example_dags/example_external_task_marker_dag.py took 0.507 seconds
[2022-07-20 17:59:44,736] {processor.py:153} INFO - Started process (PID=1082) to work on /home/airflow/.local/lib/python3.7/site-packages/airflow/example_dags/example_external_task_marker_dag.py
[2022-07-20 17:59:44,745] {processor.py:641} INFO - Processing file /home/airflow/.local/lib/python3.7/site-packages/airflow/example_dags/example_external_task_marker_dag.py for tasks to queue
[2022-07-20 17:59:44,747] {logging_mixin.py:115} INFO - [2022-07-20 17:59:44,747] {dagbag.py:508} INFO - Filling up the DagBag from /home/airflow/.local/lib/python3.7/site-packages/airflow/example_dags/example_external_task_marker_dag.py
[2022-07-20 17:59:44,787] {processor.py:651} INFO - DAG(s) dict_keys(['example_external_task_marker_parent', 'example_external_task_marker_child']) retrieved from /home/airflow/.local/lib/python3.7/site-packages/airflow/example_dags/example_external_task_marker_dag.py
[2022-07-20 17:59:45,479] {logging_mixin.py:115} INFO - [2022-07-20 17:59:45,479] {dag.py:2420} INFO - Sync 2 DAGs
[2022-07-20 17:59:45,597] {logging_mixin.py:115} INFO - [2022-07-20 17:59:45,597] {dag.py:2972} INFO - Setting next_dagrun for example_external_task_marker_child to None, run_after=None
[2022-07-20 17:59:45,608] {logging_mixin.py:115} INFO - [2022-07-20 17:59:45,608] {dag.py:2972} INFO - Setting next_dagrun for example_external_task_marker_parent to None, run_after=None
[2022-07-20 17:59:45,754] {processor.py:161} INFO - Processing /home/airflow/.local/lib/python3.7/site-packages/airflow/example_dags/example_external_task_marker_dag.py took 1.032 seconds
[2022-07-20 18:00:16,835] {processor.py:153} INFO - Started process (PID=1136) to work on /home/airflow/.local/lib/python3.7/site-packages/airflow/example_dags/example_external_task_marker_dag.py
[2022-07-20 18:00:16,837] {processor.py:641} INFO - Processing file /home/airflow/.local/lib/python3.7/site-packages/airflow/example_dags/example_external_task_marker_dag.py for tasks to queue
[2022-07-20 18:00:16,839] {logging_mixin.py:115} INFO - [2022-07-20 18:00:16,839] {dagbag.py:508} INFO - Filling up the DagBag from /home/airflow/.local/lib/python3.7/site-packages/airflow/example_dags/example_external_task_marker_dag.py
[2022-07-20 18:00:16,854] {processor.py:651} INFO - DAG(s) dict_keys(['example_external_task_marker_parent', 'example_external_task_marker_child']) retrieved from /home/airflow/.local/lib/python3.7/site-packages/airflow/example_dags/example_external_task_marker_dag.py
[2022-07-20 18:00:17,742] {logging_mixin.py:115} INFO - [2022-07-20 18:00:17,742] {dag.py:2420} INFO - Sync 2 DAGs
[2022-07-20 18:00:17,807] {logging_mixin.py:115} INFO - [2022-07-20 18:00:17,807] {dag.py:2972} INFO - Setting next_dagrun for example_external_task_marker_child to None, run_after=None
[2022-07-20 18:00:17,809] {logging_mixin.py:115} INFO - [2022-07-20 18:00:17,808] {dag.py:2972} INFO - Setting next_dagrun for example_external_task_marker_parent to None, run_after=None
[2022-07-20 18:00:17,883] {processor.py:161} INFO - Processing /home/airflow/.local/lib/python3.7/site-packages/airflow/example_dags/example_external_task_marker_dag.py took 1.059 seconds
[2022-07-20 18:00:48,710] {processor.py:153} INFO - Started process (PID=1187) to work on /home/airflow/.local/lib/python3.7/site-packages/airflow/example_dags/example_external_task_marker_dag.py
[2022-07-20 18:00:48,725] {processor.py:641} INFO - Processing file /home/airflow/.local/lib/python3.7/site-packages/airflow/example_dags/example_external_task_marker_dag.py for tasks to queue
[2022-07-20 18:00:48,728] {logging_mixin.py:115} INFO - [2022-07-20 18:00:48,727] {dagbag.py:508} INFO - Filling up the DagBag from /home/airflow/.local/lib/python3.7/site-packages/airflow/example_dags/example_external_task_marker_dag.py
[2022-07-20 18:00:48,780] {processor.py:651} INFO - DAG(s) dict_keys(['example_external_task_marker_parent', 'example_external_task_marker_child']) retrieved from /home/airflow/.local/lib/python3.7/site-packages/airflow/example_dags/example_external_task_marker_dag.py
[2022-07-20 18:00:49,744] {logging_mixin.py:115} INFO - [2022-07-20 18:00:49,744] {dag.py:2420} INFO - Sync 2 DAGs
[2022-07-20 18:00:49,799] {logging_mixin.py:115} INFO - [2022-07-20 18:00:49,799] {dag.py:2972} INFO - Setting next_dagrun for example_external_task_marker_child to None, run_after=None
[2022-07-20 18:00:49,801] {logging_mixin.py:115} INFO - [2022-07-20 18:00:49,800] {dag.py:2972} INFO - Setting next_dagrun for example_external_task_marker_parent to None, run_after=None
[2022-07-20 18:00:49,930] {processor.py:161} INFO - Processing /home/airflow/.local/lib/python3.7/site-packages/airflow/example_dags/example_external_task_marker_dag.py took 1.277 seconds
