[2022-07-20 17:06:26,113] {processor.py:153} INFO - Started process (PID=182) to work on /home/airflow/.local/lib/python3.7/site-packages/airflow/example_dags/example_branch_datetime_operator.py
[2022-07-20 17:06:26,116] {processor.py:641} INFO - Processing file /home/airflow/.local/lib/python3.7/site-packages/airflow/example_dags/example_branch_datetime_operator.py for tasks to queue
[2022-07-20 17:06:26,120] {logging_mixin.py:115} INFO - [2022-07-20 17:06:26,120] {dagbag.py:508} INFO - Filling up the DagBag from /home/airflow/.local/lib/python3.7/site-packages/airflow/example_dags/example_branch_datetime_operator.py
[2022-07-20 17:06:26,187] {processor.py:651} INFO - DAG(s) dict_keys(['example_branch_datetime_operator', 'example_branch_datetime_operator_2']) retrieved from /home/airflow/.local/lib/python3.7/site-packages/airflow/example_dags/example_branch_datetime_operator.py
[2022-07-20 17:06:26,281] {logging_mixin.py:115} INFO - [2022-07-20 17:06:26,280] {dag.py:2420} INFO - Sync 2 DAGs
[2022-07-20 17:06:26,624] {logging_mixin.py:115} INFO - [2022-07-20 17:06:26,624] {dag.py:2972} INFO - Setting next_dagrun for example_branch_datetime_operator to 2022-07-19T00:00:00+00:00, run_after=2022-07-20T00:00:00+00:00
[2022-07-20 17:06:26,632] {logging_mixin.py:115} INFO - [2022-07-20 17:06:26,631] {dag.py:2972} INFO - Setting next_dagrun for example_branch_datetime_operator_2 to 2022-07-19T00:00:00+00:00, run_after=2022-07-20T00:00:00+00:00
[2022-07-20 17:06:26,858] {processor.py:161} INFO - Processing /home/airflow/.local/lib/python3.7/site-packages/airflow/example_dags/example_branch_datetime_operator.py took 0.756 seconds
[2022-07-20 17:06:58,626] {processor.py:153} INFO - Started process (PID=234) to work on /home/airflow/.local/lib/python3.7/site-packages/airflow/example_dags/example_branch_datetime_operator.py
[2022-07-20 17:06:58,642] {processor.py:641} INFO - Processing file /home/airflow/.local/lib/python3.7/site-packages/airflow/example_dags/example_branch_datetime_operator.py for tasks to queue
[2022-07-20 17:06:58,646] {logging_mixin.py:115} INFO - [2022-07-20 17:06:58,646] {dagbag.py:508} INFO - Filling up the DagBag from /home/airflow/.local/lib/python3.7/site-packages/airflow/example_dags/example_branch_datetime_operator.py
[2022-07-20 17:06:58,706] {processor.py:651} INFO - DAG(s) dict_keys(['example_branch_datetime_operator', 'example_branch_datetime_operator_2']) retrieved from /home/airflow/.local/lib/python3.7/site-packages/airflow/example_dags/example_branch_datetime_operator.py
[2022-07-20 17:06:58,829] {logging_mixin.py:115} INFO - [2022-07-20 17:06:58,829] {dag.py:2420} INFO - Sync 2 DAGs
[2022-07-20 17:06:59,648] {logging_mixin.py:115} INFO - [2022-07-20 17:06:59,642] {dag.py:2972} INFO - Setting next_dagrun for example_branch_datetime_operator to 2022-07-19T00:00:00+00:00, run_after=2022-07-20T00:00:00+00:00
[2022-07-20 17:06:59,657] {logging_mixin.py:115} INFO - [2022-07-20 17:06:59,657] {dag.py:2972} INFO - Setting next_dagrun for example_branch_datetime_operator_2 to 2022-07-19T00:00:00+00:00, run_after=2022-07-20T00:00:00+00:00
[2022-07-20 17:06:59,865] {processor.py:161} INFO - Processing /home/airflow/.local/lib/python3.7/site-packages/airflow/example_dags/example_branch_datetime_operator.py took 1.248 seconds
[2022-07-20 17:07:32,290] {processor.py:153} INFO - Started process (PID=286) to work on /home/airflow/.local/lib/python3.7/site-packages/airflow/example_dags/example_branch_datetime_operator.py
[2022-07-20 17:07:32,300] {processor.py:641} INFO - Processing file /home/airflow/.local/lib/python3.7/site-packages/airflow/example_dags/example_branch_datetime_operator.py for tasks to queue
[2022-07-20 17:07:32,302] {logging_mixin.py:115} INFO - [2022-07-20 17:07:32,302] {dagbag.py:508} INFO - Filling up the DagBag from /home/airflow/.local/lib/python3.7/site-packages/airflow/example_dags/example_branch_datetime_operator.py
[2022-07-20 17:07:32,375] {processor.py:651} INFO - DAG(s) dict_keys(['example_branch_datetime_operator', 'example_branch_datetime_operator_2']) retrieved from /home/airflow/.local/lib/python3.7/site-packages/airflow/example_dags/example_branch_datetime_operator.py
[2022-07-20 17:07:32,538] {logging_mixin.py:115} INFO - [2022-07-20 17:07:32,538] {dag.py:2420} INFO - Sync 2 DAGs
[2022-07-20 17:07:32,862] {logging_mixin.py:115} INFO - [2022-07-20 17:07:32,862] {dag.py:2972} INFO - Setting next_dagrun for example_branch_datetime_operator to 2022-07-19T00:00:00+00:00, run_after=2022-07-20T00:00:00+00:00
[2022-07-20 17:07:32,870] {logging_mixin.py:115} INFO - [2022-07-20 17:07:32,870] {dag.py:2972} INFO - Setting next_dagrun for example_branch_datetime_operator_2 to 2022-07-19T00:00:00+00:00, run_after=2022-07-20T00:00:00+00:00
[2022-07-20 17:07:33,083] {processor.py:161} INFO - Processing /home/airflow/.local/lib/python3.7/site-packages/airflow/example_dags/example_branch_datetime_operator.py took 0.814 seconds
[2022-07-20 17:08:08,131] {processor.py:153} INFO - Started process (PID=339) to work on /home/airflow/.local/lib/python3.7/site-packages/airflow/example_dags/example_branch_datetime_operator.py
[2022-07-20 17:08:08,142] {processor.py:641} INFO - Processing file /home/airflow/.local/lib/python3.7/site-packages/airflow/example_dags/example_branch_datetime_operator.py for tasks to queue
[2022-07-20 17:08:08,148] {logging_mixin.py:115} INFO - [2022-07-20 17:08:08,145] {dagbag.py:508} INFO - Filling up the DagBag from /home/airflow/.local/lib/python3.7/site-packages/airflow/example_dags/example_branch_datetime_operator.py
[2022-07-20 17:08:08,335] {processor.py:651} INFO - DAG(s) dict_keys(['example_branch_datetime_operator', 'example_branch_datetime_operator_2']) retrieved from /home/airflow/.local/lib/python3.7/site-packages/airflow/example_dags/example_branch_datetime_operator.py
[2022-07-20 17:08:08,608] {logging_mixin.py:115} INFO - [2022-07-20 17:08:08,608] {dag.py:2420} INFO - Sync 2 DAGs
[2022-07-20 17:08:09,217] {logging_mixin.py:115} INFO - [2022-07-20 17:08:09,217] {dag.py:2972} INFO - Setting next_dagrun for example_branch_datetime_operator to 2022-07-19T00:00:00+00:00, run_after=2022-07-20T00:00:00+00:00
[2022-07-20 17:08:09,225] {logging_mixin.py:115} INFO - [2022-07-20 17:08:09,225] {dag.py:2972} INFO - Setting next_dagrun for example_branch_datetime_operator_2 to 2022-07-19T00:00:00+00:00, run_after=2022-07-20T00:00:00+00:00
[2022-07-20 17:08:09,681] {processor.py:161} INFO - Processing /home/airflow/.local/lib/python3.7/site-packages/airflow/example_dags/example_branch_datetime_operator.py took 1.606 seconds
[2022-07-20 17:08:40,259] {processor.py:153} INFO - Started process (PID=391) to work on /home/airflow/.local/lib/python3.7/site-packages/airflow/example_dags/example_branch_datetime_operator.py
[2022-07-20 17:08:40,262] {processor.py:641} INFO - Processing file /home/airflow/.local/lib/python3.7/site-packages/airflow/example_dags/example_branch_datetime_operator.py for tasks to queue
[2022-07-20 17:08:40,264] {logging_mixin.py:115} INFO - [2022-07-20 17:08:40,264] {dagbag.py:508} INFO - Filling up the DagBag from /home/airflow/.local/lib/python3.7/site-packages/airflow/example_dags/example_branch_datetime_operator.py
[2022-07-20 17:08:40,380] {processor.py:651} INFO - DAG(s) dict_keys(['example_branch_datetime_operator', 'example_branch_datetime_operator_2']) retrieved from /home/airflow/.local/lib/python3.7/site-packages/airflow/example_dags/example_branch_datetime_operator.py
[2022-07-20 17:08:40,681] {logging_mixin.py:115} INFO - [2022-07-20 17:08:40,681] {dag.py:2420} INFO - Sync 2 DAGs
[2022-07-20 17:08:41,549] {logging_mixin.py:115} INFO - [2022-07-20 17:08:41,548] {dag.py:2972} INFO - Setting next_dagrun for example_branch_datetime_operator to 2022-07-19T00:00:00+00:00, run_after=2022-07-20T00:00:00+00:00
[2022-07-20 17:08:41,579] {logging_mixin.py:115} INFO - [2022-07-20 17:08:41,579] {dag.py:2972} INFO - Setting next_dagrun for example_branch_datetime_operator_2 to 2022-07-19T00:00:00+00:00, run_after=2022-07-20T00:00:00+00:00
[2022-07-20 17:08:41,753] {processor.py:161} INFO - Processing /home/airflow/.local/lib/python3.7/site-packages/airflow/example_dags/example_branch_datetime_operator.py took 1.547 seconds
[2022-07-20 17:09:12,413] {processor.py:153} INFO - Started process (PID=442) to work on /home/airflow/.local/lib/python3.7/site-packages/airflow/example_dags/example_branch_datetime_operator.py
[2022-07-20 17:09:12,427] {processor.py:641} INFO - Processing file /home/airflow/.local/lib/python3.7/site-packages/airflow/example_dags/example_branch_datetime_operator.py for tasks to queue
[2022-07-20 17:09:12,432] {logging_mixin.py:115} INFO - [2022-07-20 17:09:12,432] {dagbag.py:508} INFO - Filling up the DagBag from /home/airflow/.local/lib/python3.7/site-packages/airflow/example_dags/example_branch_datetime_operator.py
[2022-07-20 17:09:12,516] {processor.py:651} INFO - DAG(s) dict_keys(['example_branch_datetime_operator', 'example_branch_datetime_operator_2']) retrieved from /home/airflow/.local/lib/python3.7/site-packages/airflow/example_dags/example_branch_datetime_operator.py
[2022-07-20 17:09:12,750] {logging_mixin.py:115} INFO - [2022-07-20 17:09:12,750] {dag.py:2420} INFO - Sync 2 DAGs
[2022-07-20 17:09:13,151] {logging_mixin.py:115} INFO - [2022-07-20 17:09:13,147] {dag.py:2972} INFO - Setting next_dagrun for example_branch_datetime_operator to 2022-07-19T00:00:00+00:00, run_after=2022-07-20T00:00:00+00:00
[2022-07-20 17:09:13,163] {logging_mixin.py:115} INFO - [2022-07-20 17:09:13,163] {dag.py:2972} INFO - Setting next_dagrun for example_branch_datetime_operator_2 to 2022-07-19T00:00:00+00:00, run_after=2022-07-20T00:00:00+00:00
[2022-07-20 17:09:13,355] {processor.py:161} INFO - Processing /home/airflow/.local/lib/python3.7/site-packages/airflow/example_dags/example_branch_datetime_operator.py took 1.036 seconds
[2022-07-20 17:09:44,007] {processor.py:153} INFO - Started process (PID=495) to work on /home/airflow/.local/lib/python3.7/site-packages/airflow/example_dags/example_branch_datetime_operator.py
[2022-07-20 17:09:44,008] {processor.py:641} INFO - Processing file /home/airflow/.local/lib/python3.7/site-packages/airflow/example_dags/example_branch_datetime_operator.py for tasks to queue
[2022-07-20 17:09:44,010] {logging_mixin.py:115} INFO - [2022-07-20 17:09:44,010] {dagbag.py:508} INFO - Filling up the DagBag from /home/airflow/.local/lib/python3.7/site-packages/airflow/example_dags/example_branch_datetime_operator.py
[2022-07-20 17:09:44,040] {processor.py:651} INFO - DAG(s) dict_keys(['example_branch_datetime_operator', 'example_branch_datetime_operator_2']) retrieved from /home/airflow/.local/lib/python3.7/site-packages/airflow/example_dags/example_branch_datetime_operator.py
[2022-07-20 17:09:44,120] {logging_mixin.py:115} INFO - [2022-07-20 17:09:44,120] {dag.py:2420} INFO - Sync 2 DAGs
[2022-07-20 17:09:44,396] {logging_mixin.py:115} INFO - [2022-07-20 17:09:44,396] {dag.py:2972} INFO - Setting next_dagrun for example_branch_datetime_operator to 2022-07-19T00:00:00+00:00, run_after=2022-07-20T00:00:00+00:00
[2022-07-20 17:09:44,400] {logging_mixin.py:115} INFO - [2022-07-20 17:09:44,400] {dag.py:2972} INFO - Setting next_dagrun for example_branch_datetime_operator_2 to 2022-07-19T00:00:00+00:00, run_after=2022-07-20T00:00:00+00:00
[2022-07-20 17:09:44,464] {processor.py:161} INFO - Processing /home/airflow/.local/lib/python3.7/site-packages/airflow/example_dags/example_branch_datetime_operator.py took 0.467 seconds
[2022-07-20 17:10:14,567] {processor.py:153} INFO - Started process (PID=547) to work on /home/airflow/.local/lib/python3.7/site-packages/airflow/example_dags/example_branch_datetime_operator.py
[2022-07-20 17:10:14,584] {processor.py:641} INFO - Processing file /home/airflow/.local/lib/python3.7/site-packages/airflow/example_dags/example_branch_datetime_operator.py for tasks to queue
[2022-07-20 17:10:14,588] {logging_mixin.py:115} INFO - [2022-07-20 17:10:14,588] {dagbag.py:508} INFO - Filling up the DagBag from /home/airflow/.local/lib/python3.7/site-packages/airflow/example_dags/example_branch_datetime_operator.py
[2022-07-20 17:10:14,629] {processor.py:651} INFO - DAG(s) dict_keys(['example_branch_datetime_operator', 'example_branch_datetime_operator_2']) retrieved from /home/airflow/.local/lib/python3.7/site-packages/airflow/example_dags/example_branch_datetime_operator.py
[2022-07-20 17:10:14,826] {logging_mixin.py:115} INFO - [2022-07-20 17:10:14,826] {dag.py:2420} INFO - Sync 2 DAGs
[2022-07-20 17:10:15,340] {logging_mixin.py:115} INFO - [2022-07-20 17:10:15,340] {dag.py:2972} INFO - Setting next_dagrun for example_branch_datetime_operator to 2022-07-19T00:00:00+00:00, run_after=2022-07-20T00:00:00+00:00
[2022-07-20 17:10:15,357] {logging_mixin.py:115} INFO - [2022-07-20 17:10:15,357] {dag.py:2972} INFO - Setting next_dagrun for example_branch_datetime_operator_2 to 2022-07-19T00:00:00+00:00, run_after=2022-07-20T00:00:00+00:00
[2022-07-20 17:10:15,456] {processor.py:161} INFO - Processing /home/airflow/.local/lib/python3.7/site-packages/airflow/example_dags/example_branch_datetime_operator.py took 0.901 seconds
[2022-07-20 17:10:46,046] {processor.py:153} INFO - Started process (PID=598) to work on /home/airflow/.local/lib/python3.7/site-packages/airflow/example_dags/example_branch_datetime_operator.py
[2022-07-20 17:10:46,049] {processor.py:641} INFO - Processing file /home/airflow/.local/lib/python3.7/site-packages/airflow/example_dags/example_branch_datetime_operator.py for tasks to queue
[2022-07-20 17:10:46,050] {logging_mixin.py:115} INFO - [2022-07-20 17:10:46,050] {dagbag.py:508} INFO - Filling up the DagBag from /home/airflow/.local/lib/python3.7/site-packages/airflow/example_dags/example_branch_datetime_operator.py
[2022-07-20 17:10:46,083] {processor.py:651} INFO - DAG(s) dict_keys(['example_branch_datetime_operator', 'example_branch_datetime_operator_2']) retrieved from /home/airflow/.local/lib/python3.7/site-packages/airflow/example_dags/example_branch_datetime_operator.py
[2022-07-20 17:10:46,250] {logging_mixin.py:115} INFO - [2022-07-20 17:10:46,250] {dag.py:2420} INFO - Sync 2 DAGs
[2022-07-20 17:10:46,819] {logging_mixin.py:115} INFO - [2022-07-20 17:10:46,818] {dag.py:2972} INFO - Setting next_dagrun for example_branch_datetime_operator to 2022-07-19T00:00:00+00:00, run_after=2022-07-20T00:00:00+00:00
[2022-07-20 17:10:46,854] {logging_mixin.py:115} INFO - [2022-07-20 17:10:46,854] {dag.py:2972} INFO - Setting next_dagrun for example_branch_datetime_operator_2 to 2022-07-19T00:00:00+00:00, run_after=2022-07-20T00:00:00+00:00
[2022-07-20 17:10:47,004] {processor.py:161} INFO - Processing /home/airflow/.local/lib/python3.7/site-packages/airflow/example_dags/example_branch_datetime_operator.py took 0.969 seconds
[2022-07-20 17:11:17,465] {processor.py:153} INFO - Started process (PID=650) to work on /home/airflow/.local/lib/python3.7/site-packages/airflow/example_dags/example_branch_datetime_operator.py
[2022-07-20 17:11:17,469] {processor.py:641} INFO - Processing file /home/airflow/.local/lib/python3.7/site-packages/airflow/example_dags/example_branch_datetime_operator.py for tasks to queue
[2022-07-20 17:11:17,471] {logging_mixin.py:115} INFO - [2022-07-20 17:11:17,471] {dagbag.py:508} INFO - Filling up the DagBag from /home/airflow/.local/lib/python3.7/site-packages/airflow/example_dags/example_branch_datetime_operator.py
[2022-07-20 17:11:17,527] {processor.py:651} INFO - DAG(s) dict_keys(['example_branch_datetime_operator', 'example_branch_datetime_operator_2']) retrieved from /home/airflow/.local/lib/python3.7/site-packages/airflow/example_dags/example_branch_datetime_operator.py
[2022-07-20 17:11:17,765] {logging_mixin.py:115} INFO - [2022-07-20 17:11:17,765] {dag.py:2420} INFO - Sync 2 DAGs
[2022-07-20 17:11:18,134] {logging_mixin.py:115} INFO - [2022-07-20 17:11:18,134] {dag.py:2972} INFO - Setting next_dagrun for example_branch_datetime_operator to 2022-07-19T00:00:00+00:00, run_after=2022-07-20T00:00:00+00:00
[2022-07-20 17:11:18,139] {logging_mixin.py:115} INFO - [2022-07-20 17:11:18,139] {dag.py:2972} INFO - Setting next_dagrun for example_branch_datetime_operator_2 to 2022-07-19T00:00:00+00:00, run_after=2022-07-20T00:00:00+00:00
[2022-07-20 17:11:18,209] {processor.py:161} INFO - Processing /home/airflow/.local/lib/python3.7/site-packages/airflow/example_dags/example_branch_datetime_operator.py took 0.773 seconds
[2022-07-20 17:11:48,472] {processor.py:153} INFO - Started process (PID=703) to work on /home/airflow/.local/lib/python3.7/site-packages/airflow/example_dags/example_branch_datetime_operator.py
[2022-07-20 17:11:48,477] {processor.py:641} INFO - Processing file /home/airflow/.local/lib/python3.7/site-packages/airflow/example_dags/example_branch_datetime_operator.py for tasks to queue
[2022-07-20 17:11:48,486] {logging_mixin.py:115} INFO - [2022-07-20 17:11:48,486] {dagbag.py:508} INFO - Filling up the DagBag from /home/airflow/.local/lib/python3.7/site-packages/airflow/example_dags/example_branch_datetime_operator.py
[2022-07-20 17:11:48,558] {processor.py:651} INFO - DAG(s) dict_keys(['example_branch_datetime_operator', 'example_branch_datetime_operator_2']) retrieved from /home/airflow/.local/lib/python3.7/site-packages/airflow/example_dags/example_branch_datetime_operator.py
[2022-07-20 17:11:48,660] {logging_mixin.py:115} INFO - [2022-07-20 17:11:48,660] {dag.py:2420} INFO - Sync 2 DAGs
[2022-07-20 17:11:49,026] {logging_mixin.py:115} INFO - [2022-07-20 17:11:49,026] {dag.py:2972} INFO - Setting next_dagrun for example_branch_datetime_operator to 2022-07-19T00:00:00+00:00, run_after=2022-07-20T00:00:00+00:00
[2022-07-20 17:11:49,035] {logging_mixin.py:115} INFO - [2022-07-20 17:11:49,035] {dag.py:2972} INFO - Setting next_dagrun for example_branch_datetime_operator_2 to 2022-07-19T00:00:00+00:00, run_after=2022-07-20T00:00:00+00:00
[2022-07-20 17:11:49,412] {processor.py:161} INFO - Processing /home/airflow/.local/lib/python3.7/site-packages/airflow/example_dags/example_branch_datetime_operator.py took 0.960 seconds
[2022-07-20 17:12:20,111] {processor.py:153} INFO - Started process (PID=755) to work on /home/airflow/.local/lib/python3.7/site-packages/airflow/example_dags/example_branch_datetime_operator.py
[2022-07-20 17:12:20,113] {processor.py:641} INFO - Processing file /home/airflow/.local/lib/python3.7/site-packages/airflow/example_dags/example_branch_datetime_operator.py for tasks to queue
[2022-07-20 17:12:20,114] {logging_mixin.py:115} INFO - [2022-07-20 17:12:20,114] {dagbag.py:508} INFO - Filling up the DagBag from /home/airflow/.local/lib/python3.7/site-packages/airflow/example_dags/example_branch_datetime_operator.py
[2022-07-20 17:12:20,145] {processor.py:651} INFO - DAG(s) dict_keys(['example_branch_datetime_operator', 'example_branch_datetime_operator_2']) retrieved from /home/airflow/.local/lib/python3.7/site-packages/airflow/example_dags/example_branch_datetime_operator.py
[2022-07-20 17:12:20,259] {logging_mixin.py:115} INFO - [2022-07-20 17:12:20,259] {dag.py:2420} INFO - Sync 2 DAGs
[2022-07-20 17:12:20,549] {logging_mixin.py:115} INFO - [2022-07-20 17:12:20,549] {dag.py:2972} INFO - Setting next_dagrun for example_branch_datetime_operator to 2022-07-19T00:00:00+00:00, run_after=2022-07-20T00:00:00+00:00
[2022-07-20 17:12:20,556] {logging_mixin.py:115} INFO - [2022-07-20 17:12:20,555] {dag.py:2972} INFO - Setting next_dagrun for example_branch_datetime_operator_2 to 2022-07-19T00:00:00+00:00, run_after=2022-07-20T00:00:00+00:00
[2022-07-20 17:12:21,692] {processor.py:161} INFO - Processing /home/airflow/.local/lib/python3.7/site-packages/airflow/example_dags/example_branch_datetime_operator.py took 1.590 seconds
[2022-07-20 17:12:51,915] {processor.py:153} INFO - Started process (PID=805) to work on /home/airflow/.local/lib/python3.7/site-packages/airflow/example_dags/example_branch_datetime_operator.py
[2022-07-20 17:12:51,917] {processor.py:641} INFO - Processing file /home/airflow/.local/lib/python3.7/site-packages/airflow/example_dags/example_branch_datetime_operator.py for tasks to queue
[2022-07-20 17:12:51,921] {logging_mixin.py:115} INFO - [2022-07-20 17:12:51,920] {dagbag.py:508} INFO - Filling up the DagBag from /home/airflow/.local/lib/python3.7/site-packages/airflow/example_dags/example_branch_datetime_operator.py
[2022-07-20 17:12:51,997] {processor.py:651} INFO - DAG(s) dict_keys(['example_branch_datetime_operator', 'example_branch_datetime_operator_2']) retrieved from /home/airflow/.local/lib/python3.7/site-packages/airflow/example_dags/example_branch_datetime_operator.py
[2022-07-20 17:12:52,224] {logging_mixin.py:115} INFO - [2022-07-20 17:12:52,224] {dag.py:2420} INFO - Sync 2 DAGs
[2022-07-20 17:12:53,009] {logging_mixin.py:115} INFO - [2022-07-20 17:12:53,009] {dag.py:2972} INFO - Setting next_dagrun for example_branch_datetime_operator to 2022-07-19T00:00:00+00:00, run_after=2022-07-20T00:00:00+00:00
[2022-07-20 17:12:53,066] {logging_mixin.py:115} INFO - [2022-07-20 17:12:53,066] {dag.py:2972} INFO - Setting next_dagrun for example_branch_datetime_operator_2 to 2022-07-19T00:00:00+00:00, run_after=2022-07-20T00:00:00+00:00
[2022-07-20 17:12:53,504] {processor.py:161} INFO - Processing /home/airflow/.local/lib/python3.7/site-packages/airflow/example_dags/example_branch_datetime_operator.py took 1.620 seconds
[2022-07-20 17:50:04,747] {processor.py:153} INFO - Started process (PID=130) to work on /home/airflow/.local/lib/python3.7/site-packages/airflow/example_dags/example_branch_datetime_operator.py
[2022-07-20 17:50:04,921] {processor.py:641} INFO - Processing file /home/airflow/.local/lib/python3.7/site-packages/airflow/example_dags/example_branch_datetime_operator.py for tasks to queue
[2022-07-20 17:50:04,924] {logging_mixin.py:115} INFO - [2022-07-20 17:50:04,924] {dagbag.py:508} INFO - Filling up the DagBag from /home/airflow/.local/lib/python3.7/site-packages/airflow/example_dags/example_branch_datetime_operator.py
[2022-07-20 17:50:05,079] {processor.py:651} INFO - DAG(s) dict_keys(['example_branch_datetime_operator', 'example_branch_datetime_operator_2']) retrieved from /home/airflow/.local/lib/python3.7/site-packages/airflow/example_dags/example_branch_datetime_operator.py
[2022-07-20 17:50:05,199] {logging_mixin.py:115} INFO - [2022-07-20 17:50:05,198] {dag.py:2420} INFO - Sync 2 DAGs
[2022-07-20 17:50:05,467] {logging_mixin.py:115} INFO - [2022-07-20 17:50:05,467] {dag.py:2972} INFO - Setting next_dagrun for example_branch_datetime_operator to 2022-07-19T00:00:00+00:00, run_after=2022-07-20T00:00:00+00:00
[2022-07-20 17:50:05,475] {logging_mixin.py:115} INFO - [2022-07-20 17:50:05,475] {dag.py:2972} INFO - Setting next_dagrun for example_branch_datetime_operator_2 to 2022-07-19T00:00:00+00:00, run_after=2022-07-20T00:00:00+00:00
[2022-07-20 17:50:06,124] {processor.py:161} INFO - Processing /home/airflow/.local/lib/python3.7/site-packages/airflow/example_dags/example_branch_datetime_operator.py took 1.383 seconds
[2022-07-20 17:50:36,520] {processor.py:153} INFO - Started process (PID=183) to work on /home/airflow/.local/lib/python3.7/site-packages/airflow/example_dags/example_branch_datetime_operator.py
[2022-07-20 17:50:36,522] {processor.py:641} INFO - Processing file /home/airflow/.local/lib/python3.7/site-packages/airflow/example_dags/example_branch_datetime_operator.py for tasks to queue
[2022-07-20 17:50:36,523] {logging_mixin.py:115} INFO - [2022-07-20 17:50:36,523] {dagbag.py:508} INFO - Filling up the DagBag from /home/airflow/.local/lib/python3.7/site-packages/airflow/example_dags/example_branch_datetime_operator.py
[2022-07-20 17:50:36,549] {processor.py:651} INFO - DAG(s) dict_keys(['example_branch_datetime_operator', 'example_branch_datetime_operator_2']) retrieved from /home/airflow/.local/lib/python3.7/site-packages/airflow/example_dags/example_branch_datetime_operator.py
[2022-07-20 17:50:36,626] {logging_mixin.py:115} INFO - [2022-07-20 17:50:36,626] {dag.py:2420} INFO - Sync 2 DAGs
[2022-07-20 17:50:36,949] {logging_mixin.py:115} INFO - [2022-07-20 17:50:36,948] {dag.py:2972} INFO - Setting next_dagrun for example_branch_datetime_operator to 2022-07-19T00:00:00+00:00, run_after=2022-07-20T00:00:00+00:00
[2022-07-20 17:50:36,955] {logging_mixin.py:115} INFO - [2022-07-20 17:50:36,955] {dag.py:2972} INFO - Setting next_dagrun for example_branch_datetime_operator_2 to 2022-07-19T00:00:00+00:00, run_after=2022-07-20T00:00:00+00:00
[2022-07-20 17:50:37,196] {processor.py:161} INFO - Processing /home/airflow/.local/lib/python3.7/site-packages/airflow/example_dags/example_branch_datetime_operator.py took 0.684 seconds
[2022-07-20 17:51:07,928] {processor.py:153} INFO - Started process (PID=235) to work on /home/airflow/.local/lib/python3.7/site-packages/airflow/example_dags/example_branch_datetime_operator.py
[2022-07-20 17:51:07,931] {processor.py:641} INFO - Processing file /home/airflow/.local/lib/python3.7/site-packages/airflow/example_dags/example_branch_datetime_operator.py for tasks to queue
[2022-07-20 17:51:07,934] {logging_mixin.py:115} INFO - [2022-07-20 17:51:07,933] {dagbag.py:508} INFO - Filling up the DagBag from /home/airflow/.local/lib/python3.7/site-packages/airflow/example_dags/example_branch_datetime_operator.py
[2022-07-20 17:51:07,965] {processor.py:651} INFO - DAG(s) dict_keys(['example_branch_datetime_operator', 'example_branch_datetime_operator_2']) retrieved from /home/airflow/.local/lib/python3.7/site-packages/airflow/example_dags/example_branch_datetime_operator.py
[2022-07-20 17:51:08,031] {logging_mixin.py:115} INFO - [2022-07-20 17:51:08,031] {dag.py:2420} INFO - Sync 2 DAGs
[2022-07-20 17:51:08,303] {logging_mixin.py:115} INFO - [2022-07-20 17:51:08,302] {dag.py:2972} INFO - Setting next_dagrun for example_branch_datetime_operator to 2022-07-19T00:00:00+00:00, run_after=2022-07-20T00:00:00+00:00
[2022-07-20 17:51:08,310] {logging_mixin.py:115} INFO - [2022-07-20 17:51:08,310] {dag.py:2972} INFO - Setting next_dagrun for example_branch_datetime_operator_2 to 2022-07-19T00:00:00+00:00, run_after=2022-07-20T00:00:00+00:00
[2022-07-20 17:51:08,752] {processor.py:161} INFO - Processing /home/airflow/.local/lib/python3.7/site-packages/airflow/example_dags/example_branch_datetime_operator.py took 0.840 seconds
[2022-07-20 17:51:39,362] {processor.py:153} INFO - Started process (PID=287) to work on /home/airflow/.local/lib/python3.7/site-packages/airflow/example_dags/example_branch_datetime_operator.py
[2022-07-20 17:51:39,365] {processor.py:641} INFO - Processing file /home/airflow/.local/lib/python3.7/site-packages/airflow/example_dags/example_branch_datetime_operator.py for tasks to queue
[2022-07-20 17:51:39,367] {logging_mixin.py:115} INFO - [2022-07-20 17:51:39,367] {dagbag.py:508} INFO - Filling up the DagBag from /home/airflow/.local/lib/python3.7/site-packages/airflow/example_dags/example_branch_datetime_operator.py
[2022-07-20 17:51:39,391] {processor.py:651} INFO - DAG(s) dict_keys(['example_branch_datetime_operator', 'example_branch_datetime_operator_2']) retrieved from /home/airflow/.local/lib/python3.7/site-packages/airflow/example_dags/example_branch_datetime_operator.py
[2022-07-20 17:51:39,498] {logging_mixin.py:115} INFO - [2022-07-20 17:51:39,498] {dag.py:2420} INFO - Sync 2 DAGs
[2022-07-20 17:51:39,772] {logging_mixin.py:115} INFO - [2022-07-20 17:51:39,771] {dag.py:2972} INFO - Setting next_dagrun for example_branch_datetime_operator to 2022-07-19T00:00:00+00:00, run_after=2022-07-20T00:00:00+00:00
[2022-07-20 17:51:39,776] {logging_mixin.py:115} INFO - [2022-07-20 17:51:39,775] {dag.py:2972} INFO - Setting next_dagrun for example_branch_datetime_operator_2 to 2022-07-19T00:00:00+00:00, run_after=2022-07-20T00:00:00+00:00
[2022-07-20 17:51:39,930] {processor.py:161} INFO - Processing /home/airflow/.local/lib/python3.7/site-packages/airflow/example_dags/example_branch_datetime_operator.py took 0.582 seconds
[2022-07-20 17:52:10,299] {processor.py:153} INFO - Started process (PID=339) to work on /home/airflow/.local/lib/python3.7/site-packages/airflow/example_dags/example_branch_datetime_operator.py
[2022-07-20 17:52:10,301] {processor.py:641} INFO - Processing file /home/airflow/.local/lib/python3.7/site-packages/airflow/example_dags/example_branch_datetime_operator.py for tasks to queue
[2022-07-20 17:52:10,302] {logging_mixin.py:115} INFO - [2022-07-20 17:52:10,302] {dagbag.py:508} INFO - Filling up the DagBag from /home/airflow/.local/lib/python3.7/site-packages/airflow/example_dags/example_branch_datetime_operator.py
[2022-07-20 17:52:10,329] {processor.py:651} INFO - DAG(s) dict_keys(['example_branch_datetime_operator', 'example_branch_datetime_operator_2']) retrieved from /home/airflow/.local/lib/python3.7/site-packages/airflow/example_dags/example_branch_datetime_operator.py
[2022-07-20 17:52:10,400] {logging_mixin.py:115} INFO - [2022-07-20 17:52:10,400] {dag.py:2420} INFO - Sync 2 DAGs
[2022-07-20 17:52:10,681] {logging_mixin.py:115} INFO - [2022-07-20 17:52:10,681] {dag.py:2972} INFO - Setting next_dagrun for example_branch_datetime_operator to 2022-07-19T00:00:00+00:00, run_after=2022-07-20T00:00:00+00:00
[2022-07-20 17:52:10,688] {logging_mixin.py:115} INFO - [2022-07-20 17:52:10,688] {dag.py:2972} INFO - Setting next_dagrun for example_branch_datetime_operator_2 to 2022-07-19T00:00:00+00:00, run_after=2022-07-20T00:00:00+00:00
[2022-07-20 17:52:10,796] {processor.py:161} INFO - Processing /home/airflow/.local/lib/python3.7/site-packages/airflow/example_dags/example_branch_datetime_operator.py took 0.503 seconds
[2022-07-20 17:52:41,125] {processor.py:153} INFO - Started process (PID=391) to work on /home/airflow/.local/lib/python3.7/site-packages/airflow/example_dags/example_branch_datetime_operator.py
[2022-07-20 17:52:41,126] {processor.py:641} INFO - Processing file /home/airflow/.local/lib/python3.7/site-packages/airflow/example_dags/example_branch_datetime_operator.py for tasks to queue
[2022-07-20 17:52:41,128] {logging_mixin.py:115} INFO - [2022-07-20 17:52:41,127] {dagbag.py:508} INFO - Filling up the DagBag from /home/airflow/.local/lib/python3.7/site-packages/airflow/example_dags/example_branch_datetime_operator.py
[2022-07-20 17:52:41,149] {processor.py:651} INFO - DAG(s) dict_keys(['example_branch_datetime_operator', 'example_branch_datetime_operator_2']) retrieved from /home/airflow/.local/lib/python3.7/site-packages/airflow/example_dags/example_branch_datetime_operator.py
[2022-07-20 17:52:41,302] {logging_mixin.py:115} INFO - [2022-07-20 17:52:41,302] {dag.py:2420} INFO - Sync 2 DAGs
[2022-07-20 17:52:41,644] {logging_mixin.py:115} INFO - [2022-07-20 17:52:41,644] {dag.py:2972} INFO - Setting next_dagrun for example_branch_datetime_operator to 2022-07-19T00:00:00+00:00, run_after=2022-07-20T00:00:00+00:00
[2022-07-20 17:52:41,650] {logging_mixin.py:115} INFO - [2022-07-20 17:52:41,649] {dag.py:2972} INFO - Setting next_dagrun for example_branch_datetime_operator_2 to 2022-07-19T00:00:00+00:00, run_after=2022-07-20T00:00:00+00:00
[2022-07-20 17:52:41,730] {processor.py:161} INFO - Processing /home/airflow/.local/lib/python3.7/site-packages/airflow/example_dags/example_branch_datetime_operator.py took 0.613 seconds
[2022-07-20 17:53:11,807] {processor.py:153} INFO - Started process (PID=443) to work on /home/airflow/.local/lib/python3.7/site-packages/airflow/example_dags/example_branch_datetime_operator.py
[2022-07-20 17:53:11,808] {processor.py:641} INFO - Processing file /home/airflow/.local/lib/python3.7/site-packages/airflow/example_dags/example_branch_datetime_operator.py for tasks to queue
[2022-07-20 17:53:11,810] {logging_mixin.py:115} INFO - [2022-07-20 17:53:11,810] {dagbag.py:508} INFO - Filling up the DagBag from /home/airflow/.local/lib/python3.7/site-packages/airflow/example_dags/example_branch_datetime_operator.py
[2022-07-20 17:53:11,836] {processor.py:651} INFO - DAG(s) dict_keys(['example_branch_datetime_operator', 'example_branch_datetime_operator_2']) retrieved from /home/airflow/.local/lib/python3.7/site-packages/airflow/example_dags/example_branch_datetime_operator.py
[2022-07-20 17:53:11,921] {logging_mixin.py:115} INFO - [2022-07-20 17:53:11,921] {dag.py:2420} INFO - Sync 2 DAGs
[2022-07-20 17:53:12,275] {logging_mixin.py:115} INFO - [2022-07-20 17:53:12,275] {dag.py:2972} INFO - Setting next_dagrun for example_branch_datetime_operator to 2022-07-19T00:00:00+00:00, run_after=2022-07-20T00:00:00+00:00
[2022-07-20 17:53:12,293] {logging_mixin.py:115} INFO - [2022-07-20 17:53:12,292] {dag.py:2972} INFO - Setting next_dagrun for example_branch_datetime_operator_2 to 2022-07-19T00:00:00+00:00, run_after=2022-07-20T00:00:00+00:00
[2022-07-20 17:53:12,420] {processor.py:161} INFO - Processing /home/airflow/.local/lib/python3.7/site-packages/airflow/example_dags/example_branch_datetime_operator.py took 0.621 seconds
[2022-07-20 17:53:42,880] {processor.py:153} INFO - Started process (PID=494) to work on /home/airflow/.local/lib/python3.7/site-packages/airflow/example_dags/example_branch_datetime_operator.py
[2022-07-20 17:53:42,881] {processor.py:641} INFO - Processing file /home/airflow/.local/lib/python3.7/site-packages/airflow/example_dags/example_branch_datetime_operator.py for tasks to queue
[2022-07-20 17:53:42,882] {logging_mixin.py:115} INFO - [2022-07-20 17:53:42,882] {dagbag.py:508} INFO - Filling up the DagBag from /home/airflow/.local/lib/python3.7/site-packages/airflow/example_dags/example_branch_datetime_operator.py
[2022-07-20 17:53:42,900] {processor.py:651} INFO - DAG(s) dict_keys(['example_branch_datetime_operator', 'example_branch_datetime_operator_2']) retrieved from /home/airflow/.local/lib/python3.7/site-packages/airflow/example_dags/example_branch_datetime_operator.py
[2022-07-20 17:53:42,955] {logging_mixin.py:115} INFO - [2022-07-20 17:53:42,955] {dag.py:2420} INFO - Sync 2 DAGs
[2022-07-20 17:53:43,160] {logging_mixin.py:115} INFO - [2022-07-20 17:53:43,160] {dag.py:2972} INFO - Setting next_dagrun for example_branch_datetime_operator to 2022-07-19T00:00:00+00:00, run_after=2022-07-20T00:00:00+00:00
[2022-07-20 17:53:43,164] {logging_mixin.py:115} INFO - [2022-07-20 17:53:43,164] {dag.py:2972} INFO - Setting next_dagrun for example_branch_datetime_operator_2 to 2022-07-19T00:00:00+00:00, run_after=2022-07-20T00:00:00+00:00
[2022-07-20 17:53:43,425] {processor.py:161} INFO - Processing /home/airflow/.local/lib/python3.7/site-packages/airflow/example_dags/example_branch_datetime_operator.py took 0.551 seconds
[2022-07-20 17:54:13,886] {processor.py:153} INFO - Started process (PID=545) to work on /home/airflow/.local/lib/python3.7/site-packages/airflow/example_dags/example_branch_datetime_operator.py
[2022-07-20 17:54:13,888] {processor.py:641} INFO - Processing file /home/airflow/.local/lib/python3.7/site-packages/airflow/example_dags/example_branch_datetime_operator.py for tasks to queue
[2022-07-20 17:54:13,890] {logging_mixin.py:115} INFO - [2022-07-20 17:54:13,890] {dagbag.py:508} INFO - Filling up the DagBag from /home/airflow/.local/lib/python3.7/site-packages/airflow/example_dags/example_branch_datetime_operator.py
[2022-07-20 17:54:13,910] {processor.py:651} INFO - DAG(s) dict_keys(['example_branch_datetime_operator', 'example_branch_datetime_operator_2']) retrieved from /home/airflow/.local/lib/python3.7/site-packages/airflow/example_dags/example_branch_datetime_operator.py
[2022-07-20 17:54:13,994] {logging_mixin.py:115} INFO - [2022-07-20 17:54:13,994] {dag.py:2420} INFO - Sync 2 DAGs
[2022-07-20 17:54:14,280] {logging_mixin.py:115} INFO - [2022-07-20 17:54:14,280] {dag.py:2972} INFO - Setting next_dagrun for example_branch_datetime_operator to 2022-07-19T00:00:00+00:00, run_after=2022-07-20T00:00:00+00:00
[2022-07-20 17:54:14,287] {logging_mixin.py:115} INFO - [2022-07-20 17:54:14,287] {dag.py:2972} INFO - Setting next_dagrun for example_branch_datetime_operator_2 to 2022-07-19T00:00:00+00:00, run_after=2022-07-20T00:00:00+00:00
[2022-07-20 17:54:15,003] {processor.py:161} INFO - Processing /home/airflow/.local/lib/python3.7/site-packages/airflow/example_dags/example_branch_datetime_operator.py took 1.126 seconds
[2022-07-20 17:54:45,836] {processor.py:153} INFO - Started process (PID=597) to work on /home/airflow/.local/lib/python3.7/site-packages/airflow/example_dags/example_branch_datetime_operator.py
[2022-07-20 17:54:45,838] {processor.py:641} INFO - Processing file /home/airflow/.local/lib/python3.7/site-packages/airflow/example_dags/example_branch_datetime_operator.py for tasks to queue
[2022-07-20 17:54:45,839] {logging_mixin.py:115} INFO - [2022-07-20 17:54:45,839] {dagbag.py:508} INFO - Filling up the DagBag from /home/airflow/.local/lib/python3.7/site-packages/airflow/example_dags/example_branch_datetime_operator.py
[2022-07-20 17:54:45,857] {processor.py:651} INFO - DAG(s) dict_keys(['example_branch_datetime_operator', 'example_branch_datetime_operator_2']) retrieved from /home/airflow/.local/lib/python3.7/site-packages/airflow/example_dags/example_branch_datetime_operator.py
[2022-07-20 17:54:45,923] {logging_mixin.py:115} INFO - [2022-07-20 17:54:45,922] {dag.py:2420} INFO - Sync 2 DAGs
[2022-07-20 17:54:46,165] {logging_mixin.py:115} INFO - [2022-07-20 17:54:46,165] {dag.py:2972} INFO - Setting next_dagrun for example_branch_datetime_operator to 2022-07-19T00:00:00+00:00, run_after=2022-07-20T00:00:00+00:00
[2022-07-20 17:54:46,169] {logging_mixin.py:115} INFO - [2022-07-20 17:54:46,169] {dag.py:2972} INFO - Setting next_dagrun for example_branch_datetime_operator_2 to 2022-07-19T00:00:00+00:00, run_after=2022-07-20T00:00:00+00:00
[2022-07-20 17:54:46,285] {processor.py:161} INFO - Processing /home/airflow/.local/lib/python3.7/site-packages/airflow/example_dags/example_branch_datetime_operator.py took 0.455 seconds
[2022-07-20 17:55:17,705] {processor.py:153} INFO - Started process (PID=649) to work on /home/airflow/.local/lib/python3.7/site-packages/airflow/example_dags/example_branch_datetime_operator.py
[2022-07-20 17:55:17,707] {processor.py:641} INFO - Processing file /home/airflow/.local/lib/python3.7/site-packages/airflow/example_dags/example_branch_datetime_operator.py for tasks to queue
[2022-07-20 17:55:17,709] {logging_mixin.py:115} INFO - [2022-07-20 17:55:17,708] {dagbag.py:508} INFO - Filling up the DagBag from /home/airflow/.local/lib/python3.7/site-packages/airflow/example_dags/example_branch_datetime_operator.py
[2022-07-20 17:55:17,736] {processor.py:651} INFO - DAG(s) dict_keys(['example_branch_datetime_operator', 'example_branch_datetime_operator_2']) retrieved from /home/airflow/.local/lib/python3.7/site-packages/airflow/example_dags/example_branch_datetime_operator.py
[2022-07-20 17:55:17,831] {logging_mixin.py:115} INFO - [2022-07-20 17:55:17,830] {dag.py:2420} INFO - Sync 2 DAGs
[2022-07-20 17:55:18,092] {logging_mixin.py:115} INFO - [2022-07-20 17:55:18,092] {dag.py:2972} INFO - Setting next_dagrun for example_branch_datetime_operator to 2022-07-19T00:00:00+00:00, run_after=2022-07-20T00:00:00+00:00
[2022-07-20 17:55:18,096] {logging_mixin.py:115} INFO - [2022-07-20 17:55:18,096] {dag.py:2972} INFO - Setting next_dagrun for example_branch_datetime_operator_2 to 2022-07-19T00:00:00+00:00, run_after=2022-07-20T00:00:00+00:00
[2022-07-20 17:55:18,275] {processor.py:161} INFO - Processing /home/airflow/.local/lib/python3.7/site-packages/airflow/example_dags/example_branch_datetime_operator.py took 0.577 seconds
[2022-07-20 17:55:48,585] {processor.py:153} INFO - Started process (PID=702) to work on /home/airflow/.local/lib/python3.7/site-packages/airflow/example_dags/example_branch_datetime_operator.py
[2022-07-20 17:55:48,586] {processor.py:641} INFO - Processing file /home/airflow/.local/lib/python3.7/site-packages/airflow/example_dags/example_branch_datetime_operator.py for tasks to queue
[2022-07-20 17:55:48,587] {logging_mixin.py:115} INFO - [2022-07-20 17:55:48,587] {dagbag.py:508} INFO - Filling up the DagBag from /home/airflow/.local/lib/python3.7/site-packages/airflow/example_dags/example_branch_datetime_operator.py
[2022-07-20 17:55:48,609] {processor.py:651} INFO - DAG(s) dict_keys(['example_branch_datetime_operator', 'example_branch_datetime_operator_2']) retrieved from /home/airflow/.local/lib/python3.7/site-packages/airflow/example_dags/example_branch_datetime_operator.py
[2022-07-20 17:55:48,691] {logging_mixin.py:115} INFO - [2022-07-20 17:55:48,691] {dag.py:2420} INFO - Sync 2 DAGs
[2022-07-20 17:55:48,987] {logging_mixin.py:115} INFO - [2022-07-20 17:55:48,987] {dag.py:2972} INFO - Setting next_dagrun for example_branch_datetime_operator to 2022-07-19T00:00:00+00:00, run_after=2022-07-20T00:00:00+00:00
[2022-07-20 17:55:48,995] {logging_mixin.py:115} INFO - [2022-07-20 17:55:48,995] {dag.py:2972} INFO - Setting next_dagrun for example_branch_datetime_operator_2 to 2022-07-19T00:00:00+00:00, run_after=2022-07-20T00:00:00+00:00
[2022-07-20 17:55:52,082] {processor.py:161} INFO - Processing /home/airflow/.local/lib/python3.7/site-packages/airflow/example_dags/example_branch_datetime_operator.py took 3.507 seconds
[2022-07-20 17:56:22,846] {processor.py:153} INFO - Started process (PID=761) to work on /home/airflow/.local/lib/python3.7/site-packages/airflow/example_dags/example_branch_datetime_operator.py
[2022-07-20 17:56:22,865] {processor.py:641} INFO - Processing file /home/airflow/.local/lib/python3.7/site-packages/airflow/example_dags/example_branch_datetime_operator.py for tasks to queue
[2022-07-20 17:56:22,869] {logging_mixin.py:115} INFO - [2022-07-20 17:56:22,869] {dagbag.py:508} INFO - Filling up the DagBag from /home/airflow/.local/lib/python3.7/site-packages/airflow/example_dags/example_branch_datetime_operator.py
[2022-07-20 17:56:23,040] {processor.py:651} INFO - DAG(s) dict_keys(['example_branch_datetime_operator', 'example_branch_datetime_operator_2']) retrieved from /home/airflow/.local/lib/python3.7/site-packages/airflow/example_dags/example_branch_datetime_operator.py
[2022-07-20 17:56:23,185] {logging_mixin.py:115} INFO - [2022-07-20 17:56:23,185] {dag.py:2420} INFO - Sync 2 DAGs
[2022-07-20 17:56:23,532] {logging_mixin.py:115} INFO - [2022-07-20 17:56:23,532] {dag.py:2972} INFO - Setting next_dagrun for example_branch_datetime_operator to 2022-07-19T00:00:00+00:00, run_after=2022-07-20T00:00:00+00:00
[2022-07-20 17:56:23,540] {logging_mixin.py:115} INFO - [2022-07-20 17:56:23,539] {dag.py:2972} INFO - Setting next_dagrun for example_branch_datetime_operator_2 to 2022-07-19T00:00:00+00:00, run_after=2022-07-20T00:00:00+00:00
[2022-07-20 17:56:23,924] {processor.py:161} INFO - Processing /home/airflow/.local/lib/python3.7/site-packages/airflow/example_dags/example_branch_datetime_operator.py took 1.109 seconds
[2022-07-20 17:56:54,721] {processor.py:153} INFO - Started process (PID=807) to work on /home/airflow/.local/lib/python3.7/site-packages/airflow/example_dags/example_branch_datetime_operator.py
[2022-07-20 17:56:54,723] {processor.py:641} INFO - Processing file /home/airflow/.local/lib/python3.7/site-packages/airflow/example_dags/example_branch_datetime_operator.py for tasks to queue
[2022-07-20 17:56:54,725] {logging_mixin.py:115} INFO - [2022-07-20 17:56:54,725] {dagbag.py:508} INFO - Filling up the DagBag from /home/airflow/.local/lib/python3.7/site-packages/airflow/example_dags/example_branch_datetime_operator.py
[2022-07-20 17:56:54,748] {processor.py:651} INFO - DAG(s) dict_keys(['example_branch_datetime_operator', 'example_branch_datetime_operator_2']) retrieved from /home/airflow/.local/lib/python3.7/site-packages/airflow/example_dags/example_branch_datetime_operator.py
[2022-07-20 17:56:54,834] {logging_mixin.py:115} INFO - [2022-07-20 17:56:54,833] {dag.py:2420} INFO - Sync 2 DAGs
[2022-07-20 17:56:55,184] {logging_mixin.py:115} INFO - [2022-07-20 17:56:55,184] {dag.py:2972} INFO - Setting next_dagrun for example_branch_datetime_operator to 2022-07-19T00:00:00+00:00, run_after=2022-07-20T00:00:00+00:00
[2022-07-20 17:56:55,191] {logging_mixin.py:115} INFO - [2022-07-20 17:56:55,191] {dag.py:2972} INFO - Setting next_dagrun for example_branch_datetime_operator_2 to 2022-07-19T00:00:00+00:00, run_after=2022-07-20T00:00:00+00:00
[2022-07-20 17:56:55,467] {processor.py:161} INFO - Processing /home/airflow/.local/lib/python3.7/site-packages/airflow/example_dags/example_branch_datetime_operator.py took 0.754 seconds
[2022-07-20 17:57:26,180] {processor.py:153} INFO - Started process (PID=859) to work on /home/airflow/.local/lib/python3.7/site-packages/airflow/example_dags/example_branch_datetime_operator.py
[2022-07-20 17:57:26,181] {processor.py:641} INFO - Processing file /home/airflow/.local/lib/python3.7/site-packages/airflow/example_dags/example_branch_datetime_operator.py for tasks to queue
[2022-07-20 17:57:26,183] {logging_mixin.py:115} INFO - [2022-07-20 17:57:26,183] {dagbag.py:508} INFO - Filling up the DagBag from /home/airflow/.local/lib/python3.7/site-packages/airflow/example_dags/example_branch_datetime_operator.py
[2022-07-20 17:57:26,213] {processor.py:651} INFO - DAG(s) dict_keys(['example_branch_datetime_operator', 'example_branch_datetime_operator_2']) retrieved from /home/airflow/.local/lib/python3.7/site-packages/airflow/example_dags/example_branch_datetime_operator.py
[2022-07-20 17:57:26,288] {logging_mixin.py:115} INFO - [2022-07-20 17:57:26,288] {dag.py:2420} INFO - Sync 2 DAGs
[2022-07-20 17:57:26,571] {logging_mixin.py:115} INFO - [2022-07-20 17:57:26,571] {dag.py:2972} INFO - Setting next_dagrun for example_branch_datetime_operator to 2022-07-19T00:00:00+00:00, run_after=2022-07-20T00:00:00+00:00
[2022-07-20 17:57:26,583] {logging_mixin.py:115} INFO - [2022-07-20 17:57:26,583] {dag.py:2972} INFO - Setting next_dagrun for example_branch_datetime_operator_2 to 2022-07-19T00:00:00+00:00, run_after=2022-07-20T00:00:00+00:00
[2022-07-20 17:57:26,897] {processor.py:161} INFO - Processing /home/airflow/.local/lib/python3.7/site-packages/airflow/example_dags/example_branch_datetime_operator.py took 0.724 seconds
[2022-07-20 17:57:57,577] {processor.py:153} INFO - Started process (PID=911) to work on /home/airflow/.local/lib/python3.7/site-packages/airflow/example_dags/example_branch_datetime_operator.py
[2022-07-20 17:57:57,604] {processor.py:641} INFO - Processing file /home/airflow/.local/lib/python3.7/site-packages/airflow/example_dags/example_branch_datetime_operator.py for tasks to queue
[2022-07-20 17:57:57,611] {logging_mixin.py:115} INFO - [2022-07-20 17:57:57,611] {dagbag.py:508} INFO - Filling up the DagBag from /home/airflow/.local/lib/python3.7/site-packages/airflow/example_dags/example_branch_datetime_operator.py
[2022-07-20 17:57:57,702] {processor.py:651} INFO - DAG(s) dict_keys(['example_branch_datetime_operator', 'example_branch_datetime_operator_2']) retrieved from /home/airflow/.local/lib/python3.7/site-packages/airflow/example_dags/example_branch_datetime_operator.py
[2022-07-20 17:57:57,861] {logging_mixin.py:115} INFO - [2022-07-20 17:57:57,861] {dag.py:2420} INFO - Sync 2 DAGs
[2022-07-20 17:57:58,209] {logging_mixin.py:115} INFO - [2022-07-20 17:57:58,209] {dag.py:2972} INFO - Setting next_dagrun for example_branch_datetime_operator to 2022-07-19T00:00:00+00:00, run_after=2022-07-20T00:00:00+00:00
[2022-07-20 17:57:58,218] {logging_mixin.py:115} INFO - [2022-07-20 17:57:58,218] {dag.py:2972} INFO - Setting next_dagrun for example_branch_datetime_operator_2 to 2022-07-19T00:00:00+00:00, run_after=2022-07-20T00:00:00+00:00
[2022-07-20 17:57:58,473] {processor.py:161} INFO - Processing /home/airflow/.local/lib/python3.7/site-packages/airflow/example_dags/example_branch_datetime_operator.py took 0.915 seconds
[2022-07-20 17:58:28,571] {processor.py:153} INFO - Started process (PID=962) to work on /home/airflow/.local/lib/python3.7/site-packages/airflow/example_dags/example_branch_datetime_operator.py
[2022-07-20 17:58:28,573] {processor.py:641} INFO - Processing file /home/airflow/.local/lib/python3.7/site-packages/airflow/example_dags/example_branch_datetime_operator.py for tasks to queue
[2022-07-20 17:58:28,576] {logging_mixin.py:115} INFO - [2022-07-20 17:58:28,575] {dagbag.py:508} INFO - Filling up the DagBag from /home/airflow/.local/lib/python3.7/site-packages/airflow/example_dags/example_branch_datetime_operator.py
[2022-07-20 17:58:28,628] {processor.py:651} INFO - DAG(s) dict_keys(['example_branch_datetime_operator', 'example_branch_datetime_operator_2']) retrieved from /home/airflow/.local/lib/python3.7/site-packages/airflow/example_dags/example_branch_datetime_operator.py
[2022-07-20 17:58:28,907] {logging_mixin.py:115} INFO - [2022-07-20 17:58:28,906] {dag.py:2420} INFO - Sync 2 DAGs
[2022-07-20 17:58:29,419] {logging_mixin.py:115} INFO - [2022-07-20 17:58:29,419] {dag.py:2972} INFO - Setting next_dagrun for example_branch_datetime_operator to 2022-07-19T00:00:00+00:00, run_after=2022-07-20T00:00:00+00:00
[2022-07-20 17:58:29,439] {logging_mixin.py:115} INFO - [2022-07-20 17:58:29,439] {dag.py:2972} INFO - Setting next_dagrun for example_branch_datetime_operator_2 to 2022-07-19T00:00:00+00:00, run_after=2022-07-20T00:00:00+00:00
[2022-07-20 17:58:29,548] {processor.py:161} INFO - Processing /home/airflow/.local/lib/python3.7/site-packages/airflow/example_dags/example_branch_datetime_operator.py took 1.006 seconds
[2022-07-20 17:59:00,167] {processor.py:153} INFO - Started process (PID=1007) to work on /home/airflow/.local/lib/python3.7/site-packages/airflow/example_dags/example_branch_datetime_operator.py
[2022-07-20 17:59:00,168] {processor.py:641} INFO - Processing file /home/airflow/.local/lib/python3.7/site-packages/airflow/example_dags/example_branch_datetime_operator.py for tasks to queue
[2022-07-20 17:59:00,170] {logging_mixin.py:115} INFO - [2022-07-20 17:59:00,169] {dagbag.py:508} INFO - Filling up the DagBag from /home/airflow/.local/lib/python3.7/site-packages/airflow/example_dags/example_branch_datetime_operator.py
[2022-07-20 17:59:00,192] {processor.py:651} INFO - DAG(s) dict_keys(['example_branch_datetime_operator', 'example_branch_datetime_operator_2']) retrieved from /home/airflow/.local/lib/python3.7/site-packages/airflow/example_dags/example_branch_datetime_operator.py
[2022-07-20 17:59:00,256] {logging_mixin.py:115} INFO - [2022-07-20 17:59:00,256] {dag.py:2420} INFO - Sync 2 DAGs
[2022-07-20 17:59:00,458] {logging_mixin.py:115} INFO - [2022-07-20 17:59:00,458] {dag.py:2972} INFO - Setting next_dagrun for example_branch_datetime_operator to 2022-07-19T00:00:00+00:00, run_after=2022-07-20T00:00:00+00:00
[2022-07-20 17:59:00,463] {logging_mixin.py:115} INFO - [2022-07-20 17:59:00,463] {dag.py:2972} INFO - Setting next_dagrun for example_branch_datetime_operator_2 to 2022-07-19T00:00:00+00:00, run_after=2022-07-20T00:00:00+00:00
[2022-07-20 17:59:00,556] {processor.py:161} INFO - Processing /home/airflow/.local/lib/python3.7/site-packages/airflow/example_dags/example_branch_datetime_operator.py took 0.395 seconds
[2022-07-20 17:59:31,108] {processor.py:153} INFO - Started process (PID=1059) to work on /home/airflow/.local/lib/python3.7/site-packages/airflow/example_dags/example_branch_datetime_operator.py
[2022-07-20 17:59:31,109] {processor.py:641} INFO - Processing file /home/airflow/.local/lib/python3.7/site-packages/airflow/example_dags/example_branch_datetime_operator.py for tasks to queue
[2022-07-20 17:59:31,112] {logging_mixin.py:115} INFO - [2022-07-20 17:59:31,111] {dagbag.py:508} INFO - Filling up the DagBag from /home/airflow/.local/lib/python3.7/site-packages/airflow/example_dags/example_branch_datetime_operator.py
[2022-07-20 17:59:31,136] {processor.py:651} INFO - DAG(s) dict_keys(['example_branch_datetime_operator', 'example_branch_datetime_operator_2']) retrieved from /home/airflow/.local/lib/python3.7/site-packages/airflow/example_dags/example_branch_datetime_operator.py
[2022-07-20 17:59:31,193] {logging_mixin.py:115} INFO - [2022-07-20 17:59:31,193] {dag.py:2420} INFO - Sync 2 DAGs
[2022-07-20 17:59:31,401] {logging_mixin.py:115} INFO - [2022-07-20 17:59:31,401] {dag.py:2972} INFO - Setting next_dagrun for example_branch_datetime_operator to 2022-07-19T00:00:00+00:00, run_after=2022-07-20T00:00:00+00:00
[2022-07-20 17:59:31,405] {logging_mixin.py:115} INFO - [2022-07-20 17:59:31,405] {dag.py:2972} INFO - Setting next_dagrun for example_branch_datetime_operator_2 to 2022-07-19T00:00:00+00:00, run_after=2022-07-20T00:00:00+00:00
[2022-07-20 17:59:31,482] {processor.py:161} INFO - Processing /home/airflow/.local/lib/python3.7/site-packages/airflow/example_dags/example_branch_datetime_operator.py took 0.381 seconds
[2022-07-20 18:00:02,393] {processor.py:153} INFO - Started process (PID=1113) to work on /home/airflow/.local/lib/python3.7/site-packages/airflow/example_dags/example_branch_datetime_operator.py
[2022-07-20 18:00:02,394] {processor.py:641} INFO - Processing file /home/airflow/.local/lib/python3.7/site-packages/airflow/example_dags/example_branch_datetime_operator.py for tasks to queue
[2022-07-20 18:00:02,395] {logging_mixin.py:115} INFO - [2022-07-20 18:00:02,395] {dagbag.py:508} INFO - Filling up the DagBag from /home/airflow/.local/lib/python3.7/site-packages/airflow/example_dags/example_branch_datetime_operator.py
[2022-07-20 18:00:02,516] {processor.py:651} INFO - DAG(s) dict_keys(['example_branch_datetime_operator', 'example_branch_datetime_operator_2']) retrieved from /home/airflow/.local/lib/python3.7/site-packages/airflow/example_dags/example_branch_datetime_operator.py
[2022-07-20 18:00:02,578] {logging_mixin.py:115} INFO - [2022-07-20 18:00:02,578] {dag.py:2420} INFO - Sync 2 DAGs
[2022-07-20 18:00:02,791] {logging_mixin.py:115} INFO - [2022-07-20 18:00:02,791] {dag.py:2972} INFO - Setting next_dagrun for example_branch_datetime_operator to 2022-07-19T00:00:00+00:00, run_after=2022-07-20T00:00:00+00:00
[2022-07-20 18:00:02,796] {logging_mixin.py:115} INFO - [2022-07-20 18:00:02,795] {dag.py:2972} INFO - Setting next_dagrun for example_branch_datetime_operator_2 to 2022-07-19T00:00:00+00:00, run_after=2022-07-20T00:00:00+00:00
[2022-07-20 18:00:02,857] {processor.py:161} INFO - Processing /home/airflow/.local/lib/python3.7/site-packages/airflow/example_dags/example_branch_datetime_operator.py took 0.472 seconds
[2022-07-20 18:00:33,531] {processor.py:153} INFO - Started process (PID=1164) to work on /home/airflow/.local/lib/python3.7/site-packages/airflow/example_dags/example_branch_datetime_operator.py
[2022-07-20 18:00:33,533] {processor.py:641} INFO - Processing file /home/airflow/.local/lib/python3.7/site-packages/airflow/example_dags/example_branch_datetime_operator.py for tasks to queue
[2022-07-20 18:00:33,535] {logging_mixin.py:115} INFO - [2022-07-20 18:00:33,535] {dagbag.py:508} INFO - Filling up the DagBag from /home/airflow/.local/lib/python3.7/site-packages/airflow/example_dags/example_branch_datetime_operator.py
[2022-07-20 18:00:33,560] {processor.py:651} INFO - DAG(s) dict_keys(['example_branch_datetime_operator', 'example_branch_datetime_operator_2']) retrieved from /home/airflow/.local/lib/python3.7/site-packages/airflow/example_dags/example_branch_datetime_operator.py
[2022-07-20 18:00:33,663] {logging_mixin.py:115} INFO - [2022-07-20 18:00:33,663] {dag.py:2420} INFO - Sync 2 DAGs
[2022-07-20 18:00:34,060] {logging_mixin.py:115} INFO - [2022-07-20 18:00:34,060] {dag.py:2972} INFO - Setting next_dagrun for example_branch_datetime_operator to 2022-07-19T00:00:00+00:00, run_after=2022-07-20T00:00:00+00:00
[2022-07-20 18:00:34,067] {logging_mixin.py:115} INFO - [2022-07-20 18:00:34,066] {dag.py:2972} INFO - Setting next_dagrun for example_branch_datetime_operator_2 to 2022-07-19T00:00:00+00:00, run_after=2022-07-20T00:00:00+00:00
[2022-07-20 18:00:34,162] {processor.py:161} INFO - Processing /home/airflow/.local/lib/python3.7/site-packages/airflow/example_dags/example_branch_datetime_operator.py took 0.640 seconds
[2022-07-20 18:01:04,931] {processor.py:153} INFO - Started process (PID=1216) to work on /home/airflow/.local/lib/python3.7/site-packages/airflow/example_dags/example_branch_datetime_operator.py
[2022-07-20 18:01:04,932] {processor.py:641} INFO - Processing file /home/airflow/.local/lib/python3.7/site-packages/airflow/example_dags/example_branch_datetime_operator.py for tasks to queue
[2022-07-20 18:01:04,934] {logging_mixin.py:115} INFO - [2022-07-20 18:01:04,934] {dagbag.py:508} INFO - Filling up the DagBag from /home/airflow/.local/lib/python3.7/site-packages/airflow/example_dags/example_branch_datetime_operator.py
[2022-07-20 18:01:04,985] {processor.py:651} INFO - DAG(s) dict_keys(['example_branch_datetime_operator', 'example_branch_datetime_operator_2']) retrieved from /home/airflow/.local/lib/python3.7/site-packages/airflow/example_dags/example_branch_datetime_operator.py
[2022-07-20 18:01:05,117] {logging_mixin.py:115} INFO - [2022-07-20 18:01:05,117] {dag.py:2420} INFO - Sync 2 DAGs
[2022-07-20 18:01:05,550] {logging_mixin.py:115} INFO - [2022-07-20 18:01:05,549] {dag.py:2972} INFO - Setting next_dagrun for example_branch_datetime_operator to 2022-07-19T00:00:00+00:00, run_after=2022-07-20T00:00:00+00:00
[2022-07-20 18:01:05,592] {logging_mixin.py:115} INFO - [2022-07-20 18:01:05,592] {dag.py:2972} INFO - Setting next_dagrun for example_branch_datetime_operator_2 to 2022-07-19T00:00:00+00:00, run_after=2022-07-20T00:00:00+00:00
[2022-07-20 18:01:05,675] {processor.py:161} INFO - Processing /home/airflow/.local/lib/python3.7/site-packages/airflow/example_dags/example_branch_datetime_operator.py took 0.754 seconds
