[2022-07-20 17:06:25,384] {processor.py:153} INFO - Started process (PID=180) to work on /home/airflow/.local/lib/python3.7/site-packages/airflow/example_dags/example_time_delta_sensor_async.py
[2022-07-20 17:06:25,385] {processor.py:641} INFO - Processing file /home/airflow/.local/lib/python3.7/site-packages/airflow/example_dags/example_time_delta_sensor_async.py for tasks to queue
[2022-07-20 17:06:25,387] {logging_mixin.py:115} INFO - [2022-07-20 17:06:25,387] {dagbag.py:508} INFO - Filling up the DagBag from /home/airflow/.local/lib/python3.7/site-packages/airflow/example_dags/example_time_delta_sensor_async.py
[2022-07-20 17:06:25,458] {processor.py:651} INFO - DAG(s) dict_keys(['example_time_delta_sensor_async']) retrieved from /home/airflow/.local/lib/python3.7/site-packages/airflow/example_dags/example_time_delta_sensor_async.py
[2022-07-20 17:06:25,594] {logging_mixin.py:115} INFO - [2022-07-20 17:06:25,593] {dag.py:2420} INFO - Sync 1 DAGs
[2022-07-20 17:06:25,865] {logging_mixin.py:115} INFO - [2022-07-20 17:06:25,865] {dag.py:2972} INFO - Setting next_dagrun for example_time_delta_sensor_async to None, run_after=None
[2022-07-20 17:06:26,000] {processor.py:161} INFO - Processing /home/airflow/.local/lib/python3.7/site-packages/airflow/example_dags/example_time_delta_sensor_async.py took 0.623 seconds
[2022-07-20 17:06:57,750] {processor.py:153} INFO - Started process (PID=232) to work on /home/airflow/.local/lib/python3.7/site-packages/airflow/example_dags/example_time_delta_sensor_async.py
[2022-07-20 17:06:57,773] {processor.py:641} INFO - Processing file /home/airflow/.local/lib/python3.7/site-packages/airflow/example_dags/example_time_delta_sensor_async.py for tasks to queue
[2022-07-20 17:06:57,776] {logging_mixin.py:115} INFO - [2022-07-20 17:06:57,776] {dagbag.py:508} INFO - Filling up the DagBag from /home/airflow/.local/lib/python3.7/site-packages/airflow/example_dags/example_time_delta_sensor_async.py
[2022-07-20 17:06:57,841] {processor.py:651} INFO - DAG(s) dict_keys(['example_time_delta_sensor_async']) retrieved from /home/airflow/.local/lib/python3.7/site-packages/airflow/example_dags/example_time_delta_sensor_async.py
[2022-07-20 17:06:58,071] {logging_mixin.py:115} INFO - [2022-07-20 17:06:58,071] {dag.py:2420} INFO - Sync 1 DAGs
[2022-07-20 17:06:58,389] {logging_mixin.py:115} INFO - [2022-07-20 17:06:58,389] {dag.py:2972} INFO - Setting next_dagrun for example_time_delta_sensor_async to None, run_after=None
[2022-07-20 17:06:58,517] {processor.py:161} INFO - Processing /home/airflow/.local/lib/python3.7/site-packages/airflow/example_dags/example_time_delta_sensor_async.py took 0.786 seconds
[2022-07-20 17:07:31,262] {processor.py:153} INFO - Started process (PID=284) to work on /home/airflow/.local/lib/python3.7/site-packages/airflow/example_dags/example_time_delta_sensor_async.py
[2022-07-20 17:07:31,272] {processor.py:641} INFO - Processing file /home/airflow/.local/lib/python3.7/site-packages/airflow/example_dags/example_time_delta_sensor_async.py for tasks to queue
[2022-07-20 17:07:31,281] {logging_mixin.py:115} INFO - [2022-07-20 17:07:31,278] {dagbag.py:508} INFO - Filling up the DagBag from /home/airflow/.local/lib/python3.7/site-packages/airflow/example_dags/example_time_delta_sensor_async.py
[2022-07-20 17:07:31,323] {processor.py:651} INFO - DAG(s) dict_keys(['example_time_delta_sensor_async']) retrieved from /home/airflow/.local/lib/python3.7/site-packages/airflow/example_dags/example_time_delta_sensor_async.py
[2022-07-20 17:07:31,487] {logging_mixin.py:115} INFO - [2022-07-20 17:07:31,487] {dag.py:2420} INFO - Sync 1 DAGs
[2022-07-20 17:07:31,933] {logging_mixin.py:115} INFO - [2022-07-20 17:07:31,933] {dag.py:2972} INFO - Setting next_dagrun for example_time_delta_sensor_async to None, run_after=None
[2022-07-20 17:07:32,116] {processor.py:161} INFO - Processing /home/airflow/.local/lib/python3.7/site-packages/airflow/example_dags/example_time_delta_sensor_async.py took 0.880 seconds
[2022-07-20 17:08:05,481] {processor.py:153} INFO - Started process (PID=337) to work on /home/airflow/.local/lib/python3.7/site-packages/airflow/example_dags/example_time_delta_sensor_async.py
[2022-07-20 17:08:05,658] {processor.py:641} INFO - Processing file /home/airflow/.local/lib/python3.7/site-packages/airflow/example_dags/example_time_delta_sensor_async.py for tasks to queue
[2022-07-20 17:08:05,669] {logging_mixin.py:115} INFO - [2022-07-20 17:08:05,669] {dagbag.py:508} INFO - Filling up the DagBag from /home/airflow/.local/lib/python3.7/site-packages/airflow/example_dags/example_time_delta_sensor_async.py
[2022-07-20 17:08:05,730] {processor.py:651} INFO - DAG(s) dict_keys(['example_time_delta_sensor_async']) retrieved from /home/airflow/.local/lib/python3.7/site-packages/airflow/example_dags/example_time_delta_sensor_async.py
[2022-07-20 17:08:06,286] {logging_mixin.py:115} INFO - [2022-07-20 17:08:06,286] {dag.py:2420} INFO - Sync 1 DAGs
[2022-07-20 17:08:07,443] {logging_mixin.py:115} INFO - [2022-07-20 17:08:07,443] {dag.py:2972} INFO - Setting next_dagrun for example_time_delta_sensor_async to None, run_after=None
[2022-07-20 17:08:07,800] {processor.py:161} INFO - Processing /home/airflow/.local/lib/python3.7/site-packages/airflow/example_dags/example_time_delta_sensor_async.py took 2.337 seconds
[2022-07-20 17:08:38,373] {processor.py:153} INFO - Started process (PID=389) to work on /home/airflow/.local/lib/python3.7/site-packages/airflow/example_dags/example_time_delta_sensor_async.py
[2022-07-20 17:08:38,382] {processor.py:641} INFO - Processing file /home/airflow/.local/lib/python3.7/site-packages/airflow/example_dags/example_time_delta_sensor_async.py for tasks to queue
[2022-07-20 17:08:38,392] {logging_mixin.py:115} INFO - [2022-07-20 17:08:38,392] {dagbag.py:508} INFO - Filling up the DagBag from /home/airflow/.local/lib/python3.7/site-packages/airflow/example_dags/example_time_delta_sensor_async.py
[2022-07-20 17:08:38,441] {processor.py:651} INFO - DAG(s) dict_keys(['example_time_delta_sensor_async']) retrieved from /home/airflow/.local/lib/python3.7/site-packages/airflow/example_dags/example_time_delta_sensor_async.py
[2022-07-20 17:08:38,804] {logging_mixin.py:115} INFO - [2022-07-20 17:08:38,803] {dag.py:2420} INFO - Sync 1 DAGs
[2022-07-20 17:08:39,588] {logging_mixin.py:115} INFO - [2022-07-20 17:08:39,588] {dag.py:2972} INFO - Setting next_dagrun for example_time_delta_sensor_async to None, run_after=None
[2022-07-20 17:08:39,813] {processor.py:161} INFO - Processing /home/airflow/.local/lib/python3.7/site-packages/airflow/example_dags/example_time_delta_sensor_async.py took 1.456 seconds
[2022-07-20 17:09:10,953] {processor.py:153} INFO - Started process (PID=438) to work on /home/airflow/.local/lib/python3.7/site-packages/airflow/example_dags/example_time_delta_sensor_async.py
[2022-07-20 17:09:10,961] {processor.py:641} INFO - Processing file /home/airflow/.local/lib/python3.7/site-packages/airflow/example_dags/example_time_delta_sensor_async.py for tasks to queue
[2022-07-20 17:09:10,964] {logging_mixin.py:115} INFO - [2022-07-20 17:09:10,963] {dagbag.py:508} INFO - Filling up the DagBag from /home/airflow/.local/lib/python3.7/site-packages/airflow/example_dags/example_time_delta_sensor_async.py
[2022-07-20 17:09:10,991] {processor.py:651} INFO - DAG(s) dict_keys(['example_time_delta_sensor_async']) retrieved from /home/airflow/.local/lib/python3.7/site-packages/airflow/example_dags/example_time_delta_sensor_async.py
[2022-07-20 17:09:11,250] {logging_mixin.py:115} INFO - [2022-07-20 17:09:11,249] {dag.py:2420} INFO - Sync 1 DAGs
[2022-07-20 17:09:11,679] {logging_mixin.py:115} INFO - [2022-07-20 17:09:11,679] {dag.py:2972} INFO - Setting next_dagrun for example_time_delta_sensor_async to None, run_after=None
[2022-07-20 17:09:12,031] {processor.py:161} INFO - Processing /home/airflow/.local/lib/python3.7/site-packages/airflow/example_dags/example_time_delta_sensor_async.py took 1.104 seconds
[2022-07-20 17:09:42,348] {processor.py:153} INFO - Started process (PID=493) to work on /home/airflow/.local/lib/python3.7/site-packages/airflow/example_dags/example_time_delta_sensor_async.py
[2022-07-20 17:09:42,350] {processor.py:641} INFO - Processing file /home/airflow/.local/lib/python3.7/site-packages/airflow/example_dags/example_time_delta_sensor_async.py for tasks to queue
[2022-07-20 17:09:42,352] {logging_mixin.py:115} INFO - [2022-07-20 17:09:42,352] {dagbag.py:508} INFO - Filling up the DagBag from /home/airflow/.local/lib/python3.7/site-packages/airflow/example_dags/example_time_delta_sensor_async.py
[2022-07-20 17:09:42,366] {processor.py:651} INFO - DAG(s) dict_keys(['example_time_delta_sensor_async']) retrieved from /home/airflow/.local/lib/python3.7/site-packages/airflow/example_dags/example_time_delta_sensor_async.py
[2022-07-20 17:09:42,518] {logging_mixin.py:115} INFO - [2022-07-20 17:09:42,518] {dag.py:2420} INFO - Sync 1 DAGs
[2022-07-20 17:09:42,840] {logging_mixin.py:115} INFO - [2022-07-20 17:09:42,840] {dag.py:2972} INFO - Setting next_dagrun for example_time_delta_sensor_async to None, run_after=None
[2022-07-20 17:09:42,930] {processor.py:161} INFO - Processing /home/airflow/.local/lib/python3.7/site-packages/airflow/example_dags/example_time_delta_sensor_async.py took 0.591 seconds
[2022-07-20 17:10:13,618] {processor.py:153} INFO - Started process (PID=543) to work on /home/airflow/.local/lib/python3.7/site-packages/airflow/example_dags/example_time_delta_sensor_async.py
[2022-07-20 17:10:13,621] {processor.py:641} INFO - Processing file /home/airflow/.local/lib/python3.7/site-packages/airflow/example_dags/example_time_delta_sensor_async.py for tasks to queue
[2022-07-20 17:10:13,624] {logging_mixin.py:115} INFO - [2022-07-20 17:10:13,624] {dagbag.py:508} INFO - Filling up the DagBag from /home/airflow/.local/lib/python3.7/site-packages/airflow/example_dags/example_time_delta_sensor_async.py
[2022-07-20 17:10:13,662] {processor.py:651} INFO - DAG(s) dict_keys(['example_time_delta_sensor_async']) retrieved from /home/airflow/.local/lib/python3.7/site-packages/airflow/example_dags/example_time_delta_sensor_async.py
[2022-07-20 17:10:13,936] {logging_mixin.py:115} INFO - [2022-07-20 17:10:13,936] {dag.py:2420} INFO - Sync 1 DAGs
[2022-07-20 17:10:14,386] {logging_mixin.py:115} INFO - [2022-07-20 17:10:14,386] {dag.py:2972} INFO - Setting next_dagrun for example_time_delta_sensor_async to None, run_after=None
[2022-07-20 17:10:14,452] {processor.py:161} INFO - Processing /home/airflow/.local/lib/python3.7/site-packages/airflow/example_dags/example_time_delta_sensor_async.py took 0.857 seconds
[2022-07-20 17:10:45,197] {processor.py:153} INFO - Started process (PID=594) to work on /home/airflow/.local/lib/python3.7/site-packages/airflow/example_dags/example_time_delta_sensor_async.py
[2022-07-20 17:10:45,199] {processor.py:641} INFO - Processing file /home/airflow/.local/lib/python3.7/site-packages/airflow/example_dags/example_time_delta_sensor_async.py for tasks to queue
[2022-07-20 17:10:45,200] {logging_mixin.py:115} INFO - [2022-07-20 17:10:45,200] {dagbag.py:508} INFO - Filling up the DagBag from /home/airflow/.local/lib/python3.7/site-packages/airflow/example_dags/example_time_delta_sensor_async.py
[2022-07-20 17:10:45,229] {processor.py:651} INFO - DAG(s) dict_keys(['example_time_delta_sensor_async']) retrieved from /home/airflow/.local/lib/python3.7/site-packages/airflow/example_dags/example_time_delta_sensor_async.py
[2022-07-20 17:10:45,479] {logging_mixin.py:115} INFO - [2022-07-20 17:10:45,478] {dag.py:2420} INFO - Sync 1 DAGs
[2022-07-20 17:10:45,843] {logging_mixin.py:115} INFO - [2022-07-20 17:10:45,843] {dag.py:2972} INFO - Setting next_dagrun for example_time_delta_sensor_async to None, run_after=None
[2022-07-20 17:10:45,965] {processor.py:161} INFO - Processing /home/airflow/.local/lib/python3.7/site-packages/airflow/example_dags/example_time_delta_sensor_async.py took 0.786 seconds
[2022-07-20 17:11:16,412] {processor.py:153} INFO - Started process (PID=646) to work on /home/airflow/.local/lib/python3.7/site-packages/airflow/example_dags/example_time_delta_sensor_async.py
[2022-07-20 17:11:16,415] {processor.py:641} INFO - Processing file /home/airflow/.local/lib/python3.7/site-packages/airflow/example_dags/example_time_delta_sensor_async.py for tasks to queue
[2022-07-20 17:11:16,418] {logging_mixin.py:115} INFO - [2022-07-20 17:11:16,417] {dagbag.py:508} INFO - Filling up the DagBag from /home/airflow/.local/lib/python3.7/site-packages/airflow/example_dags/example_time_delta_sensor_async.py
[2022-07-20 17:11:16,437] {processor.py:651} INFO - DAG(s) dict_keys(['example_time_delta_sensor_async']) retrieved from /home/airflow/.local/lib/python3.7/site-packages/airflow/example_dags/example_time_delta_sensor_async.py
[2022-07-20 17:11:16,641] {logging_mixin.py:115} INFO - [2022-07-20 17:11:16,641] {dag.py:2420} INFO - Sync 1 DAGs
[2022-07-20 17:11:17,028] {logging_mixin.py:115} INFO - [2022-07-20 17:11:17,028] {dag.py:2972} INFO - Setting next_dagrun for example_time_delta_sensor_async to None, run_after=None
[2022-07-20 17:11:17,237] {processor.py:161} INFO - Processing /home/airflow/.local/lib/python3.7/site-packages/airflow/example_dags/example_time_delta_sensor_async.py took 0.834 seconds
[2022-07-20 17:11:47,601] {processor.py:153} INFO - Started process (PID=699) to work on /home/airflow/.local/lib/python3.7/site-packages/airflow/example_dags/example_time_delta_sensor_async.py
[2022-07-20 17:11:47,603] {processor.py:641} INFO - Processing file /home/airflow/.local/lib/python3.7/site-packages/airflow/example_dags/example_time_delta_sensor_async.py for tasks to queue
[2022-07-20 17:11:47,605] {logging_mixin.py:115} INFO - [2022-07-20 17:11:47,605] {dagbag.py:508} INFO - Filling up the DagBag from /home/airflow/.local/lib/python3.7/site-packages/airflow/example_dags/example_time_delta_sensor_async.py
[2022-07-20 17:11:47,620] {processor.py:651} INFO - DAG(s) dict_keys(['example_time_delta_sensor_async']) retrieved from /home/airflow/.local/lib/python3.7/site-packages/airflow/example_dags/example_time_delta_sensor_async.py
[2022-07-20 17:11:47,726] {logging_mixin.py:115} INFO - [2022-07-20 17:11:47,726] {dag.py:2420} INFO - Sync 1 DAGs
[2022-07-20 17:11:47,987] {logging_mixin.py:115} INFO - [2022-07-20 17:11:47,987] {dag.py:2972} INFO - Setting next_dagrun for example_time_delta_sensor_async to None, run_after=None
[2022-07-20 17:11:48,244] {processor.py:161} INFO - Processing /home/airflow/.local/lib/python3.7/site-packages/airflow/example_dags/example_time_delta_sensor_async.py took 0.653 seconds
[2022-07-20 17:12:18,776] {processor.py:153} INFO - Started process (PID=751) to work on /home/airflow/.local/lib/python3.7/site-packages/airflow/example_dags/example_time_delta_sensor_async.py
[2022-07-20 17:12:18,777] {processor.py:641} INFO - Processing file /home/airflow/.local/lib/python3.7/site-packages/airflow/example_dags/example_time_delta_sensor_async.py for tasks to queue
[2022-07-20 17:12:18,779] {logging_mixin.py:115} INFO - [2022-07-20 17:12:18,779] {dagbag.py:508} INFO - Filling up the DagBag from /home/airflow/.local/lib/python3.7/site-packages/airflow/example_dags/example_time_delta_sensor_async.py
[2022-07-20 17:12:18,793] {processor.py:651} INFO - DAG(s) dict_keys(['example_time_delta_sensor_async']) retrieved from /home/airflow/.local/lib/python3.7/site-packages/airflow/example_dags/example_time_delta_sensor_async.py
[2022-07-20 17:12:18,904] {logging_mixin.py:115} INFO - [2022-07-20 17:12:18,903] {dag.py:2420} INFO - Sync 1 DAGs
[2022-07-20 17:12:19,170] {logging_mixin.py:115} INFO - [2022-07-20 17:12:19,170] {dag.py:2972} INFO - Setting next_dagrun for example_time_delta_sensor_async to None, run_after=None
[2022-07-20 17:12:19,324] {processor.py:161} INFO - Processing /home/airflow/.local/lib/python3.7/site-packages/airflow/example_dags/example_time_delta_sensor_async.py took 0.557 seconds
[2022-07-20 17:12:49,576] {processor.py:153} INFO - Started process (PID=796) to work on /home/airflow/.local/lib/python3.7/site-packages/airflow/example_dags/example_time_delta_sensor_async.py
[2022-07-20 17:12:49,579] {processor.py:641} INFO - Processing file /home/airflow/.local/lib/python3.7/site-packages/airflow/example_dags/example_time_delta_sensor_async.py for tasks to queue
[2022-07-20 17:12:49,581] {logging_mixin.py:115} INFO - [2022-07-20 17:12:49,581] {dagbag.py:508} INFO - Filling up the DagBag from /home/airflow/.local/lib/python3.7/site-packages/airflow/example_dags/example_time_delta_sensor_async.py
[2022-07-20 17:12:49,636] {processor.py:651} INFO - DAG(s) dict_keys(['example_time_delta_sensor_async']) retrieved from /home/airflow/.local/lib/python3.7/site-packages/airflow/example_dags/example_time_delta_sensor_async.py
[2022-07-20 17:12:50,015] {logging_mixin.py:115} INFO - [2022-07-20 17:12:50,015] {dag.py:2420} INFO - Sync 1 DAGs
[2022-07-20 17:12:50,718] {logging_mixin.py:115} INFO - [2022-07-20 17:12:50,718] {dag.py:2972} INFO - Setting next_dagrun for example_time_delta_sensor_async to None, run_after=None
[2022-07-20 17:12:50,844] {processor.py:161} INFO - Processing /home/airflow/.local/lib/python3.7/site-packages/airflow/example_dags/example_time_delta_sensor_async.py took 1.301 seconds
[2022-07-20 17:13:30,676] {processor.py:153} INFO - Started process (PID=857) to work on /home/airflow/.local/lib/python3.7/site-packages/airflow/example_dags/example_time_delta_sensor_async.py
[2022-07-20 17:13:30,802] {processor.py:641} INFO - Processing file /home/airflow/.local/lib/python3.7/site-packages/airflow/example_dags/example_time_delta_sensor_async.py for tasks to queue
[2022-07-20 17:13:30,813] {logging_mixin.py:115} INFO - [2022-07-20 17:13:30,812] {dagbag.py:508} INFO - Filling up the DagBag from /home/airflow/.local/lib/python3.7/site-packages/airflow/example_dags/example_time_delta_sensor_async.py
[2022-07-20 17:13:31,015] {processor.py:651} INFO - DAG(s) dict_keys(['example_time_delta_sensor_async']) retrieved from /home/airflow/.local/lib/python3.7/site-packages/airflow/example_dags/example_time_delta_sensor_async.py
[2022-07-20 17:13:32,134] {logging_mixin.py:115} INFO - [2022-07-20 17:13:32,133] {dag.py:2420} INFO - Sync 1 DAGs
[2022-07-20 17:13:33,149] {logging_mixin.py:115} INFO - [2022-07-20 17:13:33,149] {dag.py:2972} INFO - Setting next_dagrun for example_time_delta_sensor_async to None, run_after=None
[2022-07-20 17:13:33,746] {processor.py:161} INFO - Processing /home/airflow/.local/lib/python3.7/site-packages/airflow/example_dags/example_time_delta_sensor_async.py took 3.096 seconds
[2022-07-20 17:50:03,365] {processor.py:153} INFO - Started process (PID=128) to work on /home/airflow/.local/lib/python3.7/site-packages/airflow/example_dags/example_time_delta_sensor_async.py
[2022-07-20 17:50:03,454] {processor.py:641} INFO - Processing file /home/airflow/.local/lib/python3.7/site-packages/airflow/example_dags/example_time_delta_sensor_async.py for tasks to queue
[2022-07-20 17:50:03,456] {logging_mixin.py:115} INFO - [2022-07-20 17:50:03,455] {dagbag.py:508} INFO - Filling up the DagBag from /home/airflow/.local/lib/python3.7/site-packages/airflow/example_dags/example_time_delta_sensor_async.py
[2022-07-20 17:50:04,015] {processor.py:651} INFO - DAG(s) dict_keys(['example_time_delta_sensor_async']) retrieved from /home/airflow/.local/lib/python3.7/site-packages/airflow/example_dags/example_time_delta_sensor_async.py
[2022-07-20 17:50:04,124] {logging_mixin.py:115} INFO - [2022-07-20 17:50:04,124] {dag.py:2420} INFO - Sync 1 DAGs
[2022-07-20 17:50:04,354] {logging_mixin.py:115} INFO - [2022-07-20 17:50:04,354] {dag.py:2972} INFO - Setting next_dagrun for example_time_delta_sensor_async to None, run_after=None
[2022-07-20 17:50:04,888] {processor.py:161} INFO - Processing /home/airflow/.local/lib/python3.7/site-packages/airflow/example_dags/example_time_delta_sensor_async.py took 1.534 seconds
[2022-07-20 17:50:35,293] {processor.py:153} INFO - Started process (PID=182) to work on /home/airflow/.local/lib/python3.7/site-packages/airflow/example_dags/example_time_delta_sensor_async.py
[2022-07-20 17:50:35,295] {processor.py:641} INFO - Processing file /home/airflow/.local/lib/python3.7/site-packages/airflow/example_dags/example_time_delta_sensor_async.py for tasks to queue
[2022-07-20 17:50:35,296] {logging_mixin.py:115} INFO - [2022-07-20 17:50:35,296] {dagbag.py:508} INFO - Filling up the DagBag from /home/airflow/.local/lib/python3.7/site-packages/airflow/example_dags/example_time_delta_sensor_async.py
[2022-07-20 17:50:35,307] {processor.py:651} INFO - DAG(s) dict_keys(['example_time_delta_sensor_async']) retrieved from /home/airflow/.local/lib/python3.7/site-packages/airflow/example_dags/example_time_delta_sensor_async.py
[2022-07-20 17:50:35,398] {logging_mixin.py:115} INFO - [2022-07-20 17:50:35,398] {dag.py:2420} INFO - Sync 1 DAGs
[2022-07-20 17:50:35,627] {logging_mixin.py:115} INFO - [2022-07-20 17:50:35,627] {dag.py:2972} INFO - Setting next_dagrun for example_time_delta_sensor_async to None, run_after=None
[2022-07-20 17:50:35,960] {processor.py:161} INFO - Processing /home/airflow/.local/lib/python3.7/site-packages/airflow/example_dags/example_time_delta_sensor_async.py took 0.674 seconds
[2022-07-20 17:51:06,898] {processor.py:153} INFO - Started process (PID=234) to work on /home/airflow/.local/lib/python3.7/site-packages/airflow/example_dags/example_time_delta_sensor_async.py
[2022-07-20 17:51:06,900] {processor.py:641} INFO - Processing file /home/airflow/.local/lib/python3.7/site-packages/airflow/example_dags/example_time_delta_sensor_async.py for tasks to queue
[2022-07-20 17:51:06,901] {logging_mixin.py:115} INFO - [2022-07-20 17:51:06,901] {dagbag.py:508} INFO - Filling up the DagBag from /home/airflow/.local/lib/python3.7/site-packages/airflow/example_dags/example_time_delta_sensor_async.py
[2022-07-20 17:51:06,920] {processor.py:651} INFO - DAG(s) dict_keys(['example_time_delta_sensor_async']) retrieved from /home/airflow/.local/lib/python3.7/site-packages/airflow/example_dags/example_time_delta_sensor_async.py
[2022-07-20 17:51:07,025] {logging_mixin.py:115} INFO - [2022-07-20 17:51:07,025] {dag.py:2420} INFO - Sync 1 DAGs
[2022-07-20 17:51:07,416] {logging_mixin.py:115} INFO - [2022-07-20 17:51:07,416] {dag.py:2972} INFO - Setting next_dagrun for example_time_delta_sensor_async to None, run_after=None
[2022-07-20 17:51:07,923] {processor.py:161} INFO - Processing /home/airflow/.local/lib/python3.7/site-packages/airflow/example_dags/example_time_delta_sensor_async.py took 1.031 seconds
[2022-07-20 17:51:38,673] {processor.py:153} INFO - Started process (PID=286) to work on /home/airflow/.local/lib/python3.7/site-packages/airflow/example_dags/example_time_delta_sensor_async.py
[2022-07-20 17:51:38,676] {processor.py:641} INFO - Processing file /home/airflow/.local/lib/python3.7/site-packages/airflow/example_dags/example_time_delta_sensor_async.py for tasks to queue
[2022-07-20 17:51:38,679] {logging_mixin.py:115} INFO - [2022-07-20 17:51:38,678] {dagbag.py:508} INFO - Filling up the DagBag from /home/airflow/.local/lib/python3.7/site-packages/airflow/example_dags/example_time_delta_sensor_async.py
[2022-07-20 17:51:38,697] {processor.py:651} INFO - DAG(s) dict_keys(['example_time_delta_sensor_async']) retrieved from /home/airflow/.local/lib/python3.7/site-packages/airflow/example_dags/example_time_delta_sensor_async.py
[2022-07-20 17:51:38,883] {logging_mixin.py:115} INFO - [2022-07-20 17:51:38,883] {dag.py:2420} INFO - Sync 1 DAGs
[2022-07-20 17:51:39,146] {logging_mixin.py:115} INFO - [2022-07-20 17:51:39,145] {dag.py:2972} INFO - Setting next_dagrun for example_time_delta_sensor_async to None, run_after=None
[2022-07-20 17:51:39,260] {processor.py:161} INFO - Processing /home/airflow/.local/lib/python3.7/site-packages/airflow/example_dags/example_time_delta_sensor_async.py took 0.599 seconds
[2022-07-20 17:52:09,426] {processor.py:153} INFO - Started process (PID=338) to work on /home/airflow/.local/lib/python3.7/site-packages/airflow/example_dags/example_time_delta_sensor_async.py
[2022-07-20 17:52:09,428] {processor.py:641} INFO - Processing file /home/airflow/.local/lib/python3.7/site-packages/airflow/example_dags/example_time_delta_sensor_async.py for tasks to queue
[2022-07-20 17:52:09,429] {logging_mixin.py:115} INFO - [2022-07-20 17:52:09,429] {dagbag.py:508} INFO - Filling up the DagBag from /home/airflow/.local/lib/python3.7/site-packages/airflow/example_dags/example_time_delta_sensor_async.py
[2022-07-20 17:52:09,440] {processor.py:651} INFO - DAG(s) dict_keys(['example_time_delta_sensor_async']) retrieved from /home/airflow/.local/lib/python3.7/site-packages/airflow/example_dags/example_time_delta_sensor_async.py
[2022-07-20 17:52:09,582] {logging_mixin.py:115} INFO - [2022-07-20 17:52:09,582] {dag.py:2420} INFO - Sync 1 DAGs
[2022-07-20 17:52:09,931] {logging_mixin.py:115} INFO - [2022-07-20 17:52:09,930] {dag.py:2972} INFO - Setting next_dagrun for example_time_delta_sensor_async to None, run_after=None
[2022-07-20 17:52:10,236] {processor.py:161} INFO - Processing /home/airflow/.local/lib/python3.7/site-packages/airflow/example_dags/example_time_delta_sensor_async.py took 0.816 seconds
[2022-07-20 17:52:41,093] {processor.py:153} INFO - Started process (PID=390) to work on /home/airflow/.local/lib/python3.7/site-packages/airflow/example_dags/example_time_delta_sensor_async.py
[2022-07-20 17:52:41,094] {processor.py:641} INFO - Processing file /home/airflow/.local/lib/python3.7/site-packages/airflow/example_dags/example_time_delta_sensor_async.py for tasks to queue
[2022-07-20 17:52:41,096] {logging_mixin.py:115} INFO - [2022-07-20 17:52:41,096] {dagbag.py:508} INFO - Filling up the DagBag from /home/airflow/.local/lib/python3.7/site-packages/airflow/example_dags/example_time_delta_sensor_async.py
[2022-07-20 17:52:41,110] {processor.py:651} INFO - DAG(s) dict_keys(['example_time_delta_sensor_async']) retrieved from /home/airflow/.local/lib/python3.7/site-packages/airflow/example_dags/example_time_delta_sensor_async.py
[2022-07-20 17:52:41,302] {logging_mixin.py:115} INFO - [2022-07-20 17:52:41,301] {dag.py:2420} INFO - Sync 1 DAGs
[2022-07-20 17:52:41,651] {logging_mixin.py:115} INFO - [2022-07-20 17:52:41,651] {dag.py:2972} INFO - Setting next_dagrun for example_time_delta_sensor_async to None, run_after=None
[2022-07-20 17:52:41,756] {processor.py:161} INFO - Processing /home/airflow/.local/lib/python3.7/site-packages/airflow/example_dags/example_time_delta_sensor_async.py took 0.672 seconds
[2022-07-20 17:53:12,557] {processor.py:153} INFO - Started process (PID=444) to work on /home/airflow/.local/lib/python3.7/site-packages/airflow/example_dags/example_time_delta_sensor_async.py
[2022-07-20 17:53:12,559] {processor.py:641} INFO - Processing file /home/airflow/.local/lib/python3.7/site-packages/airflow/example_dags/example_time_delta_sensor_async.py for tasks to queue
[2022-07-20 17:53:12,561] {logging_mixin.py:115} INFO - [2022-07-20 17:53:12,561] {dagbag.py:508} INFO - Filling up the DagBag from /home/airflow/.local/lib/python3.7/site-packages/airflow/example_dags/example_time_delta_sensor_async.py
[2022-07-20 17:53:12,575] {processor.py:651} INFO - DAG(s) dict_keys(['example_time_delta_sensor_async']) retrieved from /home/airflow/.local/lib/python3.7/site-packages/airflow/example_dags/example_time_delta_sensor_async.py
[2022-07-20 17:53:12,714] {logging_mixin.py:115} INFO - [2022-07-20 17:53:12,714] {dag.py:2420} INFO - Sync 1 DAGs
[2022-07-20 17:53:13,100] {logging_mixin.py:115} INFO - [2022-07-20 17:53:13,100] {dag.py:2972} INFO - Setting next_dagrun for example_time_delta_sensor_async to None, run_after=None
[2022-07-20 17:53:13,195] {processor.py:161} INFO - Processing /home/airflow/.local/lib/python3.7/site-packages/airflow/example_dags/example_time_delta_sensor_async.py took 0.647 seconds
[2022-07-20 17:53:43,699] {processor.py:153} INFO - Started process (PID=495) to work on /home/airflow/.local/lib/python3.7/site-packages/airflow/example_dags/example_time_delta_sensor_async.py
[2022-07-20 17:53:43,701] {processor.py:641} INFO - Processing file /home/airflow/.local/lib/python3.7/site-packages/airflow/example_dags/example_time_delta_sensor_async.py for tasks to queue
[2022-07-20 17:53:43,703] {logging_mixin.py:115} INFO - [2022-07-20 17:53:43,702] {dagbag.py:508} INFO - Filling up the DagBag from /home/airflow/.local/lib/python3.7/site-packages/airflow/example_dags/example_time_delta_sensor_async.py
[2022-07-20 17:53:43,723] {processor.py:651} INFO - DAG(s) dict_keys(['example_time_delta_sensor_async']) retrieved from /home/airflow/.local/lib/python3.7/site-packages/airflow/example_dags/example_time_delta_sensor_async.py
[2022-07-20 17:53:43,858] {logging_mixin.py:115} INFO - [2022-07-20 17:53:43,858] {dag.py:2420} INFO - Sync 1 DAGs
[2022-07-20 17:53:44,061] {logging_mixin.py:115} INFO - [2022-07-20 17:53:44,061] {dag.py:2972} INFO - Setting next_dagrun for example_time_delta_sensor_async to None, run_after=None
[2022-07-20 17:53:44,206] {processor.py:161} INFO - Processing /home/airflow/.local/lib/python3.7/site-packages/airflow/example_dags/example_time_delta_sensor_async.py took 0.516 seconds
[2022-07-20 17:54:14,997] {processor.py:153} INFO - Started process (PID=546) to work on /home/airflow/.local/lib/python3.7/site-packages/airflow/example_dags/example_time_delta_sensor_async.py
[2022-07-20 17:54:14,999] {processor.py:641} INFO - Processing file /home/airflow/.local/lib/python3.7/site-packages/airflow/example_dags/example_time_delta_sensor_async.py for tasks to queue
[2022-07-20 17:54:15,005] {logging_mixin.py:115} INFO - [2022-07-20 17:54:15,005] {dagbag.py:508} INFO - Filling up the DagBag from /home/airflow/.local/lib/python3.7/site-packages/airflow/example_dags/example_time_delta_sensor_async.py
[2022-07-20 17:54:15,023] {processor.py:651} INFO - DAG(s) dict_keys(['example_time_delta_sensor_async']) retrieved from /home/airflow/.local/lib/python3.7/site-packages/airflow/example_dags/example_time_delta_sensor_async.py
[2022-07-20 17:54:15,218] {logging_mixin.py:115} INFO - [2022-07-20 17:54:15,218] {dag.py:2420} INFO - Sync 1 DAGs
[2022-07-20 17:54:15,505] {logging_mixin.py:115} INFO - [2022-07-20 17:54:15,504] {dag.py:2972} INFO - Setting next_dagrun for example_time_delta_sensor_async to None, run_after=None
[2022-07-20 17:54:16,177] {processor.py:161} INFO - Processing /home/airflow/.local/lib/python3.7/site-packages/airflow/example_dags/example_time_delta_sensor_async.py took 1.191 seconds
[2022-07-20 17:54:46,339] {processor.py:153} INFO - Started process (PID=598) to work on /home/airflow/.local/lib/python3.7/site-packages/airflow/example_dags/example_time_delta_sensor_async.py
[2022-07-20 17:54:46,341] {processor.py:641} INFO - Processing file /home/airflow/.local/lib/python3.7/site-packages/airflow/example_dags/example_time_delta_sensor_async.py for tasks to queue
[2022-07-20 17:54:46,342] {logging_mixin.py:115} INFO - [2022-07-20 17:54:46,342] {dagbag.py:508} INFO - Filling up the DagBag from /home/airflow/.local/lib/python3.7/site-packages/airflow/example_dags/example_time_delta_sensor_async.py
[2022-07-20 17:54:46,351] {processor.py:651} INFO - DAG(s) dict_keys(['example_time_delta_sensor_async']) retrieved from /home/airflow/.local/lib/python3.7/site-packages/airflow/example_dags/example_time_delta_sensor_async.py
[2022-07-20 17:54:46,461] {logging_mixin.py:115} INFO - [2022-07-20 17:54:46,461] {dag.py:2420} INFO - Sync 1 DAGs
[2022-07-20 17:54:46,689] {logging_mixin.py:115} INFO - [2022-07-20 17:54:46,689] {dag.py:2972} INFO - Setting next_dagrun for example_time_delta_sensor_async to None, run_after=None
[2022-07-20 17:54:46,829] {processor.py:161} INFO - Processing /home/airflow/.local/lib/python3.7/site-packages/airflow/example_dags/example_time_delta_sensor_async.py took 0.496 seconds
[2022-07-20 17:55:18,165] {processor.py:153} INFO - Started process (PID=650) to work on /home/airflow/.local/lib/python3.7/site-packages/airflow/example_dags/example_time_delta_sensor_async.py
[2022-07-20 17:55:18,166] {processor.py:641} INFO - Processing file /home/airflow/.local/lib/python3.7/site-packages/airflow/example_dags/example_time_delta_sensor_async.py for tasks to queue
[2022-07-20 17:55:18,167] {logging_mixin.py:115} INFO - [2022-07-20 17:55:18,167] {dagbag.py:508} INFO - Filling up the DagBag from /home/airflow/.local/lib/python3.7/site-packages/airflow/example_dags/example_time_delta_sensor_async.py
[2022-07-20 17:55:18,177] {processor.py:651} INFO - DAG(s) dict_keys(['example_time_delta_sensor_async']) retrieved from /home/airflow/.local/lib/python3.7/site-packages/airflow/example_dags/example_time_delta_sensor_async.py
[2022-07-20 17:55:18,318] {logging_mixin.py:115} INFO - [2022-07-20 17:55:18,318] {dag.py:2420} INFO - Sync 1 DAGs
[2022-07-20 17:55:18,576] {logging_mixin.py:115} INFO - [2022-07-20 17:55:18,576] {dag.py:2972} INFO - Setting next_dagrun for example_time_delta_sensor_async to None, run_after=None
[2022-07-20 17:55:18,780] {processor.py:161} INFO - Processing /home/airflow/.local/lib/python3.7/site-packages/airflow/example_dags/example_time_delta_sensor_async.py took 0.623 seconds
[2022-07-20 17:55:51,774] {processor.py:153} INFO - Started process (PID=703) to work on /home/airflow/.local/lib/python3.7/site-packages/airflow/example_dags/example_time_delta_sensor_async.py
[2022-07-20 17:55:51,775] {processor.py:641} INFO - Processing file /home/airflow/.local/lib/python3.7/site-packages/airflow/example_dags/example_time_delta_sensor_async.py for tasks to queue
[2022-07-20 17:55:51,776] {logging_mixin.py:115} INFO - [2022-07-20 17:55:51,776] {dagbag.py:508} INFO - Filling up the DagBag from /home/airflow/.local/lib/python3.7/site-packages/airflow/example_dags/example_time_delta_sensor_async.py
[2022-07-20 17:55:51,786] {processor.py:651} INFO - DAG(s) dict_keys(['example_time_delta_sensor_async']) retrieved from /home/airflow/.local/lib/python3.7/site-packages/airflow/example_dags/example_time_delta_sensor_async.py
[2022-07-20 17:55:51,875] {logging_mixin.py:115} INFO - [2022-07-20 17:55:51,874] {dag.py:2420} INFO - Sync 1 DAGs
[2022-07-20 17:55:52,099] {logging_mixin.py:115} INFO - [2022-07-20 17:55:52,099] {dag.py:2972} INFO - Setting next_dagrun for example_time_delta_sensor_async to None, run_after=None
[2022-07-20 17:55:53,010] {processor.py:161} INFO - Processing /home/airflow/.local/lib/python3.7/site-packages/airflow/example_dags/example_time_delta_sensor_async.py took 1.243 seconds
[2022-07-20 17:56:23,683] {processor.py:153} INFO - Started process (PID=764) to work on /home/airflow/.local/lib/python3.7/site-packages/airflow/example_dags/example_time_delta_sensor_async.py
[2022-07-20 17:56:23,688] {processor.py:641} INFO - Processing file /home/airflow/.local/lib/python3.7/site-packages/airflow/example_dags/example_time_delta_sensor_async.py for tasks to queue
[2022-07-20 17:56:23,691] {logging_mixin.py:115} INFO - [2022-07-20 17:56:23,691] {dagbag.py:508} INFO - Filling up the DagBag from /home/airflow/.local/lib/python3.7/site-packages/airflow/example_dags/example_time_delta_sensor_async.py
[2022-07-20 17:56:23,713] {processor.py:651} INFO - DAG(s) dict_keys(['example_time_delta_sensor_async']) retrieved from /home/airflow/.local/lib/python3.7/site-packages/airflow/example_dags/example_time_delta_sensor_async.py
[2022-07-20 17:56:23,873] {logging_mixin.py:115} INFO - [2022-07-20 17:56:23,872] {dag.py:2420} INFO - Sync 1 DAGs
[2022-07-20 17:56:24,300] {logging_mixin.py:115} INFO - [2022-07-20 17:56:24,299] {dag.py:2972} INFO - Setting next_dagrun for example_time_delta_sensor_async to None, run_after=None
[2022-07-20 17:56:24,886] {processor.py:161} INFO - Processing /home/airflow/.local/lib/python3.7/site-packages/airflow/example_dags/example_time_delta_sensor_async.py took 1.214 seconds
[2022-07-20 17:56:55,612] {processor.py:153} INFO - Started process (PID=808) to work on /home/airflow/.local/lib/python3.7/site-packages/airflow/example_dags/example_time_delta_sensor_async.py
[2022-07-20 17:56:55,624] {processor.py:641} INFO - Processing file /home/airflow/.local/lib/python3.7/site-packages/airflow/example_dags/example_time_delta_sensor_async.py for tasks to queue
[2022-07-20 17:56:55,627] {logging_mixin.py:115} INFO - [2022-07-20 17:56:55,626] {dagbag.py:508} INFO - Filling up the DagBag from /home/airflow/.local/lib/python3.7/site-packages/airflow/example_dags/example_time_delta_sensor_async.py
[2022-07-20 17:56:55,665] {processor.py:651} INFO - DAG(s) dict_keys(['example_time_delta_sensor_async']) retrieved from /home/airflow/.local/lib/python3.7/site-packages/airflow/example_dags/example_time_delta_sensor_async.py
[2022-07-20 17:56:55,886] {logging_mixin.py:115} INFO - [2022-07-20 17:56:55,886] {dag.py:2420} INFO - Sync 1 DAGs
[2022-07-20 17:56:56,363] {logging_mixin.py:115} INFO - [2022-07-20 17:56:56,363] {dag.py:2972} INFO - Setting next_dagrun for example_time_delta_sensor_async to None, run_after=None
[2022-07-20 17:56:56,581] {processor.py:161} INFO - Processing /home/airflow/.local/lib/python3.7/site-packages/airflow/example_dags/example_time_delta_sensor_async.py took 0.978 seconds
[2022-07-20 17:57:26,960] {processor.py:153} INFO - Started process (PID=860) to work on /home/airflow/.local/lib/python3.7/site-packages/airflow/example_dags/example_time_delta_sensor_async.py
[2022-07-20 17:57:26,962] {processor.py:641} INFO - Processing file /home/airflow/.local/lib/python3.7/site-packages/airflow/example_dags/example_time_delta_sensor_async.py for tasks to queue
[2022-07-20 17:57:26,964] {logging_mixin.py:115} INFO - [2022-07-20 17:57:26,964] {dagbag.py:508} INFO - Filling up the DagBag from /home/airflow/.local/lib/python3.7/site-packages/airflow/example_dags/example_time_delta_sensor_async.py
[2022-07-20 17:57:26,983] {processor.py:651} INFO - DAG(s) dict_keys(['example_time_delta_sensor_async']) retrieved from /home/airflow/.local/lib/python3.7/site-packages/airflow/example_dags/example_time_delta_sensor_async.py
[2022-07-20 17:57:27,173] {logging_mixin.py:115} INFO - [2022-07-20 17:57:27,173] {dag.py:2420} INFO - Sync 1 DAGs
[2022-07-20 17:57:27,559] {logging_mixin.py:115} INFO - [2022-07-20 17:57:27,559] {dag.py:2972} INFO - Setting next_dagrun for example_time_delta_sensor_async to None, run_after=None
[2022-07-20 17:57:27,806] {processor.py:161} INFO - Processing /home/airflow/.local/lib/python3.7/site-packages/airflow/example_dags/example_time_delta_sensor_async.py took 0.854 seconds
[2022-07-20 17:57:58,472] {processor.py:153} INFO - Started process (PID=912) to work on /home/airflow/.local/lib/python3.7/site-packages/airflow/example_dags/example_time_delta_sensor_async.py
[2022-07-20 17:57:58,473] {processor.py:641} INFO - Processing file /home/airflow/.local/lib/python3.7/site-packages/airflow/example_dags/example_time_delta_sensor_async.py for tasks to queue
[2022-07-20 17:57:58,475] {logging_mixin.py:115} INFO - [2022-07-20 17:57:58,475] {dagbag.py:508} INFO - Filling up the DagBag from /home/airflow/.local/lib/python3.7/site-packages/airflow/example_dags/example_time_delta_sensor_async.py
[2022-07-20 17:57:58,488] {processor.py:651} INFO - DAG(s) dict_keys(['example_time_delta_sensor_async']) retrieved from /home/airflow/.local/lib/python3.7/site-packages/airflow/example_dags/example_time_delta_sensor_async.py
[2022-07-20 17:57:58,605] {logging_mixin.py:115} INFO - [2022-07-20 17:57:58,605] {dag.py:2420} INFO - Sync 1 DAGs
[2022-07-20 17:57:58,848] {logging_mixin.py:115} INFO - [2022-07-20 17:57:58,847] {dag.py:2972} INFO - Setting next_dagrun for example_time_delta_sensor_async to None, run_after=None
[2022-07-20 17:57:59,727] {processor.py:161} INFO - Processing /home/airflow/.local/lib/python3.7/site-packages/airflow/example_dags/example_time_delta_sensor_async.py took 1.265 seconds
[2022-07-20 17:58:30,664] {processor.py:153} INFO - Started process (PID=965) to work on /home/airflow/.local/lib/python3.7/site-packages/airflow/example_dags/example_time_delta_sensor_async.py
[2022-07-20 17:58:30,677] {processor.py:641} INFO - Processing file /home/airflow/.local/lib/python3.7/site-packages/airflow/example_dags/example_time_delta_sensor_async.py for tasks to queue
[2022-07-20 17:58:30,680] {logging_mixin.py:115} INFO - [2022-07-20 17:58:30,680] {dagbag.py:508} INFO - Filling up the DagBag from /home/airflow/.local/lib/python3.7/site-packages/airflow/example_dags/example_time_delta_sensor_async.py
[2022-07-20 17:58:30,716] {processor.py:651} INFO - DAG(s) dict_keys(['example_time_delta_sensor_async']) retrieved from /home/airflow/.local/lib/python3.7/site-packages/airflow/example_dags/example_time_delta_sensor_async.py
[2022-07-20 17:58:31,132] {logging_mixin.py:115} INFO - [2022-07-20 17:58:31,131] {dag.py:2420} INFO - Sync 1 DAGs
[2022-07-20 17:58:32,283] {logging_mixin.py:115} INFO - [2022-07-20 17:58:32,282] {dag.py:2972} INFO - Setting next_dagrun for example_time_delta_sensor_async to None, run_after=None
[2022-07-20 17:58:32,540] {processor.py:161} INFO - Processing /home/airflow/.local/lib/python3.7/site-packages/airflow/example_dags/example_time_delta_sensor_async.py took 1.902 seconds
[2022-07-20 17:59:03,227] {processor.py:153} INFO - Started process (PID=1008) to work on /home/airflow/.local/lib/python3.7/site-packages/airflow/example_dags/example_time_delta_sensor_async.py
[2022-07-20 17:59:03,228] {processor.py:641} INFO - Processing file /home/airflow/.local/lib/python3.7/site-packages/airflow/example_dags/example_time_delta_sensor_async.py for tasks to queue
[2022-07-20 17:59:03,230] {logging_mixin.py:115} INFO - [2022-07-20 17:59:03,230] {dagbag.py:508} INFO - Filling up the DagBag from /home/airflow/.local/lib/python3.7/site-packages/airflow/example_dags/example_time_delta_sensor_async.py
[2022-07-20 17:59:03,240] {processor.py:651} INFO - DAG(s) dict_keys(['example_time_delta_sensor_async']) retrieved from /home/airflow/.local/lib/python3.7/site-packages/airflow/example_dags/example_time_delta_sensor_async.py
[2022-07-20 17:59:03,406] {logging_mixin.py:115} INFO - [2022-07-20 17:59:03,406] {dag.py:2420} INFO - Sync 1 DAGs
[2022-07-20 17:59:03,916] {logging_mixin.py:115} INFO - [2022-07-20 17:59:03,916] {dag.py:2972} INFO - Setting next_dagrun for example_time_delta_sensor_async to None, run_after=None
[2022-07-20 17:59:04,048] {processor.py:161} INFO - Processing /home/airflow/.local/lib/python3.7/site-packages/airflow/example_dags/example_time_delta_sensor_async.py took 0.822 seconds
[2022-07-20 17:59:34,395] {processor.py:153} INFO - Started process (PID=1060) to work on /home/airflow/.local/lib/python3.7/site-packages/airflow/example_dags/example_time_delta_sensor_async.py
[2022-07-20 17:59:34,396] {processor.py:641} INFO - Processing file /home/airflow/.local/lib/python3.7/site-packages/airflow/example_dags/example_time_delta_sensor_async.py for tasks to queue
[2022-07-20 17:59:34,398] {logging_mixin.py:115} INFO - [2022-07-20 17:59:34,397] {dagbag.py:508} INFO - Filling up the DagBag from /home/airflow/.local/lib/python3.7/site-packages/airflow/example_dags/example_time_delta_sensor_async.py
[2022-07-20 17:59:34,408] {processor.py:651} INFO - DAG(s) dict_keys(['example_time_delta_sensor_async']) retrieved from /home/airflow/.local/lib/python3.7/site-packages/airflow/example_dags/example_time_delta_sensor_async.py
[2022-07-20 17:59:34,494] {logging_mixin.py:115} INFO - [2022-07-20 17:59:34,494] {dag.py:2420} INFO - Sync 1 DAGs
[2022-07-20 17:59:34,720] {logging_mixin.py:115} INFO - [2022-07-20 17:59:34,720] {dag.py:2972} INFO - Setting next_dagrun for example_time_delta_sensor_async to None, run_after=None
[2022-07-20 17:59:34,830] {processor.py:161} INFO - Processing /home/airflow/.local/lib/python3.7/site-packages/airflow/example_dags/example_time_delta_sensor_async.py took 0.442 seconds
[2022-07-20 18:00:04,922] {processor.py:153} INFO - Started process (PID=1114) to work on /home/airflow/.local/lib/python3.7/site-packages/airflow/example_dags/example_time_delta_sensor_async.py
[2022-07-20 18:00:04,923] {processor.py:641} INFO - Processing file /home/airflow/.local/lib/python3.7/site-packages/airflow/example_dags/example_time_delta_sensor_async.py for tasks to queue
[2022-07-20 18:00:04,924] {logging_mixin.py:115} INFO - [2022-07-20 18:00:04,924] {dagbag.py:508} INFO - Filling up the DagBag from /home/airflow/.local/lib/python3.7/site-packages/airflow/example_dags/example_time_delta_sensor_async.py
[2022-07-20 18:00:04,936] {processor.py:651} INFO - DAG(s) dict_keys(['example_time_delta_sensor_async']) retrieved from /home/airflow/.local/lib/python3.7/site-packages/airflow/example_dags/example_time_delta_sensor_async.py
[2022-07-20 18:00:05,086] {logging_mixin.py:115} INFO - [2022-07-20 18:00:05,086] {dag.py:2420} INFO - Sync 1 DAGs
[2022-07-20 18:00:05,459] {logging_mixin.py:115} INFO - [2022-07-20 18:00:05,459] {dag.py:2972} INFO - Setting next_dagrun for example_time_delta_sensor_async to None, run_after=None
[2022-07-20 18:00:05,645] {processor.py:161} INFO - Processing /home/airflow/.local/lib/python3.7/site-packages/airflow/example_dags/example_time_delta_sensor_async.py took 0.734 seconds
[2022-07-20 18:00:36,015] {processor.py:153} INFO - Started process (PID=1165) to work on /home/airflow/.local/lib/python3.7/site-packages/airflow/example_dags/example_time_delta_sensor_async.py
[2022-07-20 18:00:36,018] {processor.py:641} INFO - Processing file /home/airflow/.local/lib/python3.7/site-packages/airflow/example_dags/example_time_delta_sensor_async.py for tasks to queue
[2022-07-20 18:00:36,022] {logging_mixin.py:115} INFO - [2022-07-20 18:00:36,022] {dagbag.py:508} INFO - Filling up the DagBag from /home/airflow/.local/lib/python3.7/site-packages/airflow/example_dags/example_time_delta_sensor_async.py
[2022-07-20 18:00:36,046] {processor.py:651} INFO - DAG(s) dict_keys(['example_time_delta_sensor_async']) retrieved from /home/airflow/.local/lib/python3.7/site-packages/airflow/example_dags/example_time_delta_sensor_async.py
[2022-07-20 18:00:36,168] {logging_mixin.py:115} INFO - [2022-07-20 18:00:36,168] {dag.py:2420} INFO - Sync 1 DAGs
[2022-07-20 18:00:36,519] {logging_mixin.py:115} INFO - [2022-07-20 18:00:36,519] {dag.py:2972} INFO - Setting next_dagrun for example_time_delta_sensor_async to None, run_after=None
[2022-07-20 18:00:36,648] {processor.py:161} INFO - Processing /home/airflow/.local/lib/python3.7/site-packages/airflow/example_dags/example_time_delta_sensor_async.py took 0.653 seconds
[2022-07-20 18:01:06,882] {processor.py:153} INFO - Started process (PID=1217) to work on /home/airflow/.local/lib/python3.7/site-packages/airflow/example_dags/example_time_delta_sensor_async.py
[2022-07-20 18:01:06,886] {processor.py:641} INFO - Processing file /home/airflow/.local/lib/python3.7/site-packages/airflow/example_dags/example_time_delta_sensor_async.py for tasks to queue
[2022-07-20 18:01:06,889] {logging_mixin.py:115} INFO - [2022-07-20 18:01:06,889] {dagbag.py:508} INFO - Filling up the DagBag from /home/airflow/.local/lib/python3.7/site-packages/airflow/example_dags/example_time_delta_sensor_async.py
[2022-07-20 18:01:06,937] {processor.py:651} INFO - DAG(s) dict_keys(['example_time_delta_sensor_async']) retrieved from /home/airflow/.local/lib/python3.7/site-packages/airflow/example_dags/example_time_delta_sensor_async.py
[2022-07-20 18:01:07,151] {logging_mixin.py:115} INFO - [2022-07-20 18:01:07,150] {dag.py:2420} INFO - Sync 1 DAGs
[2022-07-20 18:01:08,081] {logging_mixin.py:115} INFO - [2022-07-20 18:01:08,081] {dag.py:2972} INFO - Setting next_dagrun for example_time_delta_sensor_async to None, run_after=None
[2022-07-20 18:01:08,217] {processor.py:161} INFO - Processing /home/airflow/.local/lib/python3.7/site-packages/airflow/example_dags/example_time_delta_sensor_async.py took 1.372 seconds
