[2022-07-20 17:06:27,033] {processor.py:153} INFO - Started process (PID=184) to work on /home/airflow/.local/lib/python3.7/site-packages/airflow/example_dags/example_branch_python_dop_operator_3.py
[2022-07-20 17:06:27,044] {processor.py:641} INFO - Processing file /home/airflow/.local/lib/python3.7/site-packages/airflow/example_dags/example_branch_python_dop_operator_3.py for tasks to queue
[2022-07-20 17:06:27,047] {logging_mixin.py:115} INFO - [2022-07-20 17:06:27,047] {dagbag.py:508} INFO - Filling up the DagBag from /home/airflow/.local/lib/python3.7/site-packages/airflow/example_dags/example_branch_python_dop_operator_3.py
[2022-07-20 17:06:27,198] {processor.py:651} INFO - DAG(s) dict_keys(['example_branch_dop_operator_v3']) retrieved from /home/airflow/.local/lib/python3.7/site-packages/airflow/example_dags/example_branch_python_dop_operator_3.py
[2022-07-20 17:06:27,363] {logging_mixin.py:115} INFO - [2022-07-20 17:06:27,363] {dag.py:2420} INFO - Sync 1 DAGs
[2022-07-20 17:06:27,745] {logging_mixin.py:115} INFO - [2022-07-20 17:06:27,744] {dag.py:2972} INFO - Setting next_dagrun for example_branch_dop_operator_v3 to 2022-07-20T17:05:00+00:00, run_after=2022-07-20T17:06:00+00:00
[2022-07-20 17:06:27,944] {processor.py:161} INFO - Processing /home/airflow/.local/lib/python3.7/site-packages/airflow/example_dags/example_branch_python_dop_operator_3.py took 0.935 seconds
[2022-07-20 17:07:00,067] {processor.py:153} INFO - Started process (PID=236) to work on /home/airflow/.local/lib/python3.7/site-packages/airflow/example_dags/example_branch_python_dop_operator_3.py
[2022-07-20 17:07:00,069] {processor.py:641} INFO - Processing file /home/airflow/.local/lib/python3.7/site-packages/airflow/example_dags/example_branch_python_dop_operator_3.py for tasks to queue
[2022-07-20 17:07:00,072] {logging_mixin.py:115} INFO - [2022-07-20 17:07:00,071] {dagbag.py:508} INFO - Filling up the DagBag from /home/airflow/.local/lib/python3.7/site-packages/airflow/example_dags/example_branch_python_dop_operator_3.py
[2022-07-20 17:07:00,111] {processor.py:651} INFO - DAG(s) dict_keys(['example_branch_dop_operator_v3']) retrieved from /home/airflow/.local/lib/python3.7/site-packages/airflow/example_dags/example_branch_python_dop_operator_3.py
[2022-07-20 17:07:00,200] {logging_mixin.py:115} INFO - [2022-07-20 17:07:00,200] {dag.py:2420} INFO - Sync 1 DAGs
[2022-07-20 17:07:00,510] {logging_mixin.py:115} INFO - [2022-07-20 17:07:00,510] {dag.py:2972} INFO - Setting next_dagrun for example_branch_dop_operator_v3 to 2022-07-20T17:06:00+00:00, run_after=2022-07-20T17:07:00+00:00
[2022-07-20 17:07:01,448] {processor.py:161} INFO - Processing /home/airflow/.local/lib/python3.7/site-packages/airflow/example_dags/example_branch_python_dop_operator_3.py took 1.416 seconds
[2022-07-20 17:07:33,364] {processor.py:153} INFO - Started process (PID=288) to work on /home/airflow/.local/lib/python3.7/site-packages/airflow/example_dags/example_branch_python_dop_operator_3.py
[2022-07-20 17:07:33,366] {processor.py:641} INFO - Processing file /home/airflow/.local/lib/python3.7/site-packages/airflow/example_dags/example_branch_python_dop_operator_3.py for tasks to queue
[2022-07-20 17:07:33,368] {logging_mixin.py:115} INFO - [2022-07-20 17:07:33,368] {dagbag.py:508} INFO - Filling up the DagBag from /home/airflow/.local/lib/python3.7/site-packages/airflow/example_dags/example_branch_python_dop_operator_3.py
[2022-07-20 17:07:33,396] {processor.py:651} INFO - DAG(s) dict_keys(['example_branch_dop_operator_v3']) retrieved from /home/airflow/.local/lib/python3.7/site-packages/airflow/example_dags/example_branch_python_dop_operator_3.py
[2022-07-20 17:07:33,484] {logging_mixin.py:115} INFO - [2022-07-20 17:07:33,484] {dag.py:2420} INFO - Sync 1 DAGs
[2022-07-20 17:07:33,989] {logging_mixin.py:115} INFO - [2022-07-20 17:07:33,978] {dag.py:2972} INFO - Setting next_dagrun for example_branch_dop_operator_v3 to 2022-07-20T17:06:00+00:00, run_after=2022-07-20T17:07:00+00:00
[2022-07-20 17:07:34,141] {processor.py:161} INFO - Processing /home/airflow/.local/lib/python3.7/site-packages/airflow/example_dags/example_branch_python_dop_operator_3.py took 0.790 seconds
[2022-07-20 17:08:09,731] {processor.py:153} INFO - Started process (PID=341) to work on /home/airflow/.local/lib/python3.7/site-packages/airflow/example_dags/example_branch_python_dop_operator_3.py
[2022-07-20 17:08:09,735] {processor.py:641} INFO - Processing file /home/airflow/.local/lib/python3.7/site-packages/airflow/example_dags/example_branch_python_dop_operator_3.py for tasks to queue
[2022-07-20 17:08:09,736] {logging_mixin.py:115} INFO - [2022-07-20 17:08:09,736] {dagbag.py:508} INFO - Filling up the DagBag from /home/airflow/.local/lib/python3.7/site-packages/airflow/example_dags/example_branch_python_dop_operator_3.py
[2022-07-20 17:08:09,760] {processor.py:651} INFO - DAG(s) dict_keys(['example_branch_dop_operator_v3']) retrieved from /home/airflow/.local/lib/python3.7/site-packages/airflow/example_dags/example_branch_python_dop_operator_3.py
[2022-07-20 17:08:09,828] {logging_mixin.py:115} INFO - [2022-07-20 17:08:09,828] {dag.py:2420} INFO - Sync 1 DAGs
[2022-07-20 17:08:10,203] {logging_mixin.py:115} INFO - [2022-07-20 17:08:10,203] {dag.py:2972} INFO - Setting next_dagrun for example_branch_dop_operator_v3 to 2022-07-20T17:07:00+00:00, run_after=2022-07-20T17:08:00+00:00
[2022-07-20 17:08:10,614] {processor.py:161} INFO - Processing /home/airflow/.local/lib/python3.7/site-packages/airflow/example_dags/example_branch_python_dop_operator_3.py took 0.890 seconds
[2022-07-20 17:08:42,283] {processor.py:153} INFO - Started process (PID=393) to work on /home/airflow/.local/lib/python3.7/site-packages/airflow/example_dags/example_branch_python_dop_operator_3.py
[2022-07-20 17:08:42,292] {processor.py:641} INFO - Processing file /home/airflow/.local/lib/python3.7/site-packages/airflow/example_dags/example_branch_python_dop_operator_3.py for tasks to queue
[2022-07-20 17:08:42,295] {logging_mixin.py:115} INFO - [2022-07-20 17:08:42,295] {dagbag.py:508} INFO - Filling up the DagBag from /home/airflow/.local/lib/python3.7/site-packages/airflow/example_dags/example_branch_python_dop_operator_3.py
[2022-07-20 17:08:42,395] {processor.py:651} INFO - DAG(s) dict_keys(['example_branch_dop_operator_v3']) retrieved from /home/airflow/.local/lib/python3.7/site-packages/airflow/example_dags/example_branch_python_dop_operator_3.py
[2022-07-20 17:08:42,662] {logging_mixin.py:115} INFO - [2022-07-20 17:08:42,662] {dag.py:2420} INFO - Sync 1 DAGs
[2022-07-20 17:08:43,872] {logging_mixin.py:115} INFO - [2022-07-20 17:08:43,872] {dag.py:2972} INFO - Setting next_dagrun for example_branch_dop_operator_v3 to 2022-07-20T17:07:00+00:00, run_after=2022-07-20T17:08:00+00:00
[2022-07-20 17:08:44,086] {processor.py:161} INFO - Processing /home/airflow/.local/lib/python3.7/site-packages/airflow/example_dags/example_branch_python_dop_operator_3.py took 1.875 seconds
[2022-07-20 17:09:14,285] {processor.py:153} INFO - Started process (PID=444) to work on /home/airflow/.local/lib/python3.7/site-packages/airflow/example_dags/example_branch_python_dop_operator_3.py
[2022-07-20 17:09:14,286] {processor.py:641} INFO - Processing file /home/airflow/.local/lib/python3.7/site-packages/airflow/example_dags/example_branch_python_dop_operator_3.py for tasks to queue
[2022-07-20 17:09:14,288] {logging_mixin.py:115} INFO - [2022-07-20 17:09:14,288] {dagbag.py:508} INFO - Filling up the DagBag from /home/airflow/.local/lib/python3.7/site-packages/airflow/example_dags/example_branch_python_dop_operator_3.py
[2022-07-20 17:09:14,327] {processor.py:651} INFO - DAG(s) dict_keys(['example_branch_dop_operator_v3']) retrieved from /home/airflow/.local/lib/python3.7/site-packages/airflow/example_dags/example_branch_python_dop_operator_3.py
[2022-07-20 17:09:14,477] {logging_mixin.py:115} INFO - [2022-07-20 17:09:14,477] {dag.py:2420} INFO - Sync 1 DAGs
[2022-07-20 17:09:14,975] {logging_mixin.py:115} INFO - [2022-07-20 17:09:14,974] {dag.py:2972} INFO - Setting next_dagrun for example_branch_dop_operator_v3 to 2022-07-20T17:08:00+00:00, run_after=2022-07-20T17:09:00+00:00
[2022-07-20 17:09:15,293] {processor.py:161} INFO - Processing /home/airflow/.local/lib/python3.7/site-packages/airflow/example_dags/example_branch_python_dop_operator_3.py took 1.019 seconds
[2022-07-20 17:09:45,532] {processor.py:153} INFO - Started process (PID=497) to work on /home/airflow/.local/lib/python3.7/site-packages/airflow/example_dags/example_branch_python_dop_operator_3.py
[2022-07-20 17:09:45,534] {processor.py:641} INFO - Processing file /home/airflow/.local/lib/python3.7/site-packages/airflow/example_dags/example_branch_python_dop_operator_3.py for tasks to queue
[2022-07-20 17:09:45,536] {logging_mixin.py:115} INFO - [2022-07-20 17:09:45,536] {dagbag.py:508} INFO - Filling up the DagBag from /home/airflow/.local/lib/python3.7/site-packages/airflow/example_dags/example_branch_python_dop_operator_3.py
[2022-07-20 17:09:45,577] {processor.py:651} INFO - DAG(s) dict_keys(['example_branch_dop_operator_v3']) retrieved from /home/airflow/.local/lib/python3.7/site-packages/airflow/example_dags/example_branch_python_dop_operator_3.py
[2022-07-20 17:09:45,674] {logging_mixin.py:115} INFO - [2022-07-20 17:09:45,672] {dag.py:2420} INFO - Sync 1 DAGs
[2022-07-20 17:09:46,001] {logging_mixin.py:115} INFO - [2022-07-20 17:09:46,000] {dag.py:2972} INFO - Setting next_dagrun for example_branch_dop_operator_v3 to 2022-07-20T17:08:00+00:00, run_after=2022-07-20T17:09:00+00:00
[2022-07-20 17:09:46,143] {processor.py:161} INFO - Processing /home/airflow/.local/lib/python3.7/site-packages/airflow/example_dags/example_branch_python_dop_operator_3.py took 0.621 seconds
[2022-07-20 17:10:16,576] {processor.py:153} INFO - Started process (PID=549) to work on /home/airflow/.local/lib/python3.7/site-packages/airflow/example_dags/example_branch_python_dop_operator_3.py
[2022-07-20 17:10:16,578] {processor.py:641} INFO - Processing file /home/airflow/.local/lib/python3.7/site-packages/airflow/example_dags/example_branch_python_dop_operator_3.py for tasks to queue
[2022-07-20 17:10:16,581] {logging_mixin.py:115} INFO - [2022-07-20 17:10:16,580] {dagbag.py:508} INFO - Filling up the DagBag from /home/airflow/.local/lib/python3.7/site-packages/airflow/example_dags/example_branch_python_dop_operator_3.py
[2022-07-20 17:10:16,633] {processor.py:651} INFO - DAG(s) dict_keys(['example_branch_dop_operator_v3']) retrieved from /home/airflow/.local/lib/python3.7/site-packages/airflow/example_dags/example_branch_python_dop_operator_3.py
[2022-07-20 17:10:16,763] {logging_mixin.py:115} INFO - [2022-07-20 17:10:16,762] {dag.py:2420} INFO - Sync 1 DAGs
[2022-07-20 17:10:17,601] {logging_mixin.py:115} INFO - [2022-07-20 17:10:17,600] {dag.py:2972} INFO - Setting next_dagrun for example_branch_dop_operator_v3 to 2022-07-20T17:09:00+00:00, run_after=2022-07-20T17:10:00+00:00
[2022-07-20 17:10:17,691] {processor.py:161} INFO - Processing /home/airflow/.local/lib/python3.7/site-packages/airflow/example_dags/example_branch_python_dop_operator_3.py took 1.129 seconds
[2022-07-20 17:10:48,133] {processor.py:153} INFO - Started process (PID=600) to work on /home/airflow/.local/lib/python3.7/site-packages/airflow/example_dags/example_branch_python_dop_operator_3.py
[2022-07-20 17:10:48,136] {processor.py:641} INFO - Processing file /home/airflow/.local/lib/python3.7/site-packages/airflow/example_dags/example_branch_python_dop_operator_3.py for tasks to queue
[2022-07-20 17:10:48,143] {logging_mixin.py:115} INFO - [2022-07-20 17:10:48,143] {dagbag.py:508} INFO - Filling up the DagBag from /home/airflow/.local/lib/python3.7/site-packages/airflow/example_dags/example_branch_python_dop_operator_3.py
[2022-07-20 17:10:48,184] {processor.py:651} INFO - DAG(s) dict_keys(['example_branch_dop_operator_v3']) retrieved from /home/airflow/.local/lib/python3.7/site-packages/airflow/example_dags/example_branch_python_dop_operator_3.py
[2022-07-20 17:10:48,329] {logging_mixin.py:115} INFO - [2022-07-20 17:10:48,329] {dag.py:2420} INFO - Sync 1 DAGs
[2022-07-20 17:10:48,993] {logging_mixin.py:115} INFO - [2022-07-20 17:10:48,992] {dag.py:2972} INFO - Setting next_dagrun for example_branch_dop_operator_v3 to 2022-07-20T17:09:00+00:00, run_after=2022-07-20T17:10:00+00:00
[2022-07-20 17:10:49,134] {processor.py:161} INFO - Processing /home/airflow/.local/lib/python3.7/site-packages/airflow/example_dags/example_branch_python_dop_operator_3.py took 1.012 seconds
[2022-07-20 17:11:19,241] {processor.py:153} INFO - Started process (PID=651) to work on /home/airflow/.local/lib/python3.7/site-packages/airflow/example_dags/example_branch_python_dop_operator_3.py
[2022-07-20 17:11:19,242] {processor.py:641} INFO - Processing file /home/airflow/.local/lib/python3.7/site-packages/airflow/example_dags/example_branch_python_dop_operator_3.py for tasks to queue
[2022-07-20 17:11:19,244] {logging_mixin.py:115} INFO - [2022-07-20 17:11:19,244] {dagbag.py:508} INFO - Filling up the DagBag from /home/airflow/.local/lib/python3.7/site-packages/airflow/example_dags/example_branch_python_dop_operator_3.py
[2022-07-20 17:11:19,276] {processor.py:651} INFO - DAG(s) dict_keys(['example_branch_dop_operator_v3']) retrieved from /home/airflow/.local/lib/python3.7/site-packages/airflow/example_dags/example_branch_python_dop_operator_3.py
[2022-07-20 17:11:19,427] {logging_mixin.py:115} INFO - [2022-07-20 17:11:19,426] {dag.py:2420} INFO - Sync 1 DAGs
[2022-07-20 17:11:19,808] {logging_mixin.py:115} INFO - [2022-07-20 17:11:19,808] {dag.py:2972} INFO - Setting next_dagrun for example_branch_dop_operator_v3 to 2022-07-20T17:10:00+00:00, run_after=2022-07-20T17:11:00+00:00
[2022-07-20 17:11:19,883] {processor.py:161} INFO - Processing /home/airflow/.local/lib/python3.7/site-packages/airflow/example_dags/example_branch_python_dop_operator_3.py took 0.654 seconds
[2022-07-20 17:11:50,316] {processor.py:153} INFO - Started process (PID=704) to work on /home/airflow/.local/lib/python3.7/site-packages/airflow/example_dags/example_branch_python_dop_operator_3.py
[2022-07-20 17:11:50,325] {processor.py:641} INFO - Processing file /home/airflow/.local/lib/python3.7/site-packages/airflow/example_dags/example_branch_python_dop_operator_3.py for tasks to queue
[2022-07-20 17:11:50,329] {logging_mixin.py:115} INFO - [2022-07-20 17:11:50,329] {dagbag.py:508} INFO - Filling up the DagBag from /home/airflow/.local/lib/python3.7/site-packages/airflow/example_dags/example_branch_python_dop_operator_3.py
[2022-07-20 17:11:50,370] {processor.py:651} INFO - DAG(s) dict_keys(['example_branch_dop_operator_v3']) retrieved from /home/airflow/.local/lib/python3.7/site-packages/airflow/example_dags/example_branch_python_dop_operator_3.py
[2022-07-20 17:11:50,470] {logging_mixin.py:115} INFO - [2022-07-20 17:11:50,469] {dag.py:2420} INFO - Sync 1 DAGs
[2022-07-20 17:11:50,830] {logging_mixin.py:115} INFO - [2022-07-20 17:11:50,829] {dag.py:2972} INFO - Setting next_dagrun for example_branch_dop_operator_v3 to 2022-07-20T17:10:00+00:00, run_after=2022-07-20T17:11:00+00:00
[2022-07-20 17:11:50,969] {processor.py:161} INFO - Processing /home/airflow/.local/lib/python3.7/site-packages/airflow/example_dags/example_branch_python_dop_operator_3.py took 0.661 seconds
[2022-07-20 17:12:21,359] {processor.py:153} INFO - Started process (PID=756) to work on /home/airflow/.local/lib/python3.7/site-packages/airflow/example_dags/example_branch_python_dop_operator_3.py
[2022-07-20 17:12:21,361] {processor.py:641} INFO - Processing file /home/airflow/.local/lib/python3.7/site-packages/airflow/example_dags/example_branch_python_dop_operator_3.py for tasks to queue
[2022-07-20 17:12:21,362] {logging_mixin.py:115} INFO - [2022-07-20 17:12:21,362] {dagbag.py:508} INFO - Filling up the DagBag from /home/airflow/.local/lib/python3.7/site-packages/airflow/example_dags/example_branch_python_dop_operator_3.py
[2022-07-20 17:12:21,386] {processor.py:651} INFO - DAG(s) dict_keys(['example_branch_dop_operator_v3']) retrieved from /home/airflow/.local/lib/python3.7/site-packages/airflow/example_dags/example_branch_python_dop_operator_3.py
[2022-07-20 17:12:21,458] {logging_mixin.py:115} INFO - [2022-07-20 17:12:21,458] {dag.py:2420} INFO - Sync 1 DAGs
[2022-07-20 17:12:21,752] {logging_mixin.py:115} INFO - [2022-07-20 17:12:21,747] {dag.py:2972} INFO - Setting next_dagrun for example_branch_dop_operator_v3 to 2022-07-20T17:11:00+00:00, run_after=2022-07-20T17:12:00+00:00
[2022-07-20 17:12:23,276] {processor.py:161} INFO - Processing /home/airflow/.local/lib/python3.7/site-packages/airflow/example_dags/example_branch_python_dop_operator_3.py took 1.927 seconds
[2022-07-20 17:12:53,752] {processor.py:153} INFO - Started process (PID=808) to work on /home/airflow/.local/lib/python3.7/site-packages/airflow/example_dags/example_branch_python_dop_operator_3.py
[2022-07-20 17:12:53,754] {processor.py:641} INFO - Processing file /home/airflow/.local/lib/python3.7/site-packages/airflow/example_dags/example_branch_python_dop_operator_3.py for tasks to queue
[2022-07-20 17:12:53,756] {logging_mixin.py:115} INFO - [2022-07-20 17:12:53,756] {dagbag.py:508} INFO - Filling up the DagBag from /home/airflow/.local/lib/python3.7/site-packages/airflow/example_dags/example_branch_python_dop_operator_3.py
[2022-07-20 17:12:53,793] {processor.py:651} INFO - DAG(s) dict_keys(['example_branch_dop_operator_v3']) retrieved from /home/airflow/.local/lib/python3.7/site-packages/airflow/example_dags/example_branch_python_dop_operator_3.py
[2022-07-20 17:12:53,867] {logging_mixin.py:115} INFO - [2022-07-20 17:12:53,867] {dag.py:2420} INFO - Sync 1 DAGs
[2022-07-20 17:12:54,221] {logging_mixin.py:115} INFO - [2022-07-20 17:12:54,221] {dag.py:2972} INFO - Setting next_dagrun for example_branch_dop_operator_v3 to 2022-07-20T17:11:00+00:00, run_after=2022-07-20T17:12:00+00:00
[2022-07-20 17:12:54,452] {processor.py:161} INFO - Processing /home/airflow/.local/lib/python3.7/site-packages/airflow/example_dags/example_branch_python_dop_operator_3.py took 0.718 seconds
[2022-07-20 17:50:06,332] {processor.py:153} INFO - Started process (PID=132) to work on /home/airflow/.local/lib/python3.7/site-packages/airflow/example_dags/example_branch_python_dop_operator_3.py
[2022-07-20 17:50:06,608] {processor.py:641} INFO - Processing file /home/airflow/.local/lib/python3.7/site-packages/airflow/example_dags/example_branch_python_dop_operator_3.py for tasks to queue
[2022-07-20 17:50:06,611] {logging_mixin.py:115} INFO - [2022-07-20 17:50:06,611] {dagbag.py:508} INFO - Filling up the DagBag from /home/airflow/.local/lib/python3.7/site-packages/airflow/example_dags/example_branch_python_dop_operator_3.py
[2022-07-20 17:50:06,669] {processor.py:651} INFO - DAG(s) dict_keys(['example_branch_dop_operator_v3']) retrieved from /home/airflow/.local/lib/python3.7/site-packages/airflow/example_dags/example_branch_python_dop_operator_3.py
[2022-07-20 17:50:06,802] {logging_mixin.py:115} INFO - [2022-07-20 17:50:06,802] {dag.py:2420} INFO - Sync 1 DAGs
[2022-07-20 17:50:07,575] {logging_mixin.py:115} INFO - [2022-07-20 17:50:07,574] {dag.py:2972} INFO - Setting next_dagrun for example_branch_dop_operator_v3 to 2022-07-20T17:49:00+00:00, run_after=2022-07-20T17:50:00+00:00
[2022-07-20 17:50:08,360] {processor.py:161} INFO - Processing /home/airflow/.local/lib/python3.7/site-packages/airflow/example_dags/example_branch_python_dop_operator_3.py took 2.034 seconds
[2022-07-20 17:50:39,032] {processor.py:153} INFO - Started process (PID=185) to work on /home/airflow/.local/lib/python3.7/site-packages/airflow/example_dags/example_branch_python_dop_operator_3.py
[2022-07-20 17:50:39,033] {processor.py:641} INFO - Processing file /home/airflow/.local/lib/python3.7/site-packages/airflow/example_dags/example_branch_python_dop_operator_3.py for tasks to queue
[2022-07-20 17:50:39,034] {logging_mixin.py:115} INFO - [2022-07-20 17:50:39,034] {dagbag.py:508} INFO - Filling up the DagBag from /home/airflow/.local/lib/python3.7/site-packages/airflow/example_dags/example_branch_python_dop_operator_3.py
[2022-07-20 17:50:39,055] {processor.py:651} INFO - DAG(s) dict_keys(['example_branch_dop_operator_v3']) retrieved from /home/airflow/.local/lib/python3.7/site-packages/airflow/example_dags/example_branch_python_dop_operator_3.py
[2022-07-20 17:50:39,128] {logging_mixin.py:115} INFO - [2022-07-20 17:50:39,127] {dag.py:2420} INFO - Sync 1 DAGs
[2022-07-20 17:50:39,523] {logging_mixin.py:115} INFO - [2022-07-20 17:50:39,523] {dag.py:2972} INFO - Setting next_dagrun for example_branch_dop_operator_v3 to 2022-07-20T17:49:00+00:00, run_after=2022-07-20T17:50:00+00:00
[2022-07-20 17:50:40,085] {processor.py:161} INFO - Processing /home/airflow/.local/lib/python3.7/site-packages/airflow/example_dags/example_branch_python_dop_operator_3.py took 1.060 seconds
[2022-07-20 17:51:10,222] {processor.py:153} INFO - Started process (PID=238) to work on /home/airflow/.local/lib/python3.7/site-packages/airflow/example_dags/example_branch_python_dop_operator_3.py
[2022-07-20 17:51:10,223] {processor.py:641} INFO - Processing file /home/airflow/.local/lib/python3.7/site-packages/airflow/example_dags/example_branch_python_dop_operator_3.py for tasks to queue
[2022-07-20 17:51:10,225] {logging_mixin.py:115} INFO - [2022-07-20 17:51:10,225] {dagbag.py:508} INFO - Filling up the DagBag from /home/airflow/.local/lib/python3.7/site-packages/airflow/example_dags/example_branch_python_dop_operator_3.py
[2022-07-20 17:51:10,244] {processor.py:651} INFO - DAG(s) dict_keys(['example_branch_dop_operator_v3']) retrieved from /home/airflow/.local/lib/python3.7/site-packages/airflow/example_dags/example_branch_python_dop_operator_3.py
[2022-07-20 17:51:10,305] {logging_mixin.py:115} INFO - [2022-07-20 17:51:10,305] {dag.py:2420} INFO - Sync 1 DAGs
[2022-07-20 17:51:10,591] {logging_mixin.py:115} INFO - [2022-07-20 17:51:10,590] {dag.py:2972} INFO - Setting next_dagrun for example_branch_dop_operator_v3 to 2022-07-20T17:50:00+00:00, run_after=2022-07-20T17:51:00+00:00
[2022-07-20 17:51:11,200] {processor.py:161} INFO - Processing /home/airflow/.local/lib/python3.7/site-packages/airflow/example_dags/example_branch_python_dop_operator_3.py took 0.980 seconds
[2022-07-20 17:51:41,580] {processor.py:153} INFO - Started process (PID=289) to work on /home/airflow/.local/lib/python3.7/site-packages/airflow/example_dags/example_branch_python_dop_operator_3.py
[2022-07-20 17:51:41,582] {processor.py:641} INFO - Processing file /home/airflow/.local/lib/python3.7/site-packages/airflow/example_dags/example_branch_python_dop_operator_3.py for tasks to queue
[2022-07-20 17:51:41,584] {logging_mixin.py:115} INFO - [2022-07-20 17:51:41,584] {dagbag.py:508} INFO - Filling up the DagBag from /home/airflow/.local/lib/python3.7/site-packages/airflow/example_dags/example_branch_python_dop_operator_3.py
[2022-07-20 17:51:41,624] {processor.py:651} INFO - DAG(s) dict_keys(['example_branch_dop_operator_v3']) retrieved from /home/airflow/.local/lib/python3.7/site-packages/airflow/example_dags/example_branch_python_dop_operator_3.py
[2022-07-20 17:51:41,752] {logging_mixin.py:115} INFO - [2022-07-20 17:51:41,751] {dag.py:2420} INFO - Sync 1 DAGs
[2022-07-20 17:51:42,128] {logging_mixin.py:115} INFO - [2022-07-20 17:51:42,128] {dag.py:2972} INFO - Setting next_dagrun for example_branch_dop_operator_v3 to 2022-07-20T17:50:00+00:00, run_after=2022-07-20T17:51:00+00:00
[2022-07-20 17:51:42,578] {processor.py:161} INFO - Processing /home/airflow/.local/lib/python3.7/site-packages/airflow/example_dags/example_branch_python_dop_operator_3.py took 1.008 seconds
[2022-07-20 17:52:12,867] {processor.py:153} INFO - Started process (PID=341) to work on /home/airflow/.local/lib/python3.7/site-packages/airflow/example_dags/example_branch_python_dop_operator_3.py
[2022-07-20 17:52:12,868] {processor.py:641} INFO - Processing file /home/airflow/.local/lib/python3.7/site-packages/airflow/example_dags/example_branch_python_dop_operator_3.py for tasks to queue
[2022-07-20 17:52:12,870] {logging_mixin.py:115} INFO - [2022-07-20 17:52:12,870] {dagbag.py:508} INFO - Filling up the DagBag from /home/airflow/.local/lib/python3.7/site-packages/airflow/example_dags/example_branch_python_dop_operator_3.py
[2022-07-20 17:52:12,902] {processor.py:651} INFO - DAG(s) dict_keys(['example_branch_dop_operator_v3']) retrieved from /home/airflow/.local/lib/python3.7/site-packages/airflow/example_dags/example_branch_python_dop_operator_3.py
[2022-07-20 17:52:12,985] {logging_mixin.py:115} INFO - [2022-07-20 17:52:12,984] {dag.py:2420} INFO - Sync 1 DAGs
[2022-07-20 17:52:13,295] {logging_mixin.py:115} INFO - [2022-07-20 17:52:13,294] {dag.py:2972} INFO - Setting next_dagrun for example_branch_dop_operator_v3 to 2022-07-20T17:51:00+00:00, run_after=2022-07-20T17:52:00+00:00
[2022-07-20 17:52:13,377] {processor.py:161} INFO - Processing /home/airflow/.local/lib/python3.7/site-packages/airflow/example_dags/example_branch_python_dop_operator_3.py took 0.518 seconds
[2022-07-20 17:52:43,863] {processor.py:153} INFO - Started process (PID=393) to work on /home/airflow/.local/lib/python3.7/site-packages/airflow/example_dags/example_branch_python_dop_operator_3.py
[2022-07-20 17:52:43,865] {processor.py:641} INFO - Processing file /home/airflow/.local/lib/python3.7/site-packages/airflow/example_dags/example_branch_python_dop_operator_3.py for tasks to queue
[2022-07-20 17:52:43,875] {logging_mixin.py:115} INFO - [2022-07-20 17:52:43,871] {dagbag.py:508} INFO - Filling up the DagBag from /home/airflow/.local/lib/python3.7/site-packages/airflow/example_dags/example_branch_python_dop_operator_3.py
[2022-07-20 17:52:43,997] {processor.py:651} INFO - DAG(s) dict_keys(['example_branch_dop_operator_v3']) retrieved from /home/airflow/.local/lib/python3.7/site-packages/airflow/example_dags/example_branch_python_dop_operator_3.py
[2022-07-20 17:52:44,115] {logging_mixin.py:115} INFO - [2022-07-20 17:52:44,115] {dag.py:2420} INFO - Sync 1 DAGs
[2022-07-20 17:52:44,542] {logging_mixin.py:115} INFO - [2022-07-20 17:52:44,542] {dag.py:2972} INFO - Setting next_dagrun for example_branch_dop_operator_v3 to 2022-07-20T17:51:00+00:00, run_after=2022-07-20T17:52:00+00:00
[2022-07-20 17:52:44,784] {processor.py:161} INFO - Processing /home/airflow/.local/lib/python3.7/site-packages/airflow/example_dags/example_branch_python_dop_operator_3.py took 0.941 seconds
[2022-07-20 17:53:15,379] {processor.py:153} INFO - Started process (PID=446) to work on /home/airflow/.local/lib/python3.7/site-packages/airflow/example_dags/example_branch_python_dop_operator_3.py
[2022-07-20 17:53:15,381] {processor.py:641} INFO - Processing file /home/airflow/.local/lib/python3.7/site-packages/airflow/example_dags/example_branch_python_dop_operator_3.py for tasks to queue
[2022-07-20 17:53:15,383] {logging_mixin.py:115} INFO - [2022-07-20 17:53:15,382] {dagbag.py:508} INFO - Filling up the DagBag from /home/airflow/.local/lib/python3.7/site-packages/airflow/example_dags/example_branch_python_dop_operator_3.py
[2022-07-20 17:53:15,414] {processor.py:651} INFO - DAG(s) dict_keys(['example_branch_dop_operator_v3']) retrieved from /home/airflow/.local/lib/python3.7/site-packages/airflow/example_dags/example_branch_python_dop_operator_3.py
[2022-07-20 17:53:15,531] {logging_mixin.py:115} INFO - [2022-07-20 17:53:15,531] {dag.py:2420} INFO - Sync 1 DAGs
[2022-07-20 17:53:15,905] {logging_mixin.py:115} INFO - [2022-07-20 17:53:15,905] {dag.py:2972} INFO - Setting next_dagrun for example_branch_dop_operator_v3 to 2022-07-20T17:52:00+00:00, run_after=2022-07-20T17:53:00+00:00
[2022-07-20 17:53:16,025] {processor.py:161} INFO - Processing /home/airflow/.local/lib/python3.7/site-packages/airflow/example_dags/example_branch_python_dop_operator_3.py took 0.656 seconds
[2022-07-20 17:53:46,315] {processor.py:153} INFO - Started process (PID=503) to work on /home/airflow/.local/lib/python3.7/site-packages/airflow/example_dags/example_branch_python_dop_operator_3.py
[2022-07-20 17:53:46,552] {processor.py:641} INFO - Processing file /home/airflow/.local/lib/python3.7/site-packages/airflow/example_dags/example_branch_python_dop_operator_3.py for tasks to queue
[2022-07-20 17:53:46,563] {logging_mixin.py:115} INFO - [2022-07-20 17:53:46,563] {dagbag.py:508} INFO - Filling up the DagBag from /home/airflow/.local/lib/python3.7/site-packages/airflow/example_dags/example_branch_python_dop_operator_3.py
[2022-07-20 17:53:46,649] {processor.py:651} INFO - DAG(s) dict_keys(['example_branch_dop_operator_v3']) retrieved from /home/airflow/.local/lib/python3.7/site-packages/airflow/example_dags/example_branch_python_dop_operator_3.py
[2022-07-20 17:53:46,735] {logging_mixin.py:115} INFO - [2022-07-20 17:53:46,735] {dag.py:2420} INFO - Sync 1 DAGs
[2022-07-20 17:53:47,474] {logging_mixin.py:115} INFO - [2022-07-20 17:53:47,470] {dag.py:2972} INFO - Setting next_dagrun for example_branch_dop_operator_v3 to 2022-07-20T17:52:00+00:00, run_after=2022-07-20T17:53:00+00:00
[2022-07-20 17:53:47,820] {processor.py:161} INFO - Processing /home/airflow/.local/lib/python3.7/site-packages/airflow/example_dags/example_branch_python_dop_operator_3.py took 1.527 seconds
[2022-07-20 17:54:18,131] {processor.py:153} INFO - Started process (PID=547) to work on /home/airflow/.local/lib/python3.7/site-packages/airflow/example_dags/example_branch_python_dop_operator_3.py
[2022-07-20 17:54:18,132] {processor.py:641} INFO - Processing file /home/airflow/.local/lib/python3.7/site-packages/airflow/example_dags/example_branch_python_dop_operator_3.py for tasks to queue
[2022-07-20 17:54:18,133] {logging_mixin.py:115} INFO - [2022-07-20 17:54:18,133] {dagbag.py:508} INFO - Filling up the DagBag from /home/airflow/.local/lib/python3.7/site-packages/airflow/example_dags/example_branch_python_dop_operator_3.py
[2022-07-20 17:54:18,154] {processor.py:651} INFO - DAG(s) dict_keys(['example_branch_dop_operator_v3']) retrieved from /home/airflow/.local/lib/python3.7/site-packages/airflow/example_dags/example_branch_python_dop_operator_3.py
[2022-07-20 17:54:18,214] {logging_mixin.py:115} INFO - [2022-07-20 17:54:18,214] {dag.py:2420} INFO - Sync 1 DAGs
[2022-07-20 17:54:18,445] {logging_mixin.py:115} INFO - [2022-07-20 17:54:18,445] {dag.py:2972} INFO - Setting next_dagrun for example_branch_dop_operator_v3 to 2022-07-20T17:53:00+00:00, run_after=2022-07-20T17:54:00+00:00
[2022-07-20 17:54:19,116] {processor.py:161} INFO - Processing /home/airflow/.local/lib/python3.7/site-packages/airflow/example_dags/example_branch_python_dop_operator_3.py took 0.994 seconds
[2022-07-20 17:54:49,374] {processor.py:153} INFO - Started process (PID=599) to work on /home/airflow/.local/lib/python3.7/site-packages/airflow/example_dags/example_branch_python_dop_operator_3.py
[2022-07-20 17:54:49,376] {processor.py:641} INFO - Processing file /home/airflow/.local/lib/python3.7/site-packages/airflow/example_dags/example_branch_python_dop_operator_3.py for tasks to queue
[2022-07-20 17:54:49,377] {logging_mixin.py:115} INFO - [2022-07-20 17:54:49,377] {dagbag.py:508} INFO - Filling up the DagBag from /home/airflow/.local/lib/python3.7/site-packages/airflow/example_dags/example_branch_python_dop_operator_3.py
[2022-07-20 17:54:49,397] {processor.py:651} INFO - DAG(s) dict_keys(['example_branch_dop_operator_v3']) retrieved from /home/airflow/.local/lib/python3.7/site-packages/airflow/example_dags/example_branch_python_dop_operator_3.py
[2022-07-20 17:54:49,456] {logging_mixin.py:115} INFO - [2022-07-20 17:54:49,456] {dag.py:2420} INFO - Sync 1 DAGs
[2022-07-20 17:54:49,698] {logging_mixin.py:115} INFO - [2022-07-20 17:54:49,698] {dag.py:2972} INFO - Setting next_dagrun for example_branch_dop_operator_v3 to 2022-07-20T17:53:00+00:00, run_after=2022-07-20T17:54:00+00:00
[2022-07-20 17:54:49,861] {processor.py:161} INFO - Processing /home/airflow/.local/lib/python3.7/site-packages/airflow/example_dags/example_branch_python_dop_operator_3.py took 0.492 seconds
[2022-07-20 17:55:21,094] {processor.py:153} INFO - Started process (PID=651) to work on /home/airflow/.local/lib/python3.7/site-packages/airflow/example_dags/example_branch_python_dop_operator_3.py
[2022-07-20 17:55:21,103] {processor.py:641} INFO - Processing file /home/airflow/.local/lib/python3.7/site-packages/airflow/example_dags/example_branch_python_dop_operator_3.py for tasks to queue
[2022-07-20 17:55:21,110] {logging_mixin.py:115} INFO - [2022-07-20 17:55:21,110] {dagbag.py:508} INFO - Filling up the DagBag from /home/airflow/.local/lib/python3.7/site-packages/airflow/example_dags/example_branch_python_dop_operator_3.py
[2022-07-20 17:55:21,151] {processor.py:651} INFO - DAG(s) dict_keys(['example_branch_dop_operator_v3']) retrieved from /home/airflow/.local/lib/python3.7/site-packages/airflow/example_dags/example_branch_python_dop_operator_3.py
[2022-07-20 17:55:21,402] {logging_mixin.py:115} INFO - [2022-07-20 17:55:21,401] {dag.py:2420} INFO - Sync 1 DAGs
[2022-07-20 17:55:21,700] {logging_mixin.py:115} INFO - [2022-07-20 17:55:21,700] {dag.py:2972} INFO - Setting next_dagrun for example_branch_dop_operator_v3 to 2022-07-20T17:54:00+00:00, run_after=2022-07-20T17:55:00+00:00
[2022-07-20 17:55:22,000] {processor.py:161} INFO - Processing /home/airflow/.local/lib/python3.7/site-packages/airflow/example_dags/example_branch_python_dop_operator_3.py took 0.916 seconds
[2022-07-20 17:55:52,169] {processor.py:153} INFO - Started process (PID=704) to work on /home/airflow/.local/lib/python3.7/site-packages/airflow/example_dags/example_branch_python_dop_operator_3.py
[2022-07-20 17:55:52,171] {processor.py:641} INFO - Processing file /home/airflow/.local/lib/python3.7/site-packages/airflow/example_dags/example_branch_python_dop_operator_3.py for tasks to queue
[2022-07-20 17:55:52,174] {logging_mixin.py:115} INFO - [2022-07-20 17:55:52,173] {dagbag.py:508} INFO - Filling up the DagBag from /home/airflow/.local/lib/python3.7/site-packages/airflow/example_dags/example_branch_python_dop_operator_3.py
[2022-07-20 17:55:52,218] {processor.py:651} INFO - DAG(s) dict_keys(['example_branch_dop_operator_v3']) retrieved from /home/airflow/.local/lib/python3.7/site-packages/airflow/example_dags/example_branch_python_dop_operator_3.py
[2022-07-20 17:55:52,308] {logging_mixin.py:115} INFO - [2022-07-20 17:55:52,307] {dag.py:2420} INFO - Sync 1 DAGs
[2022-07-20 17:55:52,541] {logging_mixin.py:115} INFO - [2022-07-20 17:55:52,541] {dag.py:2972} INFO - Setting next_dagrun for example_branch_dop_operator_v3 to 2022-07-20T17:54:00+00:00, run_after=2022-07-20T17:55:00+00:00
[2022-07-20 17:55:53,011] {processor.py:161} INFO - Processing /home/airflow/.local/lib/python3.7/site-packages/airflow/example_dags/example_branch_python_dop_operator_3.py took 0.851 seconds
[2022-07-20 17:56:24,939] {processor.py:153} INFO - Started process (PID=766) to work on /home/airflow/.local/lib/python3.7/site-packages/airflow/example_dags/example_branch_python_dop_operator_3.py
[2022-07-20 17:56:24,941] {processor.py:641} INFO - Processing file /home/airflow/.local/lib/python3.7/site-packages/airflow/example_dags/example_branch_python_dop_operator_3.py for tasks to queue
[2022-07-20 17:56:24,943] {logging_mixin.py:115} INFO - [2022-07-20 17:56:24,942] {dagbag.py:508} INFO - Filling up the DagBag from /home/airflow/.local/lib/python3.7/site-packages/airflow/example_dags/example_branch_python_dop_operator_3.py
[2022-07-20 17:56:24,968] {processor.py:651} INFO - DAG(s) dict_keys(['example_branch_dop_operator_v3']) retrieved from /home/airflow/.local/lib/python3.7/site-packages/airflow/example_dags/example_branch_python_dop_operator_3.py
[2022-07-20 17:56:25,045] {logging_mixin.py:115} INFO - [2022-07-20 17:56:25,045] {dag.py:2420} INFO - Sync 1 DAGs
[2022-07-20 17:56:25,396] {logging_mixin.py:115} INFO - [2022-07-20 17:56:25,396] {dag.py:2972} INFO - Setting next_dagrun for example_branch_dop_operator_v3 to 2022-07-20T17:55:00+00:00, run_after=2022-07-20T17:56:00+00:00
[2022-07-20 17:56:25,604] {processor.py:161} INFO - Processing /home/airflow/.local/lib/python3.7/site-packages/airflow/example_dags/example_branch_python_dop_operator_3.py took 0.672 seconds
[2022-07-20 17:56:56,645] {processor.py:153} INFO - Started process (PID=817) to work on /home/airflow/.local/lib/python3.7/site-packages/airflow/example_dags/example_branch_python_dop_operator_3.py
[2022-07-20 17:56:56,647] {processor.py:641} INFO - Processing file /home/airflow/.local/lib/python3.7/site-packages/airflow/example_dags/example_branch_python_dop_operator_3.py for tasks to queue
[2022-07-20 17:56:56,649] {logging_mixin.py:115} INFO - [2022-07-20 17:56:56,649] {dagbag.py:508} INFO - Filling up the DagBag from /home/airflow/.local/lib/python3.7/site-packages/airflow/example_dags/example_branch_python_dop_operator_3.py
[2022-07-20 17:56:56,685] {processor.py:651} INFO - DAG(s) dict_keys(['example_branch_dop_operator_v3']) retrieved from /home/airflow/.local/lib/python3.7/site-packages/airflow/example_dags/example_branch_python_dop_operator_3.py
[2022-07-20 17:56:56,793] {logging_mixin.py:115} INFO - [2022-07-20 17:56:56,793] {dag.py:2420} INFO - Sync 1 DAGs
[2022-07-20 17:56:57,608] {logging_mixin.py:115} INFO - [2022-07-20 17:56:57,608] {dag.py:2972} INFO - Setting next_dagrun for example_branch_dop_operator_v3 to 2022-07-20T17:55:00+00:00, run_after=2022-07-20T17:56:00+00:00
[2022-07-20 17:56:58,101] {processor.py:161} INFO - Processing /home/airflow/.local/lib/python3.7/site-packages/airflow/example_dags/example_branch_python_dop_operator_3.py took 1.466 seconds
[2022-07-20 17:57:28,891] {processor.py:153} INFO - Started process (PID=862) to work on /home/airflow/.local/lib/python3.7/site-packages/airflow/example_dags/example_branch_python_dop_operator_3.py
[2022-07-20 17:57:28,892] {processor.py:641} INFO - Processing file /home/airflow/.local/lib/python3.7/site-packages/airflow/example_dags/example_branch_python_dop_operator_3.py for tasks to queue
[2022-07-20 17:57:28,894] {logging_mixin.py:115} INFO - [2022-07-20 17:57:28,894] {dagbag.py:508} INFO - Filling up the DagBag from /home/airflow/.local/lib/python3.7/site-packages/airflow/example_dags/example_branch_python_dop_operator_3.py
[2022-07-20 17:57:28,935] {processor.py:651} INFO - DAG(s) dict_keys(['example_branch_dop_operator_v3']) retrieved from /home/airflow/.local/lib/python3.7/site-packages/airflow/example_dags/example_branch_python_dop_operator_3.py
[2022-07-20 17:57:29,013] {logging_mixin.py:115} INFO - [2022-07-20 17:57:29,013] {dag.py:2420} INFO - Sync 1 DAGs
[2022-07-20 17:57:29,251] {logging_mixin.py:115} INFO - [2022-07-20 17:57:29,251] {dag.py:2972} INFO - Setting next_dagrun for example_branch_dop_operator_v3 to 2022-07-20T17:56:00+00:00, run_after=2022-07-20T17:57:00+00:00
[2022-07-20 17:57:29,386] {processor.py:161} INFO - Processing /home/airflow/.local/lib/python3.7/site-packages/airflow/example_dags/example_branch_python_dop_operator_3.py took 0.517 seconds
[2022-07-20 17:57:59,793] {processor.py:153} INFO - Started process (PID=914) to work on /home/airflow/.local/lib/python3.7/site-packages/airflow/example_dags/example_branch_python_dop_operator_3.py
[2022-07-20 17:57:59,795] {processor.py:641} INFO - Processing file /home/airflow/.local/lib/python3.7/site-packages/airflow/example_dags/example_branch_python_dop_operator_3.py for tasks to queue
[2022-07-20 17:57:59,796] {logging_mixin.py:115} INFO - [2022-07-20 17:57:59,796] {dagbag.py:508} INFO - Filling up the DagBag from /home/airflow/.local/lib/python3.7/site-packages/airflow/example_dags/example_branch_python_dop_operator_3.py
[2022-07-20 17:57:59,842] {processor.py:651} INFO - DAG(s) dict_keys(['example_branch_dop_operator_v3']) retrieved from /home/airflow/.local/lib/python3.7/site-packages/airflow/example_dags/example_branch_python_dop_operator_3.py
[2022-07-20 17:58:00,855] {logging_mixin.py:115} INFO - [2022-07-20 17:58:00,855] {dag.py:2420} INFO - Sync 1 DAGs
[2022-07-20 17:58:01,117] {logging_mixin.py:115} INFO - [2022-07-20 17:58:01,117] {dag.py:2972} INFO - Setting next_dagrun for example_branch_dop_operator_v3 to 2022-07-20T17:57:00+00:00, run_after=2022-07-20T17:58:00+00:00
[2022-07-20 17:58:01,464] {processor.py:161} INFO - Processing /home/airflow/.local/lib/python3.7/site-packages/airflow/example_dags/example_branch_python_dop_operator_3.py took 1.683 seconds
[2022-07-20 17:58:33,085] {processor.py:153} INFO - Started process (PID=967) to work on /home/airflow/.local/lib/python3.7/site-packages/airflow/example_dags/example_branch_python_dop_operator_3.py
[2022-07-20 17:58:33,101] {processor.py:641} INFO - Processing file /home/airflow/.local/lib/python3.7/site-packages/airflow/example_dags/example_branch_python_dop_operator_3.py for tasks to queue
[2022-07-20 17:58:33,103] {logging_mixin.py:115} INFO - [2022-07-20 17:58:33,102] {dagbag.py:508} INFO - Filling up the DagBag from /home/airflow/.local/lib/python3.7/site-packages/airflow/example_dags/example_branch_python_dop_operator_3.py
[2022-07-20 17:58:33,194] {processor.py:651} INFO - DAG(s) dict_keys(['example_branch_dop_operator_v3']) retrieved from /home/airflow/.local/lib/python3.7/site-packages/airflow/example_dags/example_branch_python_dop_operator_3.py
[2022-07-20 17:58:33,360] {logging_mixin.py:115} INFO - [2022-07-20 17:58:33,360] {dag.py:2420} INFO - Sync 1 DAGs
[2022-07-20 17:58:34,061] {logging_mixin.py:115} INFO - [2022-07-20 17:58:34,061] {dag.py:2972} INFO - Setting next_dagrun for example_branch_dop_operator_v3 to 2022-07-20T17:57:00+00:00, run_after=2022-07-20T17:58:00+00:00
[2022-07-20 17:58:34,605] {processor.py:161} INFO - Processing /home/airflow/.local/lib/python3.7/site-packages/airflow/example_dags/example_branch_python_dop_operator_3.py took 1.713 seconds
[2022-07-20 17:59:05,146] {processor.py:153} INFO - Started process (PID=1019) to work on /home/airflow/.local/lib/python3.7/site-packages/airflow/example_dags/example_branch_python_dop_operator_3.py
[2022-07-20 17:59:05,148] {processor.py:641} INFO - Processing file /home/airflow/.local/lib/python3.7/site-packages/airflow/example_dags/example_branch_python_dop_operator_3.py for tasks to queue
[2022-07-20 17:59:05,150] {logging_mixin.py:115} INFO - [2022-07-20 17:59:05,150] {dagbag.py:508} INFO - Filling up the DagBag from /home/airflow/.local/lib/python3.7/site-packages/airflow/example_dags/example_branch_python_dop_operator_3.py
[2022-07-20 17:59:05,209] {processor.py:651} INFO - DAG(s) dict_keys(['example_branch_dop_operator_v3']) retrieved from /home/airflow/.local/lib/python3.7/site-packages/airflow/example_dags/example_branch_python_dop_operator_3.py
[2022-07-20 17:59:05,340] {logging_mixin.py:115} INFO - [2022-07-20 17:59:05,340] {dag.py:2420} INFO - Sync 1 DAGs
[2022-07-20 17:59:05,748] {logging_mixin.py:115} INFO - [2022-07-20 17:59:05,748] {dag.py:2972} INFO - Setting next_dagrun for example_branch_dop_operator_v3 to 2022-07-20T17:58:00+00:00, run_after=2022-07-20T17:59:00+00:00
[2022-07-20 17:59:05,828] {processor.py:161} INFO - Processing /home/airflow/.local/lib/python3.7/site-packages/airflow/example_dags/example_branch_python_dop_operator_3.py took 0.693 seconds
[2022-07-20 17:59:36,466] {processor.py:153} INFO - Started process (PID=1072) to work on /home/airflow/.local/lib/python3.7/site-packages/airflow/example_dags/example_branch_python_dop_operator_3.py
[2022-07-20 17:59:36,468] {processor.py:641} INFO - Processing file /home/airflow/.local/lib/python3.7/site-packages/airflow/example_dags/example_branch_python_dop_operator_3.py for tasks to queue
[2022-07-20 17:59:36,470] {logging_mixin.py:115} INFO - [2022-07-20 17:59:36,470] {dagbag.py:508} INFO - Filling up the DagBag from /home/airflow/.local/lib/python3.7/site-packages/airflow/example_dags/example_branch_python_dop_operator_3.py
[2022-07-20 17:59:36,536] {processor.py:651} INFO - DAG(s) dict_keys(['example_branch_dop_operator_v3']) retrieved from /home/airflow/.local/lib/python3.7/site-packages/airflow/example_dags/example_branch_python_dop_operator_3.py
[2022-07-20 17:59:36,718] {logging_mixin.py:115} INFO - [2022-07-20 17:59:36,718] {dag.py:2420} INFO - Sync 1 DAGs
[2022-07-20 17:59:38,052] {logging_mixin.py:115} INFO - [2022-07-20 17:59:38,052] {dag.py:2972} INFO - Setting next_dagrun for example_branch_dop_operator_v3 to 2022-07-20T17:58:00+00:00, run_after=2022-07-20T17:59:00+00:00
[2022-07-20 17:59:38,234] {processor.py:161} INFO - Processing /home/airflow/.local/lib/python3.7/site-packages/airflow/example_dags/example_branch_python_dop_operator_3.py took 1.784 seconds
[2022-07-20 18:00:08,773] {processor.py:153} INFO - Started process (PID=1116) to work on /home/airflow/.local/lib/python3.7/site-packages/airflow/example_dags/example_branch_python_dop_operator_3.py
[2022-07-20 18:00:08,785] {processor.py:641} INFO - Processing file /home/airflow/.local/lib/python3.7/site-packages/airflow/example_dags/example_branch_python_dop_operator_3.py for tasks to queue
[2022-07-20 18:00:08,789] {logging_mixin.py:115} INFO - [2022-07-20 18:00:08,789] {dagbag.py:508} INFO - Filling up the DagBag from /home/airflow/.local/lib/python3.7/site-packages/airflow/example_dags/example_branch_python_dop_operator_3.py
[2022-07-20 18:00:08,819] {processor.py:651} INFO - DAG(s) dict_keys(['example_branch_dop_operator_v3']) retrieved from /home/airflow/.local/lib/python3.7/site-packages/airflow/example_dags/example_branch_python_dop_operator_3.py
[2022-07-20 18:00:08,924] {logging_mixin.py:115} INFO - [2022-07-20 18:00:08,923] {dag.py:2420} INFO - Sync 1 DAGs
[2022-07-20 18:00:09,176] {logging_mixin.py:115} INFO - [2022-07-20 18:00:09,176] {dag.py:2972} INFO - Setting next_dagrun for example_branch_dop_operator_v3 to 2022-07-20T17:59:00+00:00, run_after=2022-07-20T18:00:00+00:00
[2022-07-20 18:00:09,275] {processor.py:161} INFO - Processing /home/airflow/.local/lib/python3.7/site-packages/airflow/example_dags/example_branch_python_dop_operator_3.py took 0.519 seconds
[2022-07-20 18:00:39,720] {processor.py:153} INFO - Started process (PID=1167) to work on /home/airflow/.local/lib/python3.7/site-packages/airflow/example_dags/example_branch_python_dop_operator_3.py
[2022-07-20 18:00:39,721] {processor.py:641} INFO - Processing file /home/airflow/.local/lib/python3.7/site-packages/airflow/example_dags/example_branch_python_dop_operator_3.py for tasks to queue
[2022-07-20 18:00:39,722] {logging_mixin.py:115} INFO - [2022-07-20 18:00:39,722] {dagbag.py:508} INFO - Filling up the DagBag from /home/airflow/.local/lib/python3.7/site-packages/airflow/example_dags/example_branch_python_dop_operator_3.py
[2022-07-20 18:00:39,746] {processor.py:651} INFO - DAG(s) dict_keys(['example_branch_dop_operator_v3']) retrieved from /home/airflow/.local/lib/python3.7/site-packages/airflow/example_dags/example_branch_python_dop_operator_3.py
[2022-07-20 18:00:39,810] {logging_mixin.py:115} INFO - [2022-07-20 18:00:39,810] {dag.py:2420} INFO - Sync 1 DAGs
[2022-07-20 18:00:40,151] {logging_mixin.py:115} INFO - [2022-07-20 18:00:40,151] {dag.py:2972} INFO - Setting next_dagrun for example_branch_dop_operator_v3 to 2022-07-20T17:59:00+00:00, run_after=2022-07-20T18:00:00+00:00
[2022-07-20 18:00:40,260] {processor.py:161} INFO - Processing /home/airflow/.local/lib/python3.7/site-packages/airflow/example_dags/example_branch_python_dop_operator_3.py took 0.548 seconds
