[2022-07-20 17:06:19,451] {processor.py:153} INFO - Started process (PID=173) to work on /home/airflow/.local/lib/python3.7/site-packages/airflow/example_dags/example_branch_day_of_week_operator.py
[2022-07-20 17:06:19,453] {processor.py:641} INFO - Processing file /home/airflow/.local/lib/python3.7/site-packages/airflow/example_dags/example_branch_day_of_week_operator.py for tasks to queue
[2022-07-20 17:06:19,454] {logging_mixin.py:115} INFO - [2022-07-20 17:06:19,454] {dagbag.py:508} INFO - Filling up the DagBag from /home/airflow/.local/lib/python3.7/site-packages/airflow/example_dags/example_branch_day_of_week_operator.py
[2022-07-20 17:06:20,833] {processor.py:651} INFO - DAG(s) dict_keys(['example_weekday_branch_operator']) retrieved from /home/airflow/.local/lib/python3.7/site-packages/airflow/example_dags/example_branch_day_of_week_operator.py
[2022-07-20 17:06:21,224] {logging_mixin.py:115} INFO - [2022-07-20 17:06:21,224] {dag.py:2420} INFO - Sync 1 DAGs
[2022-07-20 17:06:21,458] {logging_mixin.py:115} INFO - [2022-07-20 17:06:21,458] {dag.py:2972} INFO - Setting next_dagrun for example_weekday_branch_operator to 2022-07-19T00:00:00+00:00, run_after=2022-07-20T00:00:00+00:00
[2022-07-20 17:06:22,169] {processor.py:161} INFO - Processing /home/airflow/.local/lib/python3.7/site-packages/airflow/example_dags/example_branch_day_of_week_operator.py took 2.728 seconds
[2022-07-20 17:06:53,192] {processor.py:153} INFO - Started process (PID=226) to work on /home/airflow/.local/lib/python3.7/site-packages/airflow/example_dags/example_branch_day_of_week_operator.py
[2022-07-20 17:06:53,194] {processor.py:641} INFO - Processing file /home/airflow/.local/lib/python3.7/site-packages/airflow/example_dags/example_branch_day_of_week_operator.py for tasks to queue
[2022-07-20 17:06:53,205] {logging_mixin.py:115} INFO - [2022-07-20 17:06:53,205] {dagbag.py:508} INFO - Filling up the DagBag from /home/airflow/.local/lib/python3.7/site-packages/airflow/example_dags/example_branch_day_of_week_operator.py
[2022-07-20 17:06:53,292] {processor.py:651} INFO - DAG(s) dict_keys(['example_weekday_branch_operator']) retrieved from /home/airflow/.local/lib/python3.7/site-packages/airflow/example_dags/example_branch_day_of_week_operator.py
[2022-07-20 17:06:53,467] {logging_mixin.py:115} INFO - [2022-07-20 17:06:53,466] {dag.py:2420} INFO - Sync 1 DAGs
[2022-07-20 17:06:54,135] {logging_mixin.py:115} INFO - [2022-07-20 17:06:54,135] {dag.py:2972} INFO - Setting next_dagrun for example_weekday_branch_operator to 2022-07-19T00:00:00+00:00, run_after=2022-07-20T00:00:00+00:00
[2022-07-20 17:06:54,320] {processor.py:161} INFO - Processing /home/airflow/.local/lib/python3.7/site-packages/airflow/example_dags/example_branch_day_of_week_operator.py took 1.160 seconds
[2022-07-20 17:07:24,830] {processor.py:153} INFO - Started process (PID=278) to work on /home/airflow/.local/lib/python3.7/site-packages/airflow/example_dags/example_branch_day_of_week_operator.py
[2022-07-20 17:07:24,832] {processor.py:641} INFO - Processing file /home/airflow/.local/lib/python3.7/site-packages/airflow/example_dags/example_branch_day_of_week_operator.py for tasks to queue
[2022-07-20 17:07:24,833] {logging_mixin.py:115} INFO - [2022-07-20 17:07:24,833] {dagbag.py:508} INFO - Filling up the DagBag from /home/airflow/.local/lib/python3.7/site-packages/airflow/example_dags/example_branch_day_of_week_operator.py
[2022-07-20 17:07:24,862] {processor.py:651} INFO - DAG(s) dict_keys(['example_weekday_branch_operator']) retrieved from /home/airflow/.local/lib/python3.7/site-packages/airflow/example_dags/example_branch_day_of_week_operator.py
[2022-07-20 17:07:24,946] {logging_mixin.py:115} INFO - [2022-07-20 17:07:24,946] {dag.py:2420} INFO - Sync 1 DAGs
[2022-07-20 17:07:25,284] {logging_mixin.py:115} INFO - [2022-07-20 17:07:25,283] {dag.py:2972} INFO - Setting next_dagrun for example_weekday_branch_operator to 2022-07-19T00:00:00+00:00, run_after=2022-07-20T00:00:00+00:00
[2022-07-20 17:07:25,412] {processor.py:161} INFO - Processing /home/airflow/.local/lib/python3.7/site-packages/airflow/example_dags/example_branch_day_of_week_operator.py took 0.591 seconds
[2022-07-20 17:07:55,735] {processor.py:153} INFO - Started process (PID=328) to work on /home/airflow/.local/lib/python3.7/site-packages/airflow/example_dags/example_branch_day_of_week_operator.py
[2022-07-20 17:07:55,736] {processor.py:641} INFO - Processing file /home/airflow/.local/lib/python3.7/site-packages/airflow/example_dags/example_branch_day_of_week_operator.py for tasks to queue
[2022-07-20 17:07:55,738] {logging_mixin.py:115} INFO - [2022-07-20 17:07:55,738] {dagbag.py:508} INFO - Filling up the DagBag from /home/airflow/.local/lib/python3.7/site-packages/airflow/example_dags/example_branch_day_of_week_operator.py
[2022-07-20 17:07:55,758] {processor.py:651} INFO - DAG(s) dict_keys(['example_weekday_branch_operator']) retrieved from /home/airflow/.local/lib/python3.7/site-packages/airflow/example_dags/example_branch_day_of_week_operator.py
[2022-07-20 17:07:55,885] {logging_mixin.py:115} INFO - [2022-07-20 17:07:55,885] {dag.py:2420} INFO - Sync 1 DAGs
[2022-07-20 17:07:56,188] {logging_mixin.py:115} INFO - [2022-07-20 17:07:56,187] {dag.py:2972} INFO - Setting next_dagrun for example_weekday_branch_operator to 2022-07-19T00:00:00+00:00, run_after=2022-07-20T00:00:00+00:00
[2022-07-20 17:07:56,271] {processor.py:161} INFO - Processing /home/airflow/.local/lib/python3.7/site-packages/airflow/example_dags/example_branch_day_of_week_operator.py took 0.544 seconds
[2022-07-20 17:08:26,360] {processor.py:153} INFO - Started process (PID=374) to work on /home/airflow/.local/lib/python3.7/site-packages/airflow/example_dags/example_branch_day_of_week_operator.py
[2022-07-20 17:08:26,362] {processor.py:641} INFO - Processing file /home/airflow/.local/lib/python3.7/site-packages/airflow/example_dags/example_branch_day_of_week_operator.py for tasks to queue
[2022-07-20 17:08:26,363] {logging_mixin.py:115} INFO - [2022-07-20 17:08:26,363] {dagbag.py:508} INFO - Filling up the DagBag from /home/airflow/.local/lib/python3.7/site-packages/airflow/example_dags/example_branch_day_of_week_operator.py
[2022-07-20 17:08:26,380] {processor.py:651} INFO - DAG(s) dict_keys(['example_weekday_branch_operator']) retrieved from /home/airflow/.local/lib/python3.7/site-packages/airflow/example_dags/example_branch_day_of_week_operator.py
[2022-07-20 17:08:26,436] {logging_mixin.py:115} INFO - [2022-07-20 17:08:26,436] {dag.py:2420} INFO - Sync 1 DAGs
[2022-07-20 17:08:26,652] {logging_mixin.py:115} INFO - [2022-07-20 17:08:26,652] {dag.py:2972} INFO - Setting next_dagrun for example_weekday_branch_operator to 2022-07-19T00:00:00+00:00, run_after=2022-07-20T00:00:00+00:00
[2022-07-20 17:08:27,315] {processor.py:161} INFO - Processing /home/airflow/.local/lib/python3.7/site-packages/airflow/example_dags/example_branch_day_of_week_operator.py took 0.963 seconds
[2022-07-20 17:09:03,215] {processor.py:153} INFO - Started process (PID=424) to work on /home/airflow/.local/lib/python3.7/site-packages/airflow/example_dags/example_branch_day_of_week_operator.py
[2022-07-20 17:09:03,219] {processor.py:641} INFO - Processing file /home/airflow/.local/lib/python3.7/site-packages/airflow/example_dags/example_branch_day_of_week_operator.py for tasks to queue
[2022-07-20 17:09:03,221] {logging_mixin.py:115} INFO - [2022-07-20 17:09:03,221] {dagbag.py:508} INFO - Filling up the DagBag from /home/airflow/.local/lib/python3.7/site-packages/airflow/example_dags/example_branch_day_of_week_operator.py
[2022-07-20 17:09:03,250] {processor.py:651} INFO - DAG(s) dict_keys(['example_weekday_branch_operator']) retrieved from /home/airflow/.local/lib/python3.7/site-packages/airflow/example_dags/example_branch_day_of_week_operator.py
[2022-07-20 17:09:03,362] {logging_mixin.py:115} INFO - [2022-07-20 17:09:03,362] {dag.py:2420} INFO - Sync 1 DAGs
[2022-07-20 17:09:04,110] {logging_mixin.py:115} INFO - [2022-07-20 17:09:04,110] {dag.py:2972} INFO - Setting next_dagrun for example_weekday_branch_operator to 2022-07-19T00:00:00+00:00, run_after=2022-07-20T00:00:00+00:00
[2022-07-20 17:09:05,436] {processor.py:161} INFO - Processing /home/airflow/.local/lib/python3.7/site-packages/airflow/example_dags/example_branch_day_of_week_operator.py took 2.245 seconds
[2022-07-20 17:09:36,352] {processor.py:153} INFO - Started process (PID=477) to work on /home/airflow/.local/lib/python3.7/site-packages/airflow/example_dags/example_branch_day_of_week_operator.py
[2022-07-20 17:09:36,355] {processor.py:641} INFO - Processing file /home/airflow/.local/lib/python3.7/site-packages/airflow/example_dags/example_branch_day_of_week_operator.py for tasks to queue
[2022-07-20 17:09:36,372] {logging_mixin.py:115} INFO - [2022-07-20 17:09:36,372] {dagbag.py:508} INFO - Filling up the DagBag from /home/airflow/.local/lib/python3.7/site-packages/airflow/example_dags/example_branch_day_of_week_operator.py
[2022-07-20 17:09:36,404] {processor.py:651} INFO - DAG(s) dict_keys(['example_weekday_branch_operator']) retrieved from /home/airflow/.local/lib/python3.7/site-packages/airflow/example_dags/example_branch_day_of_week_operator.py
[2022-07-20 17:09:36,538] {logging_mixin.py:115} INFO - [2022-07-20 17:09:36,537] {dag.py:2420} INFO - Sync 1 DAGs
[2022-07-20 17:09:37,128] {logging_mixin.py:115} INFO - [2022-07-20 17:09:37,128] {dag.py:2972} INFO - Setting next_dagrun for example_weekday_branch_operator to 2022-07-19T00:00:00+00:00, run_after=2022-07-20T00:00:00+00:00
[2022-07-20 17:09:37,293] {processor.py:161} INFO - Processing /home/airflow/.local/lib/python3.7/site-packages/airflow/example_dags/example_branch_day_of_week_operator.py took 0.959 seconds
[2022-07-20 17:10:07,411] {processor.py:153} INFO - Started process (PID=530) to work on /home/airflow/.local/lib/python3.7/site-packages/airflow/example_dags/example_branch_day_of_week_operator.py
[2022-07-20 17:10:07,414] {processor.py:641} INFO - Processing file /home/airflow/.local/lib/python3.7/site-packages/airflow/example_dags/example_branch_day_of_week_operator.py for tasks to queue
[2022-07-20 17:10:07,416] {logging_mixin.py:115} INFO - [2022-07-20 17:10:07,416] {dagbag.py:508} INFO - Filling up the DagBag from /home/airflow/.local/lib/python3.7/site-packages/airflow/example_dags/example_branch_day_of_week_operator.py
[2022-07-20 17:10:07,442] {processor.py:651} INFO - DAG(s) dict_keys(['example_weekday_branch_operator']) retrieved from /home/airflow/.local/lib/python3.7/site-packages/airflow/example_dags/example_branch_day_of_week_operator.py
[2022-07-20 17:10:07,523] {logging_mixin.py:115} INFO - [2022-07-20 17:10:07,523] {dag.py:2420} INFO - Sync 1 DAGs
[2022-07-20 17:10:07,842] {logging_mixin.py:115} INFO - [2022-07-20 17:10:07,841] {dag.py:2972} INFO - Setting next_dagrun for example_weekday_branch_operator to 2022-07-19T00:00:00+00:00, run_after=2022-07-20T00:00:00+00:00
[2022-07-20 17:10:07,911] {processor.py:161} INFO - Processing /home/airflow/.local/lib/python3.7/site-packages/airflow/example_dags/example_branch_day_of_week_operator.py took 0.509 seconds
[2022-07-20 17:10:38,125] {processor.py:153} INFO - Started process (PID=581) to work on /home/airflow/.local/lib/python3.7/site-packages/airflow/example_dags/example_branch_day_of_week_operator.py
[2022-07-20 17:10:38,127] {processor.py:641} INFO - Processing file /home/airflow/.local/lib/python3.7/site-packages/airflow/example_dags/example_branch_day_of_week_operator.py for tasks to queue
[2022-07-20 17:10:38,132] {logging_mixin.py:115} INFO - [2022-07-20 17:10:38,131] {dagbag.py:508} INFO - Filling up the DagBag from /home/airflow/.local/lib/python3.7/site-packages/airflow/example_dags/example_branch_day_of_week_operator.py
[2022-07-20 17:10:38,176] {processor.py:651} INFO - DAG(s) dict_keys(['example_weekday_branch_operator']) retrieved from /home/airflow/.local/lib/python3.7/site-packages/airflow/example_dags/example_branch_day_of_week_operator.py
[2022-07-20 17:10:38,349] {logging_mixin.py:115} INFO - [2022-07-20 17:10:38,348] {dag.py:2420} INFO - Sync 1 DAGs
[2022-07-20 17:10:38,735] {logging_mixin.py:115} INFO - [2022-07-20 17:10:38,735] {dag.py:2972} INFO - Setting next_dagrun for example_weekday_branch_operator to 2022-07-19T00:00:00+00:00, run_after=2022-07-20T00:00:00+00:00
[2022-07-20 17:10:38,832] {processor.py:161} INFO - Processing /home/airflow/.local/lib/python3.7/site-packages/airflow/example_dags/example_branch_day_of_week_operator.py took 0.718 seconds
[2022-07-20 17:11:09,216] {processor.py:153} INFO - Started process (PID=633) to work on /home/airflow/.local/lib/python3.7/site-packages/airflow/example_dags/example_branch_day_of_week_operator.py
[2022-07-20 17:11:09,218] {processor.py:641} INFO - Processing file /home/airflow/.local/lib/python3.7/site-packages/airflow/example_dags/example_branch_day_of_week_operator.py for tasks to queue
[2022-07-20 17:11:09,220] {logging_mixin.py:115} INFO - [2022-07-20 17:11:09,219] {dagbag.py:508} INFO - Filling up the DagBag from /home/airflow/.local/lib/python3.7/site-packages/airflow/example_dags/example_branch_day_of_week_operator.py
[2022-07-20 17:11:09,245] {processor.py:651} INFO - DAG(s) dict_keys(['example_weekday_branch_operator']) retrieved from /home/airflow/.local/lib/python3.7/site-packages/airflow/example_dags/example_branch_day_of_week_operator.py
[2022-07-20 17:11:09,351] {logging_mixin.py:115} INFO - [2022-07-20 17:11:09,351] {dag.py:2420} INFO - Sync 1 DAGs
[2022-07-20 17:11:09,601] {logging_mixin.py:115} INFO - [2022-07-20 17:11:09,600] {dag.py:2972} INFO - Setting next_dagrun for example_weekday_branch_operator to 2022-07-19T00:00:00+00:00, run_after=2022-07-20T00:00:00+00:00
[2022-07-20 17:11:09,740] {processor.py:161} INFO - Processing /home/airflow/.local/lib/python3.7/site-packages/airflow/example_dags/example_branch_day_of_week_operator.py took 0.531 seconds
[2022-07-20 17:11:40,087] {processor.py:153} INFO - Started process (PID=684) to work on /home/airflow/.local/lib/python3.7/site-packages/airflow/example_dags/example_branch_day_of_week_operator.py
[2022-07-20 17:11:40,089] {processor.py:641} INFO - Processing file /home/airflow/.local/lib/python3.7/site-packages/airflow/example_dags/example_branch_day_of_week_operator.py for tasks to queue
[2022-07-20 17:11:40,091] {logging_mixin.py:115} INFO - [2022-07-20 17:11:40,091] {dagbag.py:508} INFO - Filling up the DagBag from /home/airflow/.local/lib/python3.7/site-packages/airflow/example_dags/example_branch_day_of_week_operator.py
[2022-07-20 17:11:40,129] {processor.py:651} INFO - DAG(s) dict_keys(['example_weekday_branch_operator']) retrieved from /home/airflow/.local/lib/python3.7/site-packages/airflow/example_dags/example_branch_day_of_week_operator.py
[2022-07-20 17:11:40,215] {logging_mixin.py:115} INFO - [2022-07-20 17:11:40,215] {dag.py:2420} INFO - Sync 1 DAGs
[2022-07-20 17:11:40,566] {logging_mixin.py:115} INFO - [2022-07-20 17:11:40,566] {dag.py:2972} INFO - Setting next_dagrun for example_weekday_branch_operator to 2022-07-19T00:00:00+00:00, run_after=2022-07-20T00:00:00+00:00
[2022-07-20 17:11:41,062] {processor.py:161} INFO - Processing /home/airflow/.local/lib/python3.7/site-packages/airflow/example_dags/example_branch_day_of_week_operator.py took 0.994 seconds
[2022-07-20 17:12:11,758] {processor.py:153} INFO - Started process (PID=737) to work on /home/airflow/.local/lib/python3.7/site-packages/airflow/example_dags/example_branch_day_of_week_operator.py
[2022-07-20 17:12:11,767] {processor.py:641} INFO - Processing file /home/airflow/.local/lib/python3.7/site-packages/airflow/example_dags/example_branch_day_of_week_operator.py for tasks to queue
[2022-07-20 17:12:11,770] {logging_mixin.py:115} INFO - [2022-07-20 17:12:11,770] {dagbag.py:508} INFO - Filling up the DagBag from /home/airflow/.local/lib/python3.7/site-packages/airflow/example_dags/example_branch_day_of_week_operator.py
[2022-07-20 17:12:11,819] {processor.py:651} INFO - DAG(s) dict_keys(['example_weekday_branch_operator']) retrieved from /home/airflow/.local/lib/python3.7/site-packages/airflow/example_dags/example_branch_day_of_week_operator.py
[2022-07-20 17:12:12,092] {logging_mixin.py:115} INFO - [2022-07-20 17:12:12,092] {dag.py:2420} INFO - Sync 1 DAGs
[2022-07-20 17:12:12,617] {logging_mixin.py:115} INFO - [2022-07-20 17:12:12,617] {dag.py:2972} INFO - Setting next_dagrun for example_weekday_branch_operator to 2022-07-19T00:00:00+00:00, run_after=2022-07-20T00:00:00+00:00
[2022-07-20 17:12:12,799] {processor.py:161} INFO - Processing /home/airflow/.local/lib/python3.7/site-packages/airflow/example_dags/example_branch_day_of_week_operator.py took 1.070 seconds
[2022-07-20 17:12:43,162] {processor.py:153} INFO - Started process (PID=789) to work on /home/airflow/.local/lib/python3.7/site-packages/airflow/example_dags/example_branch_day_of_week_operator.py
[2022-07-20 17:12:43,163] {processor.py:641} INFO - Processing file /home/airflow/.local/lib/python3.7/site-packages/airflow/example_dags/example_branch_day_of_week_operator.py for tasks to queue
[2022-07-20 17:12:43,165] {logging_mixin.py:115} INFO - [2022-07-20 17:12:43,164] {dagbag.py:508} INFO - Filling up the DagBag from /home/airflow/.local/lib/python3.7/site-packages/airflow/example_dags/example_branch_day_of_week_operator.py
[2022-07-20 17:12:43,185] {processor.py:651} INFO - DAG(s) dict_keys(['example_weekday_branch_operator']) retrieved from /home/airflow/.local/lib/python3.7/site-packages/airflow/example_dags/example_branch_day_of_week_operator.py
[2022-07-20 17:12:43,249] {logging_mixin.py:115} INFO - [2022-07-20 17:12:43,249] {dag.py:2420} INFO - Sync 1 DAGs
[2022-07-20 17:12:43,711] {logging_mixin.py:115} INFO - [2022-07-20 17:12:43,710] {dag.py:2972} INFO - Setting next_dagrun for example_weekday_branch_operator to 2022-07-19T00:00:00+00:00, run_after=2022-07-20T00:00:00+00:00
[2022-07-20 17:12:44,294] {processor.py:161} INFO - Processing /home/airflow/.local/lib/python3.7/site-packages/airflow/example_dags/example_branch_day_of_week_operator.py took 1.139 seconds
[2022-07-20 17:13:14,618] {processor.py:153} INFO - Started process (PID=841) to work on /home/airflow/.local/lib/python3.7/site-packages/airflow/example_dags/example_branch_day_of_week_operator.py
[2022-07-20 17:13:14,620] {processor.py:641} INFO - Processing file /home/airflow/.local/lib/python3.7/site-packages/airflow/example_dags/example_branch_day_of_week_operator.py for tasks to queue
[2022-07-20 17:13:14,621] {logging_mixin.py:115} INFO - [2022-07-20 17:13:14,621] {dagbag.py:508} INFO - Filling up the DagBag from /home/airflow/.local/lib/python3.7/site-packages/airflow/example_dags/example_branch_day_of_week_operator.py
[2022-07-20 17:13:14,637] {processor.py:651} INFO - DAG(s) dict_keys(['example_weekday_branch_operator']) retrieved from /home/airflow/.local/lib/python3.7/site-packages/airflow/example_dags/example_branch_day_of_week_operator.py
[2022-07-20 17:13:14,717] {logging_mixin.py:115} INFO - [2022-07-20 17:13:14,716] {dag.py:2420} INFO - Sync 1 DAGs
[2022-07-20 17:13:16,338] {logging_mixin.py:115} INFO - [2022-07-20 17:13:16,338] {dag.py:2972} INFO - Setting next_dagrun for example_weekday_branch_operator to 2022-07-19T00:00:00+00:00, run_after=2022-07-20T00:00:00+00:00
[2022-07-20 17:13:17,282] {processor.py:161} INFO - Processing /home/airflow/.local/lib/python3.7/site-packages/airflow/example_dags/example_branch_day_of_week_operator.py took 2.670 seconds
[2022-07-20 17:49:55,186] {processor.py:153} INFO - Started process (PID=121) to work on /home/airflow/.local/lib/python3.7/site-packages/airflow/example_dags/example_branch_day_of_week_operator.py
[2022-07-20 17:49:55,694] {processor.py:641} INFO - Processing file /home/airflow/.local/lib/python3.7/site-packages/airflow/example_dags/example_branch_day_of_week_operator.py for tasks to queue
[2022-07-20 17:49:55,696] {logging_mixin.py:115} INFO - [2022-07-20 17:49:55,696] {dagbag.py:508} INFO - Filling up the DagBag from /home/airflow/.local/lib/python3.7/site-packages/airflow/example_dags/example_branch_day_of_week_operator.py
[2022-07-20 17:49:56,203] {processor.py:651} INFO - DAG(s) dict_keys(['example_weekday_branch_operator']) retrieved from /home/airflow/.local/lib/python3.7/site-packages/airflow/example_dags/example_branch_day_of_week_operator.py
[2022-07-20 17:49:56,341] {logging_mixin.py:115} INFO - [2022-07-20 17:49:56,341] {dag.py:2420} INFO - Sync 1 DAGs
[2022-07-20 17:49:56,732] {logging_mixin.py:115} INFO - [2022-07-20 17:49:56,732] {dag.py:2972} INFO - Setting next_dagrun for example_weekday_branch_operator to 2022-07-19T00:00:00+00:00, run_after=2022-07-20T00:00:00+00:00
[2022-07-20 17:49:58,094] {processor.py:161} INFO - Processing /home/airflow/.local/lib/python3.7/site-packages/airflow/example_dags/example_branch_day_of_week_operator.py took 2.918 seconds
[2022-07-20 17:50:29,733] {processor.py:153} INFO - Started process (PID=174) to work on /home/airflow/.local/lib/python3.7/site-packages/airflow/example_dags/example_branch_day_of_week_operator.py
[2022-07-20 17:50:29,734] {processor.py:641} INFO - Processing file /home/airflow/.local/lib/python3.7/site-packages/airflow/example_dags/example_branch_day_of_week_operator.py for tasks to queue
[2022-07-20 17:50:29,735] {logging_mixin.py:115} INFO - [2022-07-20 17:50:29,735] {dagbag.py:508} INFO - Filling up the DagBag from /home/airflow/.local/lib/python3.7/site-packages/airflow/example_dags/example_branch_day_of_week_operator.py
[2022-07-20 17:50:29,752] {processor.py:651} INFO - DAG(s) dict_keys(['example_weekday_branch_operator']) retrieved from /home/airflow/.local/lib/python3.7/site-packages/airflow/example_dags/example_branch_day_of_week_operator.py
[2022-07-20 17:50:29,801] {logging_mixin.py:115} INFO - [2022-07-20 17:50:29,801] {dag.py:2420} INFO - Sync 1 DAGs
[2022-07-20 17:50:30,120] {logging_mixin.py:115} INFO - [2022-07-20 17:50:30,119] {dag.py:2972} INFO - Setting next_dagrun for example_weekday_branch_operator to 2022-07-19T00:00:00+00:00, run_after=2022-07-20T00:00:00+00:00
[2022-07-20 17:50:31,401] {processor.py:161} INFO - Processing /home/airflow/.local/lib/python3.7/site-packages/airflow/example_dags/example_branch_day_of_week_operator.py took 1.674 seconds
[2022-07-20 17:51:01,937] {processor.py:153} INFO - Started process (PID=226) to work on /home/airflow/.local/lib/python3.7/site-packages/airflow/example_dags/example_branch_day_of_week_operator.py
[2022-07-20 17:51:01,939] {processor.py:641} INFO - Processing file /home/airflow/.local/lib/python3.7/site-packages/airflow/example_dags/example_branch_day_of_week_operator.py for tasks to queue
[2022-07-20 17:51:01,940] {logging_mixin.py:115} INFO - [2022-07-20 17:51:01,940] {dagbag.py:508} INFO - Filling up the DagBag from /home/airflow/.local/lib/python3.7/site-packages/airflow/example_dags/example_branch_day_of_week_operator.py
[2022-07-20 17:51:01,957] {processor.py:651} INFO - DAG(s) dict_keys(['example_weekday_branch_operator']) retrieved from /home/airflow/.local/lib/python3.7/site-packages/airflow/example_dags/example_branch_day_of_week_operator.py
[2022-07-20 17:51:02,012] {logging_mixin.py:115} INFO - [2022-07-20 17:51:02,012] {dag.py:2420} INFO - Sync 1 DAGs
[2022-07-20 17:51:02,396] {logging_mixin.py:115} INFO - [2022-07-20 17:51:02,395] {dag.py:2972} INFO - Setting next_dagrun for example_weekday_branch_operator to 2022-07-19T00:00:00+00:00, run_after=2022-07-20T00:00:00+00:00
[2022-07-20 17:51:02,924] {processor.py:161} INFO - Processing /home/airflow/.local/lib/python3.7/site-packages/airflow/example_dags/example_branch_day_of_week_operator.py took 0.993 seconds
[2022-07-20 17:51:33,898] {processor.py:153} INFO - Started process (PID=278) to work on /home/airflow/.local/lib/python3.7/site-packages/airflow/example_dags/example_branch_day_of_week_operator.py
[2022-07-20 17:51:33,899] {processor.py:641} INFO - Processing file /home/airflow/.local/lib/python3.7/site-packages/airflow/example_dags/example_branch_day_of_week_operator.py for tasks to queue
[2022-07-20 17:51:33,901] {logging_mixin.py:115} INFO - [2022-07-20 17:51:33,901] {dagbag.py:508} INFO - Filling up the DagBag from /home/airflow/.local/lib/python3.7/site-packages/airflow/example_dags/example_branch_day_of_week_operator.py
[2022-07-20 17:51:33,929] {processor.py:651} INFO - DAG(s) dict_keys(['example_weekday_branch_operator']) retrieved from /home/airflow/.local/lib/python3.7/site-packages/airflow/example_dags/example_branch_day_of_week_operator.py
[2022-07-20 17:51:34,012] {logging_mixin.py:115} INFO - [2022-07-20 17:51:34,012] {dag.py:2420} INFO - Sync 1 DAGs
[2022-07-20 17:51:34,289] {logging_mixin.py:115} INFO - [2022-07-20 17:51:34,289] {dag.py:2972} INFO - Setting next_dagrun for example_weekday_branch_operator to 2022-07-19T00:00:00+00:00, run_after=2022-07-20T00:00:00+00:00
[2022-07-20 17:51:34,584] {processor.py:161} INFO - Processing /home/airflow/.local/lib/python3.7/site-packages/airflow/example_dags/example_branch_day_of_week_operator.py took 0.695 seconds
[2022-07-20 17:52:05,187] {processor.py:153} INFO - Started process (PID=330) to work on /home/airflow/.local/lib/python3.7/site-packages/airflow/example_dags/example_branch_day_of_week_operator.py
[2022-07-20 17:52:05,188] {processor.py:641} INFO - Processing file /home/airflow/.local/lib/python3.7/site-packages/airflow/example_dags/example_branch_day_of_week_operator.py for tasks to queue
[2022-07-20 17:52:05,191] {logging_mixin.py:115} INFO - [2022-07-20 17:52:05,190] {dagbag.py:508} INFO - Filling up the DagBag from /home/airflow/.local/lib/python3.7/site-packages/airflow/example_dags/example_branch_day_of_week_operator.py
[2022-07-20 17:52:05,219] {processor.py:651} INFO - DAG(s) dict_keys(['example_weekday_branch_operator']) retrieved from /home/airflow/.local/lib/python3.7/site-packages/airflow/example_dags/example_branch_day_of_week_operator.py
[2022-07-20 17:52:05,315] {logging_mixin.py:115} INFO - [2022-07-20 17:52:05,315] {dag.py:2420} INFO - Sync 1 DAGs
[2022-07-20 17:52:05,577] {logging_mixin.py:115} INFO - [2022-07-20 17:52:05,576] {dag.py:2972} INFO - Setting next_dagrun for example_weekday_branch_operator to 2022-07-19T00:00:00+00:00, run_after=2022-07-20T00:00:00+00:00
[2022-07-20 17:52:05,678] {processor.py:161} INFO - Processing /home/airflow/.local/lib/python3.7/site-packages/airflow/example_dags/example_branch_day_of_week_operator.py took 0.501 seconds
[2022-07-20 17:52:36,488] {processor.py:153} INFO - Started process (PID=382) to work on /home/airflow/.local/lib/python3.7/site-packages/airflow/example_dags/example_branch_day_of_week_operator.py
[2022-07-20 17:52:36,489] {processor.py:641} INFO - Processing file /home/airflow/.local/lib/python3.7/site-packages/airflow/example_dags/example_branch_day_of_week_operator.py for tasks to queue
[2022-07-20 17:52:36,491] {logging_mixin.py:115} INFO - [2022-07-20 17:52:36,491] {dagbag.py:508} INFO - Filling up the DagBag from /home/airflow/.local/lib/python3.7/site-packages/airflow/example_dags/example_branch_day_of_week_operator.py
[2022-07-20 17:52:36,532] {processor.py:651} INFO - DAG(s) dict_keys(['example_weekday_branch_operator']) retrieved from /home/airflow/.local/lib/python3.7/site-packages/airflow/example_dags/example_branch_day_of_week_operator.py
[2022-07-20 17:52:36,701] {logging_mixin.py:115} INFO - [2022-07-20 17:52:36,701] {dag.py:2420} INFO - Sync 1 DAGs
[2022-07-20 17:52:37,546] {logging_mixin.py:115} INFO - [2022-07-20 17:52:37,545] {dag.py:2972} INFO - Setting next_dagrun for example_weekday_branch_operator to 2022-07-19T00:00:00+00:00, run_after=2022-07-20T00:00:00+00:00
[2022-07-20 17:52:37,737] {processor.py:161} INFO - Processing /home/airflow/.local/lib/python3.7/site-packages/airflow/example_dags/example_branch_day_of_week_operator.py took 1.271 seconds
[2022-07-20 17:53:08,351] {processor.py:153} INFO - Started process (PID=435) to work on /home/airflow/.local/lib/python3.7/site-packages/airflow/example_dags/example_branch_day_of_week_operator.py
[2022-07-20 17:53:08,353] {processor.py:641} INFO - Processing file /home/airflow/.local/lib/python3.7/site-packages/airflow/example_dags/example_branch_day_of_week_operator.py for tasks to queue
[2022-07-20 17:53:08,356] {logging_mixin.py:115} INFO - [2022-07-20 17:53:08,356] {dagbag.py:508} INFO - Filling up the DagBag from /home/airflow/.local/lib/python3.7/site-packages/airflow/example_dags/example_branch_day_of_week_operator.py
[2022-07-20 17:53:08,389] {processor.py:651} INFO - DAG(s) dict_keys(['example_weekday_branch_operator']) retrieved from /home/airflow/.local/lib/python3.7/site-packages/airflow/example_dags/example_branch_day_of_week_operator.py
[2022-07-20 17:53:08,453] {logging_mixin.py:115} INFO - [2022-07-20 17:53:08,453] {dag.py:2420} INFO - Sync 1 DAGs
[2022-07-20 17:53:08,861] {logging_mixin.py:115} INFO - [2022-07-20 17:53:08,861] {dag.py:2972} INFO - Setting next_dagrun for example_weekday_branch_operator to 2022-07-19T00:00:00+00:00, run_after=2022-07-20T00:00:00+00:00
[2022-07-20 17:53:08,977] {processor.py:161} INFO - Processing /home/airflow/.local/lib/python3.7/site-packages/airflow/example_dags/example_branch_day_of_week_operator.py took 0.633 seconds
[2022-07-20 17:53:39,049] {processor.py:153} INFO - Started process (PID=487) to work on /home/airflow/.local/lib/python3.7/site-packages/airflow/example_dags/example_branch_day_of_week_operator.py
[2022-07-20 17:53:39,050] {processor.py:641} INFO - Processing file /home/airflow/.local/lib/python3.7/site-packages/airflow/example_dags/example_branch_day_of_week_operator.py for tasks to queue
[2022-07-20 17:53:39,059] {logging_mixin.py:115} INFO - [2022-07-20 17:53:39,057] {dagbag.py:508} INFO - Filling up the DagBag from /home/airflow/.local/lib/python3.7/site-packages/airflow/example_dags/example_branch_day_of_week_operator.py
[2022-07-20 17:53:39,106] {processor.py:651} INFO - DAG(s) dict_keys(['example_weekday_branch_operator']) retrieved from /home/airflow/.local/lib/python3.7/site-packages/airflow/example_dags/example_branch_day_of_week_operator.py
[2022-07-20 17:53:39,231] {logging_mixin.py:115} INFO - [2022-07-20 17:53:39,231] {dag.py:2420} INFO - Sync 1 DAGs
[2022-07-20 17:53:39,571] {logging_mixin.py:115} INFO - [2022-07-20 17:53:39,571] {dag.py:2972} INFO - Setting next_dagrun for example_weekday_branch_operator to 2022-07-19T00:00:00+00:00, run_after=2022-07-20T00:00:00+00:00
[2022-07-20 17:53:39,733] {processor.py:161} INFO - Processing /home/airflow/.local/lib/python3.7/site-packages/airflow/example_dags/example_branch_day_of_week_operator.py took 0.694 seconds
[2022-07-20 17:54:10,361] {processor.py:153} INFO - Started process (PID=537) to work on /home/airflow/.local/lib/python3.7/site-packages/airflow/example_dags/example_branch_day_of_week_operator.py
[2022-07-20 17:54:10,363] {processor.py:641} INFO - Processing file /home/airflow/.local/lib/python3.7/site-packages/airflow/example_dags/example_branch_day_of_week_operator.py for tasks to queue
[2022-07-20 17:54:10,365] {logging_mixin.py:115} INFO - [2022-07-20 17:54:10,364] {dagbag.py:508} INFO - Filling up the DagBag from /home/airflow/.local/lib/python3.7/site-packages/airflow/example_dags/example_branch_day_of_week_operator.py
[2022-07-20 17:54:10,386] {processor.py:651} INFO - DAG(s) dict_keys(['example_weekday_branch_operator']) retrieved from /home/airflow/.local/lib/python3.7/site-packages/airflow/example_dags/example_branch_day_of_week_operator.py
[2022-07-20 17:54:10,459] {logging_mixin.py:115} INFO - [2022-07-20 17:54:10,459] {dag.py:2420} INFO - Sync 1 DAGs
[2022-07-20 17:54:10,712] {logging_mixin.py:115} INFO - [2022-07-20 17:54:10,711] {dag.py:2972} INFO - Setting next_dagrun for example_weekday_branch_operator to 2022-07-19T00:00:00+00:00, run_after=2022-07-20T00:00:00+00:00
[2022-07-20 17:54:11,441] {processor.py:161} INFO - Processing /home/airflow/.local/lib/python3.7/site-packages/airflow/example_dags/example_branch_day_of_week_operator.py took 1.086 seconds
[2022-07-20 17:54:42,014] {processor.py:153} INFO - Started process (PID=590) to work on /home/airflow/.local/lib/python3.7/site-packages/airflow/example_dags/example_branch_day_of_week_operator.py
[2022-07-20 17:54:42,016] {processor.py:641} INFO - Processing file /home/airflow/.local/lib/python3.7/site-packages/airflow/example_dags/example_branch_day_of_week_operator.py for tasks to queue
[2022-07-20 17:54:42,019] {logging_mixin.py:115} INFO - [2022-07-20 17:54:42,019] {dagbag.py:508} INFO - Filling up the DagBag from /home/airflow/.local/lib/python3.7/site-packages/airflow/example_dags/example_branch_day_of_week_operator.py
[2022-07-20 17:54:42,041] {processor.py:651} INFO - DAG(s) dict_keys(['example_weekday_branch_operator']) retrieved from /home/airflow/.local/lib/python3.7/site-packages/airflow/example_dags/example_branch_day_of_week_operator.py
[2022-07-20 17:54:42,131] {logging_mixin.py:115} INFO - [2022-07-20 17:54:42,131] {dag.py:2420} INFO - Sync 1 DAGs
[2022-07-20 17:54:42,548] {logging_mixin.py:115} INFO - [2022-07-20 17:54:42,547] {dag.py:2972} INFO - Setting next_dagrun for example_weekday_branch_operator to 2022-07-19T00:00:00+00:00, run_after=2022-07-20T00:00:00+00:00
[2022-07-20 17:54:42,999] {processor.py:161} INFO - Processing /home/airflow/.local/lib/python3.7/site-packages/airflow/example_dags/example_branch_day_of_week_operator.py took 0.995 seconds
[2022-07-20 17:55:13,518] {processor.py:153} INFO - Started process (PID=642) to work on /home/airflow/.local/lib/python3.7/site-packages/airflow/example_dags/example_branch_day_of_week_operator.py
[2022-07-20 17:55:13,520] {processor.py:641} INFO - Processing file /home/airflow/.local/lib/python3.7/site-packages/airflow/example_dags/example_branch_day_of_week_operator.py for tasks to queue
[2022-07-20 17:55:13,531] {logging_mixin.py:115} INFO - [2022-07-20 17:55:13,531] {dagbag.py:508} INFO - Filling up the DagBag from /home/airflow/.local/lib/python3.7/site-packages/airflow/example_dags/example_branch_day_of_week_operator.py
[2022-07-20 17:55:13,561] {processor.py:651} INFO - DAG(s) dict_keys(['example_weekday_branch_operator']) retrieved from /home/airflow/.local/lib/python3.7/site-packages/airflow/example_dags/example_branch_day_of_week_operator.py
[2022-07-20 17:55:13,824] {logging_mixin.py:115} INFO - [2022-07-20 17:55:13,824] {dag.py:2420} INFO - Sync 1 DAGs
[2022-07-20 17:55:14,135] {logging_mixin.py:115} INFO - [2022-07-20 17:55:14,135] {dag.py:2972} INFO - Setting next_dagrun for example_weekday_branch_operator to 2022-07-19T00:00:00+00:00, run_after=2022-07-20T00:00:00+00:00
[2022-07-20 17:55:14,471] {processor.py:161} INFO - Processing /home/airflow/.local/lib/python3.7/site-packages/airflow/example_dags/example_branch_day_of_week_operator.py took 0.961 seconds
[2022-07-20 17:55:45,284] {processor.py:153} INFO - Started process (PID=695) to work on /home/airflow/.local/lib/python3.7/site-packages/airflow/example_dags/example_branch_day_of_week_operator.py
[2022-07-20 17:55:45,286] {processor.py:641} INFO - Processing file /home/airflow/.local/lib/python3.7/site-packages/airflow/example_dags/example_branch_day_of_week_operator.py for tasks to queue
[2022-07-20 17:55:45,287] {logging_mixin.py:115} INFO - [2022-07-20 17:55:45,287] {dagbag.py:508} INFO - Filling up the DagBag from /home/airflow/.local/lib/python3.7/site-packages/airflow/example_dags/example_branch_day_of_week_operator.py
[2022-07-20 17:55:45,303] {processor.py:651} INFO - DAG(s) dict_keys(['example_weekday_branch_operator']) retrieved from /home/airflow/.local/lib/python3.7/site-packages/airflow/example_dags/example_branch_day_of_week_operator.py
[2022-07-20 17:55:45,376] {logging_mixin.py:115} INFO - [2022-07-20 17:55:45,376] {dag.py:2420} INFO - Sync 1 DAGs
[2022-07-20 17:55:45,712] {logging_mixin.py:115} INFO - [2022-07-20 17:55:45,712] {dag.py:2972} INFO - Setting next_dagrun for example_weekday_branch_operator to 2022-07-19T00:00:00+00:00, run_after=2022-07-20T00:00:00+00:00
[2022-07-20 17:55:45,839] {processor.py:161} INFO - Processing /home/airflow/.local/lib/python3.7/site-packages/airflow/example_dags/example_branch_day_of_week_operator.py took 0.563 seconds
[2022-07-20 17:56:15,904] {processor.py:153} INFO - Started process (PID=747) to work on /home/airflow/.local/lib/python3.7/site-packages/airflow/example_dags/example_branch_day_of_week_operator.py
[2022-07-20 17:56:15,905] {processor.py:641} INFO - Processing file /home/airflow/.local/lib/python3.7/site-packages/airflow/example_dags/example_branch_day_of_week_operator.py for tasks to queue
[2022-07-20 17:56:15,907] {logging_mixin.py:115} INFO - [2022-07-20 17:56:15,906] {dagbag.py:508} INFO - Filling up the DagBag from /home/airflow/.local/lib/python3.7/site-packages/airflow/example_dags/example_branch_day_of_week_operator.py
[2022-07-20 17:56:15,923] {processor.py:651} INFO - DAG(s) dict_keys(['example_weekday_branch_operator']) retrieved from /home/airflow/.local/lib/python3.7/site-packages/airflow/example_dags/example_branch_day_of_week_operator.py
[2022-07-20 17:56:15,976] {logging_mixin.py:115} INFO - [2022-07-20 17:56:15,976] {dag.py:2420} INFO - Sync 1 DAGs
[2022-07-20 17:56:16,293] {logging_mixin.py:115} INFO - [2022-07-20 17:56:16,293] {dag.py:2972} INFO - Setting next_dagrun for example_weekday_branch_operator to 2022-07-19T00:00:00+00:00, run_after=2022-07-20T00:00:00+00:00
[2022-07-20 17:56:16,441] {processor.py:161} INFO - Processing /home/airflow/.local/lib/python3.7/site-packages/airflow/example_dags/example_branch_day_of_week_operator.py took 0.543 seconds
[2022-07-20 17:56:46,906] {processor.py:153} INFO - Started process (PID=800) to work on /home/airflow/.local/lib/python3.7/site-packages/airflow/example_dags/example_branch_day_of_week_operator.py
[2022-07-20 17:56:46,907] {processor.py:641} INFO - Processing file /home/airflow/.local/lib/python3.7/site-packages/airflow/example_dags/example_branch_day_of_week_operator.py for tasks to queue
[2022-07-20 17:56:46,908] {logging_mixin.py:115} INFO - [2022-07-20 17:56:46,908] {dagbag.py:508} INFO - Filling up the DagBag from /home/airflow/.local/lib/python3.7/site-packages/airflow/example_dags/example_branch_day_of_week_operator.py
[2022-07-20 17:56:46,932] {processor.py:651} INFO - DAG(s) dict_keys(['example_weekday_branch_operator']) retrieved from /home/airflow/.local/lib/python3.7/site-packages/airflow/example_dags/example_branch_day_of_week_operator.py
[2022-07-20 17:56:47,003] {logging_mixin.py:115} INFO - [2022-07-20 17:56:47,003] {dag.py:2420} INFO - Sync 1 DAGs
[2022-07-20 17:56:47,338] {logging_mixin.py:115} INFO - [2022-07-20 17:56:47,337] {dag.py:2972} INFO - Setting next_dagrun for example_weekday_branch_operator to 2022-07-19T00:00:00+00:00, run_after=2022-07-20T00:00:00+00:00
[2022-07-20 17:56:47,499] {processor.py:161} INFO - Processing /home/airflow/.local/lib/python3.7/site-packages/airflow/example_dags/example_branch_day_of_week_operator.py took 0.602 seconds
[2022-07-20 17:57:18,271] {processor.py:153} INFO - Started process (PID=852) to work on /home/airflow/.local/lib/python3.7/site-packages/airflow/example_dags/example_branch_day_of_week_operator.py
[2022-07-20 17:57:18,281] {processor.py:641} INFO - Processing file /home/airflow/.local/lib/python3.7/site-packages/airflow/example_dags/example_branch_day_of_week_operator.py for tasks to queue
[2022-07-20 17:57:18,283] {logging_mixin.py:115} INFO - [2022-07-20 17:57:18,283] {dagbag.py:508} INFO - Filling up the DagBag from /home/airflow/.local/lib/python3.7/site-packages/airflow/example_dags/example_branch_day_of_week_operator.py
[2022-07-20 17:57:18,437] {processor.py:651} INFO - DAG(s) dict_keys(['example_weekday_branch_operator']) retrieved from /home/airflow/.local/lib/python3.7/site-packages/airflow/example_dags/example_branch_day_of_week_operator.py
[2022-07-20 17:57:18,617] {logging_mixin.py:115} INFO - [2022-07-20 17:57:18,617] {dag.py:2420} INFO - Sync 1 DAGs
[2022-07-20 17:57:19,680] {logging_mixin.py:115} INFO - [2022-07-20 17:57:19,680] {dag.py:2972} INFO - Setting next_dagrun for example_weekday_branch_operator to 2022-07-19T00:00:00+00:00, run_after=2022-07-20T00:00:00+00:00
[2022-07-20 17:57:20,833] {processor.py:161} INFO - Processing /home/airflow/.local/lib/python3.7/site-packages/airflow/example_dags/example_branch_day_of_week_operator.py took 2.629 seconds
[2022-07-20 17:57:51,688] {processor.py:153} INFO - Started process (PID=902) to work on /home/airflow/.local/lib/python3.7/site-packages/airflow/example_dags/example_branch_day_of_week_operator.py
[2022-07-20 17:57:51,689] {processor.py:641} INFO - Processing file /home/airflow/.local/lib/python3.7/site-packages/airflow/example_dags/example_branch_day_of_week_operator.py for tasks to queue
[2022-07-20 17:57:51,691] {logging_mixin.py:115} INFO - [2022-07-20 17:57:51,691] {dagbag.py:508} INFO - Filling up the DagBag from /home/airflow/.local/lib/python3.7/site-packages/airflow/example_dags/example_branch_day_of_week_operator.py
[2022-07-20 17:57:51,720] {processor.py:651} INFO - DAG(s) dict_keys(['example_weekday_branch_operator']) retrieved from /home/airflow/.local/lib/python3.7/site-packages/airflow/example_dags/example_branch_day_of_week_operator.py
[2022-07-20 17:57:51,815] {logging_mixin.py:115} INFO - [2022-07-20 17:57:51,815] {dag.py:2420} INFO - Sync 1 DAGs
[2022-07-20 17:57:52,421] {logging_mixin.py:115} INFO - [2022-07-20 17:57:52,421] {dag.py:2972} INFO - Setting next_dagrun for example_weekday_branch_operator to 2022-07-19T00:00:00+00:00, run_after=2022-07-20T00:00:00+00:00
[2022-07-20 17:57:52,733] {processor.py:161} INFO - Processing /home/airflow/.local/lib/python3.7/site-packages/airflow/example_dags/example_branch_day_of_week_operator.py took 1.055 seconds
[2022-07-20 17:58:22,926] {processor.py:153} INFO - Started process (PID=948) to work on /home/airflow/.local/lib/python3.7/site-packages/airflow/example_dags/example_branch_day_of_week_operator.py
[2022-07-20 17:58:22,927] {processor.py:641} INFO - Processing file /home/airflow/.local/lib/python3.7/site-packages/airflow/example_dags/example_branch_day_of_week_operator.py for tasks to queue
[2022-07-20 17:58:22,928] {logging_mixin.py:115} INFO - [2022-07-20 17:58:22,928] {dagbag.py:508} INFO - Filling up the DagBag from /home/airflow/.local/lib/python3.7/site-packages/airflow/example_dags/example_branch_day_of_week_operator.py
[2022-07-20 17:58:22,948] {processor.py:651} INFO - DAG(s) dict_keys(['example_weekday_branch_operator']) retrieved from /home/airflow/.local/lib/python3.7/site-packages/airflow/example_dags/example_branch_day_of_week_operator.py
[2022-07-20 17:58:23,087] {logging_mixin.py:115} INFO - [2022-07-20 17:58:23,086] {dag.py:2420} INFO - Sync 1 DAGs
[2022-07-20 17:58:23,422] {logging_mixin.py:115} INFO - [2022-07-20 17:58:23,421] {dag.py:2972} INFO - Setting next_dagrun for example_weekday_branch_operator to 2022-07-19T00:00:00+00:00, run_after=2022-07-20T00:00:00+00:00
[2022-07-20 17:58:23,630] {processor.py:161} INFO - Processing /home/airflow/.local/lib/python3.7/site-packages/airflow/example_dags/example_branch_day_of_week_operator.py took 0.717 seconds
[2022-07-20 17:58:53,706] {processor.py:153} INFO - Started process (PID=1000) to work on /home/airflow/.local/lib/python3.7/site-packages/airflow/example_dags/example_branch_day_of_week_operator.py
[2022-07-20 17:58:53,709] {processor.py:641} INFO - Processing file /home/airflow/.local/lib/python3.7/site-packages/airflow/example_dags/example_branch_day_of_week_operator.py for tasks to queue
[2022-07-20 17:58:53,712] {logging_mixin.py:115} INFO - [2022-07-20 17:58:53,711] {dagbag.py:508} INFO - Filling up the DagBag from /home/airflow/.local/lib/python3.7/site-packages/airflow/example_dags/example_branch_day_of_week_operator.py
[2022-07-20 17:58:53,758] {processor.py:651} INFO - DAG(s) dict_keys(['example_weekday_branch_operator']) retrieved from /home/airflow/.local/lib/python3.7/site-packages/airflow/example_dags/example_branch_day_of_week_operator.py
[2022-07-20 17:58:53,899] {logging_mixin.py:115} INFO - [2022-07-20 17:58:53,899] {dag.py:2420} INFO - Sync 1 DAGs
[2022-07-20 17:58:54,257] {logging_mixin.py:115} INFO - [2022-07-20 17:58:54,256] {dag.py:2972} INFO - Setting next_dagrun for example_weekday_branch_operator to 2022-07-19T00:00:00+00:00, run_after=2022-07-20T00:00:00+00:00
[2022-07-20 17:58:54,366] {processor.py:161} INFO - Processing /home/airflow/.local/lib/python3.7/site-packages/airflow/example_dags/example_branch_day_of_week_operator.py took 0.669 seconds
[2022-07-20 17:59:24,553] {processor.py:153} INFO - Started process (PID=1052) to work on /home/airflow/.local/lib/python3.7/site-packages/airflow/example_dags/example_branch_day_of_week_operator.py
[2022-07-20 17:59:24,555] {processor.py:641} INFO - Processing file /home/airflow/.local/lib/python3.7/site-packages/airflow/example_dags/example_branch_day_of_week_operator.py for tasks to queue
[2022-07-20 17:59:24,557] {logging_mixin.py:115} INFO - [2022-07-20 17:59:24,557] {dagbag.py:508} INFO - Filling up the DagBag from /home/airflow/.local/lib/python3.7/site-packages/airflow/example_dags/example_branch_day_of_week_operator.py
[2022-07-20 17:59:24,593] {processor.py:651} INFO - DAG(s) dict_keys(['example_weekday_branch_operator']) retrieved from /home/airflow/.local/lib/python3.7/site-packages/airflow/example_dags/example_branch_day_of_week_operator.py
[2022-07-20 17:59:24,722] {logging_mixin.py:115} INFO - [2022-07-20 17:59:24,722] {dag.py:2420} INFO - Sync 1 DAGs
[2022-07-20 17:59:25,076] {logging_mixin.py:115} INFO - [2022-07-20 17:59:25,076] {dag.py:2972} INFO - Setting next_dagrun for example_weekday_branch_operator to 2022-07-19T00:00:00+00:00, run_after=2022-07-20T00:00:00+00:00
[2022-07-20 17:59:25,187] {processor.py:161} INFO - Processing /home/airflow/.local/lib/python3.7/site-packages/airflow/example_dags/example_branch_day_of_week_operator.py took 0.648 seconds
[2022-07-20 17:59:55,415] {processor.py:153} INFO - Started process (PID=1104) to work on /home/airflow/.local/lib/python3.7/site-packages/airflow/example_dags/example_branch_day_of_week_operator.py
[2022-07-20 17:59:55,417] {processor.py:641} INFO - Processing file /home/airflow/.local/lib/python3.7/site-packages/airflow/example_dags/example_branch_day_of_week_operator.py for tasks to queue
[2022-07-20 17:59:55,419] {logging_mixin.py:115} INFO - [2022-07-20 17:59:55,419] {dagbag.py:508} INFO - Filling up the DagBag from /home/airflow/.local/lib/python3.7/site-packages/airflow/example_dags/example_branch_day_of_week_operator.py
[2022-07-20 17:59:55,445] {processor.py:651} INFO - DAG(s) dict_keys(['example_weekday_branch_operator']) retrieved from /home/airflow/.local/lib/python3.7/site-packages/airflow/example_dags/example_branch_day_of_week_operator.py
[2022-07-20 17:59:55,525] {logging_mixin.py:115} INFO - [2022-07-20 17:59:55,525] {dag.py:2420} INFO - Sync 1 DAGs
[2022-07-20 17:59:55,783] {logging_mixin.py:115} INFO - [2022-07-20 17:59:55,783] {dag.py:2972} INFO - Setting next_dagrun for example_weekday_branch_operator to 2022-07-19T00:00:00+00:00, run_after=2022-07-20T00:00:00+00:00
[2022-07-20 17:59:55,961] {processor.py:161} INFO - Processing /home/airflow/.local/lib/python3.7/site-packages/airflow/example_dags/example_branch_day_of_week_operator.py took 0.559 seconds
[2022-07-20 18:00:26,361] {processor.py:153} INFO - Started process (PID=1149) to work on /home/airflow/.local/lib/python3.7/site-packages/airflow/example_dags/example_branch_day_of_week_operator.py
[2022-07-20 18:00:26,363] {processor.py:641} INFO - Processing file /home/airflow/.local/lib/python3.7/site-packages/airflow/example_dags/example_branch_day_of_week_operator.py for tasks to queue
[2022-07-20 18:00:26,364] {logging_mixin.py:115} INFO - [2022-07-20 18:00:26,364] {dagbag.py:508} INFO - Filling up the DagBag from /home/airflow/.local/lib/python3.7/site-packages/airflow/example_dags/example_branch_day_of_week_operator.py
[2022-07-20 18:00:26,383] {processor.py:651} INFO - DAG(s) dict_keys(['example_weekday_branch_operator']) retrieved from /home/airflow/.local/lib/python3.7/site-packages/airflow/example_dags/example_branch_day_of_week_operator.py
[2022-07-20 18:00:26,452] {logging_mixin.py:115} INFO - [2022-07-20 18:00:26,451] {dag.py:2420} INFO - Sync 1 DAGs
[2022-07-20 18:00:26,662] {logging_mixin.py:115} INFO - [2022-07-20 18:00:26,662] {dag.py:2972} INFO - Setting next_dagrun for example_weekday_branch_operator to 2022-07-19T00:00:00+00:00, run_after=2022-07-20T00:00:00+00:00
[2022-07-20 18:00:26,791] {processor.py:161} INFO - Processing /home/airflow/.local/lib/python3.7/site-packages/airflow/example_dags/example_branch_day_of_week_operator.py took 0.438 seconds
[2022-07-20 18:00:56,956] {processor.py:153} INFO - Started process (PID=1200) to work on /home/airflow/.local/lib/python3.7/site-packages/airflow/example_dags/example_branch_day_of_week_operator.py
[2022-07-20 18:00:56,964] {processor.py:641} INFO - Processing file /home/airflow/.local/lib/python3.7/site-packages/airflow/example_dags/example_branch_day_of_week_operator.py for tasks to queue
[2022-07-20 18:00:56,967] {logging_mixin.py:115} INFO - [2022-07-20 18:00:56,966] {dagbag.py:508} INFO - Filling up the DagBag from /home/airflow/.local/lib/python3.7/site-packages/airflow/example_dags/example_branch_day_of_week_operator.py
[2022-07-20 18:00:57,040] {processor.py:651} INFO - DAG(s) dict_keys(['example_weekday_branch_operator']) retrieved from /home/airflow/.local/lib/python3.7/site-packages/airflow/example_dags/example_branch_day_of_week_operator.py
[2022-07-20 18:00:57,199] {logging_mixin.py:115} INFO - [2022-07-20 18:00:57,199] {dag.py:2420} INFO - Sync 1 DAGs
[2022-07-20 18:00:57,771] {logging_mixin.py:115} INFO - [2022-07-20 18:00:57,771] {dag.py:2972} INFO - Setting next_dagrun for example_weekday_branch_operator to 2022-07-19T00:00:00+00:00, run_after=2022-07-20T00:00:00+00:00
[2022-07-20 18:00:57,888] {processor.py:161} INFO - Processing /home/airflow/.local/lib/python3.7/site-packages/airflow/example_dags/example_branch_day_of_week_operator.py took 0.959 seconds
