[2022-07-20 17:06:15,553] {processor.py:153} INFO - Started process (PID=171) to work on /home/airflow/.local/lib/python3.7/site-packages/airflow/example_dags/tutorial_taskflow_api_etl.py
[2022-07-20 17:06:15,555] {processor.py:641} INFO - Processing file /home/airflow/.local/lib/python3.7/site-packages/airflow/example_dags/tutorial_taskflow_api_etl.py for tasks to queue
[2022-07-20 17:06:15,558] {logging_mixin.py:115} INFO - [2022-07-20 17:06:15,558] {dagbag.py:508} INFO - Filling up the DagBag from /home/airflow/.local/lib/python3.7/site-packages/airflow/example_dags/tutorial_taskflow_api_etl.py
[2022-07-20 17:06:15,802] {processor.py:651} INFO - DAG(s) dict_keys(['tutorial_taskflow_api_etl']) retrieved from /home/airflow/.local/lib/python3.7/site-packages/airflow/example_dags/tutorial_taskflow_api_etl.py
[2022-07-20 17:06:16,415] {logging_mixin.py:115} INFO - [2022-07-20 17:06:16,415] {dag.py:2420} INFO - Sync 1 DAGs
[2022-07-20 17:06:16,476] {logging_mixin.py:115} INFO - [2022-07-20 17:06:16,476] {dag.py:2972} INFO - Setting next_dagrun for tutorial_taskflow_api_etl to None, run_after=None
[2022-07-20 17:06:19,070] {processor.py:161} INFO - Processing /home/airflow/.local/lib/python3.7/site-packages/airflow/example_dags/tutorial_taskflow_api_etl.py took 3.527 seconds
[2022-07-20 17:06:49,827] {processor.py:153} INFO - Started process (PID=223) to work on /home/airflow/.local/lib/python3.7/site-packages/airflow/example_dags/tutorial_taskflow_api_etl.py
[2022-07-20 17:06:49,844] {processor.py:641} INFO - Processing file /home/airflow/.local/lib/python3.7/site-packages/airflow/example_dags/tutorial_taskflow_api_etl.py for tasks to queue
[2022-07-20 17:06:49,845] {logging_mixin.py:115} INFO - [2022-07-20 17:06:49,845] {dagbag.py:508} INFO - Filling up the DagBag from /home/airflow/.local/lib/python3.7/site-packages/airflow/example_dags/tutorial_taskflow_api_etl.py
[2022-07-20 17:06:49,995] {processor.py:651} INFO - DAG(s) dict_keys(['tutorial_taskflow_api_etl']) retrieved from /home/airflow/.local/lib/python3.7/site-packages/airflow/example_dags/tutorial_taskflow_api_etl.py
[2022-07-20 17:06:50,794] {logging_mixin.py:115} INFO - [2022-07-20 17:06:50,793] {dag.py:2420} INFO - Sync 1 DAGs
[2022-07-20 17:06:50,894] {logging_mixin.py:115} INFO - [2022-07-20 17:06:50,894] {dag.py:2972} INFO - Setting next_dagrun for tutorial_taskflow_api_etl to None, run_after=None
[2022-07-20 17:06:51,063] {processor.py:161} INFO - Processing /home/airflow/.local/lib/python3.7/site-packages/airflow/example_dags/tutorial_taskflow_api_etl.py took 1.253 seconds
[2022-07-20 17:07:21,612] {processor.py:153} INFO - Started process (PID=266) to work on /home/airflow/.local/lib/python3.7/site-packages/airflow/example_dags/tutorial_taskflow_api_etl.py
[2022-07-20 17:07:21,614] {processor.py:641} INFO - Processing file /home/airflow/.local/lib/python3.7/site-packages/airflow/example_dags/tutorial_taskflow_api_etl.py for tasks to queue
[2022-07-20 17:07:21,615] {logging_mixin.py:115} INFO - [2022-07-20 17:07:21,615] {dagbag.py:508} INFO - Filling up the DagBag from /home/airflow/.local/lib/python3.7/site-packages/airflow/example_dags/tutorial_taskflow_api_etl.py
[2022-07-20 17:07:21,646] {processor.py:651} INFO - DAG(s) dict_keys(['tutorial_taskflow_api_etl']) retrieved from /home/airflow/.local/lib/python3.7/site-packages/airflow/example_dags/tutorial_taskflow_api_etl.py
[2022-07-20 17:07:22,159] {logging_mixin.py:115} INFO - [2022-07-20 17:07:22,158] {dag.py:2420} INFO - Sync 1 DAGs
[2022-07-20 17:07:22,196] {logging_mixin.py:115} INFO - [2022-07-20 17:07:22,196] {dag.py:2972} INFO - Setting next_dagrun for tutorial_taskflow_api_etl to None, run_after=None
[2022-07-20 17:07:22,320] {processor.py:161} INFO - Processing /home/airflow/.local/lib/python3.7/site-packages/airflow/example_dags/tutorial_taskflow_api_etl.py took 0.714 seconds
[2022-07-20 17:07:52,643] {processor.py:153} INFO - Started process (PID=319) to work on /home/airflow/.local/lib/python3.7/site-packages/airflow/example_dags/tutorial_taskflow_api_etl.py
[2022-07-20 17:07:52,645] {processor.py:641} INFO - Processing file /home/airflow/.local/lib/python3.7/site-packages/airflow/example_dags/tutorial_taskflow_api_etl.py for tasks to queue
[2022-07-20 17:07:52,646] {logging_mixin.py:115} INFO - [2022-07-20 17:07:52,646] {dagbag.py:508} INFO - Filling up the DagBag from /home/airflow/.local/lib/python3.7/site-packages/airflow/example_dags/tutorial_taskflow_api_etl.py
[2022-07-20 17:07:52,691] {processor.py:651} INFO - DAG(s) dict_keys(['tutorial_taskflow_api_etl']) retrieved from /home/airflow/.local/lib/python3.7/site-packages/airflow/example_dags/tutorial_taskflow_api_etl.py
[2022-07-20 17:07:53,106] {logging_mixin.py:115} INFO - [2022-07-20 17:07:53,106] {dag.py:2420} INFO - Sync 1 DAGs
[2022-07-20 17:07:53,149] {logging_mixin.py:115} INFO - [2022-07-20 17:07:53,149] {dag.py:2972} INFO - Setting next_dagrun for tutorial_taskflow_api_etl to None, run_after=None
[2022-07-20 17:07:53,282] {processor.py:161} INFO - Processing /home/airflow/.local/lib/python3.7/site-packages/airflow/example_dags/tutorial_taskflow_api_etl.py took 0.647 seconds
[2022-07-20 17:08:24,067] {processor.py:153} INFO - Started process (PID=372) to work on /home/airflow/.local/lib/python3.7/site-packages/airflow/example_dags/tutorial_taskflow_api_etl.py
[2022-07-20 17:08:24,069] {processor.py:641} INFO - Processing file /home/airflow/.local/lib/python3.7/site-packages/airflow/example_dags/tutorial_taskflow_api_etl.py for tasks to queue
[2022-07-20 17:08:24,071] {logging_mixin.py:115} INFO - [2022-07-20 17:08:24,070] {dagbag.py:508} INFO - Filling up the DagBag from /home/airflow/.local/lib/python3.7/site-packages/airflow/example_dags/tutorial_taskflow_api_etl.py
[2022-07-20 17:08:24,189] {processor.py:651} INFO - DAG(s) dict_keys(['tutorial_taskflow_api_etl']) retrieved from /home/airflow/.local/lib/python3.7/site-packages/airflow/example_dags/tutorial_taskflow_api_etl.py
[2022-07-20 17:08:24,879] {logging_mixin.py:115} INFO - [2022-07-20 17:08:24,878] {dag.py:2420} INFO - Sync 1 DAGs
[2022-07-20 17:08:24,923] {logging_mixin.py:115} INFO - [2022-07-20 17:08:24,922] {dag.py:2972} INFO - Setting next_dagrun for tutorial_taskflow_api_etl to None, run_after=None
[2022-07-20 17:08:25,462] {processor.py:161} INFO - Processing /home/airflow/.local/lib/python3.7/site-packages/airflow/example_dags/tutorial_taskflow_api_etl.py took 1.414 seconds
[2022-07-20 17:09:00,963] {processor.py:153} INFO - Started process (PID=422) to work on /home/airflow/.local/lib/python3.7/site-packages/airflow/example_dags/tutorial_taskflow_api_etl.py
[2022-07-20 17:09:00,965] {processor.py:641} INFO - Processing file /home/airflow/.local/lib/python3.7/site-packages/airflow/example_dags/tutorial_taskflow_api_etl.py for tasks to queue
[2022-07-20 17:09:00,968] {logging_mixin.py:115} INFO - [2022-07-20 17:09:00,968] {dagbag.py:508} INFO - Filling up the DagBag from /home/airflow/.local/lib/python3.7/site-packages/airflow/example_dags/tutorial_taskflow_api_etl.py
[2022-07-20 17:09:01,046] {processor.py:651} INFO - DAG(s) dict_keys(['tutorial_taskflow_api_etl']) retrieved from /home/airflow/.local/lib/python3.7/site-packages/airflow/example_dags/tutorial_taskflow_api_etl.py
[2022-07-20 17:09:02,584] {logging_mixin.py:115} INFO - [2022-07-20 17:09:02,584] {dag.py:2420} INFO - Sync 1 DAGs
[2022-07-20 17:09:02,725] {logging_mixin.py:115} INFO - [2022-07-20 17:09:02,725] {dag.py:2972} INFO - Setting next_dagrun for tutorial_taskflow_api_etl to None, run_after=None
[2022-07-20 17:09:03,354] {processor.py:161} INFO - Processing /home/airflow/.local/lib/python3.7/site-packages/airflow/example_dags/tutorial_taskflow_api_etl.py took 2.422 seconds
[2022-07-20 17:09:33,635] {processor.py:153} INFO - Started process (PID=475) to work on /home/airflow/.local/lib/python3.7/site-packages/airflow/example_dags/tutorial_taskflow_api_etl.py
[2022-07-20 17:09:33,638] {processor.py:641} INFO - Processing file /home/airflow/.local/lib/python3.7/site-packages/airflow/example_dags/tutorial_taskflow_api_etl.py for tasks to queue
[2022-07-20 17:09:33,641] {logging_mixin.py:115} INFO - [2022-07-20 17:09:33,641] {dagbag.py:508} INFO - Filling up the DagBag from /home/airflow/.local/lib/python3.7/site-packages/airflow/example_dags/tutorial_taskflow_api_etl.py
[2022-07-20 17:09:33,717] {processor.py:651} INFO - DAG(s) dict_keys(['tutorial_taskflow_api_etl']) retrieved from /home/airflow/.local/lib/python3.7/site-packages/airflow/example_dags/tutorial_taskflow_api_etl.py
[2022-07-20 17:09:34,293] {logging_mixin.py:115} INFO - [2022-07-20 17:09:34,293] {dag.py:2420} INFO - Sync 1 DAGs
[2022-07-20 17:09:34,350] {logging_mixin.py:115} INFO - [2022-07-20 17:09:34,350] {dag.py:2972} INFO - Setting next_dagrun for tutorial_taskflow_api_etl to None, run_after=None
[2022-07-20 17:09:34,442] {processor.py:161} INFO - Processing /home/airflow/.local/lib/python3.7/site-packages/airflow/example_dags/tutorial_taskflow_api_etl.py took 0.826 seconds
[2022-07-20 17:10:04,665] {processor.py:153} INFO - Started process (PID=528) to work on /home/airflow/.local/lib/python3.7/site-packages/airflow/example_dags/tutorial_taskflow_api_etl.py
[2022-07-20 17:10:04,667] {processor.py:641} INFO - Processing file /home/airflow/.local/lib/python3.7/site-packages/airflow/example_dags/tutorial_taskflow_api_etl.py for tasks to queue
[2022-07-20 17:10:04,669] {logging_mixin.py:115} INFO - [2022-07-20 17:10:04,669] {dagbag.py:508} INFO - Filling up the DagBag from /home/airflow/.local/lib/python3.7/site-packages/airflow/example_dags/tutorial_taskflow_api_etl.py
[2022-07-20 17:10:04,727] {processor.py:651} INFO - DAG(s) dict_keys(['tutorial_taskflow_api_etl']) retrieved from /home/airflow/.local/lib/python3.7/site-packages/airflow/example_dags/tutorial_taskflow_api_etl.py
[2022-07-20 17:10:05,297] {logging_mixin.py:115} INFO - [2022-07-20 17:10:05,297] {dag.py:2420} INFO - Sync 1 DAGs
[2022-07-20 17:10:05,371] {logging_mixin.py:115} INFO - [2022-07-20 17:10:05,371] {dag.py:2972} INFO - Setting next_dagrun for tutorial_taskflow_api_etl to None, run_after=None
[2022-07-20 17:10:05,709] {processor.py:161} INFO - Processing /home/airflow/.local/lib/python3.7/site-packages/airflow/example_dags/tutorial_taskflow_api_etl.py took 1.052 seconds
[2022-07-20 17:10:35,846] {processor.py:153} INFO - Started process (PID=579) to work on /home/airflow/.local/lib/python3.7/site-packages/airflow/example_dags/tutorial_taskflow_api_etl.py
[2022-07-20 17:10:35,848] {processor.py:641} INFO - Processing file /home/airflow/.local/lib/python3.7/site-packages/airflow/example_dags/tutorial_taskflow_api_etl.py for tasks to queue
[2022-07-20 17:10:35,849] {logging_mixin.py:115} INFO - [2022-07-20 17:10:35,849] {dagbag.py:508} INFO - Filling up the DagBag from /home/airflow/.local/lib/python3.7/site-packages/airflow/example_dags/tutorial_taskflow_api_etl.py
[2022-07-20 17:10:35,897] {processor.py:651} INFO - DAG(s) dict_keys(['tutorial_taskflow_api_etl']) retrieved from /home/airflow/.local/lib/python3.7/site-packages/airflow/example_dags/tutorial_taskflow_api_etl.py
[2022-07-20 17:10:36,352] {logging_mixin.py:115} INFO - [2022-07-20 17:10:36,352] {dag.py:2420} INFO - Sync 1 DAGs
[2022-07-20 17:10:36,454] {logging_mixin.py:115} INFO - [2022-07-20 17:10:36,454] {dag.py:2972} INFO - Setting next_dagrun for tutorial_taskflow_api_etl to None, run_after=None
[2022-07-20 17:10:36,527] {processor.py:161} INFO - Processing /home/airflow/.local/lib/python3.7/site-packages/airflow/example_dags/tutorial_taskflow_api_etl.py took 0.691 seconds
[2022-07-20 17:11:06,792] {processor.py:153} INFO - Started process (PID=631) to work on /home/airflow/.local/lib/python3.7/site-packages/airflow/example_dags/tutorial_taskflow_api_etl.py
[2022-07-20 17:11:06,793] {processor.py:641} INFO - Processing file /home/airflow/.local/lib/python3.7/site-packages/airflow/example_dags/tutorial_taskflow_api_etl.py for tasks to queue
[2022-07-20 17:11:06,795] {logging_mixin.py:115} INFO - [2022-07-20 17:11:06,795] {dagbag.py:508} INFO - Filling up the DagBag from /home/airflow/.local/lib/python3.7/site-packages/airflow/example_dags/tutorial_taskflow_api_etl.py
[2022-07-20 17:11:06,858] {processor.py:651} INFO - DAG(s) dict_keys(['tutorial_taskflow_api_etl']) retrieved from /home/airflow/.local/lib/python3.7/site-packages/airflow/example_dags/tutorial_taskflow_api_etl.py
[2022-07-20 17:11:07,373] {logging_mixin.py:115} INFO - [2022-07-20 17:11:07,373] {dag.py:2420} INFO - Sync 1 DAGs
[2022-07-20 17:11:07,413] {logging_mixin.py:115} INFO - [2022-07-20 17:11:07,413] {dag.py:2972} INFO - Setting next_dagrun for tutorial_taskflow_api_etl to None, run_after=None
[2022-07-20 17:11:07,567] {processor.py:161} INFO - Processing /home/airflow/.local/lib/python3.7/site-packages/airflow/example_dags/tutorial_taskflow_api_etl.py took 0.782 seconds
[2022-07-20 17:11:38,039] {processor.py:153} INFO - Started process (PID=683) to work on /home/airflow/.local/lib/python3.7/site-packages/airflow/example_dags/tutorial_taskflow_api_etl.py
[2022-07-20 17:11:38,041] {processor.py:641} INFO - Processing file /home/airflow/.local/lib/python3.7/site-packages/airflow/example_dags/tutorial_taskflow_api_etl.py for tasks to queue
[2022-07-20 17:11:38,043] {logging_mixin.py:115} INFO - [2022-07-20 17:11:38,043] {dagbag.py:508} INFO - Filling up the DagBag from /home/airflow/.local/lib/python3.7/site-packages/airflow/example_dags/tutorial_taskflow_api_etl.py
[2022-07-20 17:11:38,109] {processor.py:651} INFO - DAG(s) dict_keys(['tutorial_taskflow_api_etl']) retrieved from /home/airflow/.local/lib/python3.7/site-packages/airflow/example_dags/tutorial_taskflow_api_etl.py
[2022-07-20 17:11:38,895] {logging_mixin.py:115} INFO - [2022-07-20 17:11:38,895] {dag.py:2420} INFO - Sync 1 DAGs
[2022-07-20 17:11:38,948] {logging_mixin.py:115} INFO - [2022-07-20 17:11:38,948] {dag.py:2972} INFO - Setting next_dagrun for tutorial_taskflow_api_etl to None, run_after=None
[2022-07-20 17:11:39,044] {processor.py:161} INFO - Processing /home/airflow/.local/lib/python3.7/site-packages/airflow/example_dags/tutorial_taskflow_api_etl.py took 1.017 seconds
[2022-07-20 17:12:09,321] {processor.py:153} INFO - Started process (PID=736) to work on /home/airflow/.local/lib/python3.7/site-packages/airflow/example_dags/tutorial_taskflow_api_etl.py
[2022-07-20 17:12:09,347] {processor.py:641} INFO - Processing file /home/airflow/.local/lib/python3.7/site-packages/airflow/example_dags/tutorial_taskflow_api_etl.py for tasks to queue
[2022-07-20 17:12:09,364] {logging_mixin.py:115} INFO - [2022-07-20 17:12:09,363] {dagbag.py:508} INFO - Filling up the DagBag from /home/airflow/.local/lib/python3.7/site-packages/airflow/example_dags/tutorial_taskflow_api_etl.py
[2022-07-20 17:12:09,448] {processor.py:651} INFO - DAG(s) dict_keys(['tutorial_taskflow_api_etl']) retrieved from /home/airflow/.local/lib/python3.7/site-packages/airflow/example_dags/tutorial_taskflow_api_etl.py
[2022-07-20 17:12:09,812] {logging_mixin.py:115} INFO - [2022-07-20 17:12:09,811] {dag.py:2420} INFO - Sync 1 DAGs
[2022-07-20 17:12:09,903] {logging_mixin.py:115} INFO - [2022-07-20 17:12:09,903] {dag.py:2972} INFO - Setting next_dagrun for tutorial_taskflow_api_etl to None, run_after=None
[2022-07-20 17:12:10,189] {processor.py:161} INFO - Processing /home/airflow/.local/lib/python3.7/site-packages/airflow/example_dags/tutorial_taskflow_api_etl.py took 0.889 seconds
[2022-07-20 17:12:40,862] {processor.py:153} INFO - Started process (PID=788) to work on /home/airflow/.local/lib/python3.7/site-packages/airflow/example_dags/tutorial_taskflow_api_etl.py
[2022-07-20 17:12:40,864] {processor.py:641} INFO - Processing file /home/airflow/.local/lib/python3.7/site-packages/airflow/example_dags/tutorial_taskflow_api_etl.py for tasks to queue
[2022-07-20 17:12:40,865] {logging_mixin.py:115} INFO - [2022-07-20 17:12:40,865] {dagbag.py:508} INFO - Filling up the DagBag from /home/airflow/.local/lib/python3.7/site-packages/airflow/example_dags/tutorial_taskflow_api_etl.py
[2022-07-20 17:12:40,914] {processor.py:651} INFO - DAG(s) dict_keys(['tutorial_taskflow_api_etl']) retrieved from /home/airflow/.local/lib/python3.7/site-packages/airflow/example_dags/tutorial_taskflow_api_etl.py
[2022-07-20 17:12:41,644] {logging_mixin.py:115} INFO - [2022-07-20 17:12:41,644] {dag.py:2420} INFO - Sync 1 DAGs
[2022-07-20 17:12:41,682] {logging_mixin.py:115} INFO - [2022-07-20 17:12:41,682] {dag.py:2972} INFO - Setting next_dagrun for tutorial_taskflow_api_etl to None, run_after=None
[2022-07-20 17:12:41,806] {processor.py:161} INFO - Processing /home/airflow/.local/lib/python3.7/site-packages/airflow/example_dags/tutorial_taskflow_api_etl.py took 0.955 seconds
[2022-07-20 17:13:12,613] {processor.py:153} INFO - Started process (PID=840) to work on /home/airflow/.local/lib/python3.7/site-packages/airflow/example_dags/tutorial_taskflow_api_etl.py
[2022-07-20 17:13:12,621] {processor.py:641} INFO - Processing file /home/airflow/.local/lib/python3.7/site-packages/airflow/example_dags/tutorial_taskflow_api_etl.py for tasks to queue
[2022-07-20 17:13:12,623] {logging_mixin.py:115} INFO - [2022-07-20 17:13:12,623] {dagbag.py:508} INFO - Filling up the DagBag from /home/airflow/.local/lib/python3.7/site-packages/airflow/example_dags/tutorial_taskflow_api_etl.py
[2022-07-20 17:13:12,737] {processor.py:651} INFO - DAG(s) dict_keys(['tutorial_taskflow_api_etl']) retrieved from /home/airflow/.local/lib/python3.7/site-packages/airflow/example_dags/tutorial_taskflow_api_etl.py
[2022-07-20 17:13:13,275] {logging_mixin.py:115} INFO - [2022-07-20 17:13:13,275] {dag.py:2420} INFO - Sync 1 DAGs
[2022-07-20 17:13:13,329] {logging_mixin.py:115} INFO - [2022-07-20 17:13:13,329] {dag.py:2972} INFO - Setting next_dagrun for tutorial_taskflow_api_etl to None, run_after=None
[2022-07-20 17:13:13,564] {processor.py:161} INFO - Processing /home/airflow/.local/lib/python3.7/site-packages/airflow/example_dags/tutorial_taskflow_api_etl.py took 0.982 seconds
[2022-07-20 17:49:51,441] {processor.py:153} INFO - Started process (PID=119) to work on /home/airflow/.local/lib/python3.7/site-packages/airflow/example_dags/tutorial_taskflow_api_etl.py
[2022-07-20 17:49:51,571] {processor.py:641} INFO - Processing file /home/airflow/.local/lib/python3.7/site-packages/airflow/example_dags/tutorial_taskflow_api_etl.py for tasks to queue
[2022-07-20 17:49:51,574] {logging_mixin.py:115} INFO - [2022-07-20 17:49:51,573] {dagbag.py:508} INFO - Filling up the DagBag from /home/airflow/.local/lib/python3.7/site-packages/airflow/example_dags/tutorial_taskflow_api_etl.py
[2022-07-20 17:49:51,688] {processor.py:651} INFO - DAG(s) dict_keys(['tutorial_taskflow_api_etl']) retrieved from /home/airflow/.local/lib/python3.7/site-packages/airflow/example_dags/tutorial_taskflow_api_etl.py
[2022-07-20 17:49:52,702] {logging_mixin.py:115} INFO - [2022-07-20 17:49:52,702] {dag.py:2420} INFO - Sync 1 DAGs
[2022-07-20 17:49:52,816] {logging_mixin.py:115} INFO - [2022-07-20 17:49:52,816] {dag.py:2972} INFO - Setting next_dagrun for tutorial_taskflow_api_etl to None, run_after=None
[2022-07-20 17:49:54,097] {processor.py:161} INFO - Processing /home/airflow/.local/lib/python3.7/site-packages/airflow/example_dags/tutorial_taskflow_api_etl.py took 2.665 seconds
[2022-07-20 17:50:26,596] {processor.py:153} INFO - Started process (PID=172) to work on /home/airflow/.local/lib/python3.7/site-packages/airflow/example_dags/tutorial_taskflow_api_etl.py
[2022-07-20 17:50:26,597] {processor.py:641} INFO - Processing file /home/airflow/.local/lib/python3.7/site-packages/airflow/example_dags/tutorial_taskflow_api_etl.py for tasks to queue
[2022-07-20 17:50:26,599] {logging_mixin.py:115} INFO - [2022-07-20 17:50:26,599] {dagbag.py:508} INFO - Filling up the DagBag from /home/airflow/.local/lib/python3.7/site-packages/airflow/example_dags/tutorial_taskflow_api_etl.py
[2022-07-20 17:50:26,644] {processor.py:651} INFO - DAG(s) dict_keys(['tutorial_taskflow_api_etl']) retrieved from /home/airflow/.local/lib/python3.7/site-packages/airflow/example_dags/tutorial_taskflow_api_etl.py
[2022-07-20 17:50:27,183] {logging_mixin.py:115} INFO - [2022-07-20 17:50:27,183] {dag.py:2420} INFO - Sync 1 DAGs
[2022-07-20 17:50:27,302] {logging_mixin.py:115} INFO - [2022-07-20 17:50:27,302] {dag.py:2972} INFO - Setting next_dagrun for tutorial_taskflow_api_etl to None, run_after=None
[2022-07-20 17:50:28,627] {processor.py:161} INFO - Processing /home/airflow/.local/lib/python3.7/site-packages/airflow/example_dags/tutorial_taskflow_api_etl.py took 2.040 seconds
[2022-07-20 17:51:00,122] {processor.py:153} INFO - Started process (PID=224) to work on /home/airflow/.local/lib/python3.7/site-packages/airflow/example_dags/tutorial_taskflow_api_etl.py
[2022-07-20 17:51:00,123] {processor.py:641} INFO - Processing file /home/airflow/.local/lib/python3.7/site-packages/airflow/example_dags/tutorial_taskflow_api_etl.py for tasks to queue
[2022-07-20 17:51:00,125] {logging_mixin.py:115} INFO - [2022-07-20 17:51:00,125] {dagbag.py:508} INFO - Filling up the DagBag from /home/airflow/.local/lib/python3.7/site-packages/airflow/example_dags/tutorial_taskflow_api_etl.py
[2022-07-20 17:51:00,181] {processor.py:651} INFO - DAG(s) dict_keys(['tutorial_taskflow_api_etl']) retrieved from /home/airflow/.local/lib/python3.7/site-packages/airflow/example_dags/tutorial_taskflow_api_etl.py
[2022-07-20 17:51:00,624] {logging_mixin.py:115} INFO - [2022-07-20 17:51:00,624] {dag.py:2420} INFO - Sync 1 DAGs
[2022-07-20 17:51:00,664] {logging_mixin.py:115} INFO - [2022-07-20 17:51:00,664] {dag.py:2972} INFO - Setting next_dagrun for tutorial_taskflow_api_etl to None, run_after=None
[2022-07-20 17:51:01,873] {processor.py:161} INFO - Processing /home/airflow/.local/lib/python3.7/site-packages/airflow/example_dags/tutorial_taskflow_api_etl.py took 1.759 seconds
[2022-07-20 17:51:32,072] {processor.py:153} INFO - Started process (PID=267) to work on /home/airflow/.local/lib/python3.7/site-packages/airflow/example_dags/tutorial_taskflow_api_etl.py
[2022-07-20 17:51:32,081] {processor.py:641} INFO - Processing file /home/airflow/.local/lib/python3.7/site-packages/airflow/example_dags/tutorial_taskflow_api_etl.py for tasks to queue
[2022-07-20 17:51:32,084] {logging_mixin.py:115} INFO - [2022-07-20 17:51:32,083] {dagbag.py:508} INFO - Filling up the DagBag from /home/airflow/.local/lib/python3.7/site-packages/airflow/example_dags/tutorial_taskflow_api_etl.py
[2022-07-20 17:51:32,146] {processor.py:651} INFO - DAG(s) dict_keys(['tutorial_taskflow_api_etl']) retrieved from /home/airflow/.local/lib/python3.7/site-packages/airflow/example_dags/tutorial_taskflow_api_etl.py
[2022-07-20 17:51:32,570] {logging_mixin.py:115} INFO - [2022-07-20 17:51:32,570] {dag.py:2420} INFO - Sync 1 DAGs
[2022-07-20 17:51:32,657] {logging_mixin.py:115} INFO - [2022-07-20 17:51:32,657] {dag.py:2972} INFO - Setting next_dagrun for tutorial_taskflow_api_etl to None, run_after=None
[2022-07-20 17:51:32,829] {processor.py:161} INFO - Processing /home/airflow/.local/lib/python3.7/site-packages/airflow/example_dags/tutorial_taskflow_api_etl.py took 0.768 seconds
[2022-07-20 17:52:03,388] {processor.py:153} INFO - Started process (PID=328) to work on /home/airflow/.local/lib/python3.7/site-packages/airflow/example_dags/tutorial_taskflow_api_etl.py
[2022-07-20 17:52:03,390] {processor.py:641} INFO - Processing file /home/airflow/.local/lib/python3.7/site-packages/airflow/example_dags/tutorial_taskflow_api_etl.py for tasks to queue
[2022-07-20 17:52:03,392] {logging_mixin.py:115} INFO - [2022-07-20 17:52:03,391] {dagbag.py:508} INFO - Filling up the DagBag from /home/airflow/.local/lib/python3.7/site-packages/airflow/example_dags/tutorial_taskflow_api_etl.py
[2022-07-20 17:52:03,441] {processor.py:651} INFO - DAG(s) dict_keys(['tutorial_taskflow_api_etl']) retrieved from /home/airflow/.local/lib/python3.7/site-packages/airflow/example_dags/tutorial_taskflow_api_etl.py
[2022-07-20 17:52:03,992] {logging_mixin.py:115} INFO - [2022-07-20 17:52:03,992] {dag.py:2420} INFO - Sync 1 DAGs
[2022-07-20 17:52:04,060] {logging_mixin.py:115} INFO - [2022-07-20 17:52:04,060] {dag.py:2972} INFO - Setting next_dagrun for tutorial_taskflow_api_etl to None, run_after=None
[2022-07-20 17:52:04,156] {processor.py:161} INFO - Processing /home/airflow/.local/lib/python3.7/site-packages/airflow/example_dags/tutorial_taskflow_api_etl.py took 0.777 seconds
[2022-07-20 17:52:34,457] {processor.py:153} INFO - Started process (PID=380) to work on /home/airflow/.local/lib/python3.7/site-packages/airflow/example_dags/tutorial_taskflow_api_etl.py
[2022-07-20 17:52:34,458] {processor.py:641} INFO - Processing file /home/airflow/.local/lib/python3.7/site-packages/airflow/example_dags/tutorial_taskflow_api_etl.py for tasks to queue
[2022-07-20 17:52:34,465] {logging_mixin.py:115} INFO - [2022-07-20 17:52:34,464] {dagbag.py:508} INFO - Filling up the DagBag from /home/airflow/.local/lib/python3.7/site-packages/airflow/example_dags/tutorial_taskflow_api_etl.py
[2022-07-20 17:52:34,571] {processor.py:651} INFO - DAG(s) dict_keys(['tutorial_taskflow_api_etl']) retrieved from /home/airflow/.local/lib/python3.7/site-packages/airflow/example_dags/tutorial_taskflow_api_etl.py
[2022-07-20 17:52:35,342] {logging_mixin.py:115} INFO - [2022-07-20 17:52:35,342] {dag.py:2420} INFO - Sync 1 DAGs
[2022-07-20 17:52:35,493] {logging_mixin.py:115} INFO - [2022-07-20 17:52:35,492] {dag.py:2972} INFO - Setting next_dagrun for tutorial_taskflow_api_etl to None, run_after=None
[2022-07-20 17:52:35,613] {processor.py:161} INFO - Processing /home/airflow/.local/lib/python3.7/site-packages/airflow/example_dags/tutorial_taskflow_api_etl.py took 1.176 seconds
[2022-07-20 17:53:05,727] {processor.py:153} INFO - Started process (PID=433) to work on /home/airflow/.local/lib/python3.7/site-packages/airflow/example_dags/tutorial_taskflow_api_etl.py
[2022-07-20 17:53:05,728] {processor.py:641} INFO - Processing file /home/airflow/.local/lib/python3.7/site-packages/airflow/example_dags/tutorial_taskflow_api_etl.py for tasks to queue
[2022-07-20 17:53:05,732] {logging_mixin.py:115} INFO - [2022-07-20 17:53:05,731] {dagbag.py:508} INFO - Filling up the DagBag from /home/airflow/.local/lib/python3.7/site-packages/airflow/example_dags/tutorial_taskflow_api_etl.py
[2022-07-20 17:53:05,796] {processor.py:651} INFO - DAG(s) dict_keys(['tutorial_taskflow_api_etl']) retrieved from /home/airflow/.local/lib/python3.7/site-packages/airflow/example_dags/tutorial_taskflow_api_etl.py
[2022-07-20 17:53:06,113] {logging_mixin.py:115} INFO - [2022-07-20 17:53:06,112] {dag.py:2420} INFO - Sync 1 DAGs
[2022-07-20 17:53:06,187] {logging_mixin.py:115} INFO - [2022-07-20 17:53:06,187] {dag.py:2972} INFO - Setting next_dagrun for tutorial_taskflow_api_etl to None, run_after=None
[2022-07-20 17:53:06,372] {processor.py:161} INFO - Processing /home/airflow/.local/lib/python3.7/site-packages/airflow/example_dags/tutorial_taskflow_api_etl.py took 0.657 seconds
[2022-07-20 17:53:37,114] {processor.py:153} INFO - Started process (PID=484) to work on /home/airflow/.local/lib/python3.7/site-packages/airflow/example_dags/tutorial_taskflow_api_etl.py
[2022-07-20 17:53:37,116] {processor.py:641} INFO - Processing file /home/airflow/.local/lib/python3.7/site-packages/airflow/example_dags/tutorial_taskflow_api_etl.py for tasks to queue
[2022-07-20 17:53:37,124] {logging_mixin.py:115} INFO - [2022-07-20 17:53:37,123] {dagbag.py:508} INFO - Filling up the DagBag from /home/airflow/.local/lib/python3.7/site-packages/airflow/example_dags/tutorial_taskflow_api_etl.py
[2022-07-20 17:53:37,220] {processor.py:651} INFO - DAG(s) dict_keys(['tutorial_taskflow_api_etl']) retrieved from /home/airflow/.local/lib/python3.7/site-packages/airflow/example_dags/tutorial_taskflow_api_etl.py
[2022-07-20 17:53:37,628] {logging_mixin.py:115} INFO - [2022-07-20 17:53:37,627] {dag.py:2420} INFO - Sync 1 DAGs
[2022-07-20 17:53:37,701] {logging_mixin.py:115} INFO - [2022-07-20 17:53:37,701] {dag.py:2972} INFO - Setting next_dagrun for tutorial_taskflow_api_etl to None, run_after=None
[2022-07-20 17:53:37,968] {processor.py:161} INFO - Processing /home/airflow/.local/lib/python3.7/site-packages/airflow/example_dags/tutorial_taskflow_api_etl.py took 0.873 seconds
[2022-07-20 17:54:08,340] {processor.py:153} INFO - Started process (PID=535) to work on /home/airflow/.local/lib/python3.7/site-packages/airflow/example_dags/tutorial_taskflow_api_etl.py
[2022-07-20 17:54:08,341] {processor.py:641} INFO - Processing file /home/airflow/.local/lib/python3.7/site-packages/airflow/example_dags/tutorial_taskflow_api_etl.py for tasks to queue
[2022-07-20 17:54:08,342] {logging_mixin.py:115} INFO - [2022-07-20 17:54:08,342] {dagbag.py:508} INFO - Filling up the DagBag from /home/airflow/.local/lib/python3.7/site-packages/airflow/example_dags/tutorial_taskflow_api_etl.py
[2022-07-20 17:54:08,390] {processor.py:651} INFO - DAG(s) dict_keys(['tutorial_taskflow_api_etl']) retrieved from /home/airflow/.local/lib/python3.7/site-packages/airflow/example_dags/tutorial_taskflow_api_etl.py
[2022-07-20 17:54:08,807] {logging_mixin.py:115} INFO - [2022-07-20 17:54:08,807] {dag.py:2420} INFO - Sync 1 DAGs
[2022-07-20 17:54:08,881] {logging_mixin.py:115} INFO - [2022-07-20 17:54:08,881] {dag.py:2972} INFO - Setting next_dagrun for tutorial_taskflow_api_etl to None, run_after=None
[2022-07-20 17:54:09,409] {processor.py:161} INFO - Processing /home/airflow/.local/lib/python3.7/site-packages/airflow/example_dags/tutorial_taskflow_api_etl.py took 1.080 seconds
[2022-07-20 17:54:39,650] {processor.py:153} INFO - Started process (PID=587) to work on /home/airflow/.local/lib/python3.7/site-packages/airflow/example_dags/tutorial_taskflow_api_etl.py
[2022-07-20 17:54:39,651] {processor.py:641} INFO - Processing file /home/airflow/.local/lib/python3.7/site-packages/airflow/example_dags/tutorial_taskflow_api_etl.py for tasks to queue
[2022-07-20 17:54:39,655] {logging_mixin.py:115} INFO - [2022-07-20 17:54:39,655] {dagbag.py:508} INFO - Filling up the DagBag from /home/airflow/.local/lib/python3.7/site-packages/airflow/example_dags/tutorial_taskflow_api_etl.py
[2022-07-20 17:54:39,715] {processor.py:651} INFO - DAG(s) dict_keys(['tutorial_taskflow_api_etl']) retrieved from /home/airflow/.local/lib/python3.7/site-packages/airflow/example_dags/tutorial_taskflow_api_etl.py
[2022-07-20 17:54:40,112] {logging_mixin.py:115} INFO - [2022-07-20 17:54:40,112] {dag.py:2420} INFO - Sync 1 DAGs
[2022-07-20 17:54:40,183] {logging_mixin.py:115} INFO - [2022-07-20 17:54:40,183] {dag.py:2972} INFO - Setting next_dagrun for tutorial_taskflow_api_etl to None, run_after=None
[2022-07-20 17:54:40,389] {processor.py:161} INFO - Processing /home/airflow/.local/lib/python3.7/site-packages/airflow/example_dags/tutorial_taskflow_api_etl.py took 0.750 seconds
[2022-07-20 17:55:10,479] {processor.py:153} INFO - Started process (PID=639) to work on /home/airflow/.local/lib/python3.7/site-packages/airflow/example_dags/tutorial_taskflow_api_etl.py
[2022-07-20 17:55:10,481] {processor.py:641} INFO - Processing file /home/airflow/.local/lib/python3.7/site-packages/airflow/example_dags/tutorial_taskflow_api_etl.py for tasks to queue
[2022-07-20 17:55:10,484] {logging_mixin.py:115} INFO - [2022-07-20 17:55:10,483] {dagbag.py:508} INFO - Filling up the DagBag from /home/airflow/.local/lib/python3.7/site-packages/airflow/example_dags/tutorial_taskflow_api_etl.py
[2022-07-20 17:55:10,605] {processor.py:651} INFO - DAG(s) dict_keys(['tutorial_taskflow_api_etl']) retrieved from /home/airflow/.local/lib/python3.7/site-packages/airflow/example_dags/tutorial_taskflow_api_etl.py
[2022-07-20 17:55:11,367] {logging_mixin.py:115} INFO - [2022-07-20 17:55:11,367] {dag.py:2420} INFO - Sync 1 DAGs
[2022-07-20 17:55:11,424] {logging_mixin.py:115} INFO - [2022-07-20 17:55:11,424] {dag.py:2972} INFO - Setting next_dagrun for tutorial_taskflow_api_etl to None, run_after=None
[2022-07-20 17:55:11,614] {processor.py:161} INFO - Processing /home/airflow/.local/lib/python3.7/site-packages/airflow/example_dags/tutorial_taskflow_api_etl.py took 1.149 seconds
[2022-07-20 17:55:41,949] {processor.py:153} INFO - Started process (PID=693) to work on /home/airflow/.local/lib/python3.7/site-packages/airflow/example_dags/tutorial_taskflow_api_etl.py
[2022-07-20 17:55:41,951] {processor.py:641} INFO - Processing file /home/airflow/.local/lib/python3.7/site-packages/airflow/example_dags/tutorial_taskflow_api_etl.py for tasks to queue
[2022-07-20 17:55:41,952] {logging_mixin.py:115} INFO - [2022-07-20 17:55:41,952] {dagbag.py:508} INFO - Filling up the DagBag from /home/airflow/.local/lib/python3.7/site-packages/airflow/example_dags/tutorial_taskflow_api_etl.py
[2022-07-20 17:55:41,988] {processor.py:651} INFO - DAG(s) dict_keys(['tutorial_taskflow_api_etl']) retrieved from /home/airflow/.local/lib/python3.7/site-packages/airflow/example_dags/tutorial_taskflow_api_etl.py
[2022-07-20 17:55:42,409] {logging_mixin.py:115} INFO - [2022-07-20 17:55:42,408] {dag.py:2420} INFO - Sync 1 DAGs
[2022-07-20 17:55:42,440] {logging_mixin.py:115} INFO - [2022-07-20 17:55:42,440] {dag.py:2972} INFO - Setting next_dagrun for tutorial_taskflow_api_etl to None, run_after=None
[2022-07-20 17:55:42,596] {processor.py:161} INFO - Processing /home/airflow/.local/lib/python3.7/site-packages/airflow/example_dags/tutorial_taskflow_api_etl.py took 0.653 seconds
[2022-07-20 17:56:12,894] {processor.py:153} INFO - Started process (PID=745) to work on /home/airflow/.local/lib/python3.7/site-packages/airflow/example_dags/tutorial_taskflow_api_etl.py
[2022-07-20 17:56:12,895] {processor.py:641} INFO - Processing file /home/airflow/.local/lib/python3.7/site-packages/airflow/example_dags/tutorial_taskflow_api_etl.py for tasks to queue
[2022-07-20 17:56:12,896] {logging_mixin.py:115} INFO - [2022-07-20 17:56:12,896] {dagbag.py:508} INFO - Filling up the DagBag from /home/airflow/.local/lib/python3.7/site-packages/airflow/example_dags/tutorial_taskflow_api_etl.py
[2022-07-20 17:56:12,933] {processor.py:651} INFO - DAG(s) dict_keys(['tutorial_taskflow_api_etl']) retrieved from /home/airflow/.local/lib/python3.7/site-packages/airflow/example_dags/tutorial_taskflow_api_etl.py
[2022-07-20 17:56:13,241] {logging_mixin.py:115} INFO - [2022-07-20 17:56:13,241] {dag.py:2420} INFO - Sync 1 DAGs
[2022-07-20 17:56:13,279] {logging_mixin.py:115} INFO - [2022-07-20 17:56:13,279] {dag.py:2972} INFO - Setting next_dagrun for tutorial_taskflow_api_etl to None, run_after=None
[2022-07-20 17:56:13,388] {processor.py:161} INFO - Processing /home/airflow/.local/lib/python3.7/site-packages/airflow/example_dags/tutorial_taskflow_api_etl.py took 0.501 seconds
[2022-07-20 17:56:43,912] {processor.py:153} INFO - Started process (PID=798) to work on /home/airflow/.local/lib/python3.7/site-packages/airflow/example_dags/tutorial_taskflow_api_etl.py
[2022-07-20 17:56:43,913] {processor.py:641} INFO - Processing file /home/airflow/.local/lib/python3.7/site-packages/airflow/example_dags/tutorial_taskflow_api_etl.py for tasks to queue
[2022-07-20 17:56:43,916] {logging_mixin.py:115} INFO - [2022-07-20 17:56:43,915] {dagbag.py:508} INFO - Filling up the DagBag from /home/airflow/.local/lib/python3.7/site-packages/airflow/example_dags/tutorial_taskflow_api_etl.py
[2022-07-20 17:56:44,011] {processor.py:651} INFO - DAG(s) dict_keys(['tutorial_taskflow_api_etl']) retrieved from /home/airflow/.local/lib/python3.7/site-packages/airflow/example_dags/tutorial_taskflow_api_etl.py
[2022-07-20 17:56:44,488] {logging_mixin.py:115} INFO - [2022-07-20 17:56:44,487] {dag.py:2420} INFO - Sync 1 DAGs
[2022-07-20 17:56:44,531] {logging_mixin.py:115} INFO - [2022-07-20 17:56:44,531] {dag.py:2972} INFO - Setting next_dagrun for tutorial_taskflow_api_etl to None, run_after=None
[2022-07-20 17:56:44,829] {processor.py:161} INFO - Processing /home/airflow/.local/lib/python3.7/site-packages/airflow/example_dags/tutorial_taskflow_api_etl.py took 0.929 seconds
[2022-07-20 17:57:14,980] {processor.py:153} INFO - Started process (PID=847) to work on /home/airflow/.local/lib/python3.7/site-packages/airflow/example_dags/tutorial_taskflow_api_etl.py
[2022-07-20 17:57:14,994] {processor.py:641} INFO - Processing file /home/airflow/.local/lib/python3.7/site-packages/airflow/example_dags/tutorial_taskflow_api_etl.py for tasks to queue
[2022-07-20 17:57:14,996] {logging_mixin.py:115} INFO - [2022-07-20 17:57:14,996] {dagbag.py:508} INFO - Filling up the DagBag from /home/airflow/.local/lib/python3.7/site-packages/airflow/example_dags/tutorial_taskflow_api_etl.py
[2022-07-20 17:57:15,095] {processor.py:651} INFO - DAG(s) dict_keys(['tutorial_taskflow_api_etl']) retrieved from /home/airflow/.local/lib/python3.7/site-packages/airflow/example_dags/tutorial_taskflow_api_etl.py
[2022-07-20 17:57:15,930] {logging_mixin.py:115} INFO - [2022-07-20 17:57:15,930] {dag.py:2420} INFO - Sync 1 DAGs
[2022-07-20 17:57:16,038] {logging_mixin.py:115} INFO - [2022-07-20 17:57:16,038] {dag.py:2972} INFO - Setting next_dagrun for tutorial_taskflow_api_etl to None, run_after=None
[2022-07-20 17:57:16,503] {processor.py:161} INFO - Processing /home/airflow/.local/lib/python3.7/site-packages/airflow/example_dags/tutorial_taskflow_api_etl.py took 1.535 seconds
[2022-07-20 17:57:47,283] {processor.py:153} INFO - Started process (PID=893) to work on /home/airflow/.local/lib/python3.7/site-packages/airflow/example_dags/tutorial_taskflow_api_etl.py
[2022-07-20 17:57:47,294] {processor.py:641} INFO - Processing file /home/airflow/.local/lib/python3.7/site-packages/airflow/example_dags/tutorial_taskflow_api_etl.py for tasks to queue
[2022-07-20 17:57:47,298] {logging_mixin.py:115} INFO - [2022-07-20 17:57:47,298] {dagbag.py:508} INFO - Filling up the DagBag from /home/airflow/.local/lib/python3.7/site-packages/airflow/example_dags/tutorial_taskflow_api_etl.py
[2022-07-20 17:57:47,399] {processor.py:651} INFO - DAG(s) dict_keys(['tutorial_taskflow_api_etl']) retrieved from /home/airflow/.local/lib/python3.7/site-packages/airflow/example_dags/tutorial_taskflow_api_etl.py
[2022-07-20 17:57:47,698] {logging_mixin.py:115} INFO - [2022-07-20 17:57:47,698] {dag.py:2420} INFO - Sync 1 DAGs
[2022-07-20 17:57:47,748] {logging_mixin.py:115} INFO - [2022-07-20 17:57:47,747] {dag.py:2972} INFO - Setting next_dagrun for tutorial_taskflow_api_etl to None, run_after=None
[2022-07-20 17:57:49,047] {processor.py:161} INFO - Processing /home/airflow/.local/lib/python3.7/site-packages/airflow/example_dags/tutorial_taskflow_api_etl.py took 1.779 seconds
[2022-07-20 17:58:19,263] {processor.py:153} INFO - Started process (PID=946) to work on /home/airflow/.local/lib/python3.7/site-packages/airflow/example_dags/tutorial_taskflow_api_etl.py
[2022-07-20 17:58:19,265] {processor.py:641} INFO - Processing file /home/airflow/.local/lib/python3.7/site-packages/airflow/example_dags/tutorial_taskflow_api_etl.py for tasks to queue
[2022-07-20 17:58:19,267] {logging_mixin.py:115} INFO - [2022-07-20 17:58:19,267] {dagbag.py:508} INFO - Filling up the DagBag from /home/airflow/.local/lib/python3.7/site-packages/airflow/example_dags/tutorial_taskflow_api_etl.py
[2022-07-20 17:58:19,335] {processor.py:651} INFO - DAG(s) dict_keys(['tutorial_taskflow_api_etl']) retrieved from /home/airflow/.local/lib/python3.7/site-packages/airflow/example_dags/tutorial_taskflow_api_etl.py
[2022-07-20 17:58:19,638] {logging_mixin.py:115} INFO - [2022-07-20 17:58:19,638] {dag.py:2420} INFO - Sync 1 DAGs
[2022-07-20 17:58:19,687] {logging_mixin.py:115} INFO - [2022-07-20 17:58:19,687] {dag.py:2972} INFO - Setting next_dagrun for tutorial_taskflow_api_etl to None, run_after=None
[2022-07-20 17:58:19,836] {processor.py:161} INFO - Processing /home/airflow/.local/lib/python3.7/site-packages/airflow/example_dags/tutorial_taskflow_api_etl.py took 0.583 seconds
[2022-07-20 17:58:50,522] {processor.py:153} INFO - Started process (PID=998) to work on /home/airflow/.local/lib/python3.7/site-packages/airflow/example_dags/tutorial_taskflow_api_etl.py
[2022-07-20 17:58:50,527] {processor.py:641} INFO - Processing file /home/airflow/.local/lib/python3.7/site-packages/airflow/example_dags/tutorial_taskflow_api_etl.py for tasks to queue
[2022-07-20 17:58:50,530] {logging_mixin.py:115} INFO - [2022-07-20 17:58:50,529] {dagbag.py:508} INFO - Filling up the DagBag from /home/airflow/.local/lib/python3.7/site-packages/airflow/example_dags/tutorial_taskflow_api_etl.py
[2022-07-20 17:58:50,613] {processor.py:651} INFO - DAG(s) dict_keys(['tutorial_taskflow_api_etl']) retrieved from /home/airflow/.local/lib/python3.7/site-packages/airflow/example_dags/tutorial_taskflow_api_etl.py
[2022-07-20 17:58:51,148] {logging_mixin.py:115} INFO - [2022-07-20 17:58:51,147] {dag.py:2420} INFO - Sync 1 DAGs
[2022-07-20 17:58:51,257] {logging_mixin.py:115} INFO - [2022-07-20 17:58:51,257] {dag.py:2972} INFO - Setting next_dagrun for tutorial_taskflow_api_etl to None, run_after=None
[2022-07-20 17:58:51,424] {processor.py:161} INFO - Processing /home/airflow/.local/lib/python3.7/site-packages/airflow/example_dags/tutorial_taskflow_api_etl.py took 0.921 seconds
[2022-07-20 17:59:21,932] {processor.py:153} INFO - Started process (PID=1050) to work on /home/airflow/.local/lib/python3.7/site-packages/airflow/example_dags/tutorial_taskflow_api_etl.py
[2022-07-20 17:59:21,935] {processor.py:641} INFO - Processing file /home/airflow/.local/lib/python3.7/site-packages/airflow/example_dags/tutorial_taskflow_api_etl.py for tasks to queue
[2022-07-20 17:59:21,937] {logging_mixin.py:115} INFO - [2022-07-20 17:59:21,936] {dagbag.py:508} INFO - Filling up the DagBag from /home/airflow/.local/lib/python3.7/site-packages/airflow/example_dags/tutorial_taskflow_api_etl.py
[2022-07-20 17:59:22,052] {processor.py:651} INFO - DAG(s) dict_keys(['tutorial_taskflow_api_etl']) retrieved from /home/airflow/.local/lib/python3.7/site-packages/airflow/example_dags/tutorial_taskflow_api_etl.py
[2022-07-20 17:59:22,597] {logging_mixin.py:115} INFO - [2022-07-20 17:59:22,597] {dag.py:2420} INFO - Sync 1 DAGs
[2022-07-20 17:59:22,656] {logging_mixin.py:115} INFO - [2022-07-20 17:59:22,656] {dag.py:2972} INFO - Setting next_dagrun for tutorial_taskflow_api_etl to None, run_after=None
[2022-07-20 17:59:22,786] {processor.py:161} INFO - Processing /home/airflow/.local/lib/python3.7/site-packages/airflow/example_dags/tutorial_taskflow_api_etl.py took 0.868 seconds
[2022-07-20 17:59:53,285] {processor.py:153} INFO - Started process (PID=1094) to work on /home/airflow/.local/lib/python3.7/site-packages/airflow/example_dags/tutorial_taskflow_api_etl.py
[2022-07-20 17:59:53,287] {processor.py:641} INFO - Processing file /home/airflow/.local/lib/python3.7/site-packages/airflow/example_dags/tutorial_taskflow_api_etl.py for tasks to queue
[2022-07-20 17:59:53,288] {logging_mixin.py:115} INFO - [2022-07-20 17:59:53,288] {dagbag.py:508} INFO - Filling up the DagBag from /home/airflow/.local/lib/python3.7/site-packages/airflow/example_dags/tutorial_taskflow_api_etl.py
[2022-07-20 17:59:53,330] {processor.py:651} INFO - DAG(s) dict_keys(['tutorial_taskflow_api_etl']) retrieved from /home/airflow/.local/lib/python3.7/site-packages/airflow/example_dags/tutorial_taskflow_api_etl.py
[2022-07-20 17:59:53,755] {logging_mixin.py:115} INFO - [2022-07-20 17:59:53,755] {dag.py:2420} INFO - Sync 1 DAGs
[2022-07-20 17:59:53,793] {logging_mixin.py:115} INFO - [2022-07-20 17:59:53,793] {dag.py:2972} INFO - Setting next_dagrun for tutorial_taskflow_api_etl to None, run_after=None
[2022-07-20 17:59:54,018] {processor.py:161} INFO - Processing /home/airflow/.local/lib/python3.7/site-packages/airflow/example_dags/tutorial_taskflow_api_etl.py took 0.739 seconds
[2022-07-20 18:00:24,798] {processor.py:153} INFO - Started process (PID=1147) to work on /home/airflow/.local/lib/python3.7/site-packages/airflow/example_dags/tutorial_taskflow_api_etl.py
[2022-07-20 18:00:24,799] {processor.py:641} INFO - Processing file /home/airflow/.local/lib/python3.7/site-packages/airflow/example_dags/tutorial_taskflow_api_etl.py for tasks to queue
[2022-07-20 18:00:24,801] {logging_mixin.py:115} INFO - [2022-07-20 18:00:24,801] {dagbag.py:508} INFO - Filling up the DagBag from /home/airflow/.local/lib/python3.7/site-packages/airflow/example_dags/tutorial_taskflow_api_etl.py
[2022-07-20 18:00:24,848] {processor.py:651} INFO - DAG(s) dict_keys(['tutorial_taskflow_api_etl']) retrieved from /home/airflow/.local/lib/python3.7/site-packages/airflow/example_dags/tutorial_taskflow_api_etl.py
[2022-07-20 18:00:25,247] {logging_mixin.py:115} INFO - [2022-07-20 18:00:25,247] {dag.py:2420} INFO - Sync 1 DAGs
[2022-07-20 18:00:25,297] {logging_mixin.py:115} INFO - [2022-07-20 18:00:25,297] {dag.py:2972} INFO - Setting next_dagrun for tutorial_taskflow_api_etl to None, run_after=None
[2022-07-20 18:00:25,425] {processor.py:161} INFO - Processing /home/airflow/.local/lib/python3.7/site-packages/airflow/example_dags/tutorial_taskflow_api_etl.py took 0.636 seconds
[2022-07-20 18:00:55,927] {processor.py:153} INFO - Started process (PID=1198) to work on /home/airflow/.local/lib/python3.7/site-packages/airflow/example_dags/tutorial_taskflow_api_etl.py
[2022-07-20 18:00:55,929] {processor.py:641} INFO - Processing file /home/airflow/.local/lib/python3.7/site-packages/airflow/example_dags/tutorial_taskflow_api_etl.py for tasks to queue
[2022-07-20 18:00:55,931] {logging_mixin.py:115} INFO - [2022-07-20 18:00:55,931] {dagbag.py:508} INFO - Filling up the DagBag from /home/airflow/.local/lib/python3.7/site-packages/airflow/example_dags/tutorial_taskflow_api_etl.py
[2022-07-20 18:00:56,054] {processor.py:651} INFO - DAG(s) dict_keys(['tutorial_taskflow_api_etl']) retrieved from /home/airflow/.local/lib/python3.7/site-packages/airflow/example_dags/tutorial_taskflow_api_etl.py
[2022-07-20 18:00:56,681] {logging_mixin.py:115} INFO - [2022-07-20 18:00:56,680] {dag.py:2420} INFO - Sync 1 DAGs
[2022-07-20 18:00:56,764] {logging_mixin.py:115} INFO - [2022-07-20 18:00:56,764] {dag.py:2972} INFO - Setting next_dagrun for tutorial_taskflow_api_etl to None, run_after=None
[2022-07-20 18:00:56,927] {processor.py:161} INFO - Processing /home/airflow/.local/lib/python3.7/site-packages/airflow/example_dags/tutorial_taskflow_api_etl.py took 1.009 seconds
